  4212: cfb08537    lui     a0, 3484450816          a0 <- -810516480
  4216: 67050513    addi    a0, a0, 1648            a0 <- -810514832
  4220: 7da385b7    lui     a1, 2107867136          a1 <- 2107867136
  4224: f2458593    addi    a1, a1, -220            a1 <- 2107866916
  4228: 557fb637    lui     a2, 1434431488          a2 <- 1434431488
  4232: df960613    addi    a2, a2, -519            a2 <- 1434430969
  4236: 27a5d6b7    lui     a3, 665178112           a3 <- 665178112
  4240: 19c68693    addi    a3, a3, 412             a3 <- 665178524
  4244: a5b1e737    lui     a4, 2779897856          a4 <- -1515069440
  4248: 34770713    addi    a4, a4, 839             a4 <- -1515068601
  4252: 020002b3    mul     t0, zero, zero          t0 <- 0
  4256: 02a003b3    mul     t2, zero, a0            t2 <- 0
  4260: 02b002b3    mul     t0, zero, a1            t0 <- 0
  4264: 02c002b3    mul     t0, zero, a2            t0 <- 0
  4268: 02d00f33    mul     t5, zero, a3            t5 <- 0
  4272: 02e00333    mul     t1, zero, a4            t1 <- 0
  4276: 020503b3    mul     t2, a0, zero            t2 <- 0
  4280: 02a50e33    mul     t3, a0, a0              t3 <- 1083797760
  4284: 02b502b3    mul     t0, a0, a1              t0 <- 282359744
  4288: 02c50333    mul     t1, a0, a2              t1 <- 790393584
  4292: 02d50eb3    mul     t4, a0, a3              t4 <- 1669553216
  4296: 02e50f33    mul     t5, a0, a4              t5 <- 1150982416
  4300: 02058eb3    mul     t4, a1, zero            t4 <- 0
  4304: 02a58f33    mul     t5, a1, a0              t5 <- 282359744
  4308: 02b58e33    mul     t3, a1, a1              t3 <- 1325186320
  4312: 02c582b3    mul     t0, a1, a2              t0 <- -1211236860
  4316: 02d582b3    mul     t0, a1, a3              t0 <- 2023874032
  4320: 02e58f33    mul     t5, a1, a4              t5 <- -302436612
  4324: 02060333    mul     t1, a2, zero            t1 <- 0
  4328: 02a60f33    mul     t5, a2, a0              t5 <- 790393584
  4332: 02b60eb3    mul     t4, a2, a1              t4 <- -1211236860
  4336: 02c602b3    mul     t0, a2, a2              t0 <- 1833466929
  4340: 02d60e33    mul     t3, a2, a3              t3 <- 1733512380
  4344: 02e603b3    mul     t2, a2, a4              t2 <- -1277818097
  4348: 02068e33    mul     t3, a3, zero            t3 <- 0
  4352: 02a68eb3    mul     t4, a3, a0              t4 <- 1669553216
  4356: 02b68e33    mul     t3, a3, a1              t3 <- 2023874032
  4360: 02c68333    mul     t1, a3, a2              t1 <- 1733512380
  4364: 02d68333    mul     t1, a3, a3              t1 <- 1723340560
  4368: 02e68eb3    mul     t4, a3, a4              t4 <- -2135525820
  4372: 020703b3    mul     t2, a4, zero            t2 <- 0
  4376: 02a702b3    mul     t0, a4, a0              t0 <- 1150982416
  4380: 02b703b3    mul     t2, a4, a1              t2 <- -302436612
  4384: 02c70e33    mul     t3, a4, a2              t3 <- -1277818097
  4388: 02d703b3    mul     t2, a4, a3              t2 <- -2135525820
  4392: 02e703b3    mul     t2, a4, a4              t2 <- -1745551951
  4396: 02001e33    mulh    t3, zero, zero          t3 <- 0
  4400: 02a01f33    mulh    t5, zero, a0            t5 <- 0
  4404: 02b01333    mulh    t1, zero, a1            t1 <- 0
  4408: 02c012b3    mulh    t0, zero, a2            t0 <- 0
  4412: 02d01f33    mulh    t5, zero, a3            t5 <- 0
  4416: 02e012b3    mulh    t0, zero, a4            t0 <- 0
  4420: 02051eb3    mulh    t4, a0, zero            t4 <- 0
  4424: 02a51eb3    mulh    t4, a0, a0              t4 <- 152954434
  4428: 02b51333    mulh    t1, a0, a1              t1 <- -397781236
  4432: 02c512b3    mulh    t0, a0, a2              t0 <- -270695327
  4436: 02d51eb3    mulh    t4, a0, a3              t4 <- -125527629
  4440: 02e51333    mulh    t1, a0, a4              t1 <- 285912671
  4444: 02059333    mulh    t1, a1, zero            t1 <- 0
  4448: 02a592b3    mulh    t0, a1, a0              t0 <- -397781236
  4452: 02b59e33    mulh    t3, a1, a1              t3 <- 1034490516
  4456: 02c59f33    mulh    t5, a1, a2              t5 <- 703984308
  4460: 02d59eb3    mulh    t4, a1, a3              t4 <- 326453662
  4464: 02e59e33    mulh    t3, a1, a4              t3 <- -743559325
  4468: 020612b3    mulh    t0, a2, zero            t0 <- 0
  4472: 02a613b3    mulh    t2, a2, a0              t2 <- -270695327
  4476: 02b61f33    mulh    t5, a2, a1              t5 <- 703984308
  4480: 02c613b3    mulh    t2, a2, a2              t2 <- 479070517
  4484: 02d61f33    mulh    t5, a2, a3              t5 <- 222155981
  4488: 02e61e33    mulh    t3, a2, a4              t3 <- -506001833
  4492: 02069e33    mulh    t3, a3, zero            t3 <- 0
  4496: 02a69f33    mulh    t5, a3, a0              t5 <- -125527629
  4500: 02b69333    mulh    t1, a3, a1              t1 <- 326453662
  4504: 02c692b3    mulh    t0, a3, a2              t0 <- 222155981
  4508: 02d69eb3    mulh    t4, a3, a3              t4 <- 103018821
  4512: 02e692b3    mulh    t0, a3, a4              t0 <- -234644650
  4516: 02071333    mulh    t1, a4, zero            t1 <- 0
  4520: 02a712b3    mulh    t0, a4, a0              t0 <- 285912671
  4524: 02b71e33    mulh    t3, a4, a1              t3 <- -743559325
  4528: 02c71e33    mulh    t3, a4, a2              t3 <- -506001833
  4532: 02d71f33    mulh    t5, a4, a3              t5 <- -234644650
  4536: 02e71e33    mulh    t3, a4, a4              t3 <- 534447111
  4540: 020023b3    mulhsu  t2, zero, zero          t2 <- 0
  4544: 02a02eb3    mulhsu  t4, zero, a0            t4 <- 0
  4548: 02b022b3    mulhsu  t0, zero, a1            t0 <- 0
  4552: 02c022b3    mulhsu  t0, zero, a2            t0 <- 0
  4556: 02d022b3    mulhsu  t0, zero, a3            t0 <- 0
  4560: 02e023b3    mulhsu  t2, zero, a4            t2 <- 0
  4564: 020522b3    mulhsu  t0, a0, zero            t0 <- 0
  4568: 02a522b3    mulhsu  t0, a0, a0              t0 <- 152954434
  4572: 02b52f33    mulhsu  t5, a0, a1              t5 <- -397781236
  4576: 02c52e33    mulhsu  t3, a0, a2              t3 <- -270695327
  4580: 02d523b3    mulhsu  t2, a0, a3              t2 <- -125527629
  4584: 02e52f33    mulhsu  t5, a0, a4              t5 <- 285912671
  4588: 0205af33    mulhsu  t5, a1, zero            t5 <- 0
  4592: 02a5aeb3    mulhsu  t4, a1, a0              t4 <- -397781236
  4596: 02b5aeb3    mulhsu  t4, a1, a1              t4 <- 1034490516
  4600: 02c5af33    mulhsu  t5, a1, a2              t5 <- 703984308
  4604: 02d5a2b3    mulhsu  t0, a1, a3              t0 <- 326453662
  4608: 02e5aeb3    mulhsu  t4, a1, a4              t4 <- -743559325
  4612: 020622b3    mulhsu  t0, a2, zero            t0 <- 0
  4616: 02a62eb3    mulhsu  t4, a2, a0              t4 <- -270695327
  4620: 02b62f33    mulhsu  t5, a2, a1              t5 <- 703984308
  4624: 02c622b3    mulhsu  t0, a2, a2              t0 <- 479070517
  4628: 02d62f33    mulhsu  t5, a2, a3              t5 <- 222155981
  4632: 02e62f33    mulhsu  t5, a2, a4              t5 <- -506001833
  4636: 0206a333    mulhsu  t1, a3, zero            t1 <- 0
  4640: 02a6aeb3    mulhsu  t4, a3, a0              t4 <- -125527629
  4644: 02b6a3b3    mulhsu  t2, a3, a1              t2 <- 326453662
  4648: 02c6af33    mulhsu  t5, a3, a2              t5 <- 222155981
  4652: 02d6ae33    mulhsu  t3, a3, a3              t3 <- 103018821
  4656: 02e6ae33    mulhsu  t3, a3, a4              t3 <- -234644650
  4660: 02072e33    mulhsu  t3, a4, zero            t3 <- 0
  4664: 02a723b3    mulhsu  t2, a4, a0              t2 <- 285912671
  4668: 02b72eb3    mulhsu  t4, a4, a1              t4 <- -743559325
  4672: 02c72f33    mulhsu  t5, a4, a2              t5 <- -506001833
  4676: 02d723b3    mulhsu  t2, a4, a3              t2 <- -234644650
  4680: 02e723b3    mulhsu  t2, a4, a4              t2 <- 534447111
  4684: 02003333    mulhu   t1, zero, zero          t1 <- 0
  4688: 02a03f33    mulhu   t5, zero, a0            t5 <- 0
  4692: 02b03f33    mulhu   t5, zero, a1            t5 <- 0
  4696: 02c03333    mulhu   t1, zero, a2            t1 <- 0
  4700: 02d03f33    mulhu   t5, zero, a3            t5 <- 0
  4704: 02e032b3    mulhu   t0, zero, a4            t0 <- 0
  4708: 020532b3    mulhu   t0, a0, zero            t0 <- 0
  4712: 02a532b3    mulhu   t0, a0, a0              t0 <- 152954434
  4716: 02b53e33    mulhu   t3, a0, a1              t3 <- -397781236
  4720: 02c53e33    mulhu   t3, a0, a2              t3 <- -270695327
  4724: 02d53e33    mulhu   t3, a0, a3              t3 <- -125527629
  4728: 02e53333    mulhu   t1, a0, a4              t1 <- 285912671
  4732: 0205bf33    mulhu   t5, a1, zero            t5 <- 0
  4736: 02a5be33    mulhu   t3, a1, a0              t3 <- -397781236
  4740: 02b5b3b3    mulhu   t2, a1, a1              t2 <- 1034490516
  4744: 02c5b333    mulhu   t1, a1, a2              t1 <- 703984308
  4748: 02d5be33    mulhu   t3, a1, a3              t3 <- 326453662
  4752: 02e5bf33    mulhu   t5, a1, a4              t5 <- -743559325
  4756: 02063f33    mulhu   t5, a2, zero            t5 <- 0
  4760: 02a633b3    mulhu   t2, a2, a0              t2 <- -270695327
  4764: 02b63e33    mulhu   t3, a2, a1              t3 <- 703984308
  4768: 02c63eb3    mulhu   t4, a2, a2              t4 <- 479070517
  4772: 02d633b3    mulhu   t2, a2, a3              t2 <- 222155981
  4776: 02e63e33    mulhu   t3, a2, a4              t3 <- -506001833
  4780: 0206b333    mulhu   t1, a3, zero            t1 <- 0
  4784: 02a6b2b3    mulhu   t0, a3, a0              t0 <- -125527629
  4788: 02b6b333    mulhu   t1, a3, a1              t1 <- 326453662
  4792: 02c6b2b3    mulhu   t0, a3, a2              t0 <- 222155981
  4796: 02d6b333    mulhu   t1, a3, a3              t1 <- 103018821
  4800: 02e6bf33    mulhu   t5, a3, a4              t5 <- -234644650
  4804: 020732b3    mulhu   t0, a4, zero            t0 <- 0
  4808: 02a73eb3    mulhu   t4, a4, a0              t4 <- 285912671
  4812: 02b73eb3    mulhu   t4, a4, a1              t4 <- -743559325
  4816: 02c732b3    mulhu   t0, a4, a2              t0 <- -506001833
  4820: 02d733b3    mulhu   t2, a4, a3              t2 <- -234644650
  4824: 02e73333    mulhu   t1, a4, a4              t1 <- 534447111
  4828: 02a043b3    div     t2, zero, a0            t2 <- 0
  4832: 02b043b3    div     t2, zero, a1            t2 <- 0
  4836: 02c04333    div     t1, zero, a2            t1 <- 0
  4840: 02d04eb3    div     t4, zero, a3            t4 <- 0
  4844: 02e04333    div     t1, zero, a4            t1 <- 0
  4848: 02a54eb3    div     t4, a0, a0              t4 <- 1
  4852: 02b543b3    div     t2, a0, a1              t2 <- 0
  4856: 02c54e33    div     t3, a0, a2              t3 <- 0
  4860: 02d54333    div     t1, a0, a3              t1 <- -1
  4864: 02e543b3    div     t2, a0, a4              t2 <- 0
  4868: 02a5c3b3    div     t2, a1, a0              t2 <- -2
  4872: 02b5cf33    div     t5, a1, a1              t5 <- 1
  4876: 02c5c3b3    div     t2, a1, a2              t2 <- 1
  4880: 02d5c333    div     t1, a1, a3              t1 <- 3
  4884: 02e5c2b3    div     t0, a1, a4              t0 <- -1
  4888: 02a64333    div     t1, a2, a0              t1 <- -1
  4892: 02b64e33    div     t3, a2, a1              t3 <- 0
  4896: 02c64f33    div     t5, a2, a2              t5 <- 1
  4900: 02d64eb3    div     t4, a2, a3              t4 <- 2
  4904: 02e64eb3    div     t4, a2, a4              t4 <- 0
  4908: 02a6ce33    div     t3, a3, a0              t3 <- 0
  4912: 02b6ceb3    div     t4, a3, a1              t4 <- 0
  4916: 02c6ce33    div     t3, a3, a2              t3 <- 0
  4920: 02d6c3b3    div     t2, a3, a3              t2 <- 1
  4924: 02e6ce33    div     t3, a3, a4              t3 <- 0
  4928: 02a74eb3    div     t4, a4, a0              t4 <- 1
  4932: 02b743b3    div     t2, a4, a1              t2 <- 0
  4936: 02c742b3    div     t0, a4, a2              t0 <- -1
  4940: 02d74e33    div     t3, a4, a3              t3 <- -2
  4944: 02e74333    div     t1, a4, a4              t1 <- 1
  4948: 02a05f33    divu    t5, zero, a0            t5 <- 0
  4952: 02b05eb3    divu    t4, zero, a1            t4 <- 0
  4956: 02c052b3    divu    t0, zero, a2            t0 <- 0
  4960: 02d05eb3    divu    t4, zero, a3            t4 <- 0
  4964: 02e052b3    divu    t0, zero, a4            t0 <- 0
  4968: 02a55e33    divu    t3, a0, a0              t3 <- 1
  4972: 02b55e33    divu    t3, a0, a1              t3 <- 1
  4976: 02c552b3    divu    t0, a0, a2              t0 <- 2
  4980: 02d55f33    divu    t5, a0, a3              t5 <- 5
  4984: 02e55e33    divu    t3, a0, a4              t3 <- 1
  4988: 02a5de33    divu    t3, a1, a0              t3 <- 0
  4992: 02b5deb3    divu    t4, a1, a1              t4 <- 1
  4996: 02c5d333    divu    t1, a1, a2              t1 <- 1
  5000: 02d5d3b3    divu    t2, a1, a3              t2 <- 3
  5004: 02e5df33    divu    t5, a1, a4              t5 <- 0
  5008: 02a652b3    divu    t0, a2, a0              t0 <- 0
  5012: 02b65e33    divu    t3, a2, a1              t3 <- 0
  5016: 02c652b3    divu    t0, a2, a2              t0 <- 1
  5020: 02d653b3    divu    t2, a2, a3              t2 <- 2
  5024: 02e65eb3    divu    t4, a2, a4              t4 <- 0
  5028: 02a6de33    divu    t3, a3, a0              t3 <- 0
  5032: 02b6de33    divu    t3, a3, a1              t3 <- 0
  5036: 02c6deb3    divu    t4, a3, a2              t4 <- 0
  5040: 02d6d333    divu    t1, a3, a3              t1 <- 1
  5044: 02e6de33    divu    t3, a3, a4              t3 <- 0
  5048: 02a75eb3    divu    t4, a4, a0              t4 <- 0
  5052: 02b75f33    divu    t5, a4, a1              t5 <- 1
  5056: 02c75e33    divu    t3, a4, a2              t3 <- 1
  5060: 02d753b3    divu    t2, a4, a3              t2 <- 4
  5064: 02e75e33    divu    t3, a4, a4              t3 <- 1
  5068: 02a062b3    rem     t0, zero, a0            t0 <- 0
  5072: 02b062b3    rem     t0, zero, a1            t0 <- 0
  5076: 02c062b3    rem     t0, zero, a2            t0 <- 0
  5080: 02d06e33    rem     t3, zero, a3            t3 <- 0
  5084: 02e062b3    rem     t0, zero, a4            t0 <- 0
  5088: 02a56f33    rem     t5, a0, a0              t5 <- 0
  5092: 02b563b3    rem     t2, a0, a1              t2 <- -810514832
  5096: 02c56f33    rem     t5, a0, a2              t5 <- -810514832
  5100: 02d562b3    rem     t0, a0, a3              t0 <- -145336308
  5104: 02e56f33    rem     t5, a0, a4              t5 <- -810514832
  5108: 02a5e333    rem     t1, a1, a0              t1 <- 486837252
  5112: 02b5e333    rem     t1, a1, a1              t1 <- 0
  5116: 02c5ef33    rem     t5, a1, a2              t5 <- 673435947
  5120: 02d5ee33    rem     t3, a1, a3              t3 <- 112331344
  5124: 02e5ef33    rem     t5, a1, a4              t5 <- 592798315
  5128: 02a66f33    rem     t5, a2, a0              t5 <- 623916137
  5132: 02b66eb3    rem     t4, a2, a1              t4 <- 1434430969
  5136: 02c66e33    rem     t3, a2, a2              t3 <- 0
  5140: 02d66eb3    rem     t4, a2, a3              t4 <- 104073921
  5144: 02e66e33    rem     t3, a2, a4              t3 <- 1434430969
  5148: 02a6ef33    rem     t5, a3, a0              t5 <- 665178524
  5152: 02b6ef33    rem     t5, a3, a1              t5 <- 665178524
  5156: 02c6ef33    rem     t5, a3, a2              t5 <- 665178524
  5160: 02d6e2b3    rem     t0, a3, a3              t0 <- 0
  5164: 02e6e3b3    rem     t2, a3, a4              t2 <- 665178524
  5168: 02a762b3    rem     t0, a4, a0              t0 <- -704553769
  5172: 02b76e33    rem     t3, a4, a1              t3 <- -1515068601
  5176: 02c76eb3    rem     t4, a4, a2              t4 <- -80637632
  5180: 02d76333    rem     t1, a4, a3              t1 <- -184711553
  5184: 02e76333    rem     t1, a4, a4              t1 <- 0
  5188: 02a07333    remu    t1, zero, a0            t1 <- 0
  5192: 02b07333    remu    t1, zero, a1            t1 <- 0
  5196: 02c07333    remu    t1, zero, a2            t1 <- 0
  5200: 02d07eb3    remu    t4, zero, a3            t4 <- 0
  5204: 02e072b3    remu    t0, zero, a4            t0 <- 0
  5208: 02a57333    remu    t1, a0, a0              t1 <- 0
  5212: 02b57eb3    remu    t4, a0, a1              t4 <- 1376585548
  5216: 02c57333    remu    t1, a0, a2              t1 <- 615590526
  5220: 02d57e33    remu    t3, a0, a3              t3 <- 158559844
  5224: 02e572b3    remu    t0, a0, a4              t0 <- 704553769
  5228: 02a5f333    remu    t1, a1, a0              t1 <- 2107866916
  5232: 02b5f333    remu    t1, a1, a1              t1 <- 0
  5236: 02c5fe33    remu    t3, a1, a2              t3 <- 673435947
  5240: 02d5fe33    remu    t3, a1, a3              t3 <- 112331344
  5244: 02e5ff33    remu    t5, a1, a4              t5 <- 2107866916
  5248: 02a67f33    remu    t5, a2, a0              t5 <- 1434430969
  5252: 02b67eb3    remu    t4, a2, a1              t4 <- 1434430969
  5256: 02c672b3    remu    t0, a2, a2              t0 <- 0
  5260: 02d67f33    remu    t5, a2, a3              t5 <- 104073921
  5264: 02e673b3    remu    t2, a2, a4              t2 <- 1434430969
  5268: 02a6f3b3    remu    t2, a3, a0              t2 <- 665178524
  5272: 02b6ff33    remu    t5, a3, a1              t5 <- 665178524
  5276: 02c6f333    remu    t1, a3, a2              t1 <- 665178524
  5280: 02d6f2b3    remu    t0, a3, a3              t0 <- 0
  5284: 02e6f2b3    remu    t0, a3, a4              t0 <- 665178524
  5288: 02a77e33    remu    t3, a4, a0              t3 <- -1515068601
  5292: 02b773b3    remu    t2, a4, a1              t2 <- 672031779
  5296: 02c773b3    remu    t2, a4, a2              t2 <- 1345467726
  5300: 02d77f33    remu    t5, a4, a3              t5 <- 119184599
  5304: 02e77333    remu    t1, a4, a4              t1 <- 0
  5308: 38164537    lui     a0, 940982272           a0 <- 940982272
  5312: a8750513    addi    a0, a0, -1401           a0 <- 940980871
  5316: 962dc5b7    lui     a1, 2519580672          a1 <- -1775386624
  5320: ebb58593    addi    a1, a1, -325            a1 <- -1775386949
  5324: 06c1c637    lui     a2, 113360896           a2 <- 113360896
  5328: 8b560613    addi    a2, a2, -1867           a2 <- 113359029
  5332: c143e6b7    lui     a3, 3242450944          a3 <- -1052516352
  5336: 5fa68693    addi    a3, a3, 1530            a3 <- -1052514822
  5340: a46d3737    lui     a4, 2758619136          a4 <- -1536348160
  5344: e2970713    addi    a4, a4, -471            a4 <- -1536348631
  5348: 02000e33    mul     t3, zero, zero          t3 <- 0
  5352: 02a002b3    mul     t0, zero, a0            t0 <- 0
  5356: 02b00e33    mul     t3, zero, a1            t3 <- 0
  5360: 02c00eb3    mul     t4, zero, a2            t4 <- 0
  5364: 02d00e33    mul     t3, zero, a3            t3 <- 0
  5368: 02e002b3    mul     t0, zero, a4            t0 <- 0
  5372: 02050eb3    mul     t4, a0, zero            t4 <- 0
  5376: 02a503b3    mul     t2, a0, a0              t2 <- 747991857
  5380: 02b502b3    mul     t0, a0, a1              t0 <- -613944675
  5384: 02c50eb3    mul     t4, a0, a2              t4 <- -342922893
  5388: 02d50f33    mul     t5, a0, a3              t5 <- -1067128106
  5392: 02e50333    mul     t1, a0, a4              t1 <- 1636737439
  5396: 02058eb3    mul     t4, a1, zero            t4 <- 0
  5400: 02a58333    mul     t1, a1, a0              t1 <- -613944675
  5404: 02b58333    mul     t1, a1, a1              t1 <- -1076355943
  5408: 02c583b3    mul     t2, a1, a2              t2 <- 1013531191
  5412: 02d58eb3    mul     t4, a1, a3              t4 <- 2050656670
  5416: 02e582b3    mul     t0, a1, a4              t0 <- 1194862067
  5420: 02060f33    mul     t5, a2, zero            t5 <- 0
  5424: 02a603b3    mul     t2, a2, a0              t2 <- -342922893
  5428: 02b602b3    mul     t0, a2, a1              t0 <- 1013531191
  5432: 02c60eb3    mul     t4, a2, a2              t4 <- -2110869511
  5436: 02d603b3    mul     t2, a2, a3              t2 <- -1345893950
  5440: 02e602b3    mul     t0, a2, a4              t0 <- 2101877501
  5444: 02068e33    mul     t3, a3, zero            t3 <- 0
  5448: 02a68333    mul     t1, a3, a0              t1 <- -1067128106
  5452: 02b68e33    mul     t3, a3, a1              t3 <- 2050656670
  5456: 02c68eb3    mul     t4, a3, a2              t4 <- -1345893950
  5460: 02d68f33    mul     t5, a3, a3              t5 <- 594884644
  5464: 02e683b3    mul     t2, a3, a4              t2 <- 983875850
  5468: 02070e33    mul     t3, a4, zero            t3 <- 0
  5472: 02a70f33    mul     t5, a4, a0              t5 <- 1636737439
  5476: 02b70333    mul     t1, a4, a1              t1 <- 1194862067
  5480: 02c702b3    mul     t0, a4, a2              t0 <- 2101877501
  5484: 02d703b3    mul     t2, a4, a3              t2 <- 983875850
  5488: 02e702b3    mul     t0, a4, a4              t0 <- -549666159
  5492: 02001e33    mulh    t3, zero, zero          t3 <- 0
  5496: 02a01eb3    mulh    t4, zero, a0            t4 <- 0
  5500: 02b012b3    mulh    t0, zero, a1            t0 <- 0
  5504: 02c012b3    mulh    t0, zero, a2            t0 <- 0
  5508: 02d013b3    mulh    t2, zero, a3            t2 <- 0
  5512: 02e012b3    mulh    t0, zero, a4            t0 <- 0
  5516: 02051eb3    mulh    t4, a0, zero            t4 <- 0
  5520: 02a51eb3    mulh    t4, a0, a0              t4 <- 206158729
  5524: 02b51e33    mulh    t3, a0, a1              t3 <- -388968075
  5528: 02c51333    mulh    t1, a0, a2              t1 <- 24835736
  5532: 02d512b3    mulh    t0, a0, a3              t0 <- -230594612
  5536: 02e513b3    mulh    t2, a0, a4              t2 <- -336597365
  5540: 02059eb3    mulh    t4, a1, zero            t4 <- 0
  5544: 02a592b3    mulh    t0, a1, a0              t0 <- -388968075
  5548: 02b592b3    mulh    t0, a1, a1              t0 <- 733881913
  5552: 02c59f33    mulh    t5, a1, a2              t5 <- -46858597
  5556: 02d593b3    mulh    t2, a1, a3              t2 <- 435072248
  5560: 02e59333    mulh    t1, a1, a4              t1 <- 635071962
  5564: 02061333    mulh    t1, a2, zero            t1 <- 0
  5568: 02a61eb3    mulh    t4, a2, a0              t4 <- 24835736
  5572: 02b61333    mulh    t1, a2, a1              t1 <- -46858597
  5576: 02c61f33    mulh    t5, a2, a2              t5 <- 2991936
  5580: 02d613b3    mulh    t2, a2, a3              t2 <- -27779504
  5584: 02e612b3    mulh    t0, a2, a4              t0 <- -40549550
  5588: 02069333    mulh    t1, a3, zero            t1 <- 0
  5592: 02a69333    mulh    t1, a3, a0              t1 <- -230594612
  5596: 02b693b3    mulh    t2, a3, a1              t2 <- 435072248
  5600: 02c693b3    mulh    t2, a3, a2              t2 <- -27779504
  5604: 02d692b3    mulh    t0, a3, a3              t0 <- 257926865
  5608: 02e69f33    mulh    t5, a3, a4              t5 <- 376494067
  5612: 020712b3    mulh    t0, a4, zero            t0 <- 0
  5616: 02a712b3    mulh    t0, a4, a0              t0 <- -336597365
  5620: 02b71333    mulh    t1, a4, a1              t1 <- 635071962
  5624: 02c71eb3    mulh    t4, a4, a2              t4 <- -40549550
  5628: 02d712b3    mulh    t0, a4, a3              t0 <- 376494067
  5632: 02e71e33    mulh    t3, a4, a4              t3 <- 549565794
  5636: 02002333    mulhsu  t1, zero, zero          t1 <- 0
  5640: 02a02eb3    mulhsu  t4, zero, a0            t4 <- 0
  5644: 02b02333    mulhsu  t1, zero, a1            t1 <- 0
  5648: 02c02eb3    mulhsu  t4, zero, a2            t4 <- 0
  5652: 02d02eb3    mulhsu  t4, zero, a3            t4 <- 0
  5656: 02e02333    mulhsu  t1, zero, a4            t1 <- 0
  5660: 02052333    mulhsu  t1, a0, zero            t1 <- 0
  5664: 02a523b3    mulhsu  t2, a0, a0              t2 <- 206158729
  5668: 02b52f33    mulhsu  t5, a0, a1              t5 <- -388968075
  5672: 02c52e33    mulhsu  t3, a0, a2              t3 <- 24835736
  5676: 02d52333    mulhsu  t1, a0, a3              t1 <- -230594612
  5680: 02e522b3    mulhsu  t0, a0, a4              t0 <- -336597365
  5684: 0205af33    mulhsu  t5, a1, zero            t5 <- 0
  5688: 02a5a333    mulhsu  t1, a1, a0              t1 <- -388968075
  5692: 02b5ae33    mulhsu  t3, a1, a1              t3 <- 733881913
  5696: 02c5a2b3    mulhsu  t0, a1, a2              t0 <- -46858597
  5700: 02d5a2b3    mulhsu  t0, a1, a3              t0 <- 435072248
  5704: 02e5a2b3    mulhsu  t0, a1, a4              t0 <- 635071962
  5708: 020622b3    mulhsu  t0, a2, zero            t0 <- 0
  5712: 02a62e33    mulhsu  t3, a2, a0              t3 <- 24835736
  5716: 02b62e33    mulhsu  t3, a2, a1              t3 <- -46858597
  5720: 02c62eb3    mulhsu  t4, a2, a2              t4 <- 2991936
  5724: 02d62f33    mulhsu  t5, a2, a3              t5 <- -27779504
  5728: 02e62eb3    mulhsu  t4, a2, a4              t4 <- -40549550
  5732: 0206aeb3    mulhsu  t4, a3, zero            t4 <- 0
  5736: 02a6af33    mulhsu  t5, a3, a0              t5 <- -230594612
  5740: 02b6af33    mulhsu  t5, a3, a1              t5 <- 435072248
  5744: 02c6ae33    mulhsu  t3, a3, a2              t3 <- -27779504
  5748: 02d6a333    mulhsu  t1, a3, a3              t1 <- 257926865
  5752: 02e6a2b3    mulhsu  t0, a3, a4              t0 <- 376494067
  5756: 02072e33    mulhsu  t3, a4, zero            t3 <- 0
  5760: 02a72e33    mulhsu  t3, a4, a0              t3 <- -336597365
  5764: 02b72333    mulhsu  t1, a4, a1              t1 <- 635071962
  5768: 02c72eb3    mulhsu  t4, a4, a2              t4 <- -40549550
  5772: 02d723b3    mulhsu  t2, a4, a3              t2 <- 376494067
  5776: 02e723b3    mulhsu  t2, a4, a4              t2 <- 549565794
  5780: 02003eb3    mulhu   t4, zero, zero          t4 <- 0
  5784: 02a03f33    mulhu   t5, zero, a0            t5 <- 0
  5788: 02b032b3    mulhu   t0, zero, a1            t0 <- 0
  5792: 02c032b3    mulhu   t0, zero, a2            t0 <- 0
  5796: 02d03f33    mulhu   t5, zero, a3            t5 <- 0
  5800: 02e033b3    mulhu   t2, zero, a4            t2 <- 0
  5804: 02053f33    mulhu   t5, a0, zero            t5 <- 0
  5808: 02a53333    mulhu   t1, a0, a0              t1 <- 206158729
  5812: 02b53333    mulhu   t1, a0, a1              t1 <- -388968075
  5816: 02c53f33    mulhu   t5, a0, a2              t5 <- 24835736
  5820: 02d533b3    mulhu   t2, a0, a3              t2 <- -230594612
  5824: 02e53333    mulhu   t1, a0, a4              t1 <- -336597365
  5828: 0205be33    mulhu   t3, a1, zero            t3 <- 0
  5832: 02a5b3b3    mulhu   t2, a1, a0              t2 <- -388968075
  5836: 02b5b2b3    mulhu   t0, a1, a1              t0 <- 733881913
  5840: 02c5b3b3    mulhu   t2, a1, a2              t2 <- -46858597
  5844: 02d5be33    mulhu   t3, a1, a3              t3 <- 435072248
  5848: 02e5b333    mulhu   t1, a1, a4              t1 <- 635071962
  5852: 020633b3    mulhu   t2, a2, zero            t2 <- 0
  5856: 02a632b3    mulhu   t0, a2, a0              t0 <- 24835736
  5860: 02b63eb3    mulhu   t4, a2, a1              t4 <- -46858597
  5864: 02c633b3    mulhu   t2, a2, a2              t2 <- 2991936
  5868: 02d63f33    mulhu   t5, a2, a3              t5 <- -27779504
  5872: 02e633b3    mulhu   t2, a2, a4              t2 <- -40549550
  5876: 0206beb3    mulhu   t4, a3, zero            t4 <- 0
  5880: 02a6be33    mulhu   t3, a3, a0              t3 <- -230594612
  5884: 02b6b2b3    mulhu   t0, a3, a1              t0 <- 435072248
  5888: 02c6b3b3    mulhu   t2, a3, a2              t2 <- -27779504
  5892: 02d6b3b3    mulhu   t2, a3, a3              t2 <- 257926865
  5896: 02e6b333    mulhu   t1, a3, a4              t1 <- 376494067
  5900: 02073333    mulhu   t1, a4, zero            t1 <- 0
  5904: 02a732b3    mulhu   t0, a4, a0              t0 <- -336597365
  5908: 02b73f33    mulhu   t5, a4, a1              t5 <- 635071962
  5912: 02c73e33    mulhu   t3, a4, a2              t3 <- -40549550
  5916: 02d73f33    mulhu   t5, a4, a3              t5 <- 376494067
  5920: 02e73f33    mulhu   t5, a4, a4              t5 <- 549565794
  5924: 02a04f33    div     t5, zero, a0            t5 <- 0
  5928: 02b04333    div     t1, zero, a1            t1 <- 0
  5932: 02c04eb3    div     t4, zero, a2            t4 <- 0
  5936: 02d04e33    div     t3, zero, a3            t3 <- 0
  5940: 02e04f33    div     t5, zero, a4            t5 <- 0
  5944: 02a542b3    div     t0, a0, a0              t0 <- 1
  5948: 02b54f33    div     t5, a0, a1              t5 <- 0
  5952: 02c54333    div     t1, a0, a2              t1 <- 8
  5956: 02d54eb3    div     t4, a0, a3              t4 <- 0
  5960: 02e542b3    div     t0, a0, a4              t0 <- 0
  5964: 02a5c333    div     t1, a1, a0              t1 <- -1
  5968: 02b5c333    div     t1, a1, a1              t1 <- 1
  5972: 02c5c2b3    div     t0, a1, a2              t0 <- -15
  5976: 02d5c3b3    div     t2, a1, a3              t2 <- 1
  5980: 02e5c2b3    div     t0, a1, a4              t0 <- 1
  5984: 02a64f33    div     t5, a2, a0              t5 <- 0
  5988: 02b643b3    div     t2, a2, a1              t2 <- 0
  5992: 02c642b3    div     t0, a2, a2              t0 <- 1
  5996: 02d64f33    div     t5, a2, a3              t5 <- 0
  6000: 02e64333    div     t1, a2, a4              t1 <- 0
  6004: 02a6ce33    div     t3, a3, a0              t3 <- -1
  6008: 02b6c3b3    div     t2, a3, a1              t2 <- 0
  6012: 02c6c333    div     t1, a3, a2              t1 <- -9
  6016: 02d6ceb3    div     t4, a3, a3              t4 <- 1
  6020: 02e6ce33    div     t3, a3, a4              t3 <- 0
  6024: 02a74eb3    div     t4, a4, a0              t4 <- -1
  6028: 02b74333    div     t1, a4, a1              t1 <- 0
  6032: 02c74eb3    div     t4, a4, a2              t4 <- -13
  6036: 02d743b3    div     t2, a4, a3              t2 <- 1
  6040: 02e74f33    div     t5, a4, a4              t5 <- 1
  6044: 02a053b3    divu    t2, zero, a0            t2 <- 0
  6048: 02b05eb3    divu    t4, zero, a1            t4 <- 0
  6052: 02c05333    divu    t1, zero, a2            t1 <- 0
  6056: 02d05f33    divu    t5, zero, a3            t5 <- 0
  6060: 02e05333    divu    t1, zero, a4            t1 <- 0
  6064: 02a55eb3    divu    t4, a0, a0              t4 <- 1
  6068: 02b552b3    divu    t0, a0, a1              t0 <- 0
  6072: 02c55f33    divu    t5, a0, a2              t5 <- 8
  6076: 02d553b3    divu    t2, a0, a3              t2 <- 0
  6080: 02e55f33    divu    t5, a0, a4              t5 <- 0
  6084: 02a5d2b3    divu    t0, a1, a0              t0 <- 2
  6088: 02b5d3b3    divu    t2, a1, a1              t2 <- 1
  6092: 02c5df33    divu    t5, a1, a2              t5 <- 22
  6096: 02d5d2b3    divu    t0, a1, a3              t0 <- 0
  6100: 02e5d333    divu    t1, a1, a4              t1 <- 0
  6104: 02a652b3    divu    t0, a2, a0              t0 <- 0
  6108: 02b65333    divu    t1, a2, a1              t1 <- 0
  6112: 02c652b3    divu    t0, a2, a2              t0 <- 1
  6116: 02d652b3    divu    t0, a2, a3              t0 <- 0
  6120: 02e65333    divu    t1, a2, a4              t1 <- 0
  6124: 02a6d2b3    divu    t0, a3, a0              t0 <- 3
  6128: 02b6d2b3    divu    t0, a3, a1              t0 <- 1
  6132: 02c6deb3    divu    t4, a3, a2              t4 <- 28
  6136: 02d6d3b3    divu    t2, a3, a3              t2 <- 1
  6140: 02e6d2b3    divu    t0, a3, a4              t0 <- 1
  6144: 02a753b3    divu    t2, a4, a0              t2 <- 2
  6148: 02b752b3    divu    t0, a4, a1              t0 <- 1
  6152: 02c75333    divu    t1, a4, a2              t1 <- 24
  6156: 02d753b3    divu    t2, a4, a3              t2 <- 0
  6160: 02e75e33    divu    t3, a4, a4              t3 <- 1
  6164: 02a06eb3    rem     t4, zero, a0            t4 <- 0
  6168: 02b062b3    rem     t0, zero, a1            t0 <- 0
  6172: 02c062b3    rem     t0, zero, a2            t0 <- 0
  6176: 02d06eb3    rem     t4, zero, a3            t4 <- 0
  6180: 02e06eb3    rem     t4, zero, a4            t4 <- 0
  6184: 02a56eb3    rem     t4, a0, a0              t4 <- 0
  6188: 02b56f33    rem     t5, a0, a1              t5 <- 940980871
  6192: 02c562b3    rem     t0, a0, a2              t0 <- 34108639
  6196: 02d56333    rem     t1, a0, a3              t1 <- 940980871
  6200: 02e56f33    rem     t5, a0, a4              t5 <- 940980871
  6204: 02a5ee33    rem     t3, a1, a0              t3 <- -834406078
  6208: 02b5eeb3    rem     t4, a1, a1              t4 <- 0
  6212: 02c5ee33    rem     t3, a1, a2              t3 <- -75001514
  6216: 02d5ee33    rem     t3, a1, a3              t3 <- -722872127
  6220: 02e5e333    rem     t1, a1, a4              t1 <- -239038318
  6224: 02a66333    rem     t1, a2, a0              t1 <- 113359029
  6228: 02b663b3    rem     t2, a2, a1              t2 <- 113359029
  6232: 02c662b3    rem     t0, a2, a2              t0 <- 0
  6236: 02d662b3    rem     t0, a2, a3              t0 <- 113359029
  6240: 02e66eb3    rem     t4, a2, a4              t4 <- 113359029
  6244: 02a6e2b3    rem     t0, a3, a0              t0 <- -111533951
  6248: 02b6eeb3    rem     t4, a3, a1              t4 <- -1052514822
  6252: 02c6e2b3    rem     t0, a3, a2              t0 <- -32283561
  6256: 02d6e333    rem     t1, a3, a3              t1 <- 0
  6260: 02e6ee33    rem     t3, a3, a4              t3 <- -1052514822
  6264: 02a76eb3    rem     t4, a4, a0              t4 <- -595367760
  6268: 02b76f33    rem     t5, a4, a1              t5 <- -1536348631
  6272: 02c763b3    rem     t2, a4, a2              t2 <- -62681254
  6276: 02d76eb3    rem     t4, a4, a3              t4 <- -483833809
  6280: 02e762b3    rem     t0, a4, a4              t0 <- 0
  6284: 02a07eb3    remu    t4, zero, a0            t4 <- 0
  6288: 02b07eb3    remu    t4, zero, a1            t4 <- 0
  6292: 02c07f33    remu    t5, zero, a2            t5 <- 0
  6296: 02d07f33    remu    t5, zero, a3            t5 <- 0
  6300: 02e073b3    remu    t2, zero, a4            t2 <- 0
  6304: 02a57333    remu    t1, a0, a0              t1 <- 0
  6308: 02b573b3    remu    t2, a0, a1              t2 <- 940980871
  6312: 02c57eb3    remu    t4, a0, a2              t4 <- 34108639
  6316: 02d572b3    remu    t0, a0, a3              t0 <- 940980871
  6320: 02e573b3    remu    t2, a0, a4              t2 <- 940980871
  6324: 02a5feb3    remu    t4, a1, a0              t4 <- 637618605
  6328: 02b5f333    remu    t1, a1, a1              t1 <- 0
  6332: 02c5f3b3    remu    t2, a1, a2              t2 <- 25681709
  6336: 02d5ff33    remu    t5, a1, a3              t5 <- -1775386949
  6340: 02e5fe33    remu    t3, a1, a4              t3 <- -1775386949
  6344: 02a672b3    remu    t0, a2, a0              t0 <- 113359029
  6348: 02b67eb3    remu    t4, a2, a1              t4 <- 113359029
  6352: 02c67f33    remu    t5, a2, a2              t5 <- 0
  6356: 02d67f33    remu    t5, a2, a3              t5 <- 113359029
  6360: 02e673b3    remu    t2, a2, a4              t2 <- 113359029
  6364: 02a6f3b3    remu    t2, a3, a0              t2 <- 419509861
  6368: 02b6fe33    remu    t3, a3, a1              t3 <- 722872127
  6372: 02c6ff33    remu    t5, a3, a2              t5 <- 68399662
  6376: 02d6feb3    remu    t4, a3, a3              t4 <- 0
  6380: 02e6feb3    remu    t4, a3, a4              t4 <- 483833809
  6384: 02a77f33    remu    t5, a4, a0              t5 <- 876656923
  6388: 02b77e33    remu    t3, a4, a1              t3 <- 239038318
  6392: 02c773b3    remu    t2, a4, a2              t2 <- 38001969
  6396: 02d77eb3    remu    t4, a4, a3              t4 <- -1536348631
  6400: 02e772b3    remu    t0, a4, a4              t0 <- 0
  6404: c6ddf537    lui     a0, 3336433664          a0 <- -958533632
  6408: f3850513    addi    a0, a0, -200            a0 <- -958533832
  6412: 292765b7    lui     a1, 690446336           a1 <- 690446336
  6416: 73558593    addi    a1, a1, 1845            a1 <- 690448181
  6420: e3ade637    lui     a2, 3819823104          a2 <- -475144192
  6424: 13c60613    addi    a2, a2, 316             a2 <- -475143876
  6428: 840616b7    lui     a3, 2214989824          a3 <- -2079977472
  6432: ffb68693    addi    a3, a3, -5              a3 <- -2079977477
  6436: 84659737    lui     a4, 2221248512          a4 <- -2073718784
  6440: e4a70713    addi    a4, a4, -438            a4 <- -2073719222
  6444: 02000333    mul     t1, zero, zero          t1 <- 0
  6448: 02a00f33    mul     t5, zero, a0            t5 <- 0
  6452: 02b003b3    mul     t2, zero, a1            t2 <- 0
  6456: 02c00eb3    mul     t4, zero, a2            t4 <- 0
  6460: 02d00e33    mul     t3, zero, a3            t3 <- 0
  6464: 02e003b3    mul     t2, zero, a4            t2 <- 0
  6468: 02050333    mul     t1, a0, zero            t1 <- 0
  6472: 02a50e33    mul     t3, a0, a0              t3 <- -2043044800
  6476: 02b50333    mul     t1, a0, a1              t1 <- -524677480
  6480: 02c50e33    mul     t3, a0, a2              t3 <- -65255136
  6484: 02d50e33    mul     t3, a0, a3              t3 <- 2012074984
  6488: 02e502b3    mul     t0, a0, a4              t0 <- -672123344
  6492: 020583b3    mul     t2, a1, zero            t2 <- 0
  6496: 02a58eb3    mul     t4, a1, a0              t4 <- -524677480
  6500: 02b58333    mul     t1, a1, a1              t1 <- -1782468359
  6504: 02c58e33    mul     t3, a1, a2              t3 <- 79873388
  6508: 02d583b3    mul     t2, a1, a3              t2 <- 1743539191
  6512: 02e58333    mul     t1, a1, a4              t1 <- -863225006
  6516: 020603b3    mul     t2, a2, zero            t2 <- 0
  6520: 02a60eb3    mul     t4, a2, a0              t4 <- -65255136
  6524: 02b60333    mul     t1, a2, a1              t1 <- 79873388
  6528: 02c602b3    mul     t0, a2, a2              t0 <- -1723693552
  6532: 02d60e33    mul     t3, a2, a3              t3 <- -1558816300
  6536: 02e60eb3    mul     t4, a2, a4              t4 <- 266232664
  6540: 02068e33    mul     t3, a3, zero            t3 <- 0
  6544: 02a683b3    mul     t2, a3, a0              t2 <- 2012074984
  6548: 02b683b3    mul     t2, a3, a1              t2 <- 1743539191
  6552: 02c68f33    mul     t5, a3, a2              t5 <- -1558816300
  6556: 02d68f33    mul     t5, a3, a3              t5 <- -1732026343
  6560: 02e68f33    mul     t5, a3, a4              t5 <- 1084545166
  6564: 02070e33    mul     t3, a4, zero            t3 <- 0
  6568: 02a702b3    mul     t0, a4, a0              t0 <- -672123344
  6572: 02b70eb3    mul     t4, a4, a1              t4 <- -863225006
  6576: 02c70e33    mul     t3, a4, a2              t3 <- 266232664
  6580: 02d70f33    mul     t5, a4, a3              t5 <- 1084545166
  6584: 02e70333    mul     t1, a4, a4              t1 <- -444977820
  6588: 02001eb3    mulh    t4, zero, zero          t4 <- 0
  6592: 02a01eb3    mulh    t4, zero, a0            t4 <- 0
  6596: 02b01333    mulh    t1, zero, a1            t1 <- 0
  6600: 02c01f33    mulh    t5, zero, a2            t5 <- 0
  6604: 02d013b3    mulh    t2, zero, a3            t2 <- 0
  6608: 02e01333    mulh    t1, zero, a4            t1 <- 0
  6612: 02051333    mulh    t1, a0, zero            t1 <- 0
  6616: 02a51e33    mulh    t3, a0, a0              t3 <- 213921793
  6620: 02b51f33    mulh    t5, a0, a1              t5 <- -154091498
  6624: 02c51eb3    mulh    t4, a0, a2              t4 <- 106040732
  6628: 02d512b3    mulh    t0, a0, a3              t0 <- 464201155
  6632: 02e513b3    mulh    t2, a0, a4              t2 <- 462804462
  6636: 02059333    mulh    t1, a1, zero            t1 <- 0
  6640: 02a592b3    mulh    t0, a1, a0              t0 <- -154091498
  6644: 02b593b3    mulh    t2, a1, a1              t2 <- 110994719
  6648: 02c592b3    mulh    t0, a1, a2              t0 <- -76382939
  6652: 02d59f33    mulh    t5, a1, a3              t5 <- -334371968
  6656: 02e59eb3    mulh    t4, a1, a4              t4 <- -333365907
  6660: 02061eb3    mulh    t4, a2, zero            t4 <- 0
  6664: 02a61333    mulh    t1, a2, a0              t1 <- 106040732
  6668: 02b61f33    mulh    t5, a2, a1              t5 <- -76382939
  6672: 02c612b3    mulh    t0, a2, a2              t0 <- 52564242
  6676: 02d61e33    mulh    t3, a2, a3              t3 <- 230103861
  6680: 02e613b3    mulh    t2, a2, a4              t2 <- 229411523
  6684: 02069e33    mulh    t3, a3, zero            t3 <- 0
  6688: 02a69f33    mulh    t5, a3, a0              t5 <- 464201155
  6692: 02b69333    mulh    t1, a3, a1              t1 <- -334371968
  6696: 02c69e33    mulh    t3, a3, a2              t3 <- 230103861
  6700: 02d69e33    mulh    t3, a3, a3              t3 <- 1007296681
  6704: 02e69f33    mulh    t5, a3, a4              t5 <- 1004265918
  6708: 02071f33    mulh    t5, a4, zero            t5 <- 0
  6712: 02a713b3    mulh    t2, a4, a0              t2 <- 462804462
  6716: 02b713b3    mulh    t2, a4, a1              t2 <- -333365907
  6720: 02c713b3    mulh    t2, a4, a2              t2 <- 229411523
  6724: 02d71333    mulh    t1, a4, a3              t1 <- 1004265918
  6728: 02e71e33    mulh    t3, a4, a4              t3 <- 1001244273
  6732: 020022b3    mulhsu  t0, zero, zero          t0 <- 0
  6736: 02a02eb3    mulhsu  t4, zero, a0            t4 <- 0
  6740: 02b023b3    mulhsu  t2, zero, a1            t2 <- 0
  6744: 02c023b3    mulhsu  t2, zero, a2            t2 <- 0
  6748: 02d022b3    mulhsu  t0, zero, a3            t0 <- 0
  6752: 02e023b3    mulhsu  t2, zero, a4            t2 <- 0
  6756: 02052eb3    mulhsu  t4, a0, zero            t4 <- 0
  6760: 02a52eb3    mulhsu  t4, a0, a0              t4 <- 213921793
  6764: 02b52e33    mulhsu  t3, a0, a1              t3 <- -154091498
  6768: 02c52333    mulhsu  t1, a0, a2              t1 <- 106040732
  6772: 02d52eb3    mulhsu  t4, a0, a3              t4 <- 464201155
  6776: 02e52e33    mulhsu  t3, a0, a4              t3 <- 462804462
  6780: 0205af33    mulhsu  t5, a1, zero            t5 <- 0
  6784: 02a5af33    mulhsu  t5, a1, a0              t5 <- -154091498
  6788: 02b5a333    mulhsu  t1, a1, a1              t1 <- 110994719
  6792: 02c5ae33    mulhsu  t3, a1, a2              t3 <- -76382939
  6796: 02d5a3b3    mulhsu  t2, a1, a3              t2 <- -334371968
  6800: 02e5a333    mulhsu  t1, a1, a4              t1 <- -333365907
  6804: 02062e33    mulhsu  t3, a2, zero            t3 <- 0
  6808: 02a62eb3    mulhsu  t4, a2, a0              t4 <- 106040732
  6812: 02b62eb3    mulhsu  t4, a2, a1              t4 <- -76382939
  6816: 02c62e33    mulhsu  t3, a2, a2              t3 <- 52564242
  6820: 02d62eb3    mulhsu  t4, a2, a3              t4 <- 230103861
  6824: 02e622b3    mulhsu  t0, a2, a4              t0 <- 229411523
  6828: 0206af33    mulhsu  t5, a3, zero            t5 <- 0
  6832: 02a6a3b3    mulhsu  t2, a3, a0              t2 <- 464201155
  6836: 02b6a333    mulhsu  t1, a3, a1              t1 <- -334371968
  6840: 02c6aeb3    mulhsu  t4, a3, a2              t4 <- 230103861
  6844: 02d6a333    mulhsu  t1, a3, a3              t1 <- 1007296681
  6848: 02e6a2b3    mulhsu  t0, a3, a4              t0 <- 1004265918
  6852: 020723b3    mulhsu  t2, a4, zero            t2 <- 0
  6856: 02a722b3    mulhsu  t0, a4, a0              t0 <- 462804462
  6860: 02b722b3    mulhsu  t0, a4, a1              t0 <- -333365907
  6864: 02c723b3    mulhsu  t2, a4, a2              t2 <- 229411523
  6868: 02d72e33    mulhsu  t3, a4, a3              t3 <- 1004265918
  6872: 02e72333    mulhsu  t1, a4, a4              t1 <- 1001244273
  6876: 02003e33    mulhu   t3, zero, zero          t3 <- 0
  6880: 02a03e33    mulhu   t3, zero, a0            t3 <- 0
  6884: 02b03f33    mulhu   t5, zero, a1            t5 <- 0
  6888: 02c032b3    mulhu   t0, zero, a2            t0 <- 0
  6892: 02d032b3    mulhu   t0, zero, a3            t0 <- 0
  6896: 02e03e33    mulhu   t3, zero, a4            t3 <- 0
  6900: 02053e33    mulhu   t3, a0, zero            t3 <- 0
  6904: 02a532b3    mulhu   t0, a0, a0              t0 <- 213921793
  6908: 02b53333    mulhu   t1, a0, a1              t1 <- -154091498
  6912: 02c53f33    mulhu   t5, a0, a2              t5 <- 106040732
  6916: 02d53f33    mulhu   t5, a0, a3              t5 <- 464201155
  6920: 02e533b3    mulhu   t2, a0, a4              t2 <- 462804462
  6924: 0205b3b3    mulhu   t2, a1, zero            t2 <- 0
  6928: 02a5b333    mulhu   t1, a1, a0              t1 <- -154091498
  6932: 02b5be33    mulhu   t3, a1, a1              t3 <- 110994719
  6936: 02c5b2b3    mulhu   t0, a1, a2              t0 <- -76382939
  6940: 02d5be33    mulhu   t3, a1, a3              t3 <- -334371968
  6944: 02e5bf33    mulhu   t5, a1, a4              t5 <- -333365907
  6948: 02063eb3    mulhu   t4, a2, zero            t4 <- 0
  6952: 02a63f33    mulhu   t5, a2, a0              t5 <- 106040732
  6956: 02b63eb3    mulhu   t4, a2, a1              t4 <- -76382939
  6960: 02c632b3    mulhu   t0, a2, a2              t0 <- 52564242
  6964: 02d63e33    mulhu   t3, a2, a3              t3 <- 230103861
  6968: 02e63333    mulhu   t1, a2, a4              t1 <- 229411523
  6972: 0206bf33    mulhu   t5, a3, zero            t5 <- 0
  6976: 02a6b333    mulhu   t1, a3, a0              t1 <- 464201155
  6980: 02b6b2b3    mulhu   t0, a3, a1              t0 <- -334371968
  6984: 02c6bf33    mulhu   t5, a3, a2              t5 <- 230103861
  6988: 02d6b3b3    mulhu   t2, a3, a3              t2 <- 1007296681
  6992: 02e6beb3    mulhu   t4, a3, a4              t4 <- 1004265918
  6996: 020732b3    mulhu   t0, a4, zero            t0 <- 0
  7000: 02a733b3    mulhu   t2, a4, a0              t2 <- 462804462
  7004: 02b733b3    mulhu   t2, a4, a1              t2 <- -333365907
  7008: 02c733b3    mulhu   t2, a4, a2              t2 <- 229411523
  7012: 02d732b3    mulhu   t0, a4, a3              t0 <- 1004265918
  7016: 02e73f33    mulhu   t5, a4, a4              t5 <- 1001244273
  7020: 02a04f33    div     t5, zero, a0            t5 <- 0
  7024: 02b04f33    div     t5, zero, a1            t5 <- 0
  7028: 02c043b3    div     t2, zero, a2            t2 <- 0
  7032: 02d04f33    div     t5, zero, a3            t5 <- 0
  7036: 02e04f33    div     t5, zero, a4            t5 <- 0
  7040: 02a54e33    div     t3, a0, a0              t3 <- 1
  7044: 02b543b3    div     t2, a0, a1              t2 <- -1
  7048: 02c54f33    div     t5, a0, a2              t5 <- 2
  7052: 02d54eb3    div     t4, a0, a3              t4 <- 0
  7056: 02e542b3    div     t0, a0, a4              t0 <- 0
  7060: 02a5c2b3    div     t0, a1, a0              t0 <- 0
  7064: 02b5ce33    div     t3, a1, a1              t3 <- 1
  7068: 02c5ceb3    div     t4, a1, a2              t4 <- -1
  7072: 02d5cf33    div     t5, a1, a3              t5 <- 0
  7076: 02e5c3b3    div     t2, a1, a4              t2 <- 0
  7080: 02a64333    div     t1, a2, a0              t1 <- 0
  7084: 02b64f33    div     t5, a2, a1              t5 <- 0
  7088: 02c64333    div     t1, a2, a2              t1 <- 1
  7092: 02d64f33    div     t5, a2, a3              t5 <- 0
  7096: 02e643b3    div     t2, a2, a4              t2 <- 0
  7100: 02a6c333    div     t1, a3, a0              t1 <- 2
  7104: 02b6c3b3    div     t2, a3, a1              t2 <- -3
  7108: 02c6c3b3    div     t2, a3, a2              t2 <- 4
  7112: 02d6c3b3    div     t2, a3, a3              t2 <- 1
  7116: 02e6c2b3    div     t0, a3, a4              t0 <- 1
  7120: 02a74f33    div     t5, a4, a0              t5 <- 2
  7124: 02b74333    div     t1, a4, a1              t1 <- -3
  7128: 02c742b3    div     t0, a4, a2              t0 <- 4
  7132: 02d743b3    div     t2, a4, a3              t2 <- 0
  7136: 02e74333    div     t1, a4, a4              t1 <- 1
  7140: 02a052b3    divu    t0, zero, a0            t0 <- 0
  7144: 02b05eb3    divu    t4, zero, a1            t4 <- 0
  7148: 02c05f33    divu    t5, zero, a2            t5 <- 0
  7152: 02d05e33    divu    t3, zero, a3            t3 <- 0
  7156: 02e05e33    divu    t3, zero, a4            t3 <- 0
  7160: 02a552b3    divu    t0, a0, a0              t0 <- 1
  7164: 02b552b3    divu    t0, a0, a1              t0 <- 4
  7168: 02c55e33    divu    t3, a0, a2              t3 <- 0
  7172: 02d55e33    divu    t3, a0, a3              t3 <- 1
  7176: 02e552b3    divu    t0, a0, a4              t0 <- 1
  7180: 02a5deb3    divu    t4, a1, a0              t4 <- 0
  7184: 02b5d3b3    divu    t2, a1, a1              t2 <- 1
  7188: 02c5de33    divu    t3, a1, a2              t3 <- 0
  7192: 02d5deb3    divu    t4, a1, a3              t4 <- 0
  7196: 02e5d333    divu    t1, a1, a4              t1 <- 0
  7200: 02a65f33    divu    t5, a2, a0              t5 <- 1
  7204: 02b652b3    divu    t0, a2, a1              t0 <- 5
  7208: 02c652b3    divu    t0, a2, a2              t0 <- 1
  7212: 02d65f33    divu    t5, a2, a3              t5 <- 1
  7216: 02e65e33    divu    t3, a2, a4              t3 <- 1
  7220: 02a6d3b3    divu    t2, a3, a0              t2 <- 0
  7224: 02b6df33    divu    t5, a3, a1              t5 <- 3
  7228: 02c6deb3    divu    t4, a3, a2              t4 <- 0
  7232: 02d6d333    divu    t1, a3, a3              t1 <- 1
  7236: 02e6d2b3    divu    t0, a3, a4              t0 <- 0
  7240: 02a75333    divu    t1, a4, a0              t1 <- 0
  7244: 02b75eb3    divu    t4, a4, a1              t4 <- 3
  7248: 02c753b3    divu    t2, a4, a2              t2 <- 0
  7252: 02d75eb3    divu    t4, a4, a3              t4 <- 1
  7256: 02e753b3    divu    t2, a4, a4              t2 <- 1
  7260: 02a06e33    rem     t3, zero, a0            t3 <- 0
  7264: 02b06f33    rem     t5, zero, a1            t5 <- 0
  7268: 02c063b3    rem     t2, zero, a2            t2 <- 0
  7272: 02d06e33    rem     t3, zero, a3            t3 <- 0
  7276: 02e062b3    rem     t0, zero, a4            t0 <- 0
  7280: 02a56333    rem     t1, a0, a0              t1 <- 0
  7284: 02b56333    rem     t1, a0, a1              t1 <- -268085651
  7288: 02c563b3    rem     t2, a0, a2              t2 <- -8246080
  7292: 02d56eb3    rem     t4, a0, a3              t4 <- -958533832
  7296: 02e56e33    rem     t3, a0, a4              t3 <- -958533832
  7300: 02a5e2b3    rem     t0, a1, a0              t0 <- 690448181
  7304: 02b5ef33    rem     t5, a1, a1              t5 <- 0
  7308: 02c5eeb3    rem     t4, a1, a2              t4 <- 215304305
  7312: 02d5e3b3    rem     t2, a1, a3              t2 <- 690448181
  7316: 02e5e3b3    rem     t2, a1, a4              t2 <- 690448181
  7320: 02a66eb3    rem     t4, a2, a0              t4 <- -475143876
  7324: 02b66f33    rem     t5, a2, a1              t5 <- -475143876
  7328: 02c66333    rem     t1, a2, a2              t1 <- 0
  7332: 02d66f33    rem     t5, a2, a3              t5 <- -475143876
  7336: 02e662b3    rem     t0, a2, a4              t0 <- -475143876
  7340: 02a6e333    rem     t1, a3, a0              t1 <- -162909813
  7344: 02b6e3b3    rem     t2, a3, a1              t2 <- -8632934
  7348: 02c6ef33    rem     t5, a3, a2              t5 <- -179401973
  7352: 02d6e2b3    rem     t0, a3, a3              t0 <- 0
  7356: 02e6e2b3    rem     t0, a3, a4              t0 <- -6258255
  7360: 02a76333    rem     t1, a4, a0              t1 <- -156651558
  7364: 02b76333    rem     t1, a4, a1              t1 <- -2374679
  7368: 02c763b3    rem     t2, a4, a2              t2 <- -173143718
  7372: 02d762b3    rem     t0, a4, a3              t0 <- -2073719222
  7376: 02e76333    rem     t1, a4, a4              t1 <- 0
  7380: 02a07eb3    remu    t4, zero, a0            t4 <- 0
  7384: 02b073b3    remu    t2, zero, a1            t2 <- 0
  7388: 02c07eb3    remu    t4, zero, a2            t4 <- 0
  7392: 02d073b3    remu    t2, zero, a3            t2 <- 0
  7396: 02e07f33    remu    t5, zero, a4            t5 <- 0
  7400: 02a57333    remu    t1, a0, a0              t1 <- 0
  7404: 02b57e33    remu    t3, a0, a1              t3 <- 574640740
  7408: 02c573b3    remu    t2, a0, a2              t2 <- -958533832
  7412: 02d572b3    remu    t0, a0, a3              t0 <- 1121443645
  7416: 02e57f33    remu    t5, a0, a4              t5 <- 1115185390
  7420: 02a5f333    remu    t1, a1, a0              t1 <- 690448181
  7424: 02b5f333    remu    t1, a1, a1              t1 <- 0
  7428: 02c5feb3    remu    t4, a1, a2              t4 <- 690448181
  7432: 02d5fe33    remu    t3, a1, a3              t3 <- 690448181
  7436: 02e5f2b3    remu    t0, a1, a4              t0 <- 690448181
  7440: 02a673b3    remu    t2, a2, a0              t2 <- 483389956
  7444: 02b673b3    remu    t2, a2, a1              t2 <- 367582515
  7448: 02c67333    remu    t1, a2, a2              t1 <- 0
  7452: 02d67e33    remu    t3, a2, a3              t3 <- 1604833601
  7456: 02e672b3    remu    t0, a2, a4              t0 <- 1598575346
  7460: 02a6feb3    remu    t4, a3, a0              t4 <- -2079977477
  7464: 02b6ff33    remu    t5, a3, a1              t5 <- 143645276
  7468: 02c6f3b3    remu    t2, a3, a2              t2 <- -2079977477
  7472: 02d6f3b3    remu    t2, a3, a3              t2 <- 0
  7476: 02e6fe33    remu    t3, a3, a4              t3 <- -2079977477
  7480: 02a77e33    remu    t3, a4, a0              t3 <- -2073719222
  7484: 02b772b3    remu    t0, a4, a1              t0 <- 149903531
  7488: 02c77eb3    remu    t4, a4, a2              t4 <- -2073719222
  7492: 02d773b3    remu    t2, a4, a3              t2 <- 6258255
  7496: 02e77333    remu    t1, a4, a4              t1 <- 0
  7500: 6e8df537    lui     a0, 1854795776          a0 <- 1854795776
  7504: 36c50513    addi    a0, a0, 876             a0 <- 1854796652
  7508: 6ad3d5b7    lui     a1, 1792266240          a1 <- 1792266240
  7512: cde58593    addi    a1, a1, -802            a1 <- 1792265438
  7516: 1d461637    lui     a2, 491130880           a2 <- 491130880
  7520: eba60613    addi    a2, a2, -326            a2 <- 491130554
  7524: cd0756b7    lui     a3, 3439808512          a3 <- -855158784
  7528: 06d68693    addi    a3, a3, 109             a3 <- -855158675
  7532: a661f737    lui     a4, 2791436288          a4 <- -1503531008
  7536: 1f570713    addi    a4, a4, 501             a4 <- -1503530507
  7540: 02000333    mul     t1, zero, zero          t1 <- 0
  7544: 02a003b3    mul     t2, zero, a0            t2 <- 0
  7548: 02b00eb3    mul     t4, zero, a1            t4 <- 0
  7552: 02c00e33    mul     t3, zero, a2            t3 <- 0
  7556: 02d003b3    mul     t2, zero, a3            t2 <- 0
  7560: 02e00f33    mul     t5, zero, a4            t5 <- 0
  7564: 02050333    mul     t1, a0, zero            t1 <- 0
  7568: 02a50333    mul     t1, a0, a0              t1 <- -596757104
  7572: 02b50eb3    mul     t4, a0, a1              t4 <- 1461135272
  7576: 02c50eb3    mul     t4, a0, a2              t4 <- -503659400
  7580: 02d50333    mul     t1, a0, a3              t1 <- -1837734660
  7584: 02e503b3    mul     t2, a0, a4              t2 <- -1276206500
  7588: 02058eb3    mul     t4, a1, zero            t4 <- 0
  7592: 02a58f33    mul     t5, a1, a0              t5 <- 1461135272
  7596: 02b582b3    mul     t0, a1, a1              t0 <- 837193860
  7600: 02c58f33    mul     t5, a1, a2              t5 <- 1573584204
  7604: 02d58eb3    mul     t4, a1, a3              t4 <- 205888134
  7608: 02e582b3    mul     t0, a1, a4              t0 <- 883822198
  7612: 020603b3    mul     t2, a2, zero            t2 <- 0
  7616: 02a60f33    mul     t5, a2, a0              t5 <- -503659400
  7620: 02b60333    mul     t1, a2, a1              t1 <- 1573584204
  7624: 02c603b3    mul     t2, a2, a2              t2 <- 848355108
  7628: 02d603b3    mul     t2, a2, a3              t2 <- -1266391758
  7632: 02e60e33    mul     t3, a2, a4              t3 <- 677589506
  7636: 020683b3    mul     t2, a3, zero            t2 <- 0
  7640: 02a68eb3    mul     t4, a3, a0              t4 <- -1837734660
  7644: 02b682b3    mul     t0, a3, a1              t0 <- 205888134
  7648: 02c682b3    mul     t0, a3, a2              t0 <- -1266391758
  7652: 02d68333    mul     t1, a3, a3              t1 <- 289033833
  7656: 02e68eb3    mul     t4, a3, a4              t4 <- 1107531089
  7660: 020702b3    mul     t0, a4, zero            t0 <- 0
  7664: 02a70eb3    mul     t4, a4, a0              t4 <- -1276206500
  7668: 02b70f33    mul     t5, a4, a1              t5 <- 883822198
  7672: 02c70333    mul     t1, a4, a2              t1 <- 677589506
  7676: 02d70e33    mul     t3, a4, a3              t3 <- 1107531089
  7680: 02e702b3    mul     t0, a4, a4              t0 <- -61262727
  7684: 020012b3    mulh    t0, zero, zero          t0 <- 0
  7688: 02a01e33    mulh    t3, zero, a0            t3 <- 0
  7692: 02b01eb3    mulh    t4, zero, a1            t4 <- 0
  7696: 02c01333    mulh    t1, zero, a2            t1 <- 0
  7700: 02d013b3    mulh    t2, zero, a3            t2 <- 0
  7704: 02e01f33    mulh    t5, zero, a4            t5 <- 0
  7708: 02051f33    mulh    t5, a0, zero            t5 <- 0
  7712: 02a512b3    mulh    t0, a0, a0              t0 <- 801000422
  7716: 02b51eb3    mulh    t4, a0, a1              t4 <- 773996099
  7720: 02c51eb3    mulh    t4, a0, a2              t4 <- 212096447
  7724: 02d51f33    mulh    t5, a0, a3              t5 <- -369303266
  7728: 02e51eb3    mulh    t4, a0, a4              t4 <- -649304910
  7732: 02059e33    mulh    t3, a1, zero            t3 <- 0
  7736: 02a59333    mulh    t1, a1, a0              t1 <- 773996099
  7740: 02b59f33    mulh    t5, a1, a1              t5 <- 747902179
  7744: 02c59e33    mulh    t3, a1, a2              t3 <- 204945988
  7748: 02d59f33    mulh    t5, a1, a3              t5 <- -356852854
  7752: 02e59eb3    mulh    t4, a1, a4              t4 <- -627414734
  7756: 02061333    mulh    t1, a2, zero            t1 <- 0
  7760: 02a61eb3    mulh    t4, a2, a0              t4 <- 212096447
  7764: 02b61f33    mulh    t5, a2, a1              t5 <- 204945988
  7768: 02c61e33    mulh    t3, a2, a2              t3 <- 56160898
  7772: 02d61e33    mulh    t3, a2, a3              t3 <- -97787603
  7776: 02e61f33    mulh    t5, a2, a4              t5 <- -171929079
  7780: 02069eb3    mulh    t4, a3, zero            t4 <- 0
  7784: 02a69eb3    mulh    t4, a3, a0              t4 <- -369303266
  7788: 02b693b3    mulh    t2, a3, a1              t2 <- -356852854
  7792: 02c69e33    mulh    t3, a3, a2              t3 <- -97787603
  7796: 02d69333    mulh    t1, a3, a3              t1 <- 170268202
  7800: 02e69f33    mulh    t5, a3, a4              t5 <- 299363666
  7804: 020712b3    mulh    t0, a4, zero            t0 <- 0
  7808: 02a71eb3    mulh    t4, a4, a0              t4 <- -649304910
  7812: 02b71333    mulh    t1, a4, a1              t1 <- -627414734
  7816: 02c71f33    mulh    t5, a4, a2              t5 <- -171929079
  7820: 02d713b3    mulh    t2, a4, a3              t2 <- 299363666
  7824: 02e712b3    mulh    t0, a4, a4              t0 <- 526337880
  7828: 02002e33    mulhsu  t3, zero, zero          t3 <- 0
  7832: 02a02e33    mulhsu  t3, zero, a0            t3 <- 0
  7836: 02b022b3    mulhsu  t0, zero, a1            t0 <- 0
  7840: 02c022b3    mulhsu  t0, zero, a2            t0 <- 0
  7844: 02d02e33    mulhsu  t3, zero, a3            t3 <- 0
  7848: 02e02f33    mulhsu  t5, zero, a4            t5 <- 0
  7852: 020523b3    mulhsu  t2, a0, zero            t2 <- 0
  7856: 02a523b3    mulhsu  t2, a0, a0              t2 <- 801000422
  7860: 02b52eb3    mulhsu  t4, a0, a1              t4 <- 773996099
  7864: 02c52f33    mulhsu  t5, a0, a2              t5 <- 212096447
  7868: 02d52f33    mulhsu  t5, a0, a3              t5 <- -369303266
  7872: 02e52eb3    mulhsu  t4, a0, a4              t4 <- -649304910
  7876: 0205ae33    mulhsu  t3, a1, zero            t3 <- 0
  7880: 02a5ae33    mulhsu  t3, a1, a0              t3 <- 773996099
  7884: 02b5a2b3    mulhsu  t0, a1, a1              t0 <- 747902179
  7888: 02c5a3b3    mulhsu  t2, a1, a2              t2 <- 204945988
  7892: 02d5ae33    mulhsu  t3, a1, a3              t3 <- -356852854
  7896: 02e5a3b3    mulhsu  t2, a1, a4              t2 <- -627414734
  7900: 02062e33    mulhsu  t3, a2, zero            t3 <- 0
  7904: 02a62eb3    mulhsu  t4, a2, a0              t4 <- 212096447
  7908: 02b623b3    mulhsu  t2, a2, a1              t2 <- 204945988
  7912: 02c62f33    mulhsu  t5, a2, a2              t5 <- 56160898
  7916: 02d62eb3    mulhsu  t4, a2, a3              t4 <- -97787603
  7920: 02e62eb3    mulhsu  t4, a2, a4              t4 <- -171929079
  7924: 0206a3b3    mulhsu  t2, a3, zero            t2 <- 0
  7928: 02a6aeb3    mulhsu  t4, a3, a0              t4 <- -369303266
  7932: 02b6a2b3    mulhsu  t0, a3, a1              t0 <- -356852854
  7936: 02c6af33    mulhsu  t5, a3, a2              t5 <- -97787603
  7940: 02d6a3b3    mulhsu  t2, a3, a3              t2 <- 170268202
  7944: 02e6aeb3    mulhsu  t4, a3, a4              t4 <- 299363666
  7948: 02072f33    mulhsu  t5, a4, zero            t5 <- 0
  7952: 02a72e33    mulhsu  t3, a4, a0              t3 <- -649304910
  7956: 02b722b3    mulhsu  t0, a4, a1              t0 <- -627414734
  7960: 02c72eb3    mulhsu  t4, a4, a2              t4 <- -171929079
  7964: 02d72333    mulhsu  t1, a4, a3              t1 <- 299363666
  7968: 02e723b3    mulhsu  t2, a4, a4              t2 <- 526337880
  7972: 020033b3    mulhu   t2, zero, zero          t2 <- 0
  7976: 02a032b3    mulhu   t0, zero, a0            t0 <- 0
  7980: 02b032b3    mulhu   t0, zero, a1            t0 <- 0
  7984: 02c033b3    mulhu   t2, zero, a2            t2 <- 0
  7988: 02d033b3    mulhu   t2, zero, a3            t2 <- 0
  7992: 02e03f33    mulhu   t5, zero, a4            t5 <- 0
  7996: 02053f33    mulhu   t5, a0, zero            t5 <- 0
  8000: 02a533b3    mulhu   t2, a0, a0              t2 <- 801000422
  8004: 02b532b3    mulhu   t0, a0, a1              t0 <- 773996099
  8008: 02c53eb3    mulhu   t4, a0, a2              t4 <- 212096447
  8012: 02d533b3    mulhu   t2, a0, a3              t2 <- -369303266
  8016: 02e53e33    mulhu   t3, a0, a4              t3 <- -649304910
  8020: 0205be33    mulhu   t3, a1, zero            t3 <- 0
  8024: 02a5be33    mulhu   t3, a1, a0              t3 <- 773996099
  8028: 02b5b3b3    mulhu   t2, a1, a1              t2 <- 747902179
  8032: 02c5be33    mulhu   t3, a1, a2              t3 <- 204945988
  8036: 02d5bf33    mulhu   t5, a1, a3              t5 <- -356852854
  8040: 02e5b3b3    mulhu   t2, a1, a4              t2 <- -627414734
  8044: 02063333    mulhu   t1, a2, zero            t1 <- 0
  8048: 02a63f33    mulhu   t5, a2, a0              t5 <- 212096447
  8052: 02b632b3    mulhu   t0, a2, a1              t0 <- 204945988
  8056: 02c63e33    mulhu   t3, a2, a2              t3 <- 56160898
  8060: 02d63f33    mulhu   t5, a2, a3              t5 <- -97787603
  8064: 02e632b3    mulhu   t0, a2, a4              t0 <- -171929079
  8068: 0206b3b3    mulhu   t2, a3, zero            t2 <- 0
  8072: 02a6beb3    mulhu   t4, a3, a0              t4 <- -369303266
  8076: 02b6b2b3    mulhu   t0, a3, a1              t0 <- -356852854
  8080: 02c6bf33    mulhu   t5, a3, a2              t5 <- -97787603
  8084: 02d6b3b3    mulhu   t2, a3, a3              t2 <- 170268202
  8088: 02e6b3b3    mulhu   t2, a3, a4              t2 <- 299363666
  8092: 02073eb3    mulhu   t4, a4, zero            t4 <- 0
  8096: 02a733b3    mulhu   t2, a4, a0              t2 <- -649304910
  8100: 02b73f33    mulhu   t5, a4, a1              t5 <- -627414734
  8104: 02c73f33    mulhu   t5, a4, a2              t5 <- -171929079
  8108: 02d73eb3    mulhu   t4, a4, a3              t4 <- 299363666
  8112: 02e73333    mulhu   t1, a4, a4              t1 <- 526337880
  8116: 02a04eb3    div     t4, zero, a0            t4 <- 0
  8120: 02b04e33    div     t3, zero, a1            t3 <- 0
  8124: 02c04333    div     t1, zero, a2            t1 <- 0
  8128: 02d04eb3    div     t4, zero, a3            t4 <- 0
  8132: 02e04eb3    div     t4, zero, a4            t4 <- 0
  8136: 02a54f33    div     t5, a0, a0              t5 <- 1
  8140: 02b54e33    div     t3, a0, a1              t3 <- 1
  8144: 02c54333    div     t1, a0, a2              t1 <- 3
  8148: 02d54e33    div     t3, a0, a3              t3 <- -2
  8152: 02e54e33    div     t3, a0, a4              t3 <- -1
  8156: 02a5cf33    div     t5, a1, a0              t5 <- 0
  8160: 02b5c3b3    div     t2, a1, a1              t2 <- 1
  8164: 02c5c333    div     t1, a1, a2              t1 <- 3
  8168: 02d5c2b3    div     t0, a1, a3              t0 <- -2
  8172: 02e5ce33    div     t3, a1, a4              t3 <- -1
  8176: 02a64e33    div     t3, a2, a0              t3 <- 0
  8180: 02b64f33    div     t5, a2, a1              t5 <- 0
  8184: 02c64333    div     t1, a2, a2              t1 <- 1
  8188: 02d642b3    div     t0, a2, a3              t0 <- 0
  8192: 02e64f33    div     t5, a2, a4              t5 <- 0
  8196: 02a6cf33    div     t5, a3, a0              t5 <- 0
  8200: 02b6ce33    div     t3, a3, a1              t3 <- 0
  8204: 02c6c333    div     t1, a3, a2              t1 <- -1
  8208: 02d6c2b3    div     t0, a3, a3              t0 <- 1
  8212: 02e6c3b3    div     t2, a3, a4              t2 <- 0
  8216: 02a74e33    div     t3, a4, a0              t3 <- 0
  8220: 02b743b3    div     t2, a4, a1              t2 <- 0
  8224: 02c74333    div     t1, a4, a2              t1 <- -3
  8228: 02d743b3    div     t2, a4, a3              t2 <- 1
  8232: 02e742b3    div     t0, a4, a4              t0 <- 1
  8236: 02a05e33    divu    t3, zero, a0            t3 <- 0
  8240: 02b05f33    divu    t5, zero, a1            t5 <- 0
  8244: 02c053b3    divu    t2, zero, a2            t2 <- 0
  8248: 02d05e33    divu    t3, zero, a3            t3 <- 0
  8252: 02e052b3    divu    t0, zero, a4            t0 <- 0
  8256: 02a552b3    divu    t0, a0, a0              t0 <- 1
  8260: 02b55f33    divu    t5, a0, a1              t5 <- 1
  8264: 02c55333    divu    t1, a0, a2              t1 <- 3
  8268: 02d55eb3    divu    t4, a0, a3              t4 <- 0
  8272: 02e55eb3    divu    t4, a0, a4              t4 <- 0
  8276: 02a5d2b3    divu    t0, a1, a0              t0 <- 0
  8280: 02b5d3b3    divu    t2, a1, a1              t2 <- 1
  8284: 02c5d333    divu    t1, a1, a2              t1 <- 3
  8288: 02d5df33    divu    t5, a1, a3              t5 <- 0
  8292: 02e5d333    divu    t1, a1, a4              t1 <- 0
  8296: 02a65f33    divu    t5, a2, a0              t5 <- 0
  8300: 02b652b3    divu    t0, a2, a1              t0 <- 0
  8304: 02c652b3    divu    t0, a2, a2              t0 <- 1
  8308: 02d653b3    divu    t2, a2, a3              t2 <- 0
  8312: 02e65eb3    divu    t4, a2, a4              t4 <- 0
  8316: 02a6d333    divu    t1, a3, a0              t1 <- 1
  8320: 02b6deb3    divu    t4, a3, a1              t4 <- 1
  8324: 02c6df33    divu    t5, a3, a2              t5 <- 7
  8328: 02d6d2b3    divu    t0, a3, a3              t0 <- 1
  8332: 02e6d333    divu    t1, a3, a4              t1 <- 1
  8336: 02a75f33    divu    t5, a4, a0              t5 <- 1
  8340: 02b753b3    divu    t2, a4, a1              t2 <- 1
  8344: 02c752b3    divu    t0, a4, a2              t0 <- 5
  8348: 02d752b3    divu    t0, a4, a3              t0 <- 0
  8352: 02e75f33    divu    t5, a4, a4              t5 <- 1
  8356: 02a06333    rem     t1, zero, a0            t1 <- 0
  8360: 02b06333    rem     t1, zero, a1            t1 <- 0
  8364: 02c06e33    rem     t3, zero, a2            t3 <- 0
  8368: 02d06eb3    rem     t4, zero, a3            t4 <- 0
  8372: 02e063b3    rem     t2, zero, a4            t2 <- 0
  8376: 02a56e33    rem     t3, a0, a0              t3 <- 0
  8380: 02b562b3    rem     t0, a0, a1              t0 <- 62531214
  8384: 02c56eb3    rem     t4, a0, a2              t4 <- 381404990
  8388: 02d563b3    rem     t2, a0, a3              t2 <- 144479302
  8392: 02e56f33    rem     t5, a0, a4              t5 <- 351266145
  8396: 02a5e2b3    rem     t0, a1, a0              t0 <- 1792265438
  8400: 02b5e3b3    rem     t2, a1, a1              t2 <- 0
  8404: 02c5ef33    rem     t5, a1, a2              t5 <- 318873776
  8408: 02d5ef33    rem     t5, a1, a3              t5 <- 81948088
  8412: 02e5e333    rem     t1, a1, a4              t1 <- 288734931
  8416: 02a66e33    rem     t3, a2, a0              t3 <- 491130554
  8420: 02b66f33    rem     t5, a2, a1              t5 <- 491130554
  8424: 02c66e33    rem     t3, a2, a2              t3 <- 0
  8428: 02d662b3    rem     t0, a2, a3              t0 <- 491130554
  8432: 02e66e33    rem     t3, a2, a4              t3 <- 491130554
  8436: 02a6e2b3    rem     t0, a3, a0              t0 <- -855158675
  8440: 02b6ee33    rem     t3, a3, a1              t3 <- -855158675
  8444: 02c6ee33    rem     t3, a3, a2              t3 <- -364028121
  8448: 02d6e2b3    rem     t0, a3, a3              t0 <- 0
  8452: 02e6e3b3    rem     t2, a3, a4              t2 <- -855158675
  8456: 02a763b3    rem     t2, a4, a0              t2 <- -1503530507
  8460: 02b76333    rem     t1, a4, a1              t1 <- -1503530507
  8464: 02c76e33    rem     t3, a4, a2              t3 <- -30138845
  8468: 02d76e33    rem     t3, a4, a3              t3 <- -648371832
  8472: 02e763b3    rem     t2, a4, a4              t2 <- 0
  8476: 02a072b3    remu    t0, zero, a0            t0 <- 0
  8480: 02b07eb3    remu    t4, zero, a1            t4 <- 0
  8484: 02c07f33    remu    t5, zero, a2            t5 <- 0
  8488: 02d07eb3    remu    t4, zero, a3            t4 <- 0
  8492: 02e072b3    remu    t0, zero, a4            t0 <- 0
  8496: 02a57333    remu    t1, a0, a0              t1 <- 0
  8500: 02b57eb3    remu    t4, a0, a1              t4 <- 62531214
  8504: 02c57eb3    remu    t4, a0, a2              t4 <- 381404990
  8508: 02d573b3    remu    t2, a0, a3              t2 <- 1854796652
  8512: 02e573b3    remu    t2, a0, a4              t2 <- 1854796652
  8516: 02a5f333    remu    t1, a1, a0              t1 <- 1792265438
  8520: 02b5f2b3    remu    t0, a1, a1              t0 <- 0
  8524: 02c5f333    remu    t1, a1, a2              t1 <- 318873776
  8528: 02d5ff33    remu    t5, a1, a3              t5 <- 1792265438
  8532: 02e5f333    remu    t1, a1, a4              t1 <- 1792265438
  8536: 02a67eb3    remu    t4, a2, a0              t4 <- 491130554
  8540: 02b67f33    remu    t5, a2, a1              t5 <- 491130554
  8544: 02c672b3    remu    t0, a2, a2              t0 <- 0
  8548: 02d67333    remu    t1, a2, a3              t1 <- 491130554
  8552: 02e67f33    remu    t5, a2, a4              t5 <- 491130554
  8556: 02a6f3b3    remu    t2, a3, a0              t2 <- 1585011969
  8560: 02b6feb3    remu    t4, a3, a1              t4 <- 1647543183
  8564: 02c6ff33    remu    t5, a3, a2              t5 <- 1894743
  8568: 02d6f3b3    remu    t2, a3, a3              t2 <- 0
  8572: 02e6ff33    remu    t5, a3, a4              t5 <- 648371832
  8576: 02a772b3    remu    t0, a4, a0              t0 <- 936640137
  8580: 02b772b3    remu    t0, a4, a1              t0 <- 999171351
  8584: 02c77eb3    remu    t4, a4, a2              t4 <- 335784019
  8588: 02d77f33    remu    t5, a4, a3              t5 <- -1503530507
  8592: 02e772b3    remu    t0, a4, a4              t0 <- 0
  8596: daa08537    lui     a0, 3667951616          a0 <- -627015680
  8600: 26d50513    addi    a0, a0, 621             a0 <- -627015059
  8604: b5cd65b7    lui     a1, 3050135552          a1 <- -1244831744
  8608: 90f58593    addi    a1, a1, -1777           a1 <- -1244833521
  8612: 9eaed637    lui     a2, 2662256640          a2 <- -1632710656
  8616: 13360613    addi    a2, a2, 307             a2 <- -1632710349
  8620: 24c3b6b7    lui     a3, 616804352           a3 <- 616804352
  8624: b6d68693    addi    a3, a3, -1171           a3 <- 616803181
  8628: ee5ad737    lui     a4, 3998928896          a4 <- -296038400
  8632: 82a70713    addi    a4, a4, -2006           a4 <- -296040406
  8636: 02000eb3    mul     t4, zero, zero          t4 <- 0
  8640: 02a003b3    mul     t2, zero, a0            t2 <- 0
  8644: 02b00e33    mul     t3, zero, a1            t3 <- 0
  8648: 02c00f33    mul     t5, zero, a2            t5 <- 0
  8652: 02d00eb3    mul     t4, zero, a3            t4 <- 0
  8656: 02e00e33    mul     t3, zero, a4            t3 <- 0
  8660: 02050f33    mul     t5, a0, zero            t5 <- 0
  8664: 02a502b3    mul     t0, a0, a0              t0 <- -290266519
  8668: 02b50eb3    mul     t4, a0, a1              t4 <- 520653155
  8672: 02c50e33    mul     t3, a0, a2              t3 <- -2071267145
  8676: 02d50eb3    mul     t4, a0, a3              t4 <- -92448919
  8680: 02e50e33    mul     t3, a0, a4              t3 <- 1955368418
  8684: 02058e33    mul     t3, a1, zero            t3 <- 0
  8688: 02a583b3    mul     t2, a1, a0              t2 <- 520653155
  8692: 02b58eb3    mul     t4, a1, a1              t4 <- -150901023
  8696: 02c582b3    mul     t0, a1, a2              t0 <- -1479541507
  8700: 02d58eb3    mul     t4, a1, a3              t4 <- -2057768861
  8704: 02e58f33    mul     t5, a1, a4              t5 <- -2104863626
  8708: 02060e33    mul     t3, a2, zero            t3 <- 0
  8712: 02a60f33    mul     t5, a2, a0              t5 <- -2071267145
  8716: 02b60eb3    mul     t4, a2, a1              t4 <- -1479541507
  8720: 02c602b3    mul     t0, a2, a2              t0 <- 4739113
  8724: 02d60e33    mul     t3, a2, a3              t3 <- -603642953
  8728: 02e603b3    mul     t2, a2, a4              t2 <- -1844696482
  8732: 02068333    mul     t1, a3, zero            t1 <- 0
  8736: 02a68e33    mul     t3, a3, a0              t3 <- -92448919
  8740: 02b682b3    mul     t0, a3, a1              t0 <- -2057768861
  8744: 02c683b3    mul     t2, a3, a2              t2 <- -603642953
  8748: 02d682b3    mul     t0, a3, a3              t0 <- 1121504361
  8752: 02e68333    mul     t1, a3, a4              t1 <- -2141632542
  8756: 02070eb3    mul     t4, a4, zero            t4 <- 0
  8760: 02a703b3    mul     t2, a4, a0              t2 <- 1955368418
  8764: 02b702b3    mul     t0, a4, a1              t0 <- -2104863626
  8768: 02c70e33    mul     t3, a4, a2              t3 <- -1844696482
  8772: 02d70f33    mul     t5, a4, a3              t5 <- -2141632542
  8776: 02e702b3    mul     t0, a4, a4              t0 <- 1913235172
  8780: 02001333    mulh    t1, zero, zero          t1 <- 0
  8784: 02a01333    mulh    t1, zero, a0            t1 <- 0
  8788: 02b01333    mulh    t1, zero, a1            t1 <- 0
  8792: 02c012b3    mulh    t0, zero, a2            t0 <- 0
  8796: 02d013b3    mulh    t2, zero, a3            t2 <- 0
  8800: 02e013b3    mulh    t2, zero, a4            t2 <- 0
  8804: 020513b3    mulh    t2, a0, zero            t2 <- 0
  8808: 02a513b3    mulh    t2, a0, a0              t2 <- 91536874
  8812: 02b51333    mulh    t1, a0, a1              t1 <- 181731154
  8816: 02c512b3    mulh    t0, a0, a2              t0 <- 238356640
  8820: 02d51333    mulh    t1, a0, a3              t1 <- -90046061
  8824: 02e51eb3    mulh    t4, a0, a4              t4 <- 43218441
  8828: 02059333    mulh    t1, a1, zero            t1 <- 0
  8832: 02a59f33    mulh    t5, a1, a0              t5 <- 181731154
  8836: 02b59eb3    mulh    t4, a1, a1              t4 <- 360796808
  8840: 02c59333    mulh    t1, a1, a2              t1 <- 473217240
  8844: 02d593b3    mulh    t2, a1, a3              t2 <- -178771391
  8848: 02e592b3    mulh    t0, a1, a4              t0 <- 85802986
  8852: 02061333    mulh    t1, a2, zero            t1 <- 0
  8856: 02a61e33    mulh    t3, a2, a0              t3 <- 238356640
  8860: 02b61eb3    mulh    t4, a2, a1              t4 <- 473217240
  8864: 02c61f33    mulh    t5, a2, a2              t5 <- 620666678
  8868: 02d61e33    mulh    t3, a2, a3              t3 <- -234474647
  8872: 02e61e33    mulh    t3, a2, a4              t3 <- 112538280
  8876: 02069eb3    mulh    t4, a3, zero            t4 <- 0
  8880: 02a69e33    mulh    t3, a3, a0              t3 <- -90046061
  8884: 02b693b3    mulh    t2, a3, a1              t2 <- -178771391
  8888: 02c692b3    mulh    t0, a3, a2              t0 <- -234474647
  8892: 02d69f33    mulh    t5, a3, a3              t5 <- 88579525
  8896: 02e692b3    mulh    t0, a3, a4              t0 <- -42514565
  8900: 020713b3    mulh    t2, a4, zero            t2 <- 0
  8904: 02a71f33    mulh    t5, a4, a0              t5 <- 43218441
  8908: 02b71f33    mulh    t5, a4, a1              t5 <- 85802986
  8912: 02c71eb3    mulh    t4, a4, a2              t4 <- 112538280
  8916: 02d713b3    mulh    t2, a4, a3              t2 <- -42514565
  8920: 02e71e33    mulh    t3, a4, a4              t3 <- 20405259
  8924: 02002333    mulhsu  t1, zero, zero          t1 <- 0
  8928: 02a02f33    mulhsu  t5, zero, a0            t5 <- 0
  8932: 02b023b3    mulhsu  t2, zero, a1            t2 <- 0
  8936: 02c02eb3    mulhsu  t4, zero, a2            t4 <- 0
  8940: 02d023b3    mulhsu  t2, zero, a3            t2 <- 0
  8944: 02e02f33    mulhsu  t5, zero, a4            t5 <- 0
  8948: 02052333    mulhsu  t1, a0, zero            t1 <- 0
  8952: 02a523b3    mulhsu  t2, a0, a0              t2 <- 91536874
  8956: 02b52333    mulhsu  t1, a0, a1              t1 <- 181731154
  8960: 02c52eb3    mulhsu  t4, a0, a2              t4 <- 238356640
  8964: 02d52eb3    mulhsu  t4, a0, a3              t4 <- -90046061
  8968: 02e522b3    mulhsu  t0, a0, a4              t0 <- 43218441
  8972: 0205af33    mulhsu  t5, a1, zero            t5 <- 0
  8976: 02a5a3b3    mulhsu  t2, a1, a0              t2 <- 181731154
  8980: 02b5aeb3    mulhsu  t4, a1, a1              t4 <- 360796808
  8984: 02c5aeb3    mulhsu  t4, a1, a2              t4 <- 473217240
  8988: 02d5ae33    mulhsu  t3, a1, a3              t3 <- -178771391
  8992: 02e5a333    mulhsu  t1, a1, a4              t1 <- 85802986
  8996: 02062333    mulhsu  t1, a2, zero            t1 <- 0
  9000: 02a62f33    mulhsu  t5, a2, a0              t5 <- 238356640
  9004: 02b62333    mulhsu  t1, a2, a1              t1 <- 473217240
  9008: 02c62eb3    mulhsu  t4, a2, a2              t4 <- 620666678
  9012: 02d62333    mulhsu  t1, a2, a3              t1 <- -234474647
  9016: 02e62eb3    mulhsu  t4, a2, a4              t4 <- 112538280
  9020: 0206af33    mulhsu  t5, a3, zero            t5 <- 0
  9024: 02a6a2b3    mulhsu  t0, a3, a0              t0 <- -90046061
  9028: 02b6a3b3    mulhsu  t2, a3, a1              t2 <- -178771391
  9032: 02c6af33    mulhsu  t5, a3, a2              t5 <- -234474647
  9036: 02d6a333    mulhsu  t1, a3, a3              t1 <- 88579525
  9040: 02e6aeb3    mulhsu  t4, a3, a4              t4 <- -42514565
  9044: 02072f33    mulhsu  t5, a4, zero            t5 <- 0
  9048: 02a72eb3    mulhsu  t4, a4, a0              t4 <- 43218441
  9052: 02b72e33    mulhsu  t3, a4, a1              t3 <- 85802986
  9056: 02c72e33    mulhsu  t3, a4, a2              t3 <- 112538280
  9060: 02d72e33    mulhsu  t3, a4, a3              t3 <- -42514565
  9064: 02e722b3    mulhsu  t0, a4, a4              t0 <- 20405259
  9068: 02003eb3    mulhu   t4, zero, zero          t4 <- 0
  9072: 02a033b3    mulhu   t2, zero, a0            t2 <- 0
  9076: 02b03333    mulhu   t1, zero, a1            t1 <- 0
  9080: 02c03eb3    mulhu   t4, zero, a2            t4 <- 0
  9084: 02d03f33    mulhu   t5, zero, a3            t5 <- 0
  9088: 02e03eb3    mulhu   t4, zero, a4            t4 <- 0
  9092: 02053e33    mulhu   t3, a0, zero            t3 <- 0
  9096: 02a532b3    mulhu   t0, a0, a0              t0 <- 91536874
  9100: 02b53eb3    mulhu   t4, a0, a1              t4 <- 181731154
  9104: 02c532b3    mulhu   t0, a0, a2              t0 <- 238356640
  9108: 02d53eb3    mulhu   t4, a0, a3              t4 <- -90046061
  9112: 02e53e33    mulhu   t3, a0, a4              t3 <- 43218441
  9116: 0205be33    mulhu   t3, a1, zero            t3 <- 0
  9120: 02a5beb3    mulhu   t4, a1, a0              t4 <- 181731154
  9124: 02b5b3b3    mulhu   t2, a1, a1              t2 <- 360796808
  9128: 02c5bf33    mulhu   t5, a1, a2              t5 <- 473217240
  9132: 02d5bf33    mulhu   t5, a1, a3              t5 <- -178771391
  9136: 02e5bf33    mulhu   t5, a1, a4              t5 <- 85802986
  9140: 02063e33    mulhu   t3, a2, zero            t3 <- 0
  9144: 02a63333    mulhu   t1, a2, a0              t1 <- 238356640
  9148: 02b63f33    mulhu   t5, a2, a1              t5 <- 473217240
  9152: 02c633b3    mulhu   t2, a2, a2              t2 <- 620666678
  9156: 02d63f33    mulhu   t5, a2, a3              t5 <- -234474647
  9160: 02e63333    mulhu   t1, a2, a4              t1 <- 112538280
  9164: 0206bf33    mulhu   t5, a3, zero            t5 <- 0
  9168: 02a6b2b3    mulhu   t0, a3, a0              t0 <- -90046061
  9172: 02b6b2b3    mulhu   t0, a3, a1              t0 <- -178771391
  9176: 02c6be33    mulhu   t3, a3, a2              t3 <- -234474647
  9180: 02d6beb3    mulhu   t4, a3, a3              t4 <- 88579525
  9184: 02e6b2b3    mulhu   t0, a3, a4              t0 <- -42514565
  9188: 02073e33    mulhu   t3, a4, zero            t3 <- 0
  9192: 02a73f33    mulhu   t5, a4, a0              t5 <- 43218441
  9196: 02b732b3    mulhu   t0, a4, a1              t0 <- 85802986
  9200: 02c733b3    mulhu   t2, a4, a2              t2 <- 112538280
  9204: 02d73eb3    mulhu   t4, a4, a3              t4 <- -42514565
  9208: 02e73e33    mulhu   t3, a4, a4              t3 <- 20405259
  9212: 02a04e33    div     t3, zero, a0            t3 <- 0
  9216: 02b042b3    div     t0, zero, a1            t0 <- 0
  9220: 02c04333    div     t1, zero, a2            t1 <- 0
  9224: 02d042b3    div     t0, zero, a3            t0 <- 0
  9228: 02e042b3    div     t0, zero, a4            t0 <- 0
  9232: 02a54eb3    div     t4, a0, a0              t4 <- 1
  9236: 02b543b3    div     t2, a0, a1              t2 <- 0
  9240: 02c543b3    div     t2, a0, a2              t2 <- 0
  9244: 02d54e33    div     t3, a0, a3              t3 <- -1
  9248: 02e543b3    div     t2, a0, a4              t2 <- 2
  9252: 02a5c3b3    div     t2, a1, a0              t2 <- 1
  9256: 02b5cf33    div     t5, a1, a1              t5 <- 1
  9260: 02c5c333    div     t1, a1, a2              t1 <- 0
  9264: 02d5c2b3    div     t0, a1, a3              t0 <- -2
  9268: 02e5c333    div     t1, a1, a4              t1 <- 4
  9272: 02a64333    div     t1, a2, a0              t1 <- 2
  9276: 02b64eb3    div     t4, a2, a1              t4 <- 1
  9280: 02c64333    div     t1, a2, a2              t1 <- 1
  9284: 02d64e33    div     t3, a2, a3              t3 <- -2
  9288: 02e64333    div     t1, a2, a4              t1 <- 5
  9292: 02a6c2b3    div     t0, a3, a0              t0 <- 0
  9296: 02b6ceb3    div     t4, a3, a1              t4 <- 0
  9300: 02c6c3b3    div     t2, a3, a2              t2 <- 0
  9304: 02d6cf33    div     t5, a3, a3              t5 <- 1
  9308: 02e6c333    div     t1, a3, a4              t1 <- -2
  9312: 02a74333    div     t1, a4, a0              t1 <- 0
  9316: 02b743b3    div     t2, a4, a1              t2 <- 0
  9320: 02c74e33    div     t3, a4, a2              t3 <- 0
  9324: 02d742b3    div     t0, a4, a3              t0 <- 0
  9328: 02e74eb3    div     t4, a4, a4              t4 <- 1
  9332: 02a05e33    divu    t3, zero, a0            t3 <- 0
  9336: 02b05f33    divu    t5, zero, a1            t5 <- 0
  9340: 02c05e33    divu    t3, zero, a2            t3 <- 0
  9344: 02d053b3    divu    t2, zero, a3            t2 <- 0
  9348: 02e05f33    divu    t5, zero, a4            t5 <- 0
  9352: 02a55e33    divu    t3, a0, a0              t3 <- 1
  9356: 02b55eb3    divu    t4, a0, a1              t4 <- 1
  9360: 02c55333    divu    t1, a0, a2              t1 <- 1
  9364: 02d55333    divu    t1, a0, a3              t1 <- 5
  9368: 02e55eb3    divu    t4, a0, a4              t4 <- 0
  9372: 02a5d333    divu    t1, a1, a0              t1 <- 0
  9376: 02b5deb3    divu    t4, a1, a1              t4 <- 1
  9380: 02c5df33    divu    t5, a1, a2              t5 <- 1
  9384: 02d5d3b3    divu    t2, a1, a3              t2 <- 4
  9388: 02e5de33    divu    t3, a1, a4              t3 <- 0
  9392: 02a65333    divu    t1, a2, a0              t1 <- 0
  9396: 02b652b3    divu    t0, a2, a1              t0 <- 0
  9400: 02c65333    divu    t1, a2, a2              t1 <- 1
  9404: 02d65e33    divu    t3, a2, a3              t3 <- 4
  9408: 02e653b3    divu    t2, a2, a4              t2 <- 0
  9412: 02a6deb3    divu    t4, a3, a0              t4 <- 0
  9416: 02b6d333    divu    t1, a3, a1              t1 <- 0
  9420: 02c6d2b3    divu    t0, a3, a2              t0 <- 0
  9424: 02d6deb3    divu    t4, a3, a3              t4 <- 1
  9428: 02e6d333    divu    t1, a3, a4              t1 <- 0
  9432: 02a75f33    divu    t5, a4, a0              t5 <- 1
  9436: 02b75eb3    divu    t4, a4, a1              t4 <- 1
  9440: 02c753b3    divu    t2, a4, a2              t2 <- 1
  9444: 02d75f33    divu    t5, a4, a3              t5 <- 6
  9448: 02e753b3    divu    t2, a4, a4              t2 <- 1
  9452: 02a062b3    rem     t0, zero, a0            t0 <- 0
  9456: 02b06eb3    rem     t4, zero, a1            t4 <- 0
  9460: 02c06eb3    rem     t4, zero, a2            t4 <- 0
  9464: 02d06eb3    rem     t4, zero, a3            t4 <- 0
  9468: 02e06f33    rem     t5, zero, a4            t5 <- 0
  9472: 02a56eb3    rem     t4, a0, a0              t4 <- 0
  9476: 02b563b3    rem     t2, a0, a1              t2 <- -627015059
  9480: 02c56f33    rem     t5, a0, a2              t5 <- -627015059
  9484: 02d56e33    rem     t3, a0, a3              t3 <- -10211878
  9488: 02e56333    rem     t1, a0, a4              t1 <- -34934247
  9492: 02a5e2b3    rem     t0, a1, a0              t0 <- -617818462
  9496: 02b5ef33    rem     t5, a1, a1              t5 <- 0
  9500: 02c5ef33    rem     t5, a1, a2              t5 <- -1244833521
  9504: 02d5e2b3    rem     t0, a1, a3              t0 <- -11227159
  9508: 02e5ee33    rem     t3, a1, a4              t3 <- -60671897
  9512: 02a66eb3    rem     t4, a2, a0              t4 <- -378680231
  9516: 02b66333    rem     t1, a2, a1              t1 <- -387876828
  9520: 02c663b3    rem     t2, a2, a2              t2 <- 0
  9524: 02d662b3    rem     t0, a2, a3              t0 <- -399103987
  9528: 02e663b3    rem     t2, a2, a4              t2 <- -152508319
  9532: 02a6ee33    rem     t3, a3, a0              t3 <- 616803181
  9536: 02b6eeb3    rem     t4, a3, a1              t4 <- 616803181
  9540: 02c6e2b3    rem     t0, a3, a2              t0 <- 616803181
  9544: 02d6ee33    rem     t3, a3, a3              t3 <- 0
  9548: 02e6e333    rem     t1, a3, a4              t1 <- 24722369
  9552: 02a763b3    rem     t2, a4, a0              t2 <- -296040406
  9556: 02b76e33    rem     t3, a4, a1              t3 <- -296040406
  9560: 02c763b3    rem     t2, a4, a2              t2 <- -296040406
  9564: 02d763b3    rem     t2, a4, a3              t2 <- -296040406
  9568: 02e76f33    rem     t5, a4, a4              t5 <- 0
  9572: 02a072b3    remu    t0, zero, a0            t0 <- 0
  9576: 02b072b3    remu    t0, zero, a1            t0 <- 0
  9580: 02c07e33    remu    t3, zero, a2            t3 <- 0
  9584: 02d07f33    remu    t5, zero, a3            t5 <- 0
  9588: 02e07e33    remu    t3, zero, a4            t3 <- 0
  9592: 02a57eb3    remu    t4, a0, a0              t4 <- 0
  9596: 02b573b3    remu    t2, a0, a1              t2 <- 617818462
  9600: 02c57f33    remu    t5, a0, a2              t5 <- 1005695290
  9604: 02d57eb3    remu    t4, a0, a3              t4 <- 583936332
  9608: 02e57333    remu    t1, a0, a4              t1 <- -627015059
  9612: 02a5ff33    remu    t5, a1, a0              t5 <- -1244833521
  9616: 02b5f3b3    remu    t2, a1, a1              t2 <- 0
  9620: 02c5fe33    remu    t3, a1, a2              t3 <- 387876828
  9624: 02d5f2b3    remu    t0, a1, a3              t0 <- 582921051
  9628: 02e5f2b3    remu    t0, a1, a4              t0 <- -1244833521
  9632: 02a672b3    remu    t0, a2, a0              t0 <- -1632710349
  9636: 02b672b3    remu    t0, a2, a1              t0 <- -1632710349
  9640: 02c673b3    remu    t2, a2, a2              t2 <- 0
  9644: 02d67333    remu    t1, a2, a3              t1 <- 195044223
  9648: 02e67333    remu    t1, a2, a4              t1 <- -1632710349
  9652: 02a6fe33    remu    t3, a3, a0              t3 <- 616803181
  9656: 02b6f2b3    remu    t0, a3, a1              t0 <- 616803181
  9660: 02c6f2b3    remu    t0, a3, a2              t0 <- 616803181
  9664: 02d6ff33    remu    t5, a3, a3              t5 <- 0
  9668: 02e6f2b3    remu    t0, a3, a4              t0 <- 616803181
  9672: 02a772b3    remu    t0, a4, a0              t0 <- 330974653
  9676: 02b77333    remu    t1, a4, a1              t1 <- 948793115
  9680: 02c77f33    remu    t5, a4, a2              t5 <- 1336669943
  9684: 02d77e33    remu    t3, a4, a3              t3 <- 298107804
  9688: 02e77333    remu    t1, a4, a4              t1 <- 0
  9692: 1b870537    lui     a0, 461832192           a0 <- 461832192
  9696: 0d750513    addi    a0, a0, 215             a0 <- 461832407
  9700: 0b8a65b7    lui     a1, 193617920           a1 <- 193617920
  9704: 35458593    addi    a1, a1, 852             a1 <- 193618772
  9708: 4b08d637    lui     a2, 1258868736          a2 <- 1258868736
  9712: c2160613    addi    a2, a2, -991            a2 <- 1258867745
  9716: 59e916b7    lui     a3, 1508446208          a3 <- 1508446208
  9720: c1d68693    addi    a3, a3, -995            a3 <- 1508445213
  9724: 66301737    lui     a4, 1714425856          a4 <- 1714425856
  9728: 84870713    addi    a4, a4, -1976           a4 <- 1714423880
  9732: 02000e33    mul     t3, zero, zero          t3 <- 0
  9736: 02a003b3    mul     t2, zero, a0            t2 <- 0
  9740: 02b00eb3    mul     t4, zero, a1            t4 <- 0
  9744: 02c00e33    mul     t3, zero, a2            t3 <- 0
  9748: 02d00f33    mul     t5, zero, a3            t5 <- 0
  9752: 02e00333    mul     t1, zero, a4            t1 <- 0
  9756: 02050333    mul     t1, a0, zero            t1 <- 0
  9760: 02a502b3    mul     t0, a0, a0              t0 <- 1019393169
  9764: 02b50eb3    mul     t4, a0, a1              t4 <- -293246068
  9768: 02c50e33    mul     t3, a0, a2              t3 <- 617246647
  9772: 02d502b3    mul     t0, a0, a3              t0 <- -184275877
  9776: 02e503b3    mul     t2, a0, a4              t2 <- -934349704
  9780: 02058f33    mul     t5, a1, zero            t5 <- 0
  9784: 02a58333    mul     t1, a1, a0              t1 <- -293246068
  9788: 02b58f33    mul     t5, a1, a1              t5 <- 1964643216
  9792: 02c58333    mul     t1, a1, a2              t1 <- 2057158100
  9796: 02d583b3    mul     t2, a1, a3              t2 <- 1724461188
  9800: 02e58e33    mul     t3, a1, a4              t3 <- -1446604896
  9804: 020603b3    mul     t2, a2, zero            t2 <- 0
  9808: 02a60333    mul     t1, a2, a0              t1 <- 617246647
  9812: 02b60e33    mul     t3, a2, a1              t3 <- 2057158100
  9816: 02c60f33    mul     t5, a2, a2              t5 <- -1160471487
  9820: 02d60f33    mul     t5, a2, a3              t5 <- 748268477
  9824: 02e602b3    mul     t0, a2, a4              t0 <- -854953656
  9828: 02068eb3    mul     t4, a3, zero            t4 <- 0
  9832: 02a68f33    mul     t5, a3, a0              t5 <- -184275877
  9836: 02b68f33    mul     t5, a3, a1              t5 <- 1724461188
  9840: 02c68e33    mul     t3, a3, a2              t3 <- 748268477
  9844: 02d682b3    mul     t0, a3, a3              t0 <- 928824137
  9848: 02e683b3    mul     t2, a3, a4              t2 <- 1700548648
  9852: 020703b3    mul     t2, a4, zero            t2 <- 0
  9856: 02a702b3    mul     t0, a4, a0              t0 <- -934349704
  9860: 02b70e33    mul     t3, a4, a1              t3 <- -1446604896
  9864: 02c70e33    mul     t3, a4, a2              t3 <- -854953656
  9868: 02d702b3    mul     t0, a4, a3              t0 <- 1700548648
  9872: 02e703b3    mul     t2, a4, a4              t2 <- 2068091968
  9876: 02001f33    mulh    t5, zero, zero          t5 <- 0
  9880: 02a01eb3    mulh    t4, zero, a0            t4 <- 0
  9884: 02b013b3    mulh    t2, zero, a1            t2 <- 0
  9888: 02c01f33    mulh    t5, zero, a2            t5 <- 0
  9892: 02d01333    mulh    t1, zero, a3            t1 <- 0
  9896: 02e012b3    mulh    t0, zero, a4            t0 <- 0
  9900: 020512b3    mulh    t0, a0, zero            t0 <- 0
  9904: 02a512b3    mulh    t0, a0, a0              t0 <- 49660255
  9908: 02b51f33    mulh    t5, a0, a1              t5 <- 20819581
  9912: 02c51f33    mulh    t5, a0, a2              t5 <- 135364458
  9916: 02d513b3    mulh    t2, a0, a3              t2 <- 162201207
  9920: 02e51f33    mulh    t5, a0, a4              t5 <- 184349833
  9924: 02059f33    mulh    t5, a1, zero            t5 <- 0
  9928: 02a592b3    mulh    t0, a1, a0              t0 <- 20819581
  9932: 02b59e33    mulh    t3, a1, a1              t3 <- 8728408
  9936: 02c59333    mulh    t1, a1, a2              t1 <- 56750240
  9940: 02d59333    mulh    t1, a1, a3              t1 <- 68001288
  9944: 02e59f33    mulh    t5, a1, a4              t5 <- 77286885
  9948: 02061e33    mulh    t3, a2, zero            t3 <- 0
  9952: 02a61e33    mulh    t3, a2, a0              t3 <- 135364458
  9956: 02b61e33    mulh    t3, a2, a1              t3 <- 56750240
  9960: 02c613b3    mulh    t2, a2, a2              t2 <- 368977896
  9964: 02d612b3    mulh    t0, a2, a3              t0 <- 442129798
  9968: 02e61e33    mulh    t3, a2, a4              t3 <- 502502760
  9972: 02069e33    mulh    t3, a3, zero            t3 <- 0
  9976: 02a69e33    mulh    t3, a3, a0              t3 <- 162201207
  9980: 02b69f33    mulh    t5, a3, a1              t5 <- 68001288
  9984: 02c69e33    mulh    t3, a3, a2              t3 <- 442129798
  9988: 02d69e33    mulh    t3, a3, a3              t3 <- 529784467
  9992: 02e69e33    mulh    t3, a3, a4              t3 <- 602126702
  9996: 02071eb3    mulh    t4, a4, zero            t4 <- 0
 10000: 02a71333    mulh    t1, a4, a0              t1 <- 184349833
 10004: 02b71e33    mulh    t3, a4, a1              t3 <- 77286885
 10008: 02c71333    mulh    t1, a4, a2              t1 <- 502502760
 10012: 02d713b3    mulh    t2, a4, a3              t2 <- 602126702
 10016: 02e71e33    mulh    t3, a4, a4              t3 <- 684347292
 10020: 020023b3    mulhsu  t2, zero, zero          t2 <- 0
 10024: 02a022b3    mulhsu  t0, zero, a0            t0 <- 0
 10028: 02b02f33    mulhsu  t5, zero, a1            t5 <- 0
 10032: 02c022b3    mulhsu  t0, zero, a2            t0 <- 0
 10036: 02d02e33    mulhsu  t3, zero, a3            t3 <- 0
 10040: 02e022b3    mulhsu  t0, zero, a4            t0 <- 0
 10044: 02052f33    mulhsu  t5, a0, zero            t5 <- 0
 10048: 02a52333    mulhsu  t1, a0, a0              t1 <- 49660255
 10052: 02b52eb3    mulhsu  t4, a0, a1              t4 <- 20819581
 10056: 02c52333    mulhsu  t1, a0, a2              t1 <- 135364458
 10060: 02d52e33    mulhsu  t3, a0, a3              t3 <- 162201207
 10064: 02e52333    mulhsu  t1, a0, a4              t1 <- 184349833
 10068: 0205a333    mulhsu  t1, a1, zero            t1 <- 0
 10072: 02a5ae33    mulhsu  t3, a1, a0              t3 <- 20819581
 10076: 02b5aeb3    mulhsu  t4, a1, a1              t4 <- 8728408
 10080: 02c5ae33    mulhsu  t3, a1, a2              t3 <- 56750240
 10084: 02d5a2b3    mulhsu  t0, a1, a3              t0 <- 68001288
 10088: 02e5af33    mulhsu  t5, a1, a4              t5 <- 77286885
 10092: 02062eb3    mulhsu  t4, a2, zero            t4 <- 0
 10096: 02a62f33    mulhsu  t5, a2, a0              t5 <- 135364458
 10100: 02b62f33    mulhsu  t5, a2, a1              t5 <- 56750240
 10104: 02c622b3    mulhsu  t0, a2, a2              t0 <- 368977896
 10108: 02d622b3    mulhsu  t0, a2, a3              t0 <- 442129798
 10112: 02e622b3    mulhsu  t0, a2, a4              t0 <- 502502760
 10116: 0206aeb3    mulhsu  t4, a3, zero            t4 <- 0
 10120: 02a6aeb3    mulhsu  t4, a3, a0              t4 <- 162201207
 10124: 02b6a2b3    mulhsu  t0, a3, a1              t0 <- 68001288
 10128: 02c6a333    mulhsu  t1, a3, a2              t1 <- 442129798
 10132: 02d6a3b3    mulhsu  t2, a3, a3              t2 <- 529784467
 10136: 02e6aeb3    mulhsu  t4, a3, a4              t4 <- 602126702
 10140: 02072e33    mulhsu  t3, a4, zero            t3 <- 0
 10144: 02a722b3    mulhsu  t0, a4, a0              t0 <- 184349833
 10148: 02b722b3    mulhsu  t0, a4, a1              t0 <- 77286885
 10152: 02c72eb3    mulhsu  t4, a4, a2              t4 <- 502502760
 10156: 02d72333    mulhsu  t1, a4, a3              t1 <- 602126702
 10160: 02e72eb3    mulhsu  t4, a4, a4              t4 <- 684347292
 10164: 02003e33    mulhu   t3, zero, zero          t3 <- 0
 10168: 02a033b3    mulhu   t2, zero, a0            t2 <- 0
 10172: 02b03eb3    mulhu   t4, zero, a1            t4 <- 0
 10176: 02c03f33    mulhu   t5, zero, a2            t5 <- 0
 10180: 02d03333    mulhu   t1, zero, a3            t1 <- 0
 10184: 02e032b3    mulhu   t0, zero, a4            t0 <- 0
 10188: 020532b3    mulhu   t0, a0, zero            t0 <- 0
 10192: 02a53333    mulhu   t1, a0, a0              t1 <- 49660255
 10196: 02b533b3    mulhu   t2, a0, a1              t2 <- 20819581
 10200: 02c53e33    mulhu   t3, a0, a2              t3 <- 135364458
 10204: 02d533b3    mulhu   t2, a0, a3              t2 <- 162201207
 10208: 02e53f33    mulhu   t5, a0, a4              t5 <- 184349833
 10212: 0205be33    mulhu   t3, a1, zero            t3 <- 0
 10216: 02a5b3b3    mulhu   t2, a1, a0              t2 <- 20819581
 10220: 02b5beb3    mulhu   t4, a1, a1              t4 <- 8728408
 10224: 02c5b2b3    mulhu   t0, a1, a2              t0 <- 56750240
 10228: 02d5b3b3    mulhu   t2, a1, a3              t2 <- 68001288
 10232: 02e5b333    mulhu   t1, a1, a4              t1 <- 77286885
 10236: 020633b3    mulhu   t2, a2, zero            t2 <- 0
 10240: 02a633b3    mulhu   t2, a2, a0              t2 <- 135364458
 10244: 02b63333    mulhu   t1, a2, a1              t1 <- 56750240
 10248: 02c633b3    mulhu   t2, a2, a2              t2 <- 368977896
 10252: 02d632b3    mulhu   t0, a2, a3              t0 <- 442129798
 10256: 02e63eb3    mulhu   t4, a2, a4              t4 <- 502502760
 10260: 0206beb3    mulhu   t4, a3, zero            t4 <- 0
 10264: 02a6bf33    mulhu   t5, a3, a0              t5 <- 162201207
 10268: 02b6bf33    mulhu   t5, a3, a1              t5 <- 68001288
 10272: 02c6b3b3    mulhu   t2, a3, a2              t2 <- 442129798
 10276: 02d6beb3    mulhu   t4, a3, a3              t4 <- 529784467
 10280: 02e6b3b3    mulhu   t2, a3, a4              t2 <- 602126702
 10284: 02073eb3    mulhu   t4, a4, zero            t4 <- 0
 10288: 02a73333    mulhu   t1, a4, a0              t1 <- 184349833
 10292: 02b73333    mulhu   t1, a4, a1              t1 <- 77286885
 10296: 02c73333    mulhu   t1, a4, a2              t1 <- 502502760
 10300: 02d73e33    mulhu   t3, a4, a3              t3 <- 602126702
 10304: 02e73f33    mulhu   t5, a4, a4              t5 <- 684347292
 10308: 02a04eb3    div     t4, zero, a0            t4 <- 0
 10312: 02b042b3    div     t0, zero, a1            t0 <- 0
 10316: 02c04f33    div     t5, zero, a2            t5 <- 0
 10320: 02d04f33    div     t5, zero, a3            t5 <- 0
 10324: 02e04e33    div     t3, zero, a4            t3 <- 0
 10328: 02a54eb3    div     t4, a0, a0              t4 <- 1
 10332: 02b54eb3    div     t4, a0, a1              t4 <- 2
 10336: 02c54333    div     t1, a0, a2              t1 <- 0
 10340: 02d54eb3    div     t4, a0, a3              t4 <- 0
 10344: 02e542b3    div     t0, a0, a4              t0 <- 0
 10348: 02a5c3b3    div     t2, a1, a0              t2 <- 0
 10352: 02b5ce33    div     t3, a1, a1              t3 <- 1
 10356: 02c5c2b3    div     t0, a1, a2              t0 <- 0
 10360: 02d5cf33    div     t5, a1, a3              t5 <- 0
 10364: 02e5cf33    div     t5, a1, a4              t5 <- 0
 10368: 02a64eb3    div     t4, a2, a0              t4 <- 2
 10372: 02b64333    div     t1, a2, a1              t1 <- 6
 10376: 02c64f33    div     t5, a2, a2              t5 <- 1
 10380: 02d64333    div     t1, a2, a3              t1 <- 0
 10384: 02e643b3    div     t2, a2, a4              t2 <- 0
 10388: 02a6ceb3    div     t4, a3, a0              t4 <- 3
 10392: 02b6c2b3    div     t0, a3, a1              t0 <- 7
 10396: 02c6cf33    div     t5, a3, a2              t5 <- 1
 10400: 02d6cf33    div     t5, a3, a3              t5 <- 1
 10404: 02e6ce33    div     t3, a3, a4              t3 <- 0
 10408: 02a743b3    div     t2, a4, a0              t2 <- 3
 10412: 02b74f33    div     t5, a4, a1              t5 <- 8
 10416: 02c74f33    div     t5, a4, a2              t5 <- 1
 10420: 02d742b3    div     t0, a4, a3              t0 <- 1
 10424: 02e74e33    div     t3, a4, a4              t3 <- 1
 10428: 02a052b3    divu    t0, zero, a0            t0 <- 0
 10432: 02b053b3    divu    t2, zero, a1            t2 <- 0
 10436: 02c052b3    divu    t0, zero, a2            t0 <- 0
 10440: 02d05e33    divu    t3, zero, a3            t3 <- 0
 10444: 02e05e33    divu    t3, zero, a4            t3 <- 0
 10448: 02a552b3    divu    t0, a0, a0              t0 <- 1
 10452: 02b553b3    divu    t2, a0, a1              t2 <- 2
 10456: 02c55f33    divu    t5, a0, a2              t5 <- 0
 10460: 02d552b3    divu    t0, a0, a3              t0 <- 0
 10464: 02e552b3    divu    t0, a0, a4              t0 <- 0
 10468: 02a5df33    divu    t5, a1, a0              t5 <- 0
 10472: 02b5d3b3    divu    t2, a1, a1              t2 <- 1
 10476: 02c5d3b3    divu    t2, a1, a2              t2 <- 0
 10480: 02d5d333    divu    t1, a1, a3              t1 <- 0
 10484: 02e5de33    divu    t3, a1, a4              t3 <- 0
 10488: 02a652b3    divu    t0, a2, a0              t0 <- 2
 10492: 02b65eb3    divu    t4, a2, a1              t4 <- 6
 10496: 02c65f33    divu    t5, a2, a2              t5 <- 1
 10500: 02d65eb3    divu    t4, a2, a3              t4 <- 0
 10504: 02e65f33    divu    t5, a2, a4              t5 <- 0
 10508: 02a6df33    divu    t5, a3, a0              t5 <- 3
 10512: 02b6de33    divu    t3, a3, a1              t3 <- 7
 10516: 02c6d2b3    divu    t0, a3, a2              t0 <- 1
 10520: 02d6deb3    divu    t4, a3, a3              t4 <- 1
 10524: 02e6d333    divu    t1, a3, a4              t1 <- 0
 10528: 02a75f33    divu    t5, a4, a0              t5 <- 3
 10532: 02b75333    divu    t1, a4, a1              t1 <- 8
 10536: 02c75f33    divu    t5, a4, a2              t5 <- 1
 10540: 02d752b3    divu    t0, a4, a3              t0 <- 1
 10544: 02e75e33    divu    t3, a4, a4              t3 <- 1
 10548: 02a063b3    rem     t2, zero, a0            t2 <- 0
 10552: 02b06333    rem     t1, zero, a1            t1 <- 0
 10556: 02c063b3    rem     t2, zero, a2            t2 <- 0
 10560: 02d06f33    rem     t5, zero, a3            t5 <- 0
 10564: 02e06f33    rem     t5, zero, a4            t5 <- 0
 10568: 02a563b3    rem     t2, a0, a0              t2 <- 0
 10572: 02b56eb3    rem     t4, a0, a1              t4 <- 74594863
 10576: 02c56333    rem     t1, a0, a2              t1 <- 461832407
 10580: 02d56333    rem     t1, a0, a3              t1 <- 461832407
 10584: 02e563b3    rem     t2, a0, a4              t2 <- 461832407
 10588: 02a5e3b3    rem     t2, a1, a0              t2 <- 193618772
 10592: 02b5eeb3    rem     t4, a1, a1              t4 <- 0
 10596: 02c5e333    rem     t1, a1, a2              t1 <- 193618772
 10600: 02d5e2b3    rem     t0, a1, a3              t0 <- 193618772
 10604: 02e5ef33    rem     t5, a1, a4              t5 <- 193618772
 10608: 02a66333    rem     t1, a2, a0              t1 <- 335202931
 10612: 02b66f33    rem     t5, a2, a1              t5 <- 97155113
 10616: 02c66f33    rem     t5, a2, a2              t5 <- 0
 10620: 02d66e33    rem     t3, a2, a3              t3 <- 1258867745
 10624: 02e662b3    rem     t0, a2, a4              t0 <- 1258867745
 10628: 02a6eeb3    rem     t4, a3, a0              t4 <- 122947992
 10632: 02b6e2b3    rem     t0, a3, a1              t0 <- 153113809
 10636: 02c6ee33    rem     t3, a3, a2              t3 <- 249577468
 10640: 02d6ee33    rem     t3, a3, a3              t3 <- 0
 10644: 02e6e3b3    rem     t2, a3, a4              t2 <- 1508445213
 10648: 02a76333    rem     t1, a4, a0              t1 <- 328926659
 10652: 02b76f33    rem     t5, a4, a1              t5 <- 165473704
 10656: 02c76eb3    rem     t4, a4, a2              t4 <- 455556135
 10660: 02d76eb3    rem     t4, a4, a3              t4 <- 205978667
 10664: 02e76e33    rem     t3, a4, a4              t3 <- 0
 10668: 02a07eb3    remu    t4, zero, a0            t4 <- 0
 10672: 02b07e33    remu    t3, zero, a1            t3 <- 0
 10676: 02c073b3    remu    t2, zero, a2            t2 <- 0
 10680: 02d07e33    remu    t3, zero, a3            t3 <- 0
 10684: 02e072b3    remu    t0, zero, a4            t0 <- 0
 10688: 02a573b3    remu    t2, a0, a0              t2 <- 0
 10692: 02b57e33    remu    t3, a0, a1              t3 <- 74594863
 10696: 02c572b3    remu    t0, a0, a2              t0 <- 461832407
 10700: 02d57333    remu    t1, a0, a3              t1 <- 461832407
 10704: 02e573b3    remu    t2, a0, a4              t2 <- 461832407
 10708: 02a5fe33    remu    t3, a1, a0              t3 <- 193618772
 10712: 02b5feb3    remu    t4, a1, a1              t4 <- 0
 10716: 02c5f333    remu    t1, a1, a2              t1 <- 193618772
 10720: 02d5f2b3    remu    t0, a1, a3              t0 <- 193618772
 10724: 02e5f2b3    remu    t0, a1, a4              t0 <- 193618772
 10728: 02a67eb3    remu    t4, a2, a0              t4 <- 335202931
 10732: 02b673b3    remu    t2, a2, a1              t2 <- 97155113
 10736: 02c67e33    remu    t3, a2, a2              t3 <- 0
 10740: 02d673b3    remu    t2, a2, a3              t2 <- 1258867745
 10744: 02e673b3    remu    t2, a2, a4              t2 <- 1258867745
 10748: 02a6f2b3    remu    t0, a3, a0              t0 <- 122947992
 10752: 02b6f333    remu    t1, a3, a1              t1 <- 153113809
 10756: 02c6f333    remu    t1, a3, a2              t1 <- 249577468
 10760: 02d6fe33    remu    t3, a3, a3              t3 <- 0
 10764: 02e6feb3    remu    t4, a3, a4              t4 <- 1508445213
 10768: 02a77333    remu    t1, a4, a0              t1 <- 328926659
 10772: 02b773b3    remu    t2, a4, a1              t2 <- 165473704
 10776: 02c77e33    remu    t3, a4, a2              t3 <- 455556135
 10780: 02d77eb3    remu    t4, a4, a3              t4 <- 205978667
 10784: 02e77e33    remu    t3, a4, a4              t3 <- 0
 10788: 19a7e537    lui     a0, 430432256           a0 <- 430432256
 10792: 5d950513    addi    a0, a0, 1497            a0 <- 430433753
 10796: 5be9b5b7    lui     a1, 1542041600          a1 <- 1542041600
 10800: 93758593    addi    a1, a1, -1737           a1 <- 1542039863
 10804: aff20637    lui     a2, 2951872512          a2 <- -1343094784
 10808: 3b560613    addi    a2, a2, 949             a2 <- -1343093835
 10812: dcb346b7    lui     a3, 3702734848          a3 <- -592232448
 10816: 5e268693    addi    a3, a3, 1506            a3 <- -592230942
 10820: 86510737    lui     a4, 2253455360          a4 <- -2041511936
 10824: f4770713    addi    a4, a4, -185            a4 <- -2041512121
 10828: 020002b3    mul     t0, zero, zero          t0 <- 0
 10832: 02a00eb3    mul     t4, zero, a0            t4 <- 0
 10836: 02b00333    mul     t1, zero, a1            t1 <- 0
 10840: 02c00eb3    mul     t4, zero, a2            t4 <- 0
 10844: 02d002b3    mul     t0, zero, a3            t0 <- 0
 10848: 02e002b3    mul     t0, zero, a4            t0 <- 0
 10852: 02050333    mul     t1, a0, zero            t1 <- 0
 10856: 02a50333    mul     t1, a0, a0              t1 <- 293335537
 10860: 02b502b3    mul     t0, a0, a1              t0 <- -1353735521
 10864: 02c503b3    mul     t2, a0, a2              t2 <- -1182200467
 10868: 02d50333    mul     t1, a0, a3              t1 <- 434595474
 10872: 02e50f33    mul     t5, a0, a4              t5 <- -984357329
 10876: 02058e33    mul     t3, a1, zero            t3 <- 0
 10880: 02a58e33    mul     t3, a1, a0              t3 <- -1353735521
 10884: 02b58e33    mul     t3, a1, a1              t3 <- -1879594543
 10888: 02c58eb3    mul     t4, a1, a2              t4 <- 1210992867
 10892: 02d58eb3    mul     t4, a1, a3              t4 <- -1269287538
 10896: 02e58333    mul     t1, a1, a4              t1 <- -393496767
 10900: 020602b3    mul     t0, a2, zero            t0 <- 0
 10904: 02a60333    mul     t1, a2, a0              t1 <- -1182200467
 10908: 02b60f33    mul     t5, a2, a1              t5 <- 1210992867
 10912: 02c60333    mul     t1, a2, a2              t1 <- 2017574393
 10916: 02d60e33    mul     t3, a2, a3              t3 <- -1305080118
 10920: 02e603b3    mul     t2, a2, a4              t2 <- -1000320461
 10924: 02068333    mul     t1, a3, zero            t1 <- 0
 10928: 02a682b3    mul     t0, a3, a0              t0 <- 434595474
 10932: 02b682b3    mul     t0, a3, a1              t0 <- -1269287538
 10936: 02c68333    mul     t1, a3, a2              t1 <- -1305080118
 10940: 02d682b3    mul     t0, a3, a3              t0 <- 1025481604
 10944: 02e683b3    mul     t2, a3, a4              t2 <- -353075282
 10948: 02070333    mul     t1, a4, zero            t1 <- 0
 10952: 02a70333    mul     t1, a4, a0              t1 <- -984357329
 10956: 02b703b3    mul     t2, a4, a1              t2 <- -393496767
 10960: 02c702b3    mul     t0, a4, a2              t0 <- -1000320461
 10964: 02d703b3    mul     t2, a4, a3              t2 <- -353075282
 10968: 02e70333    mul     t1, a4, a4              t1 <- -554793551
 10972: 020013b3    mulh    t2, zero, zero          t2 <- 0
 10976: 02a01e33    mulh    t3, zero, a0            t3 <- 0
 10980: 02b01f33    mulh    t5, zero, a1            t5 <- 0
 10984: 02c01f33    mulh    t5, zero, a2            t5 <- 0
 10988: 02d012b3    mulh    t0, zero, a3            t0 <- 0
 10992: 02e01e33    mulh    t3, zero, a4            t3 <- 0
 10996: 02051f33    mulh    t5, a0, zero            t5 <- 0
 11000: 02a513b3    mulh    t2, a0, a0              t2 <- 43137282
 11004: 02b51f33    mulh    t5, a0, a1              t5 <- 154540409
 11008: 02c51e33    mulh    t3, a0, a2              t3 <- -134602404
 11012: 02d51333    mulh    t1, a0, a3              t1 <- -59352300
 11016: 02e512b3    mulh    t0, a0, a4              t0 <- -204596605
 11020: 02059f33    mulh    t5, a1, zero            t5 <- 0
 11024: 02a59e33    mulh    t3, a1, a0              t3 <- 154540409
 11028: 02b59eb3    mulh    t4, a1, a1              t4 <- 553644946
 11032: 02c59f33    mulh    t5, a1, a2              t5 <- -482216532
 11036: 02d59333    mulh    t1, a1, a3              t1 <- -212631124
 11040: 02e59f33    mulh    t5, a1, a4              t5 <- -732972537
 11044: 02061eb3    mulh    t4, a2, zero            t4 <- 0
 11048: 02a61eb3    mulh    t4, a2, a0              t4 <- -134602404
 11052: 02b61333    mulh    t1, a2, a1              t1 <- -482216532
 11056: 02c612b3    mulh    t0, a2, a2              t0 <- 420003442
 11060: 02d61f33    mulh    t5, a2, a3              t5 <- 185198552
 11064: 02e61eb3    mulh    t4, a2, a4              t4 <- 638408200
 11068: 02069e33    mulh    t3, a3, zero            t3 <- 0
 11072: 02a692b3    mulh    t0, a3, a0              t0 <- -59352300
 11076: 02b69f33    mulh    t5, a3, a1              t5 <- -212631124
 11080: 02c69f33    mulh    t5, a3, a2              t5 <- 185198552
 11084: 02d69eb3    mulh    t4, a3, a3              t4 <- 81662435
 11088: 02e69eb3    mulh    t4, a3, a4              t4 <- 281503108
 11092: 020712b3    mulh    t0, a4, zero            t0 <- 0
 11096: 02a71f33    mulh    t5, a4, a0              t5 <- -204596605
 11100: 02b713b3    mulh    t2, a4, a1              t2 <- -732972537
 11104: 02c71e33    mulh    t3, a4, a2              t3 <- 638408200
 11108: 02d71f33    mulh    t5, a4, a3              t5 <- 281503108
 11112: 02e71333    mulh    t1, a4, a4              t1 <- 970384976
 11116: 02002e33    mulhsu  t3, zero, zero          t3 <- 0
 11120: 02a023b3    mulhsu  t2, zero, a0            t2 <- 0
 11124: 02b022b3    mulhsu  t0, zero, a1            t0 <- 0
 11128: 02c02e33    mulhsu  t3, zero, a2            t3 <- 0
 11132: 02d02eb3    mulhsu  t4, zero, a3            t4 <- 0
 11136: 02e023b3    mulhsu  t2, zero, a4            t2 <- 0
 11140: 020522b3    mulhsu  t0, a0, zero            t0 <- 0
 11144: 02a523b3    mulhsu  t2, a0, a0              t2 <- 43137282
 11148: 02b523b3    mulhsu  t2, a0, a1              t2 <- 154540409
 11152: 02c52f33    mulhsu  t5, a0, a2              t5 <- -134602404
 11156: 02d522b3    mulhsu  t0, a0, a3              t0 <- -59352300
 11160: 02e52e33    mulhsu  t3, a0, a4              t3 <- -204596605
 11164: 0205a333    mulhsu  t1, a1, zero            t1 <- 0
 11168: 02a5a2b3    mulhsu  t0, a1, a0              t0 <- 154540409
 11172: 02b5a3b3    mulhsu  t2, a1, a1              t2 <- 553644946
 11176: 02c5ae33    mulhsu  t3, a1, a2              t3 <- -482216532
 11180: 02d5a333    mulhsu  t1, a1, a3              t1 <- -212631124
 11184: 02e5a3b3    mulhsu  t2, a1, a4              t2 <- -732972537
 11188: 02062f33    mulhsu  t5, a2, zero            t5 <- 0
 11192: 02a62333    mulhsu  t1, a2, a0              t1 <- -134602404
 11196: 02b622b3    mulhsu  t0, a2, a1              t0 <- -482216532
 11200: 02c62e33    mulhsu  t3, a2, a2              t3 <- 420003442
 11204: 02d62f33    mulhsu  t5, a2, a3              t5 <- 185198552
 11208: 02e62333    mulhsu  t1, a2, a4              t1 <- 638408200
 11212: 0206aeb3    mulhsu  t4, a3, zero            t4 <- 0
 11216: 02a6a333    mulhsu  t1, a3, a0              t1 <- -59352300
 11220: 02b6aeb3    mulhsu  t4, a3, a1              t4 <- -212631124
 11224: 02c6ae33    mulhsu  t3, a3, a2              t3 <- 185198552
 11228: 02d6aeb3    mulhsu  t4, a3, a3              t4 <- 81662435
 11232: 02e6aeb3    mulhsu  t4, a3, a4              t4 <- 281503108
 11236: 02072f33    mulhsu  t5, a4, zero            t5 <- 0
 11240: 02a72eb3    mulhsu  t4, a4, a0              t4 <- -204596605
 11244: 02b72e33    mulhsu  t3, a4, a1              t3 <- -732972537
 11248: 02c72e33    mulhsu  t3, a4, a2              t3 <- 638408200
 11252: 02d72f33    mulhsu  t5, a4, a3              t5 <- 281503108
 11256: 02e723b3    mulhsu  t2, a4, a4              t2 <- 970384976
 11260: 02003eb3    mulhu   t4, zero, zero          t4 <- 0
 11264: 02a03e33    mulhu   t3, zero, a0            t3 <- 0
 11268: 02b03f33    mulhu   t5, zero, a1            t5 <- 0
 11272: 02c03eb3    mulhu   t4, zero, a2            t4 <- 0
 11276: 02d03eb3    mulhu   t4, zero, a3            t4 <- 0
 11280: 02e032b3    mulhu   t0, zero, a4            t0 <- 0
 11284: 02053e33    mulhu   t3, a0, zero            t3 <- 0
 11288: 02a53e33    mulhu   t3, a0, a0              t3 <- 43137282
 11292: 02b53333    mulhu   t1, a0, a1              t1 <- 154540409
 11296: 02c532b3    mulhu   t0, a0, a2              t0 <- -134602404
 11300: 02d532b3    mulhu   t0, a0, a3              t0 <- -59352300
 11304: 02e53f33    mulhu   t5, a0, a4              t5 <- -204596605
 11308: 0205beb3    mulhu   t4, a1, zero            t4 <- 0
 11312: 02a5b2b3    mulhu   t0, a1, a0              t0 <- 154540409
 11316: 02b5b3b3    mulhu   t2, a1, a1              t2 <- 553644946
 11320: 02c5b3b3    mulhu   t2, a1, a2              t2 <- -482216532
 11324: 02d5beb3    mulhu   t4, a1, a3              t4 <- -212631124
 11328: 02e5b3b3    mulhu   t2, a1, a4              t2 <- -732972537
 11332: 020632b3    mulhu   t0, a2, zero            t0 <- 0
 11336: 02a633b3    mulhu   t2, a2, a0              t2 <- -134602404
 11340: 02b632b3    mulhu   t0, a2, a1              t0 <- -482216532
 11344: 02c63333    mulhu   t1, a2, a2              t1 <- 420003442
 11348: 02d63333    mulhu   t1, a2, a3              t1 <- 185198552
 11352: 02e63e33    mulhu   t3, a2, a4              t3 <- 638408200
 11356: 0206b333    mulhu   t1, a3, zero            t1 <- 0
 11360: 02a6b333    mulhu   t1, a3, a0              t1 <- -59352300
 11364: 02b6b333    mulhu   t1, a3, a1              t1 <- -212631124
 11368: 02c6bf33    mulhu   t5, a3, a2              t5 <- 185198552
 11372: 02d6b333    mulhu   t1, a3, a3              t1 <- 81662435
 11376: 02e6bf33    mulhu   t5, a3, a4              t5 <- 281503108
 11380: 020732b3    mulhu   t0, a4, zero            t0 <- 0
 11384: 02a73333    mulhu   t1, a4, a0              t1 <- -204596605
 11388: 02b73e33    mulhu   t3, a4, a1              t3 <- -732972537
 11392: 02c733b3    mulhu   t2, a4, a2              t2 <- 638408200
 11396: 02d73e33    mulhu   t3, a4, a3              t3 <- 281503108
 11400: 02e73f33    mulhu   t5, a4, a4              t5 <- 970384976
 11404: 02a04333    div     t1, zero, a0            t1 <- 0
 11408: 02b04333    div     t1, zero, a1            t1 <- 0
 11412: 02c04f33    div     t5, zero, a2            t5 <- 0
 11416: 02d04333    div     t1, zero, a3            t1 <- 0
 11420: 02e04f33    div     t5, zero, a4            t5 <- 0
 11424: 02a542b3    div     t0, a0, a0              t0 <- 1
 11428: 02b54f33    div     t5, a0, a1              t5 <- 0
 11432: 02c54f33    div     t5, a0, a2              t5 <- 0
 11436: 02d54333    div     t1, a0, a3              t1 <- 0
 11440: 02e54f33    div     t5, a0, a4              t5 <- 0
 11444: 02a5c333    div     t1, a1, a0              t1 <- 3
 11448: 02b5ceb3    div     t4, a1, a1              t4 <- 1
 11452: 02c5cf33    div     t5, a1, a2              t5 <- -1
 11456: 02d5c2b3    div     t0, a1, a3              t0 <- -2
 11460: 02e5c2b3    div     t0, a1, a4              t0 <- 0
 11464: 02a643b3    div     t2, a2, a0              t2 <- -3
 11468: 02b64eb3    div     t4, a2, a1              t4 <- 0
 11472: 02c643b3    div     t2, a2, a2              t2 <- 1
 11476: 02d64eb3    div     t4, a2, a3              t4 <- 2
 11480: 02e64333    div     t1, a2, a4              t1 <- 0
 11484: 02a6c3b3    div     t2, a3, a0              t2 <- -1
 11488: 02b6c3b3    div     t2, a3, a1              t2 <- 0
 11492: 02c6c2b3    div     t0, a3, a2              t0 <- 0
 11496: 02d6ce33    div     t3, a3, a3              t3 <- 1
 11500: 02e6cf33    div     t5, a3, a4              t5 <- 0
 11504: 02a742b3    div     t0, a4, a0              t0 <- -4
 11508: 02b74e33    div     t3, a4, a1              t3 <- -1
 11512: 02c74e33    div     t3, a4, a2              t3 <- 1
 11516: 02d74e33    div     t3, a4, a3              t3 <- 3
 11520: 02e74e33    div     t3, a4, a4              t3 <- 1
 11524: 02a053b3    divu    t2, zero, a0            t2 <- 0
 11528: 02b053b3    divu    t2, zero, a1            t2 <- 0
 11532: 02c05eb3    divu    t4, zero, a2            t4 <- 0
 11536: 02d05e33    divu    t3, zero, a3            t3 <- 0
 11540: 02e05333    divu    t1, zero, a4            t1 <- 0
 11544: 02a55333    divu    t1, a0, a0              t1 <- 1
 11548: 02b552b3    divu    t0, a0, a1              t0 <- 0
 11552: 02c55eb3    divu    t4, a0, a2              t4 <- 0
 11556: 02d55eb3    divu    t4, a0, a3              t4 <- 0
 11560: 02e55e33    divu    t3, a0, a4              t3 <- 0
 11564: 02a5d2b3    divu    t0, a1, a0              t0 <- 3
 11568: 02b5d2b3    divu    t0, a1, a1              t0 <- 1
 11572: 02c5de33    divu    t3, a1, a2              t3 <- 0
 11576: 02d5d2b3    divu    t0, a1, a3              t0 <- 0
 11580: 02e5deb3    divu    t4, a1, a4              t4 <- 0
 11584: 02a65f33    divu    t5, a2, a0              t5 <- 6
 11588: 02b65333    divu    t1, a2, a1              t1 <- 1
 11592: 02c65f33    divu    t5, a2, a2              t5 <- 1
 11596: 02d65f33    divu    t5, a2, a3              t5 <- 0
 11600: 02e65e33    divu    t3, a2, a4              t3 <- 1
 11604: 02a6d3b3    divu    t2, a3, a0              t2 <- 8
 11608: 02b6df33    divu    t5, a3, a1              t5 <- 2
 11612: 02c6d3b3    divu    t2, a3, a2              t2 <- 1
 11616: 02d6deb3    divu    t4, a3, a3              t4 <- 1
 11620: 02e6d2b3    divu    t0, a3, a4              t0 <- 1
 11624: 02a75f33    divu    t5, a4, a0              t5 <- 5
 11628: 02b75f33    divu    t5, a4, a1              t5 <- 1
 11632: 02c75eb3    divu    t4, a4, a2              t4 <- 0
 11636: 02d75eb3    divu    t4, a4, a3              t4 <- 0
 11640: 02e75333    divu    t1, a4, a4              t1 <- 1
 11644: 02a062b3    rem     t0, zero, a0            t0 <- 0
 11648: 02b063b3    rem     t2, zero, a1            t2 <- 0
 11652: 02c06eb3    rem     t4, zero, a2            t4 <- 0
 11656: 02d06eb3    rem     t4, zero, a3            t4 <- 0
 11660: 02e06eb3    rem     t4, zero, a4            t4 <- 0
 11664: 02a562b3    rem     t0, a0, a0              t0 <- 0
 11668: 02b56f33    rem     t5, a0, a1              t5 <- 430433753
 11672: 02c56333    rem     t1, a0, a2              t1 <- 430433753
 11676: 02d56eb3    rem     t4, a0, a3              t4 <- 430433753
 11680: 02e562b3    rem     t0, a0, a4              t0 <- 430433753
 11684: 02a5e3b3    rem     t2, a1, a0              t2 <- 250738604
 11688: 02b5eeb3    rem     t4, a1, a1              t4 <- 0
 11692: 02c5ee33    rem     t3, a1, a2              t3 <- 198946028
 11696: 02d5e333    rem     t1, a1, a3              t1 <- 357577979
 11700: 02e5eeb3    rem     t4, a1, a4              t4 <- 1542039863
 11704: 02a66333    rem     t1, a2, a0              t1 <- -51792576
 11708: 02b66333    rem     t1, a2, a1              t1 <- -1343093835
 11712: 02c66333    rem     t1, a2, a2              t1 <- 0
 11716: 02d66333    rem     t1, a2, a3              t1 <- -158631951
 11720: 02e66333    rem     t1, a2, a4              t1 <- -1343093835
 11724: 02a6ef33    rem     t5, a3, a0              t5 <- -161797189
 11728: 02b6ee33    rem     t3, a3, a1              t3 <- -592230942
 11732: 02c6ef33    rem     t5, a3, a2              t5 <- -592230942
 11736: 02d6ee33    rem     t3, a3, a3              t3 <- 0
 11740: 02e6ee33    rem     t3, a3, a4              t3 <- -592230942
 11744: 02a76e33    rem     t3, a4, a0              t3 <- -319777109
 11748: 02b76eb3    rem     t4, a4, a1              t4 <- -499472258
 11752: 02c76333    rem     t1, a4, a2              t1 <- -698418286
 11756: 02d76333    rem     t1, a4, a3              t1 <- -264819295
 11760: 02e76333    rem     t1, a4, a4              t1 <- 0
 11764: 02a07e33    remu    t3, zero, a0            t3 <- 0
 11768: 02b073b3    remu    t2, zero, a1            t2 <- 0
 11772: 02c072b3    remu    t0, zero, a2            t0 <- 0
 11776: 02d07333    remu    t1, zero, a3            t1 <- 0
 11780: 02e07eb3    remu    t4, zero, a4            t4 <- 0
 11784: 02a573b3    remu    t2, a0, a0              t2 <- 0
 11788: 02b57e33    remu    t3, a0, a1              t3 <- 430433753
 11792: 02c573b3    remu    t2, a0, a2              t2 <- 430433753
 11796: 02d573b3    remu    t2, a0, a3              t2 <- 430433753
 11800: 02e573b3    remu    t2, a0, a4              t2 <- 430433753
 11804: 02a5f333    remu    t1, a1, a0              t1 <- 250738604
 11808: 02b5f3b3    remu    t2, a1, a1              t2 <- 0
 11812: 02c5ff33    remu    t5, a1, a2              t5 <- 1542039863
 11816: 02d5f3b3    remu    t2, a1, a3              t2 <- 1542039863
 11820: 02e5feb3    remu    t4, a1, a4              t4 <- 1542039863
 11824: 02a67333    remu    t1, a2, a0              t1 <- 369270943
 11828: 02b673b3    remu    t2, a2, a1              t2 <- 1409833598
 11832: 02c67eb3    remu    t4, a2, a2              t4 <- 0
 11836: 02d672b3    remu    t0, a2, a3              t0 <- -1343093835
 11840: 02e67f33    remu    t5, a2, a4              t5 <- 698418286
 11844: 02a6f333    remu    t1, a3, a0              t1 <- 259266330
 11848: 02b6f2b3    remu    t0, a3, a1              t0 <- 618656628
 11852: 02c6ff33    remu    t5, a3, a2              t5 <- 750862893
 11856: 02d6f2b3    remu    t0, a3, a3              t0 <- 0
 11860: 02e6f3b3    remu    t2, a3, a4              t2 <- 1449281179
 11864: 02a773b3    remu    t2, a4, a0              t2 <- 101286410
 11868: 02b77e33    remu    t3, a4, a1              t3 <- 711415312
 11872: 02c773b3    remu    t2, a4, a2              t2 <- -2041512121
 11876: 02d77e33    remu    t3, a4, a3              t3 <- -2041512121
 11880: 02e773b3    remu    t2, a4, a4              t2 <- 0
 11884: 68e4e537    lui     a0, 1759830016          a0 <- 1759830016
 11888: d1250513    addi    a0, a0, -750            a0 <- 1759829266
 11892: 12b4d5b7    lui     a1, 313839616           a1 <- 313839616
 11896: 81d58593    addi    a1, a1, -2019           a1 <- 313837597
 11900: b88bc637    lui     a2, 3096166400          a2 <- -1198800896
 11904: 22a60613    addi    a2, a2, 554             a2 <- -1198800342
 11908: c680c6b7    lui     a3, 3330326528          a3 <- -964640768
 11912: 62968693    addi    a3, a3, 1577            a3 <- -964639191
 11916: a5e11737    lui     a4, 2782990336          a4 <- -1511976960
 11920: bab70713    addi    a4, a4, -1109           a4 <- -1511978069
 11924: 02000eb3    mul     t4, zero, zero          t4 <- 0
 11928: 02a002b3    mul     t0, zero, a0            t0 <- 0
 11932: 02b00e33    mul     t3, zero, a1            t3 <- 0
 11936: 02c00eb3    mul     t4, zero, a2            t4 <- 0
 11940: 02d002b3    mul     t0, zero, a3            t0 <- 0
 11944: 02e00eb3    mul     t4, zero, a4            t4 <- 0
 11948: 020503b3    mul     t2, a0, zero            t2 <- 0
 11952: 02a502b3    mul     t0, a0, a0              t0 <- 653792580
 11956: 02b50e33    mul     t3, a0, a1              t3 <- 1665866506
 11960: 02c502b3    mul     t0, a0, a2              t0 <- -1646663436
 11964: 02d503b3    mul     t2, a0, a3              t2 <- 1151554530
 11968: 02e50e33    mul     t3, a0, a4              t3 <- -852397818
 11972: 02058f33    mul     t5, a1, zero            t5 <- 0
 11976: 02a58f33    mul     t5, a1, a0              t5 <- 1665866506
 11980: 02b58e33    mul     t3, a1, a1              t3 <- 422925129
 11984: 02c58f33    mul     t5, a1, a2              t5 <- -1861366078
 11988: 02d58eb3    mul     t4, a1, a3              t4 <- 1312455333
 11992: 02e583b3    mul     t2, a1, a4              t2 <- -707270049
 11996: 02060333    mul     t1, a2, zero            t1 <- 0
 12000: 02a60f33    mul     t5, a2, a0              t5 <- -1646663436
 12004: 02b603b3    mul     t2, a2, a1              t2 <- -1861366078
 12008: 02c60f33    mul     t5, a2, a2              t5 <- -857755932
 12012: 02d60e33    mul     t3, a2, a3              t3 <- 932091066
 12016: 02e60f33    mul     t5, a2, a4              t5 <- -6520818
 12020: 02068eb3    mul     t4, a3, zero            t4 <- 0
 12024: 02a68333    mul     t1, a3, a0              t1 <- 1151554530
 12028: 02b68333    mul     t1, a3, a1              t1 <- 1312455333
 12032: 02c68eb3    mul     t4, a3, a2              t4 <- 932091066
 12036: 02d68f33    mul     t5, a3, a3              t5 <- 778269329
 12040: 02e68e33    mul     t3, a3, a4              t3 <- -1215225757
 12044: 02070f33    mul     t5, a4, zero            t5 <- 0
 12048: 02a702b3    mul     t0, a4, a0              t0 <- -852397818
 12052: 02b70eb3    mul     t4, a4, a1              t4 <- -707270049
 12056: 02c70f33    mul     t5, a4, a2              t5 <- -6520818
 12060: 02d703b3    mul     t2, a4, a3              t2 <- -1215225757
 12064: 02e70e33    mul     t3, a4, a4              t3 <- -249682887
 12068: 02001eb3    mulh    t4, zero, zero          t4 <- 0
 12072: 02a01eb3    mulh    t4, zero, a0            t4 <- 0
 12076: 02b01333    mulh    t1, zero, a1            t1 <- 0
 12080: 02c01eb3    mulh    t4, zero, a2            t4 <- 0
 12084: 02d01e33    mulh    t3, zero, a3            t3 <- 0
 12088: 02e01e33    mulh    t3, zero, a4            t3 <- 0
 12092: 02051333    mulh    t1, a0, zero            t1 <- 0
 12096: 02a51f33    mulh    t5, a0, a0              t5 <- 721076281
 12100: 02b51333    mulh    t1, a0, a1              t1 <- 128592501
 12104: 02c512b3    mulh    t0, a0, a2              t0 <- -491199067
 12108: 02d512b3    mulh    t0, a0, a3              t0 <- -395253366
 12112: 02e51eb3    mulh    t4, a0, a4              t4 <- -619521192
 12116: 02059e33    mulh    t3, a1, zero            t3 <- 0
 12120: 02a59333    mulh    t1, a1, a0              t1 <- 128592501
 12124: 02b593b3    mulh    t2, a1, a1              t2 <- 22932430
 12128: 02c59f33    mulh    t5, a1, a2              t5 <- -87597552
 12132: 02d59333    mulh    t1, a1, a3              t1 <- -70487160
 12136: 02e592b3    mulh    t0, a1, a4              t0 <- -110481765
 12140: 02061eb3    mulh    t4, a2, zero            t4 <- 0
 12144: 02a61f33    mulh    t5, a2, a0              t5 <- -491199067
 12148: 02b61333    mulh    t1, a2, a1              t1 <- -87597552
 12152: 02c613b3    mulh    t2, a2, a2              t2 <- 334606100
 12156: 02d612b3    mulh    t0, a2, a3              t0 <- 269247636
 12160: 02e61f33    mulh    t5, a2, a4              t5 <- 422019470
 12164: 02069333    mulh    t1, a3, zero            t1 <- 0
 12168: 02a693b3    mulh    t2, a3, a0              t2 <- -395253366
 12172: 02b69e33    mulh    t3, a3, a1              t3 <- -70487160
 12176: 02c693b3    mulh    t2, a3, a2              t2 <- 269247636
 12180: 02d693b3    mulh    t2, a3, a3              t2 <- 216655612
 12184: 02e69eb3    mulh    t4, a3, a4              t4 <- 339586590
 12188: 02071eb3    mulh    t4, a4, zero            t4 <- 0
 12192: 02a71eb3    mulh    t4, a4, a0              t4 <- -619521192
 12196: 02b71eb3    mulh    t4, a4, a1              t4 <- -110481765
 12200: 02c71f33    mulh    t5, a4, a2              t5 <- 422019470
 12204: 02d712b3    mulh    t0, a4, a3              t0 <- 339586590
 12208: 02e71333    mulh    t1, a4, a4              t1 <- 532268937
 12212: 02002f33    mulhsu  t5, zero, zero          t5 <- 0
 12216: 02a02333    mulhsu  t1, zero, a0            t1 <- 0
 12220: 02b02e33    mulhsu  t3, zero, a1            t3 <- 0
 12224: 02c023b3    mulhsu  t2, zero, a2            t2 <- 0
 12228: 02d02eb3    mulhsu  t4, zero, a3            t4 <- 0
 12232: 02e02f33    mulhsu  t5, zero, a4            t5 <- 0
 12236: 02052e33    mulhsu  t3, a0, zero            t3 <- 0
 12240: 02a52e33    mulhsu  t3, a0, a0              t3 <- 721076281
 12244: 02b52eb3    mulhsu  t4, a0, a1              t4 <- 128592501
 12248: 02c52f33    mulhsu  t5, a0, a2              t5 <- -491199067
 12252: 02d52f33    mulhsu  t5, a0, a3              t5 <- -395253366
 12256: 02e52e33    mulhsu  t3, a0, a4              t3 <- -619521192
 12260: 0205ae33    mulhsu  t3, a1, zero            t3 <- 0
 12264: 02a5a3b3    mulhsu  t2, a1, a0              t2 <- 128592501
 12268: 02b5aeb3    mulhsu  t4, a1, a1              t4 <- 22932430
 12272: 02c5aeb3    mulhsu  t4, a1, a2              t4 <- -87597552
 12276: 02d5a2b3    mulhsu  t0, a1, a3              t0 <- -70487160
 12280: 02e5ae33    mulhsu  t3, a1, a4              t3 <- -110481765
 12284: 02062e33    mulhsu  t3, a2, zero            t3 <- 0
 12288: 02a623b3    mulhsu  t2, a2, a0              t2 <- -491199067
 12292: 02b62333    mulhsu  t1, a2, a1              t1 <- -87597552
 12296: 02c62e33    mulhsu  t3, a2, a2              t3 <- 334606100
 12300: 02d623b3    mulhsu  t2, a2, a3              t2 <- 269247636
 12304: 02e623b3    mulhsu  t2, a2, a4              t2 <- 422019470
 12308: 0206aeb3    mulhsu  t4, a3, zero            t4 <- 0
 12312: 02a6af33    mulhsu  t5, a3, a0              t5 <- -395253366
 12316: 02b6af33    mulhsu  t5, a3, a1              t5 <- -70487160
 12320: 02c6ae33    mulhsu  t3, a3, a2              t3 <- 269247636
 12324: 02d6af33    mulhsu  t5, a3, a3              t5 <- 216655612
 12328: 02e6ae33    mulhsu  t3, a3, a4              t3 <- 339586590
 12332: 02072333    mulhsu  t1, a4, zero            t1 <- 0
 12336: 02a72e33    mulhsu  t3, a4, a0              t3 <- -619521192
 12340: 02b72eb3    mulhsu  t4, a4, a1              t4 <- -110481765
 12344: 02c723b3    mulhsu  t2, a4, a2              t2 <- 422019470
 12348: 02d72e33    mulhsu  t3, a4, a3              t3 <- 339586590
 12352: 02e72f33    mulhsu  t5, a4, a4              t5 <- 532268937
 12356: 02003eb3    mulhu   t4, zero, zero          t4 <- 0
 12360: 02a032b3    mulhu   t0, zero, a0            t0 <- 0
 12364: 02b03f33    mulhu   t5, zero, a1            t5 <- 0
 12368: 02c033b3    mulhu   t2, zero, a2            t2 <- 0
 12372: 02d03eb3    mulhu   t4, zero, a3            t4 <- 0
 12376: 02e03333    mulhu   t1, zero, a4            t1 <- 0
 12380: 020533b3    mulhu   t2, a0, zero            t2 <- 0
 12384: 02a53eb3    mulhu   t4, a0, a0              t4 <- 721076281
 12388: 02b53eb3    mulhu   t4, a0, a1              t4 <- 128592501
 12392: 02c532b3    mulhu   t0, a0, a2              t0 <- -491199067
 12396: 02d53f33    mulhu   t5, a0, a3              t5 <- -395253366
 12400: 02e53f33    mulhu   t5, a0, a4              t5 <- -619521192
 12404: 0205b333    mulhu   t1, a1, zero            t1 <- 0
 12408: 02a5be33    mulhu   t3, a1, a0              t3 <- 128592501
 12412: 02b5bf33    mulhu   t5, a1, a1              t5 <- 22932430
 12416: 02c5bf33    mulhu   t5, a1, a2              t5 <- -87597552
 12420: 02d5bf33    mulhu   t5, a1, a3              t5 <- -70487160
 12424: 02e5b3b3    mulhu   t2, a1, a4              t2 <- -110481765
 12428: 02063333    mulhu   t1, a2, zero            t1 <- 0
 12432: 02a63e33    mulhu   t3, a2, a0              t3 <- -491199067
 12436: 02b63333    mulhu   t1, a2, a1              t1 <- -87597552
 12440: 02c63e33    mulhu   t3, a2, a2              t3 <- 334606100
 12444: 02d63eb3    mulhu   t4, a2, a3              t4 <- 269247636
 12448: 02e633b3    mulhu   t2, a2, a4              t2 <- 422019470
 12452: 0206bf33    mulhu   t5, a3, zero            t5 <- 0
 12456: 02a6be33    mulhu   t3, a3, a0              t3 <- -395253366
 12460: 02b6beb3    mulhu   t4, a3, a1              t4 <- -70487160
 12464: 02c6b3b3    mulhu   t2, a3, a2              t2 <- 269247636
 12468: 02d6beb3    mulhu   t4, a3, a3              t4 <- 216655612
 12472: 02e6b333    mulhu   t1, a3, a4              t1 <- 339586590
 12476: 02073e33    mulhu   t3, a4, zero            t3 <- 0
 12480: 02a733b3    mulhu   t2, a4, a0              t2 <- -619521192
 12484: 02b733b3    mulhu   t2, a4, a1              t2 <- -110481765
 12488: 02c73eb3    mulhu   t4, a4, a2              t4 <- 422019470
 12492: 02d73f33    mulhu   t5, a4, a3              t5 <- 339586590
 12496: 02e733b3    mulhu   t2, a4, a4              t2 <- 532268937
 12500: 02a042b3    div     t0, zero, a0            t0 <- 0
 12504: 02b042b3    div     t0, zero, a1            t0 <- 0
 12508: 02c042b3    div     t0, zero, a2            t0 <- 0
 12512: 02d042b3    div     t0, zero, a3            t0 <- 0
 12516: 02e043b3    div     t2, zero, a4            t2 <- 0
 12520: 02a542b3    div     t0, a0, a0              t0 <- 1
 12524: 02b54eb3    div     t4, a0, a1              t4 <- 5
 12528: 02c54e33    div     t3, a0, a2              t3 <- -1
 12532: 02d543b3    div     t2, a0, a3              t2 <- -1
 12536: 02e54333    div     t1, a0, a4              t1 <- -1
 12540: 02a5ce33    div     t3, a1, a0              t3 <- 0
 12544: 02b5cf33    div     t5, a1, a1              t5 <- 1
 12548: 02c5c2b3    div     t0, a1, a2              t0 <- 0
 12552: 02d5c3b3    div     t2, a1, a3              t2 <- 0
 12556: 02e5cf33    div     t5, a1, a4              t5 <- 0
 12560: 02a64f33    div     t5, a2, a0              t5 <- 0
 12564: 02b64eb3    div     t4, a2, a1              t4 <- -3
 12568: 02c64f33    div     t5, a2, a2              t5 <- 1
 12572: 02d642b3    div     t0, a2, a3              t0 <- 1
 12576: 02e64f33    div     t5, a2, a4              t5 <- 0
 12580: 02a6c3b3    div     t2, a3, a0              t2 <- 0
 12584: 02b6c2b3    div     t0, a3, a1              t0 <- -3
 12588: 02c6ce33    div     t3, a3, a2              t3 <- 0
 12592: 02d6c333    div     t1, a3, a3              t1 <- 1
 12596: 02e6c2b3    div     t0, a3, a4              t0 <- 0
 12600: 02a74e33    div     t3, a4, a0              t3 <- 0
 12604: 02b74e33    div     t3, a4, a1              t3 <- -4
 12608: 02c742b3    div     t0, a4, a2              t0 <- 1
 12612: 02d742b3    div     t0, a4, a3              t0 <- 1
 12616: 02e74f33    div     t5, a4, a4              t5 <- 1
 12620: 02a05e33    divu    t3, zero, a0            t3 <- 0
 12624: 02b05e33    divu    t3, zero, a1            t3 <- 0
 12628: 02c052b3    divu    t0, zero, a2            t0 <- 0
 12632: 02d05333    divu    t1, zero, a3            t1 <- 0
 12636: 02e05f33    divu    t5, zero, a4            t5 <- 0
 12640: 02a55f33    divu    t5, a0, a0              t5 <- 1
 12644: 02b55f33    divu    t5, a0, a1              t5 <- 5
 12648: 02c552b3    divu    t0, a0, a2              t0 <- 0
 12652: 02d55f33    divu    t5, a0, a3              t5 <- 0
 12656: 02e553b3    divu    t2, a0, a4              t2 <- 0
 12660: 02a5deb3    divu    t4, a1, a0              t4 <- 0
 12664: 02b5d333    divu    t1, a1, a1              t1 <- 1
 12668: 02c5de33    divu    t3, a1, a2              t3 <- 0
 12672: 02d5d3b3    divu    t2, a1, a3              t2 <- 0
 12676: 02e5de33    divu    t3, a1, a4              t3 <- 0
 12680: 02a652b3    divu    t0, a2, a0              t0 <- 1
 12684: 02b652b3    divu    t0, a2, a1              t0 <- 9
 12688: 02c65e33    divu    t3, a2, a2              t3 <- 1
 12692: 02d65e33    divu    t3, a2, a3              t3 <- 0
 12696: 02e653b3    divu    t2, a2, a4              t2 <- 1
 12700: 02a6de33    divu    t3, a3, a0              t3 <- 1
 12704: 02b6df33    divu    t5, a3, a1              t5 <- 10
 12708: 02c6deb3    divu    t4, a3, a2              t4 <- 1
 12712: 02d6de33    divu    t3, a3, a3              t3 <- 1
 12716: 02e6d3b3    divu    t2, a3, a4              t2 <- 1
 12720: 02a75eb3    divu    t4, a4, a0              t4 <- 1
 12724: 02b753b3    divu    t2, a4, a1              t2 <- 8
 12728: 02c75333    divu    t1, a4, a2              t1 <- 0
 12732: 02d75f33    divu    t5, a4, a3              t5 <- 0
 12736: 02e753b3    divu    t2, a4, a4              t2 <- 1
 12740: 02a06f33    rem     t5, zero, a0            t5 <- 0
 12744: 02b06f33    rem     t5, zero, a1            t5 <- 0
 12748: 02c06333    rem     t1, zero, a2            t1 <- 0
 12752: 02d06f33    rem     t5, zero, a3            t5 <- 0
 12756: 02e06333    rem     t1, zero, a4            t1 <- 0
 12760: 02a562b3    rem     t0, a0, a0              t0 <- 0
 12764: 02b56f33    rem     t5, a0, a1              t5 <- 190641281
 12768: 02c563b3    rem     t2, a0, a2              t2 <- 561028924
 12772: 02d56f33    rem     t5, a0, a3              t5 <- 795190075
 12776: 02e56e33    rem     t3, a0, a4              t3 <- 247851197
 12780: 02a5ef33    rem     t5, a1, a0              t5 <- 313837597
 12784: 02b5e3b3    rem     t2, a1, a1              t2 <- 0
 12788: 02c5e3b3    rem     t2, a1, a2              t2 <- 313837597
 12792: 02d5ee33    rem     t3, a1, a3              t3 <- 313837597
 12796: 02e5e2b3    rem     t0, a1, a4              t0 <- 313837597
 12800: 02a66f33    rem     t5, a2, a0              t5 <- -1198800342
 12804: 02b66e33    rem     t3, a2, a1              t3 <- -257287551
 12808: 02c66f33    rem     t5, a2, a2              t5 <- 0
 12812: 02d663b3    rem     t2, a2, a3              t2 <- -234161151
 12816: 02e662b3    rem     t0, a2, a4              t0 <- -1198800342
 12820: 02a6e333    rem     t1, a3, a0              t1 <- -964639191
 12824: 02b6e333    rem     t1, a3, a1              t1 <- -23126400
 12828: 02c6eeb3    rem     t4, a3, a2              t4 <- -964639191
 12832: 02d6ee33    rem     t3, a3, a3              t3 <- 0
 12836: 02e6ef33    rem     t5, a3, a4              t5 <- -964639191
 12840: 02a76e33    rem     t3, a4, a0              t3 <- -1511978069
 12844: 02b762b3    rem     t0, a4, a1              t0 <- -256627681
 12848: 02c76e33    rem     t3, a4, a2              t3 <- -313177727
 12852: 02d76eb3    rem     t4, a4, a3              t4 <- -547338878
 12856: 02e76f33    rem     t5, a4, a4              t5 <- 0
 12860: 02a07f33    remu    t5, zero, a0            t5 <- 0
 12864: 02b07eb3    remu    t4, zero, a1            t4 <- 0
 12868: 02c07e33    remu    t3, zero, a2            t3 <- 0
 12872: 02d07e33    remu    t3, zero, a3            t3 <- 0
 12876: 02e07333    remu    t1, zero, a4            t1 <- 0
 12880: 02a572b3    remu    t0, a0, a0              t0 <- 0
 12884: 02b573b3    remu    t2, a0, a1              t2 <- 190641281
 12888: 02c57eb3    remu    t4, a0, a2              t4 <- 1759829266
 12892: 02d57333    remu    t1, a0, a3              t1 <- 1759829266
 12896: 02e57e33    remu    t3, a0, a4              t3 <- 1759829266
 12900: 02a5f3b3    remu    t2, a1, a0              t2 <- 313837597
 12904: 02b5feb3    remu    t4, a1, a1              t4 <- 0
 12908: 02c5f333    remu    t1, a1, a2              t1 <- 313837597
 12912: 02d5ff33    remu    t5, a1, a3              t5 <- 313837597
 12916: 02e5ff33    remu    t5, a1, a4              t5 <- 313837597
 12920: 02a67eb3    remu    t4, a2, a0              t4 <- 1336337688
 12924: 02b67333    remu    t1, a2, a1              t1 <- 271628581
 12928: 02c67f33    remu    t5, a2, a2              t5 <- 0
 12932: 02d67333    remu    t1, a2, a3              t1 <- -1198800342
 12936: 02e672b3    remu    t0, a2, a4              t0 <- 313177727
 12940: 02a6ff33    remu    t5, a3, a0              t5 <- 1570498839
 12944: 02b6f2b3    remu    t0, a3, a1              t0 <- 191952135
 12948: 02c6feb3    remu    t4, a3, a2              t4 <- 234161151
 12952: 02d6f3b3    remu    t2, a3, a3              t2 <- 0
 12956: 02e6f3b3    remu    t2, a3, a4              t2 <- 547338878
 12960: 02a772b3    remu    t0, a4, a0              t0 <- 1023159961
 12964: 02b77333    remu    t1, a4, a1              t1 <- 272288451
 12968: 02c77eb3    remu    t4, a4, a2              t4 <- -1511978069
 12972: 02d77f33    remu    t5, a4, a3              t5 <- -1511978069
 12976: 02e77e33    remu    t3, a4, a4              t3 <- 0
 12980: 16a8e537    lui     a0, 380166144           a0 <- 380166144
 12984: fc550513    addi    a0, a0, -59             a0 <- 380166085
 12988: 0d2035b7    lui     a1, 220213248           a1 <- 220213248
 12992: 26a58593    addi    a1, a1, 618             a1 <- 220213866
 12996: 79ec3637    lui     a2, 2045521920          a2 <- 2045521920
 13000: d8560613    addi    a2, a2, -635            a2 <- 2045521285
 13004: 01e0d6b7    lui     a3, 31510528            a3 <- 31510528
 13008: 8ec68693    addi    a3, a3, -1812           a3 <- 31508716
 13012: 80789737    lui     a4, 2155384832          a4 <- -2139582464
 13016: 77a70713    addi    a4, a4, 1914            a4 <- -2139580550
 13020: 020003b3    mul     t2, zero, zero          t2 <- 0
 13024: 02a00eb3    mul     t4, zero, a0            t4 <- 0
 13028: 02b002b3    mul     t0, zero, a1            t0 <- 0
 13032: 02c00eb3    mul     t4, zero, a2            t4 <- 0
 13036: 02d00eb3    mul     t4, zero, a3            t4 <- 0
 13040: 02e00e33    mul     t3, zero, a4            t3 <- 0
 13044: 02050e33    mul     t3, a0, zero            t3 <- 0
 13048: 02a503b3    mul     t2, a0, a0              t2 <- 1378405785
 13052: 02b50333    mul     t1, a0, a1              t1 <- 1463886226
 13056: 02c50e33    mul     t3, a0, a2              t3 <- -609361319
 13060: 02d502b3    mul     t0, a0, a3              t0 <- 1675637148
 13064: 02e50eb3    mul     t4, a0, a4              t4 <- -858794270
 13068: 020582b3    mul     t0, a1, zero            t0 <- 0
 13072: 02a583b3    mul     t2, a1, a0              t2 <- 1463886226
 13076: 02b58eb3    mul     t4, a1, a1              t4 <- 1752011748
 13080: 02c582b3    mul     t0, a1, a2              t0 <- 240046866
 13084: 02d582b3    mul     t0, a1, a3              t0 <- -942585416
 13088: 02e58e33    mul     t3, a1, a4              t3 <- -523989884
 13092: 020602b3    mul     t0, a2, zero            t0 <- 0
 13096: 02a60eb3    mul     t4, a2, a0              t4 <- -609361319
 13100: 02b60333    mul     t1, a2, a1              t1 <- 240046866
 13104: 02c60eb3    mul     t4, a2, a2              t4 <- -1353709799
 13108: 02d60eb3    mul     t4, a2, a3              t4 <- 1118428828
 13112: 02e60e33    mul     t3, a2, a4              t3 <- 1069491298
 13116: 02068f33    mul     t5, a3, zero            t5 <- 0
 13120: 02a68f33    mul     t5, a3, a0              t5 <- 1675637148
 13124: 02b682b3    mul     t0, a3, a1              t0 <- -942585416
 13128: 02c68333    mul     t1, a3, a2              t1 <- 1118428828
 13132: 02d68eb3    mul     t4, a3, a3              t4 <- 313629072
 13136: 02e683b3    mul     t2, a3, a4              t2 <- -1438452616
 13140: 020703b3    mul     t2, a4, zero            t2 <- 0
 13144: 02a70e33    mul     t3, a4, a0              t3 <- -858794270
 13148: 02b70f33    mul     t5, a4, a1              t5 <- -523989884
 13152: 02c70eb3    mul     t4, a4, a2              t4 <- 1069491298
 13156: 02d702b3    mul     t0, a4, a3              t0 <- -1438452616
 13160: 02e70333    mul     t1, a4, a4              t1 <- 1543579172
 13164: 02001e33    mulh    t3, zero, zero          t3 <- 0
 13168: 02a01f33    mulh    t5, zero, a0            t5 <- 0
 13172: 02b01e33    mulh    t3, zero, a1            t3 <- 0
 13176: 02c01e33    mulh    t3, zero, a2            t3 <- 0
 13180: 02d01333    mulh    t1, zero, a3            t1 <- 0
 13184: 02e01e33    mulh    t3, zero, a4            t3 <- 0
 13188: 02051333    mulh    t1, a0, zero            t1 <- 0
 13192: 02a51f33    mulh    t5, a0, a0              t5 <- 33650140
 13196: 02b51eb3    mulh    t4, a0, a1              t4 <- 19492079
 13200: 02c51333    mulh    t1, a0, a2              t1 <- 181057913
 13204: 02d51e33    mulh    t3, a0, a3              t3 <- 2788972
 13208: 02e51333    mulh    t1, a0, a4              t1 <- -189383506
 13212: 02059eb3    mulh    t4, a1, zero            t4 <- 0
 13216: 02a59e33    mulh    t3, a1, a0              t3 <- 19492079
 13220: 02b593b3    mulh    t2, a1, a1              t2 <- 11290923
 13224: 02c59eb3    mulh    t4, a1, a2              t4 <- 104879064
 13228: 02d592b3    mulh    t0, a1, a3              t0 <- 1615531
 13232: 02e59e33    mulh    t3, a1, a4              t3 <- -109701722
 13236: 02061f33    mulh    t5, a2, zero            t5 <- 0
 13240: 02a61e33    mulh    t3, a2, a0              t3 <- 181057913
 13244: 02b613b3    mulh    t2, a2, a1              t2 <- 104879064
 13248: 02c613b3    mulh    t2, a2, a2              t2 <- 974200043
 13252: 02d61e33    mulh    t3, a2, a3              t3 <- 15006342
 13256: 02e61333    mulh    t1, a2, a4              t1 <- -1018996713
 13260: 020692b3    mulh    t0, a3, zero            t0 <- 0
 13264: 02a693b3    mulh    t2, a3, a0              t2 <- 2788972
 13268: 02b69e33    mulh    t3, a3, a1              t3 <- 1615531
 13272: 02c693b3    mulh    t2, a3, a2              t2 <- 15006342
 13276: 02d692b3    mulh    t0, a3, a3              t0 <- 231154
 13280: 02e69333    mulh    t1, a3, a4              t1 <- -15696380
 13284: 02071333    mulh    t1, a4, zero            t1 <- 0
 13288: 02a71f33    mulh    t5, a4, a0              t5 <- -189383506
 13292: 02b71eb3    mulh    t4, a4, a1              t4 <- -109701722
 13296: 02c71eb3    mulh    t4, a4, a2              t4 <- -1018996713
 13300: 02d71e33    mulh    t3, a4, a3              t3 <- -15696380
 13304: 02e71f33    mulh    t5, a4, a4              t5 <- 1065853268
 13308: 020022b3    mulhsu  t0, zero, zero          t0 <- 0
 13312: 02a022b3    mulhsu  t0, zero, a0            t0 <- 0
 13316: 02b023b3    mulhsu  t2, zero, a1            t2 <- 0
 13320: 02c022b3    mulhsu  t0, zero, a2            t0 <- 0
 13324: 02d02eb3    mulhsu  t4, zero, a3            t4 <- 0
 13328: 02e02eb3    mulhsu  t4, zero, a4            t4 <- 0
 13332: 02052333    mulhsu  t1, a0, zero            t1 <- 0
 13336: 02a52e33    mulhsu  t3, a0, a0              t3 <- 33650140
 13340: 02b522b3    mulhsu  t0, a0, a1              t0 <- 19492079
 13344: 02c52333    mulhsu  t1, a0, a2              t1 <- 181057913
 13348: 02d52e33    mulhsu  t3, a0, a3              t3 <- 2788972
 13352: 02e52eb3    mulhsu  t4, a0, a4              t4 <- -189383506
 13356: 0205a333    mulhsu  t1, a1, zero            t1 <- 0
 13360: 02a5a3b3    mulhsu  t2, a1, a0              t2 <- 19492079
 13364: 02b5a3b3    mulhsu  t2, a1, a1              t2 <- 11290923
 13368: 02c5ae33    mulhsu  t3, a1, a2              t3 <- 104879064
 13372: 02d5a333    mulhsu  t1, a1, a3              t1 <- 1615531
 13376: 02e5a333    mulhsu  t1, a1, a4              t1 <- -109701722
 13380: 02062e33    mulhsu  t3, a2, zero            t3 <- 0
 13384: 02a62eb3    mulhsu  t4, a2, a0              t4 <- 181057913
 13388: 02b623b3    mulhsu  t2, a2, a1              t2 <- 104879064
 13392: 02c623b3    mulhsu  t2, a2, a2              t2 <- 974200043
 13396: 02d62f33    mulhsu  t5, a2, a3              t5 <- 15006342
 13400: 02e62e33    mulhsu  t3, a2, a4              t3 <- -1018996713
 13404: 0206aeb3    mulhsu  t4, a3, zero            t4 <- 0
 13408: 02a6af33    mulhsu  t5, a3, a0              t5 <- 2788972
 13412: 02b6ae33    mulhsu  t3, a3, a1              t3 <- 1615531
 13416: 02c6a2b3    mulhsu  t0, a3, a2              t0 <- 15006342
 13420: 02d6a2b3    mulhsu  t0, a3, a3              t0 <- 231154
 13424: 02e6a2b3    mulhsu  t0, a3, a4              t0 <- -15696380
 13428: 020723b3    mulhsu  t2, a4, zero            t2 <- 0
 13432: 02a72e33    mulhsu  t3, a4, a0              t3 <- -189383506
 13436: 02b72333    mulhsu  t1, a4, a1              t1 <- -109701722
 13440: 02c72e33    mulhsu  t3, a4, a2              t3 <- -1018996713
 13444: 02d72f33    mulhsu  t5, a4, a3              t5 <- -15696380
 13448: 02e722b3    mulhsu  t0, a4, a4              t0 <- 1065853268
 13452: 02003333    mulhu   t1, zero, zero          t1 <- 0
 13456: 02a03333    mulhu   t1, zero, a0            t1 <- 0
 13460: 02b033b3    mulhu   t2, zero, a1            t2 <- 0
 13464: 02c03333    mulhu   t1, zero, a2            t1 <- 0
 13468: 02d032b3    mulhu   t0, zero, a3            t0 <- 0
 13472: 02e03333    mulhu   t1, zero, a4            t1 <- 0
 13476: 02053eb3    mulhu   t4, a0, zero            t4 <- 0
 13480: 02a532b3    mulhu   t0, a0, a0              t0 <- 33650140
 13484: 02b532b3    mulhu   t0, a0, a1              t0 <- 19492079
 13488: 02c53e33    mulhu   t3, a0, a2              t3 <- 181057913
 13492: 02d53eb3    mulhu   t4, a0, a3              t4 <- 2788972
 13496: 02e532b3    mulhu   t0, a0, a4              t0 <- -189383506
 13500: 0205b2b3    mulhu   t0, a1, zero            t0 <- 0
 13504: 02a5b2b3    mulhu   t0, a1, a0              t0 <- 19492079
 13508: 02b5b2b3    mulhu   t0, a1, a1              t0 <- 11290923
 13512: 02c5b3b3    mulhu   t2, a1, a2              t2 <- 104879064
 13516: 02d5b2b3    mulhu   t0, a1, a3              t0 <- 1615531
 13520: 02e5b333    mulhu   t1, a1, a4              t1 <- -109701722
 13524: 02063333    mulhu   t1, a2, zero            t1 <- 0
 13528: 02a633b3    mulhu   t2, a2, a0              t2 <- 181057913
 13532: 02b63f33    mulhu   t5, a2, a1              t5 <- 104879064
 13536: 02c63eb3    mulhu   t4, a2, a2              t4 <- 974200043
 13540: 02d63e33    mulhu   t3, a2, a3              t3 <- 15006342
 13544: 02e632b3    mulhu   t0, a2, a4              t0 <- -1018996713
 13548: 0206b3b3    mulhu   t2, a3, zero            t2 <- 0
 13552: 02a6b2b3    mulhu   t0, a3, a0              t0 <- 2788972
 13556: 02b6bf33    mulhu   t5, a3, a1              t5 <- 1615531
 13560: 02c6be33    mulhu   t3, a3, a2              t3 <- 15006342
 13564: 02d6be33    mulhu   t3, a3, a3              t3 <- 231154
 13568: 02e6b2b3    mulhu   t0, a3, a4              t0 <- -15696380
 13572: 02073f33    mulhu   t5, a4, zero            t5 <- 0
 13576: 02a732b3    mulhu   t0, a4, a0              t0 <- -189383506
 13580: 02b73e33    mulhu   t3, a4, a1              t3 <- -109701722
 13584: 02c73eb3    mulhu   t4, a4, a2              t4 <- -1018996713
 13588: 02d732b3    mulhu   t0, a4, a3              t0 <- -15696380
 13592: 02e73f33    mulhu   t5, a4, a4              t5 <- 1065853268
 13596: 02a042b3    div     t0, zero, a0            t0 <- 0
 13600: 02b04eb3    div     t4, zero, a1            t4 <- 0
 13604: 02c04f33    div     t5, zero, a2            t5 <- 0
 13608: 02d04eb3    div     t4, zero, a3            t4 <- 0
 13612: 02e04333    div     t1, zero, a4            t1 <- 0
 13616: 02a54333    div     t1, a0, a0              t1 <- 1
 13620: 02b54eb3    div     t4, a0, a1              t4 <- 1
 13624: 02c54f33    div     t5, a0, a2              t5 <- 0
 13628: 02d54f33    div     t5, a0, a3              t5 <- 12
 13632: 02e54e33    div     t3, a0, a4              t3 <- 0
 13636: 02a5c2b3    div     t0, a1, a0              t0 <- 0
 13640: 02b5ceb3    div     t4, a1, a1              t4 <- 1
 13644: 02c5ceb3    div     t4, a1, a2              t4 <- 0
 13648: 02d5c3b3    div     t2, a1, a3              t2 <- 6
 13652: 02e5c2b3    div     t0, a1, a4              t0 <- 0
 13656: 02a64eb3    div     t4, a2, a0              t4 <- 5
 13660: 02b64333    div     t1, a2, a1              t1 <- 9
 13664: 02c64333    div     t1, a2, a2              t1 <- 1
 13668: 02d64f33    div     t5, a2, a3              t5 <- 64
 13672: 02e64e33    div     t3, a2, a4              t3 <- 0
 13676: 02a6c3b3    div     t2, a3, a0              t2 <- 0
 13680: 02b6ceb3    div     t4, a3, a1              t4 <- 0
 13684: 02c6ceb3    div     t4, a3, a2              t4 <- 0
 13688: 02d6c333    div     t1, a3, a3              t1 <- 1
 13692: 02e6c333    div     t1, a3, a4              t1 <- 0
 13696: 02a742b3    div     t0, a4, a0              t0 <- -5
 13700: 02b742b3    div     t0, a4, a1              t0 <- -9
 13704: 02c74eb3    div     t4, a4, a2              t4 <- -1
 13708: 02d74e33    div     t3, a4, a3              t3 <- -67
 13712: 02e74333    div     t1, a4, a4              t1 <- 1
 13716: 02a05f33    divu    t5, zero, a0            t5 <- 0
 13720: 02b05333    divu    t1, zero, a1            t1 <- 0
 13724: 02c05f33    divu    t5, zero, a2            t5 <- 0
 13728: 02d05eb3    divu    t4, zero, a3            t4 <- 0
 13732: 02e05333    divu    t1, zero, a4            t1 <- 0
 13736: 02a55eb3    divu    t4, a0, a0              t4 <- 1
 13740: 02b553b3    divu    t2, a0, a1              t2 <- 1
 13744: 02c55eb3    divu    t4, a0, a2              t4 <- 0
 13748: 02d553b3    divu    t2, a0, a3              t2 <- 12
 13752: 02e55e33    divu    t3, a0, a4              t3 <- 0
 13756: 02a5d3b3    divu    t2, a1, a0              t2 <- 0
 13760: 02b5d3b3    divu    t2, a1, a1              t2 <- 1
 13764: 02c5df33    divu    t5, a1, a2              t5 <- 0
 13768: 02d5deb3    divu    t4, a1, a3              t4 <- 6
 13772: 02e5deb3    divu    t4, a1, a4              t4 <- 0
 13776: 02a65e33    divu    t3, a2, a0              t3 <- 5
 13780: 02b65eb3    divu    t4, a2, a1              t4 <- 9
 13784: 02c65333    divu    t1, a2, a2              t1 <- 1
 13788: 02d652b3    divu    t0, a2, a3              t0 <- 64
 13792: 02e65e33    divu    t3, a2, a4              t3 <- 0
 13796: 02a6df33    divu    t5, a3, a0              t5 <- 0
 13800: 02b6d3b3    divu    t2, a3, a1              t2 <- 0
 13804: 02c6d3b3    divu    t2, a3, a2              t2 <- 0
 13808: 02d6de33    divu    t3, a3, a3              t3 <- 1
 13812: 02e6d2b3    divu    t0, a3, a4              t0 <- 0
 13816: 02a75f33    divu    t5, a4, a0              t5 <- 5
 13820: 02b75333    divu    t1, a4, a1              t1 <- 9
 13824: 02c75333    divu    t1, a4, a2              t1 <- 1
 13828: 02d75333    divu    t1, a4, a3              t1 <- 68
 13832: 02e75eb3    divu    t4, a4, a4              t4 <- 1
 13836: 02a06333    rem     t1, zero, a0            t1 <- 0
 13840: 02b062b3    rem     t0, zero, a1            t0 <- 0
 13844: 02c06333    rem     t1, zero, a2            t1 <- 0
 13848: 02d063b3    rem     t2, zero, a3            t2 <- 0
 13852: 02e062b3    rem     t0, zero, a4            t0 <- 0
 13856: 02a562b3    rem     t0, a0, a0              t0 <- 0
 13860: 02b56eb3    rem     t4, a0, a1              t4 <- 159952219
 13864: 02c56eb3    rem     t4, a0, a2              t4 <- 380166085
 13868: 02d56eb3    rem     t4, a0, a3              t4 <- 2061493
 13872: 02e56333    rem     t1, a0, a4              t1 <- 380166085
 13876: 02a5ef33    rem     t5, a1, a0              t5 <- 220213866
 13880: 02b5e3b3    rem     t2, a1, a1              t2 <- 0
 13884: 02c5e2b3    rem     t0, a1, a2              t0 <- 220213866
 13888: 02d5e3b3    rem     t2, a1, a3              t2 <- 31161570
 13892: 02e5ef33    rem     t5, a1, a4              t5 <- 220213866
 13896: 02a66333    rem     t1, a2, a0              t1 <- 144690860
 13900: 02b66333    rem     t1, a2, a1              t1 <- 63596491
 13904: 02c662b3    rem     t0, a2, a2              t0 <- 0
 13908: 02d662b3    rem     t0, a2, a3              t0 <- 28963461
 13912: 02e66333    rem     t1, a2, a4              t1 <- 2045521285
 13916: 02a6ef33    rem     t5, a3, a0              t5 <- 31508716
 13920: 02b6e333    rem     t1, a3, a1              t1 <- 31508716
 13924: 02c6e3b3    rem     t2, a3, a2              t2 <- 31508716
 13928: 02d6e2b3    rem     t0, a3, a3              t0 <- 0
 13932: 02e6ee33    rem     t3, a3, a4              t3 <- 31508716
 13936: 02a76333    rem     t1, a4, a0              t1 <- -238750125
 13940: 02b76eb3    rem     t4, a4, a1              t4 <- -157655756
 13944: 02c76f33    rem     t5, a4, a2              t5 <- -94059265
 13948: 02d76e33    rem     t3, a4, a3              t3 <- -28496578
 13952: 02e76eb3    rem     t4, a4, a4              t4 <- 0
 13956: 02a07333    remu    t1, zero, a0            t1 <- 0
 13960: 02b07333    remu    t1, zero, a1            t1 <- 0
 13964: 02c07eb3    remu    t4, zero, a2            t4 <- 0
 13968: 02d072b3    remu    t0, zero, a3            t0 <- 0
 13972: 02e07333    remu    t1, zero, a4            t1 <- 0
 13976: 02a57f33    remu    t5, a0, a0              t5 <- 0
 13980: 02b57eb3    remu    t4, a0, a1              t4 <- 159952219
 13984: 02c57e33    remu    t3, a0, a2              t3 <- 380166085
 13988: 02d57e33    remu    t3, a0, a3              t3 <- 2061493
 13992: 02e573b3    remu    t2, a0, a4              t2 <- 380166085
 13996: 02a5f2b3    remu    t0, a1, a0              t0 <- 220213866
 14000: 02b5ff33    remu    t5, a1, a1              t5 <- 0
 14004: 02c5f3b3    remu    t2, a1, a2              t2 <- 220213866
 14008: 02d5fe33    remu    t3, a1, a3              t3 <- 31161570
 14012: 02e5f3b3    remu    t2, a1, a4              t2 <- 220213866
 14016: 02a67eb3    remu    t4, a2, a0              t4 <- 144690860
 14020: 02b672b3    remu    t0, a2, a1              t0 <- 63596491
 14024: 02c673b3    remu    t2, a2, a2              t2 <- 0
 14028: 02d672b3    remu    t0, a2, a3              t0 <- 28963461
 14032: 02e673b3    remu    t2, a2, a4              t2 <- 2045521285
 14036: 02a6f2b3    remu    t0, a3, a0              t0 <- 31508716
 14040: 02b6f2b3    remu    t0, a3, a1              t0 <- 31508716
 14044: 02c6feb3    remu    t4, a3, a2              t4 <- 31508716
 14048: 02d6ff33    remu    t5, a3, a3              t5 <- 0
 14052: 02e6feb3    remu    t4, a3, a4              t4 <- 31508716
 14056: 02a77e33    remu    t3, a4, a0              t3 <- 254556321
 14060: 02b773b3    remu    t2, a4, a1              t2 <- 173461952
 14064: 02c77333    remu    t1, a4, a2              t1 <- 109865461
 14068: 02d77e33    remu    t3, a4, a3              t3 <- 12794058
 14072: 02e77333    remu    t1, a4, a4              t1 <- 0
 14076: 8b154537    lui     a0, 2333425664          a0 <- -1961541632
 14080: 6a450513    addi    a0, a0, 1700            a0 <- -1961539932
 14084: e04435b7    lui     a1, 3762565120          a1 <- -532402176
 14088: 90758593    addi    a1, a1, -1785           a1 <- -532403961
 14092: 8d678637    lui     a2, 2372370432          a2 <- -1922596864
 14096: 33660613    addi    a2, a2, 822             a2 <- -1922596042
 14100: 7bdf26b7    lui     a3, 2078220288          a3 <- 2078220288
 14104: 54468693    addi    a3, a3, 1348            a3 <- 2078221636
 14108: dc1e9737    lui     a4, 3692990464          a4 <- -601976832
 14112: f8470713    addi    a4, a4, -124            a4 <- -601976956
 14116: 020002b3    mul     t0, zero, zero          t0 <- 0
 14120: 02a00333    mul     t1, zero, a0            t1 <- 0
 14124: 02b00eb3    mul     t4, zero, a1            t4 <- 0
 14128: 02c00f33    mul     t5, zero, a2            t5 <- 0
 14132: 02d00e33    mul     t3, zero, a3            t3 <- 0
 14136: 02e00f33    mul     t5, zero, a4            t5 <- 0
 14140: 02050f33    mul     t5, a0, zero            t5 <- 0
 14144: 02a50e33    mul     t3, a0, a0              t3 <- -1033496304
 14148: 02b50333    mul     t1, a0, a1              t1 <- 2037723772
 14152: 02c503b3    mul     t2, a0, a2              t2 <- -107031912
 14156: 02d50e33    mul     t3, a0, a3              t3 <- 1505261456
 14160: 02e50e33    mul     t3, a0, a4              t3 <- -794425200
 14164: 02058e33    mul     t3, a1, zero            t3 <- 0
 14168: 02a58eb3    mul     t4, a1, a0              t4 <- 2037723772
 14172: 02b58e33    mul     t3, a1, a1              t3 <- 306921009
 14176: 02c582b3    mul     t0, a1, a2              t0 <- -1942995846
 14180: 02d58f33    mul     t5, a1, a3              t5 <- -2044598052
 14184: 02e583b3    mul     t2, a1, a4              t2 <- -1998450532
 14188: 02060eb3    mul     t4, a2, zero            t4 <- 0
 14192: 02a60333    mul     t1, a2, a0              t1 <- -107031912
 14196: 02b60eb3    mul     t4, a2, a1              t4 <- -1942995846
 14200: 02c60eb3    mul     t4, a2, a2              t4 <- 1421102948
 14204: 02d60333    mul     t1, a2, a3              t1 <- -1015044008
 14208: 02e60e33    mul     t3, a2, a4              t3 <- -2080452136
 14212: 020682b3    mul     t0, a3, zero            t0 <- 0
 14216: 02a682b3    mul     t0, a3, a0              t0 <- 1505261456
 14220: 02b683b3    mul     t2, a3, a1              t2 <- -2044598052
 14224: 02c68f33    mul     t5, a3, a2              t5 <- -1015044008
 14228: 02d68eb3    mul     t4, a3, a3              t4 <- 1239726608
 14232: 02e683b3    mul     t2, a3, a4              t2 <- 1389900560
 14236: 020703b3    mul     t2, a4, zero            t2 <- 0
 14240: 02a703b3    mul     t2, a4, a0              t2 <- -794425200
 14244: 02b70333    mul     t1, a4, a1              t1 <- -1998450532
 14248: 02c702b3    mul     t0, a4, a2              t0 <- -2080452136
 14252: 02d70e33    mul     t3, a4, a3              t3 <- 1389900560
 14256: 02e703b3    mul     t2, a4, a4              t2 <- -748372976
 14260: 02001333    mulh    t1, zero, zero          t1 <- 0
 14264: 02a01eb3    mulh    t4, zero, a0            t4 <- 0
 14268: 02b01eb3    mulh    t4, zero, a1            t4 <- 0
 14272: 02c013b3    mulh    t2, zero, a2            t2 <- 0
 14276: 02d01f33    mulh    t5, zero, a3            t5 <- 0
 14280: 02e013b3    mulh    t2, zero, a4            t2 <- 0
 14284: 02051333    mulh    t1, a0, zero            t1 <- 0
 14288: 02a512b3    mulh    t0, a0, a0              t0 <- 895848242
 14292: 02b51f33    mulh    t5, a0, a1              t5 <- 243152405
 14296: 02c51eb3    mulh    t4, a0, a2              t4 <- 878062310
 14300: 02d513b3    mulh    t2, a0, a3              t2 <- -949137548
 14304: 02e51e33    mulh    t3, a0, a4              t3 <- 274926851
 14308: 02059e33    mulh    t3, a1, zero            t3 <- 0
 14312: 02a59333    mulh    t1, a1, a0              t1 <- 243152405
 14316: 02b59f33    mulh    t5, a1, a1              t5 <- 65996772
 14320: 02c59e33    mulh    t3, a1, a2              t3 <- 238324922
 14324: 02d59e33    mulh    t3, a1, a3              t3 <- -257616265
 14328: 02e59eb3    mulh    t4, a1, a4              t4 <- 74621037
 14332: 020612b3    mulh    t0, a2, zero            t0 <- 0
 14336: 02a61e33    mulh    t3, a2, a0              t3 <- 878062310
 14340: 02b61e33    mulh    t3, a2, a1              t3 <- 238324922
 14344: 02c61e33    mulh    t3, a2, a2              t3 <- 860629496
 14348: 02d613b3    mulh    t2, a2, a3              t2 <- -930293625
 14352: 02e61333    mulh    t1, a2, a4              t1 <- 269468527
 14356: 02069333    mulh    t1, a3, zero            t1 <- 0
 14360: 02a69f33    mulh    t5, a3, a0              t5 <- -949137548
 14364: 02b69f33    mulh    t5, a3, a1              t5 <- -257616265
 14368: 02c69e33    mulh    t3, a3, a2              t3 <- -930293625
 14372: 02d692b3    mulh    t0, a3, a3              t0 <- 1005596753
 14376: 02e69eb3    mulh    t4, a3, a4              t4 <- -291280806
 14380: 020713b3    mulh    t2, a4, zero            t2 <- 0
 14384: 02a71eb3    mulh    t4, a4, a0              t4 <- 274926851
 14388: 02b71e33    mulh    t3, a4, a1              t3 <- 74621037
 14392: 02c713b3    mulh    t2, a4, a2              t2 <- 269468527
 14396: 02d71e33    mulh    t3, a4, a3              t3 <- -291280806
 14400: 02e71eb3    mulh    t4, a4, a4              t4 <- 84372296
 14404: 02002e33    mulhsu  t3, zero, zero          t3 <- 0
 14408: 02a02e33    mulhsu  t3, zero, a0            t3 <- 0
 14412: 02b022b3    mulhsu  t0, zero, a1            t0 <- 0
 14416: 02c02333    mulhsu  t1, zero, a2            t1 <- 0
 14420: 02d02f33    mulhsu  t5, zero, a3            t5 <- 0
 14424: 02e02f33    mulhsu  t5, zero, a4            t5 <- 0
 14428: 02052333    mulhsu  t1, a0, zero            t1 <- 0
 14432: 02a522b3    mulhsu  t0, a0, a0              t0 <- 895848242
 14436: 02b52eb3    mulhsu  t4, a0, a1              t4 <- 243152405
 14440: 02c52eb3    mulhsu  t4, a0, a2              t4 <- 878062310
 14444: 02d523b3    mulhsu  t2, a0, a3              t2 <- -949137548
 14448: 02e52333    mulhsu  t1, a0, a4              t1 <- 274926851
 14452: 0205af33    mulhsu  t5, a1, zero            t5 <- 0
 14456: 02a5ae33    mulhsu  t3, a1, a0              t3 <- 243152405
 14460: 02b5ae33    mulhsu  t3, a1, a1              t3 <- 65996772
 14464: 02c5af33    mulhsu  t5, a1, a2              t5 <- 238324922
 14468: 02d5aeb3    mulhsu  t4, a1, a3              t4 <- -257616265
 14472: 02e5a2b3    mulhsu  t0, a1, a4              t0 <- 74621037
 14476: 02062333    mulhsu  t1, a2, zero            t1 <- 0
 14480: 02a623b3    mulhsu  t2, a2, a0              t2 <- 878062310
 14484: 02b62e33    mulhsu  t3, a2, a1              t3 <- 238324922
 14488: 02c62333    mulhsu  t1, a2, a2              t1 <- 860629496
 14492: 02d62e33    mulhsu  t3, a2, a3              t3 <- -930293625
 14496: 02e62f33    mulhsu  t5, a2, a4              t5 <- 269468527
 14500: 0206a3b3    mulhsu  t2, a3, zero            t2 <- 0
 14504: 02a6a333    mulhsu  t1, a3, a0              t1 <- -949137548
 14508: 02b6ae33    mulhsu  t3, a3, a1              t3 <- -257616265
 14512: 02c6a333    mulhsu  t1, a3, a2              t1 <- -930293625
 14516: 02d6a3b3    mulhsu  t2, a3, a3              t2 <- 1005596753
 14520: 02e6a3b3    mulhsu  t2, a3, a4              t2 <- -291280806
 14524: 02072e33    mulhsu  t3, a4, zero            t3 <- 0
 14528: 02a72333    mulhsu  t1, a4, a0              t1 <- 274926851
 14532: 02b72f33    mulhsu  t5, a4, a1              t5 <- 74621037
 14536: 02c722b3    mulhsu  t0, a4, a2              t0 <- 269468527
 14540: 02d72f33    mulhsu  t5, a4, a3              t5 <- -291280806
 14544: 02e722b3    mulhsu  t0, a4, a4              t0 <- 84372296
 14548: 02003f33    mulhu   t5, zero, zero          t5 <- 0
 14552: 02a032b3    mulhu   t0, zero, a0            t0 <- 0
 14556: 02b03eb3    mulhu   t4, zero, a1            t4 <- 0
 14560: 02c03e33    mulhu   t3, zero, a2            t3 <- 0
 14564: 02d033b3    mulhu   t2, zero, a3            t2 <- 0
 14568: 02e033b3    mulhu   t2, zero, a4            t2 <- 0
 14572: 020532b3    mulhu   t0, a0, zero            t0 <- 0
 14576: 02a533b3    mulhu   t2, a0, a0              t2 <- 895848242
 14580: 02b53e33    mulhu   t3, a0, a1              t3 <- 243152405
 14584: 02c53eb3    mulhu   t4, a0, a2              t4 <- 878062310
 14588: 02d532b3    mulhu   t0, a0, a3              t0 <- -949137548
 14592: 02e53eb3    mulhu   t4, a0, a4              t4 <- 274926851
 14596: 0205bf33    mulhu   t5, a1, zero            t5 <- 0
 14600: 02a5b333    mulhu   t1, a1, a0              t1 <- 243152405
 14604: 02b5bf33    mulhu   t5, a1, a1              t5 <- 65996772
 14608: 02c5bf33    mulhu   t5, a1, a2              t5 <- 238324922
 14612: 02d5be33    mulhu   t3, a1, a3              t3 <- -257616265
 14616: 02e5b2b3    mulhu   t0, a1, a4              t0 <- 74621037
 14620: 02063e33    mulhu   t3, a2, zero            t3 <- 0
 14624: 02a632b3    mulhu   t0, a2, a0              t0 <- 878062310
 14628: 02b63f33    mulhu   t5, a2, a1              t5 <- 238324922
 14632: 02c63e33    mulhu   t3, a2, a2              t3 <- 860629496
 14636: 02d63333    mulhu   t1, a2, a3              t1 <- -930293625
 14640: 02e63e33    mulhu   t3, a2, a4              t3 <- 269468527
 14644: 0206beb3    mulhu   t4, a3, zero            t4 <- 0
 14648: 02a6bf33    mulhu   t5, a3, a0              t5 <- -949137548
 14652: 02b6b2b3    mulhu   t0, a3, a1              t0 <- -257616265
 14656: 02c6b2b3    mulhu   t0, a3, a2              t0 <- -930293625
 14660: 02d6beb3    mulhu   t4, a3, a3              t4 <- 1005596753
 14664: 02e6b3b3    mulhu   t2, a3, a4              t2 <- -291280806
 14668: 02073f33    mulhu   t5, a4, zero            t5 <- 0
 14672: 02a73eb3    mulhu   t4, a4, a0              t4 <- 274926851
 14676: 02b733b3    mulhu   t2, a4, a1              t2 <- 74621037
 14680: 02c73f33    mulhu   t5, a4, a2              t5 <- 269468527
 14684: 02d73f33    mulhu   t5, a4, a3              t5 <- -291280806
 14688: 02e73f33    mulhu   t5, a4, a4              t5 <- 84372296
 14692: 02a04eb3    div     t4, zero, a0            t4 <- 0
 14696: 02b04333    div     t1, zero, a1            t1 <- 0
 14700: 02c04e33    div     t3, zero, a2            t3 <- 0
 14704: 02d04eb3    div     t4, zero, a3            t4 <- 0
 14708: 02e04eb3    div     t4, zero, a4            t4 <- 0
 14712: 02a54333    div     t1, a0, a0              t1 <- 1
 14716: 02b54eb3    div     t4, a0, a1              t4 <- 3
 14720: 02c542b3    div     t0, a0, a2              t0 <- 1
 14724: 02d54e33    div     t3, a0, a3              t3 <- 0
 14728: 02e54eb3    div     t4, a0, a4              t4 <- 3
 14732: 02a5c333    div     t1, a1, a0              t1 <- 0
 14736: 02b5c3b3    div     t2, a1, a1              t2 <- 1
 14740: 02c5ce33    div     t3, a1, a2              t3 <- 0
 14744: 02d5cf33    div     t5, a1, a3              t5 <- 0
 14748: 02e5c3b3    div     t2, a1, a4              t2 <- 0
 14752: 02a64f33    div     t5, a2, a0              t5 <- 0
 14756: 02b642b3    div     t0, a2, a1              t0 <- 3
 14760: 02c64e33    div     t3, a2, a2              t3 <- 1
 14764: 02d64eb3    div     t4, a2, a3              t4 <- 0
 14768: 02e64f33    div     t5, a2, a4              t5 <- 3
 14772: 02a6c333    div     t1, a3, a0              t1 <- -1
 14776: 02b6ceb3    div     t4, a3, a1              t4 <- -3
 14780: 02c6c2b3    div     t0, a3, a2              t0 <- -1
 14784: 02d6c2b3    div     t0, a3, a3              t0 <- 1
 14788: 02e6cf33    div     t5, a3, a4              t5 <- -3
 14792: 02a74e33    div     t3, a4, a0              t3 <- 0
 14796: 02b742b3    div     t0, a4, a1              t0 <- 1
 14800: 02c74333    div     t1, a4, a2              t1 <- 0
 14804: 02d74eb3    div     t4, a4, a3              t4 <- 0
 14808: 02e742b3    div     t0, a4, a4              t0 <- 1
 14812: 02a05333    divu    t1, zero, a0            t1 <- 0
 14816: 02b052b3    divu    t0, zero, a1            t0 <- 0
 14820: 02c05f33    divu    t5, zero, a2            t5 <- 0
 14824: 02d05333    divu    t1, zero, a3            t1 <- 0
 14828: 02e053b3    divu    t2, zero, a4            t2 <- 0
 14832: 02a55e33    divu    t3, a0, a0              t3 <- 1
 14836: 02b553b3    divu    t2, a0, a1              t2 <- 0
 14840: 02c55333    divu    t1, a0, a2              t1 <- 0
 14844: 02d552b3    divu    t0, a0, a3              t0 <- 1
 14848: 02e553b3    divu    t2, a0, a4              t2 <- 0
 14852: 02a5d333    divu    t1, a1, a0              t1 <- 1
 14856: 02b5deb3    divu    t4, a1, a1              t4 <- 1
 14860: 02c5d3b3    divu    t2, a1, a2              t2 <- 1
 14864: 02d5deb3    divu    t4, a1, a3              t4 <- 1
 14868: 02e5d3b3    divu    t2, a1, a4              t2 <- 1
 14872: 02a65e33    divu    t3, a2, a0              t3 <- 1
 14876: 02b653b3    divu    t2, a2, a1              t2 <- 0
 14880: 02c653b3    divu    t2, a2, a2              t2 <- 1
 14884: 02d65f33    divu    t5, a2, a3              t5 <- 1
 14888: 02e65f33    divu    t5, a2, a4              t5 <- 0
 14892: 02a6d2b3    divu    t0, a3, a0              t0 <- 0
 14896: 02b6d2b3    divu    t0, a3, a1              t0 <- 0
 14900: 02c6d333    divu    t1, a3, a2              t1 <- 0
 14904: 02d6de33    divu    t3, a3, a3              t3 <- 1
 14908: 02e6de33    divu    t3, a3, a4              t3 <- 0
 14912: 02a752b3    divu    t0, a4, a0              t0 <- 1
 14916: 02b75f33    divu    t5, a4, a1              t5 <- 0
 14920: 02c752b3    divu    t0, a4, a2              t0 <- 1
 14924: 02d752b3    divu    t0, a4, a3              t0 <- 1
 14928: 02e75f33    divu    t5, a4, a4              t5 <- 1
 14932: 02a062b3    rem     t0, zero, a0            t0 <- 0
 14936: 02b062b3    rem     t0, zero, a1            t0 <- 0
 14940: 02c062b3    rem     t0, zero, a2            t0 <- 0
 14944: 02d062b3    rem     t0, zero, a3            t0 <- 0
 14948: 02e062b3    rem     t0, zero, a4            t0 <- 0
 14952: 02a56e33    rem     t3, a0, a0              t3 <- 0
 14956: 02b562b3    rem     t0, a0, a1              t0 <- -364328049
 14960: 02c563b3    rem     t2, a0, a2              t2 <- -38943890
 14964: 02d563b3    rem     t2, a0, a3              t2 <- -1961539932
 14968: 02e563b3    rem     t2, a0, a4              t2 <- -155609064
 14972: 02a5e3b3    rem     t2, a1, a0              t2 <- -532403961
 14976: 02b5ee33    rem     t3, a1, a1              t3 <- 0
 14980: 02c5eeb3    rem     t4, a1, a2              t4 <- -532403961
 14984: 02d5ef33    rem     t5, a1, a3              t5 <- -532403961
 14988: 02e5e3b3    rem     t2, a1, a4              t2 <- -532403961
 14992: 02a66eb3    rem     t4, a2, a0              t4 <- -1922596042
 14996: 02b66e33    rem     t3, a2, a1              t3 <- -325384159
 15000: 02c66f33    rem     t5, a2, a2              t5 <- 0
 15004: 02d66333    rem     t1, a2, a3              t1 <- -1922596042
 15008: 02e662b3    rem     t0, a2, a4              t0 <- -116665174
 15012: 02a6e3b3    rem     t2, a3, a0              t2 <- 116681704
 15016: 02b6e2b3    rem     t0, a3, a1              t0 <- 481009753
 15020: 02c6eeb3    rem     t4, a3, a2              t4 <- 155625594
 15024: 02d6e3b3    rem     t2, a3, a3              t2 <- 0
 15028: 02e6e3b3    rem     t2, a3, a4              t2 <- 272290768
 15032: 02a76eb3    rem     t4, a4, a0              t4 <- -601976956
 15036: 02b76333    rem     t1, a4, a1              t1 <- -69572995
 15040: 02c76333    rem     t1, a4, a2              t1 <- -601976956
 15044: 02d762b3    rem     t0, a4, a3              t0 <- -601976956
 15048: 02e762b3    rem     t0, a4, a4              t0 <- 0
 15052: 02a07333    remu    t1, zero, a0            t1 <- 0
 15056: 02b07333    remu    t1, zero, a1            t1 <- 0
 15060: 02c07333    remu    t1, zero, a2            t1 <- 0
 15064: 02d073b3    remu    t2, zero, a3            t2 <- 0
 15068: 02e073b3    remu    t2, zero, a4            t2 <- 0
 15072: 02a57eb3    remu    t4, a0, a0              t4 <- 0
 15076: 02b57e33    remu    t3, a0, a1              t3 <- -1961539932
 15080: 02c57333    remu    t1, a0, a2              t1 <- -1961539932
 15084: 02d57e33    remu    t3, a0, a3              t3 <- 255205728
 15088: 02e57f33    remu    t5, a0, a4              t5 <- -1961539932
 15092: 02a5fe33    remu    t3, a1, a0              t3 <- 1429135971
 15096: 02b5feb3    remu    t4, a1, a1              t4 <- 0
 15100: 02c5f2b3    remu    t0, a1, a2              t0 <- 1390192081
 15104: 02d5f3b3    remu    t2, a1, a3              t2 <- 1684341699
 15108: 02e5f2b3    remu    t0, a1, a4              t0 <- 69572995
 15112: 02a67e33    remu    t3, a2, a0              t3 <- 38943890
 15116: 02b673b3    remu    t2, a2, a1              t2 <- -1922596042
 15120: 02c67333    remu    t1, a2, a2              t1 <- 0
 15124: 02d67e33    remu    t3, a2, a3              t3 <- 294149618
 15128: 02e67eb3    remu    t4, a2, a4              t4 <- -1922596042
 15132: 02a6fe33    remu    t3, a3, a0              t3 <- 2078221636
 15136: 02b6feb3    remu    t4, a3, a1              t4 <- 2078221636
 15140: 02c6feb3    remu    t4, a3, a2              t4 <- 2078221636
 15144: 02d6f3b3    remu    t2, a3, a3              t2 <- 0
 15148: 02e6f333    remu    t1, a3, a4              t1 <- 2078221636
 15152: 02a773b3    remu    t2, a4, a0              t2 <- 1359562976
 15156: 02b772b3    remu    t0, a4, a1              t0 <- -601976956
 15160: 02c77f33    remu    t5, a4, a2              t5 <- 1320619086
 15164: 02d77e33    remu    t3, a4, a3              t3 <- 1614768704
 15168: 02e77333    remu    t1, a4, a4              t1 <- 0
 15172: 681ba537    lui     a0, 1746640896          a0 <- 1746640896
 15176: 2cd50513    addi    a0, a0, 717             a0 <- 1746641613
 15180: 704745b7    lui     a1, 1883717632          a1 <- 1883717632
 15184: 62758593    addi    a1, a1, 1575            a1 <- 1883719207
 15188: a4e15637    lui     a2, 2766229504          a2 <- -1528737792
 15192: 89f60613    addi    a2, a2, -1889           a2 <- -1528739681
 15196: 2d9816b7    lui     a3, 764940288           a3 <- 764940288
 15200: aa268693    addi    a3, a3, -1374           a3 <- 764938914
 15204: a7ce8737    lui     a4, 2815328256          a4 <- -1479639040
 15208: 67170713    addi    a4, a4, 1649            a4 <- -1479637391
 15212: 020002b3    mul     t0, zero, zero          t0 <- 0
 15216: 02a00e33    mul     t3, zero, a0            t3 <- 0
 15220: 02b00333    mul     t1, zero, a1            t1 <- 0
 15224: 02c00e33    mul     t3, zero, a2            t3 <- 0
 15228: 02d003b3    mul     t2, zero, a3            t2 <- 0
 15232: 02e003b3    mul     t2, zero, a4            t2 <- 0
 15236: 020502b3    mul     t0, a0, zero            t0 <- 0
 15240: 02a50333    mul     t1, a0, a0              t1 <- 1321605161
 15244: 02b50e33    mul     t3, a0, a1              t3 <- 1100274491
 15248: 02c50eb3    mul     t4, a0, a2              t4 <- -652163757
 15252: 02d50f33    mul     t5, a0, a3              t5 <- -1466890310
 15256: 02e50f33    mul     t5, a0, a4              t5 <- 660613757
 15260: 020583b3    mul     t2, a1, zero            t2 <- 0
 15264: 02a58e33    mul     t3, a1, a0              t3 <- 1100274491
 15268: 02b582b3    mul     t0, a1, a1              t0 <- 484137457
 15272: 02c58f33    mul     t5, a1, a2              t5 <- 1816562233
 15276: 02d58eb3    mul     t4, a1, a3              t4 <- 1476389550
 15280: 02e582b3    mul     t0, a1, a4              t0 <- -1030725321
 15284: 020603b3    mul     t2, a2, zero            t2 <- 0
 15288: 02a60f33    mul     t5, a2, a0              t5 <- -652163757
 15292: 02b602b3    mul     t0, a2, a1              t0 <- 1816562233
 15296: 02c60eb3    mul     t4, a2, a2              t4 <- 1947718337
 15300: 02d60eb3    mul     t4, a2, a3              t4 <- 885926558
 15304: 02e60eb3    mul     t4, a2, a4              t4 <- -597276625
 15308: 02068333    mul     t1, a3, zero            t1 <- 0
 15312: 02a682b3    mul     t0, a3, a0              t0 <- -1466890310
 15316: 02b68e33    mul     t3, a3, a1              t3 <- 1476389550
 15320: 02c68f33    mul     t5, a3, a2              t5 <- 885926558
 15324: 02d68f33    mul     t5, a3, a3              t5 <- -1798238588
 15328: 02e683b3    mul     t2, a3, a4              t2 <- -234259070
 15332: 02070333    mul     t1, a4, zero            t1 <- 0
 15336: 02a70eb3    mul     t4, a4, a0              t4 <- 660613757
 15340: 02b703b3    mul     t2, a4, a1              t2 <- -1030725321
 15344: 02c70333    mul     t1, a4, a2              t1 <- -597276625
 15348: 02d70333    mul     t1, a4, a3              t1 <- -234259070
 15352: 02e70333    mul     t1, a4, a4              t1 <- 309755361
 15356: 02001eb3    mulh    t4, zero, zero          t4 <- 0
 15360: 02a01333    mulh    t1, zero, a0            t1 <- 0
 15364: 02b01e33    mulh    t3, zero, a1            t3 <- 0
 15368: 02c01e33    mulh    t3, zero, a2            t3 <- 0
 15372: 02d013b3    mulh    t2, zero, a3            t2 <- 0
 15376: 02e012b3    mulh    t0, zero, a4            t0 <- 0
 15380: 02051333    mulh    t1, a0, zero            t1 <- 0
 15384: 02a51f33    mulh    t5, a0, a0              t5 <- 710309698
 15388: 02b51333    mulh    t1, a0, a1              t1 <- 766055275
 15392: 02c51e33    mulh    t3, a0, a2              t3 <- -621695152
 15396: 02d51eb3    mulh    t4, a0, a3              t4 <- 311079001
 15400: 02e512b3    mulh    t0, a0, a4              t0 <- -601726640
 15404: 02059e33    mulh    t3, a1, zero            t3 <- 0
 15408: 02a593b3    mulh    t2, a1, a0              t2 <- 766055275
 15412: 02b592b3    mulh    t0, a1, a1              t0 <- 826175802
 15416: 02c59e33    mulh    t3, a1, a2              t3 <- -670486200
 15420: 02d592b3    mulh    t0, a1, a3              t0 <- 335492688
 15424: 02e593b3    mulh    t2, a1, a4              t2 <- -648950547
 15428: 020612b3    mulh    t0, a2, zero            t0 <- 0
 15432: 02a61e33    mulh    t3, a2, a0              t3 <- -621695152
 15436: 02b61f33    mulh    t5, a2, a1              t5 <- -670486200
 15440: 02c612b3    mulh    t0, a2, a2              t0 <- 544135694
 15444: 02d612b3    mulh    t0, a2, a3              t0 <- -272270402
 15448: 02e612b3    mulh    t0, a2, a4              t0 <- 526658350
 15452: 02069333    mulh    t1, a3, zero            t1 <- 0
 15456: 02a69333    mulh    t1, a3, a0              t1 <- 311079001
 15460: 02b69eb3    mulh    t4, a3, a1              t4 <- 335492688
 15464: 02c69333    mulh    t1, a3, a2              t1 <- -272270402
 15468: 02d69e33    mulh    t3, a3, a3              t3 <- 136236553
 15472: 02e69e33    mulh    t3, a3, a4              t3 <- -263525225
 15476: 020713b3    mulh    t2, a4, zero            t2 <- 0
 15480: 02a71eb3    mulh    t4, a4, a0              t4 <- -601726640
 15484: 02b712b3    mulh    t0, a4, a1              t0 <- -648950547
 15488: 02c71f33    mulh    t5, a4, a2              t5 <- 526658350
 15492: 02d71eb3    mulh    t4, a4, a3              t4 <- -263525225
 15496: 02e712b3    mulh    t0, a4, a4              t0 <- 509742370
 15500: 02002333    mulhsu  t1, zero, zero          t1 <- 0
 15504: 02a022b3    mulhsu  t0, zero, a0            t0 <- 0
 15508: 02b022b3    mulhsu  t0, zero, a1            t0 <- 0
 15512: 02c022b3    mulhsu  t0, zero, a2            t0 <- 0
 15516: 02d022b3    mulhsu  t0, zero, a3            t0 <- 0
 15520: 02e02333    mulhsu  t1, zero, a4            t1 <- 0
 15524: 02052eb3    mulhsu  t4, a0, zero            t4 <- 0
 15528: 02a52f33    mulhsu  t5, a0, a0              t5 <- 710309698
 15532: 02b52f33    mulhsu  t5, a0, a1              t5 <- 766055275
 15536: 02c523b3    mulhsu  t2, a0, a2              t2 <- -621695152
 15540: 02d52333    mulhsu  t1, a0, a3              t1 <- 311079001
 15544: 02e52f33    mulhsu  t5, a0, a4              t5 <- -601726640
 15548: 0205a2b3    mulhsu  t0, a1, zero            t0 <- 0
 15552: 02a5a333    mulhsu  t1, a1, a0              t1 <- 766055275
 15556: 02b5af33    mulhsu  t5, a1, a1              t5 <- 826175802
 15560: 02c5af33    mulhsu  t5, a1, a2              t5 <- -670486200
 15564: 02d5a3b3    mulhsu  t2, a1, a3              t2 <- 335492688
 15568: 02e5a333    mulhsu  t1, a1, a4              t1 <- -648950547
 15572: 020623b3    mulhsu  t2, a2, zero            t2 <- 0
 15576: 02a62f33    mulhsu  t5, a2, a0              t5 <- -621695152
 15580: 02b623b3    mulhsu  t2, a2, a1              t2 <- -670486200
 15584: 02c623b3    mulhsu  t2, a2, a2              t2 <- 544135694
 15588: 02d62e33    mulhsu  t3, a2, a3              t3 <- -272270402
 15592: 02e623b3    mulhsu  t2, a2, a4              t2 <- 526658350
 15596: 0206ae33    mulhsu  t3, a3, zero            t3 <- 0
 15600: 02a6a333    mulhsu  t1, a3, a0              t1 <- 311079001
 15604: 02b6ae33    mulhsu  t3, a3, a1              t3 <- 335492688
 15608: 02c6ae33    mulhsu  t3, a3, a2              t3 <- -272270402
 15612: 02d6a333    mulhsu  t1, a3, a3              t1 <- 136236553
 15616: 02e6aeb3    mulhsu  t4, a3, a4              t4 <- -263525225
 15620: 02072333    mulhsu  t1, a4, zero            t1 <- 0
 15624: 02a72f33    mulhsu  t5, a4, a0              t5 <- -601726640
 15628: 02b72f33    mulhsu  t5, a4, a1              t5 <- -648950547
 15632: 02c72e33    mulhsu  t3, a4, a2              t3 <- 526658350
 15636: 02d72eb3    mulhsu  t4, a4, a3              t4 <- -263525225
 15640: 02e72333    mulhsu  t1, a4, a4              t1 <- 509742370
 15644: 020033b3    mulhu   t2, zero, zero          t2 <- 0
 15648: 02a03e33    mulhu   t3, zero, a0            t3 <- 0
 15652: 02b033b3    mulhu   t2, zero, a1            t2 <- 0
 15656: 02c03f33    mulhu   t5, zero, a2            t5 <- 0
 15660: 02d032b3    mulhu   t0, zero, a3            t0 <- 0
 15664: 02e033b3    mulhu   t2, zero, a4            t2 <- 0
 15668: 02053e33    mulhu   t3, a0, zero            t3 <- 0
 15672: 02a532b3    mulhu   t0, a0, a0              t0 <- 710309698
 15676: 02b532b3    mulhu   t0, a0, a1              t0 <- 766055275
 15680: 02c53f33    mulhu   t5, a0, a2              t5 <- -621695152
 15684: 02d532b3    mulhu   t0, a0, a3              t0 <- 311079001
 15688: 02e53eb3    mulhu   t4, a0, a4              t4 <- -601726640
 15692: 0205beb3    mulhu   t4, a1, zero            t4 <- 0
 15696: 02a5b3b3    mulhu   t2, a1, a0              t2 <- 766055275
 15700: 02b5b3b3    mulhu   t2, a1, a1              t2 <- 826175802
 15704: 02c5b333    mulhu   t1, a1, a2              t1 <- -670486200
 15708: 02d5bf33    mulhu   t5, a1, a3              t5 <- 335492688
 15712: 02e5b333    mulhu   t1, a1, a4              t1 <- -648950547
 15716: 02063e33    mulhu   t3, a2, zero            t3 <- 0
 15720: 02a63e33    mulhu   t3, a2, a0              t3 <- -621695152
 15724: 02b63e33    mulhu   t3, a2, a1              t3 <- -670486200
 15728: 02c63f33    mulhu   t5, a2, a2              t5 <- 544135694
 15732: 02d63eb3    mulhu   t4, a2, a3              t4 <- -272270402
 15736: 02e63333    mulhu   t1, a2, a4              t1 <- 526658350
 15740: 0206be33    mulhu   t3, a3, zero            t3 <- 0
 15744: 02a6b2b3    mulhu   t0, a3, a0              t0 <- 311079001
 15748: 02b6b333    mulhu   t1, a3, a1              t1 <- 335492688
 15752: 02c6b3b3    mulhu   t2, a3, a2              t2 <- -272270402
 15756: 02d6b2b3    mulhu   t0, a3, a3              t0 <- 136236553
 15760: 02e6b3b3    mulhu   t2, a3, a4              t2 <- -263525225
 15764: 02073333    mulhu   t1, a4, zero            t1 <- 0
 15768: 02a733b3    mulhu   t2, a4, a0              t2 <- -601726640
 15772: 02b733b3    mulhu   t2, a4, a1              t2 <- -648950547
 15776: 02c73eb3    mulhu   t4, a4, a2              t4 <- 526658350
 15780: 02d73eb3    mulhu   t4, a4, a3              t4 <- -263525225
 15784: 02e73eb3    mulhu   t4, a4, a4              t4 <- 509742370
 15788: 02a043b3    div     t2, zero, a0            t2 <- 0
 15792: 02b04eb3    div     t4, zero, a1            t4 <- 0
 15796: 02c042b3    div     t0, zero, a2            t0 <- 0
 15800: 02d04eb3    div     t4, zero, a3            t4 <- 0
 15804: 02e04f33    div     t5, zero, a4            t5 <- 0
 15808: 02a54333    div     t1, a0, a0              t1 <- 1
 15812: 02b543b3    div     t2, a0, a1              t2 <- 0
 15816: 02c54e33    div     t3, a0, a2              t3 <- -1
 15820: 02d54eb3    div     t4, a0, a3              t4 <- 2
 15824: 02e542b3    div     t0, a0, a4              t0 <- -1
 15828: 02a5ce33    div     t3, a1, a0              t3 <- 1
 15832: 02b5c3b3    div     t2, a1, a1              t2 <- 1
 15836: 02c5cf33    div     t5, a1, a2              t5 <- -1
 15840: 02d5ce33    div     t3, a1, a3              t3 <- 2
 15844: 02e5ce33    div     t3, a1, a4              t3 <- -1
 15848: 02a642b3    div     t0, a2, a0              t0 <- 0
 15852: 02b64eb3    div     t4, a2, a1              t4 <- 0
 15856: 02c64eb3    div     t4, a2, a2              t4 <- 1
 15860: 02d64333    div     t1, a2, a3              t1 <- -1
 15864: 02e642b3    div     t0, a2, a4              t0 <- 1
 15868: 02a6cf33    div     t5, a3, a0              t5 <- 0
 15872: 02b6ce33    div     t3, a3, a1              t3 <- 0
 15876: 02c6c333    div     t1, a3, a2              t1 <- 0
 15880: 02d6cf33    div     t5, a3, a3              t5 <- 1
 15884: 02e6c333    div     t1, a3, a4              t1 <- 0
 15888: 02a74e33    div     t3, a4, a0              t3 <- 0
 15892: 02b743b3    div     t2, a4, a1              t2 <- 0
 15896: 02c74eb3    div     t4, a4, a2              t4 <- 0
 15900: 02d74f33    div     t5, a4, a3              t5 <- -1
 15904: 02e742b3    div     t0, a4, a4              t0 <- 1
 15908: 02a05333    divu    t1, zero, a0            t1 <- 0
 15912: 02b05eb3    divu    t4, zero, a1            t4 <- 0
 15916: 02c052b3    divu    t0, zero, a2            t0 <- 0
 15920: 02d05333    divu    t1, zero, a3            t1 <- 0
 15924: 02e05e33    divu    t3, zero, a4            t3 <- 0
 15928: 02a55f33    divu    t5, a0, a0              t5 <- 1
 15932: 02b552b3    divu    t0, a0, a1              t0 <- 0
 15936: 02c55eb3    divu    t4, a0, a2              t4 <- 0
 15940: 02d55f33    divu    t5, a0, a3              t5 <- 2
 15944: 02e553b3    divu    t2, a0, a4              t2 <- 0
 15948: 02a5d3b3    divu    t2, a1, a0              t2 <- 1
 15952: 02b5de33    divu    t3, a1, a1              t3 <- 1
 15956: 02c5deb3    divu    t4, a1, a2              t4 <- 0
 15960: 02d5d2b3    divu    t0, a1, a3              t0 <- 2
 15964: 02e5d2b3    divu    t0, a1, a4              t0 <- 0
 15968: 02a653b3    divu    t2, a2, a0              t2 <- 1
 15972: 02b65eb3    divu    t4, a2, a1              t4 <- 1
 15976: 02c65333    divu    t1, a2, a2              t1 <- 1
 15980: 02d65333    divu    t1, a2, a3              t1 <- 3
 15984: 02e65e33    divu    t3, a2, a4              t3 <- 0
 15988: 02a6de33    divu    t3, a3, a0              t3 <- 0
 15992: 02b6d2b3    divu    t0, a3, a1              t0 <- 0
 15996: 02c6deb3    divu    t4, a3, a2              t4 <- 0
 16000: 02d6de33    divu    t3, a3, a3              t3 <- 1
 16004: 02e6deb3    divu    t4, a3, a4              t4 <- 0
 16008: 02a75eb3    divu    t4, a4, a0              t4 <- 1
 16012: 02b752b3    divu    t0, a4, a1              t0 <- 1
 16016: 02c75f33    divu    t5, a4, a2              t5 <- 1
 16020: 02d75eb3    divu    t4, a4, a3              t4 <- 3
 16024: 02e75e33    divu    t3, a4, a4              t3 <- 1
 16028: 02a06333    rem     t1, zero, a0            t1 <- 0
 16032: 02b06333    rem     t1, zero, a1            t1 <- 0
 16036: 02c06eb3    rem     t4, zero, a2            t4 <- 0
 16040: 02d063b3    rem     t2, zero, a3            t2 <- 0
 16044: 02e06e33    rem     t3, zero, a4            t3 <- 0
 16048: 02a56e33    rem     t3, a0, a0              t3 <- 0
 16052: 02b56333    rem     t1, a0, a1              t1 <- 1746641613
 16056: 02c563b3    rem     t2, a0, a2              t2 <- 217901932
 16060: 02d563b3    rem     t2, a0, a3              t2 <- 216763785
 16064: 02e56f33    rem     t5, a0, a4              t5 <- 267004222
 16068: 02a5eeb3    rem     t4, a1, a0              t4 <- 137077594
 16072: 02b5e2b3    rem     t0, a1, a1              t0 <- 0
 16076: 02c5eeb3    rem     t4, a1, a2              t4 <- 354979526
 16080: 02d5eeb3    rem     t4, a1, a3              t4 <- 353841379
 16084: 02e5eeb3    rem     t4, a1, a4              t4 <- 404081816
 16088: 02a66f33    rem     t5, a2, a0              t5 <- -1528739681
 16092: 02b663b3    rem     t2, a2, a1              t2 <- -1528739681
 16096: 02c66eb3    rem     t4, a2, a2              t4 <- 0
 16100: 02d663b3    rem     t2, a2, a3              t2 <- -763800767
 16104: 02e66eb3    rem     t4, a2, a4              t4 <- -49102290
 16108: 02a6e2b3    rem     t0, a3, a0              t0 <- 764938914
 16112: 02b6eeb3    rem     t4, a3, a1              t4 <- 764938914
 16116: 02c6e2b3    rem     t0, a3, a2              t0 <- 764938914
 16120: 02d6ee33    rem     t3, a3, a3              t3 <- 0
 16124: 02e6e3b3    rem     t2, a3, a4              t2 <- 764938914
 16128: 02a76e33    rem     t3, a4, a0              t3 <- -1479637391
 16132: 02b762b3    rem     t0, a4, a1              t0 <- -1479637391
 16136: 02c76f33    rem     t5, a4, a2              t5 <- -1479637391
 16140: 02d762b3    rem     t0, a4, a3              t0 <- -714698477
 16144: 02e762b3    rem     t0, a4, a4              t0 <- 0
 16148: 02a07333    remu    t1, zero, a0            t1 <- 0
 16152: 02b07e33    remu    t3, zero, a1            t3 <- 0
 16156: 02c07eb3    remu    t4, zero, a2            t4 <- 0
 16160: 02d07eb3    remu    t4, zero, a3            t4 <- 0
 16164: 02e07333    remu    t1, zero, a4            t1 <- 0
 16168: 02a57333    remu    t1, a0, a0              t1 <- 0
 16172: 02b57333    remu    t1, a0, a1              t1 <- 1746641613
 16176: 02c573b3    remu    t2, a0, a2              t2 <- 1746641613
 16180: 02d57333    remu    t1, a0, a3              t1 <- 216763785
 16184: 02e57f33    remu    t5, a0, a4              t5 <- 1746641613
 16188: 02a5ff33    remu    t5, a1, a0              t5 <- 137077594
 16192: 02b5f2b3    remu    t0, a1, a1              t0 <- 0
 16196: 02c5ff33    remu    t5, a1, a2              t5 <- 1883719207
 16200: 02d5f3b3    remu    t2, a1, a3              t2 <- 353841379
 16204: 02e5ff33    remu    t5, a1, a4              t5 <- 1883719207
 16208: 02a67e33    remu    t3, a2, a0              t3 <- 1019586002
 16212: 02b67e33    remu    t3, a2, a1              t3 <- 882508408
 16216: 02c67eb3    remu    t4, a2, a2              t4 <- 0
 16220: 02d67333    remu    t1, a2, a3              t1 <- 471410873
 16224: 02e67333    remu    t1, a2, a4              t1 <- -1528739681
 16228: 02a6fe33    remu    t3, a3, a0              t3 <- 764938914
 16232: 02b6feb3    remu    t4, a3, a1              t4 <- 764938914
 16236: 02c6f333    remu    t1, a3, a2              t1 <- 764938914
 16240: 02d6ff33    remu    t5, a3, a3              t5 <- 0
 16244: 02e6f3b3    remu    t2, a3, a4              t2 <- 764938914
 16248: 02a77f33    remu    t5, a4, a0              t5 <- 1068688292
 16252: 02b77f33    remu    t5, a4, a1              t5 <- 931610698
 16256: 02c772b3    remu    t0, a4, a2              t0 <- 49102290
 16260: 02d77eb3    remu    t4, a4, a3              t4 <- 520513163
 16264: 02e772b3    remu    t0, a4, a4              t0 <- 0
 16268: f5ccb537    lui     a0, 4123832320          a0 <- -171134976
 16272: 58d50513    addi    a0, a0, 1421            a0 <- -171133555
 16276: 094c35b7    lui     a1, 155987968           a1 <- 155987968
 16280: 66f58593    addi    a1, a1, 1647            a1 <- 155989615
 16284: 4800d637    lui     a2, 1208012800          a2 <- 1208012800
 16288: 2f060613    addi    a2, a2, 752             a2 <- 1208013552
 16292: aee506b7    lui     a3, 2934243328          a3 <- -1360723968
 16296: 3ed68693    addi    a3, a3, 1005            a3 <- -1360722963
 16300: 7699f737    lui     a4, 1989799936          a4 <- 1989799936
 16304: abd70713    addi    a4, a4, -1347           a4 <- 1989798589
 16308: 02000333    mul     t1, zero, zero          t1 <- 0
 16312: 02a00333    mul     t1, zero, a0            t1 <- 0
 16316: 02b002b3    mul     t0, zero, a1            t0 <- 0
 16320: 02c00333    mul     t1, zero, a2            t1 <- 0
 16324: 02d00e33    mul     t3, zero, a3            t3 <- 0
 16328: 02e00f33    mul     t5, zero, a4            t5 <- 0
 16332: 02050e33    mul     t3, a0, zero            t3 <- 0
 16336: 02a502b3    mul     t0, a0, a0              t0 <- -1149718615
 16340: 02b50f33    mul     t5, a0, a1              t5 <- -1662355933
 16344: 02c50e33    mul     t3, a0, a2              t3 <- 81255984
 16348: 02d50eb3    mul     t4, a0, a3              t4 <- 835041929
 16352: 02e503b3    mul     t2, a0, a4              t2 <- 358214425
 16356: 02058f33    mul     t5, a1, zero            t5 <- 0
 16360: 02a58eb3    mul     t4, a1, a0              t4 <- -1662355933
 16364: 02b583b3    mul     t2, a1, a1              t2 <- 729482273
 16368: 02c58e33    mul     t3, a1, a2              t3 <- 1947866640
 16372: 02d58f33    mul     t5, a1, a3              t5 <- -1552109117
 16376: 02e583b3    mul     t2, a1, a4              t2 <- 962373107
 16380: 02060e33    mul     t3, a2, zero            t3 <- 0
 16384: 02a60333    mul     t1, a2, a0              t1 <- 81255984
 16388: 02b603b3    mul     t2, a2, a1              t2 <- 1947866640
 16392: 02c60f33    mul     t5, a2, a2              t5 <- -1378967296
 16396: 02d60e33    mul     t3, a2, a3              t3 <- 2079070256
 16400: 02e60f33    mul     t5, a2, a4              t5 <- -1696916688
 16404: 02068eb3    mul     t4, a3, zero            t4 <- 0
 16408: 02a68e33    mul     t3, a3, a0              t3 <- 835041929
 16412: 02b68e33    mul     t3, a3, a1              t3 <- -1552109117
 16416: 02c68e33    mul     t3, a3, a2              t3 <- 2079070256
 16420: 02d68f33    mul     t5, a3, a3              t5 <- 840001897
 16424: 02e68eb3    mul     t4, a3, a4              t4 <- 189761529
 16428: 020702b3    mul     t0, a4, zero            t0 <- 0
 16432: 02a70f33    mul     t5, a4, a0              t5 <- 358214425
 16436: 02b70e33    mul     t3, a4, a1              t3 <- 962373107
 16440: 02c702b3    mul     t0, a4, a2              t0 <- -1696916688
 16444: 02d703b3    mul     t2, a4, a3              t2 <- 189761529
 16448: 02e70e33    mul     t3, a4, a4              t3 <- -1456992375
 16452: 020013b3    mulh    t2, zero, zero          t2 <- 0
 16456: 02a012b3    mulh    t0, zero, a0            t0 <- 0
 16460: 02b01f33    mulh    t5, zero, a1            t5 <- 0
 16464: 02c012b3    mulh    t0, zero, a2            t0 <- 0
 16468: 02d01e33    mulh    t3, zero, a3            t3 <- 0
 16472: 02e012b3    mulh    t0, zero, a4            t0 <- 0
 16476: 02051e33    mulh    t3, a0, zero            t3 <- 0
 16480: 02a51333    mulh    t1, a0, a0              t1 <- 6818839
 16484: 02b51f33    mulh    t5, a0, a1              t5 <- -6215428
 16488: 02c51f33    mulh    t5, a0, a2              t5 <- -48133464
 16492: 02d51333    mulh    t1, a0, a3              t1 <- 54218191
 16496: 02e51333    mulh    t1, a0, a4              t1 <- -79283795
 16500: 020593b3    mulh    t2, a1, zero            t2 <- 0
 16504: 02a59333    mulh    t1, a1, a0              t1 <- -6215428
 16508: 02b59f33    mulh    t5, a1, a1              t5 <- 5665412
 16512: 02c59eb3    mulh    t4, a1, a2              t4 <- 43874040
 16516: 02d59f33    mulh    t5, a1, a3              t5 <- -49420319
 16520: 02e59333    mulh    t1, a1, a4              t1 <- 72267818
 16524: 020613b3    mulh    t2, a2, zero            t2 <- 0
 16528: 02a61f33    mulh    t5, a2, a0              t5 <- -48133464
 16532: 02b61f33    mulh    t5, a2, a1              t5 <- 43874040
 16536: 02c612b3    mulh    t0, a2, a2              t0 <- 339768999
 16540: 02d61eb3    mulh    t4, a2, a3              t4 <- -382720442
 16544: 02e61f33    mulh    t5, a2, a4              t5 <- 559655870
 16548: 02069333    mulh    t1, a3, zero            t1 <- 0
 16552: 02a69eb3    mulh    t4, a3, a0              t4 <- 54218191
 16556: 02b693b3    mulh    t2, a3, a1              t2 <- -49420319
 16560: 02c69eb3    mulh    t4, a3, a2              t4 <- -382720442
 16564: 02d693b3    mulh    t2, a3, a3              t2 <- 431101532
 16568: 02e692b3    mulh    t0, a3, a4              t0 <- -630404016
 16572: 020712b3    mulh    t0, a4, zero            t0 <- 0
 16576: 02a71f33    mulh    t5, a4, a0              t5 <- -79283795
 16580: 02b71e33    mulh    t3, a4, a1              t3 <- 72267818
 16584: 02c71f33    mulh    t5, a4, a2              t5 <- 559655870
 16588: 02d71f33    mulh    t5, a4, a3              t5 <- -630404016
 16592: 02e71eb3    mulh    t4, a4, a4              t4 <- 921846000
 16596: 020023b3    mulhsu  t2, zero, zero          t2 <- 0
 16600: 02a02333    mulhsu  t1, zero, a0            t1 <- 0
 16604: 02b022b3    mulhsu  t0, zero, a1            t0 <- 0
 16608: 02c023b3    mulhsu  t2, zero, a2            t2 <- 0
 16612: 02d022b3    mulhsu  t0, zero, a3            t0 <- 0
 16616: 02e02e33    mulhsu  t3, zero, a4            t3 <- 0
 16620: 02052e33    mulhsu  t3, a0, zero            t3 <- 0
 16624: 02a52333    mulhsu  t1, a0, a0              t1 <- 6818839
 16628: 02b522b3    mulhsu  t0, a0, a1              t0 <- -6215428
 16632: 02c52e33    mulhsu  t3, a0, a2              t3 <- -48133464
 16636: 02d52eb3    mulhsu  t4, a0, a3              t4 <- 54218191
 16640: 02e523b3    mulhsu  t2, a0, a4              t2 <- -79283795
 16644: 0205a3b3    mulhsu  t2, a1, zero            t2 <- 0
 16648: 02a5a333    mulhsu  t1, a1, a0              t1 <- -6215428
 16652: 02b5aeb3    mulhsu  t4, a1, a1              t4 <- 5665412
 16656: 02c5a3b3    mulhsu  t2, a1, a2              t2 <- 43874040
 16660: 02d5ae33    mulhsu  t3, a1, a3              t3 <- -49420319
 16664: 02e5a2b3    mulhsu  t0, a1, a4              t0 <- 72267818
 16668: 02062333    mulhsu  t1, a2, zero            t1 <- 0
 16672: 02a62333    mulhsu  t1, a2, a0              t1 <- -48133464
 16676: 02b623b3    mulhsu  t2, a2, a1              t2 <- 43874040
 16680: 02c623b3    mulhsu  t2, a2, a2              t2 <- 339768999
 16684: 02d623b3    mulhsu  t2, a2, a3              t2 <- -382720442
 16688: 02e62333    mulhsu  t1, a2, a4              t1 <- 559655870
 16692: 0206ae33    mulhsu  t3, a3, zero            t3 <- 0
 16696: 02a6a3b3    mulhsu  t2, a3, a0              t2 <- 54218191
 16700: 02b6af33    mulhsu  t5, a3, a1              t5 <- -49420319
 16704: 02c6a2b3    mulhsu  t0, a3, a2              t0 <- -382720442
 16708: 02d6a3b3    mulhsu  t2, a3, a3              t2 <- 431101532
 16712: 02e6af33    mulhsu  t5, a3, a4              t5 <- -630404016
 16716: 02072f33    mulhsu  t5, a4, zero            t5 <- 0
 16720: 02a723b3    mulhsu  t2, a4, a0              t2 <- -79283795
 16724: 02b723b3    mulhsu  t2, a4, a1              t2 <- 72267818
 16728: 02c72eb3    mulhsu  t4, a4, a2              t4 <- 559655870
 16732: 02d723b3    mulhsu  t2, a4, a3              t2 <- -630404016
 16736: 02e722b3    mulhsu  t0, a4, a4              t0 <- 921846000
 16740: 020032b3    mulhu   t0, zero, zero          t0 <- 0
 16744: 02a03e33    mulhu   t3, zero, a0            t3 <- 0
 16748: 02b03f33    mulhu   t5, zero, a1            t5 <- 0
 16752: 02c032b3    mulhu   t0, zero, a2            t0 <- 0
 16756: 02d03333    mulhu   t1, zero, a3            t1 <- 0
 16760: 02e03333    mulhu   t1, zero, a4            t1 <- 0
 16764: 02053eb3    mulhu   t4, a0, zero            t4 <- 0
 16768: 02a533b3    mulhu   t2, a0, a0              t2 <- 6818839
 16772: 02b532b3    mulhu   t0, a0, a1              t0 <- -6215428
 16776: 02c53f33    mulhu   t5, a0, a2              t5 <- -48133464
 16780: 02d53e33    mulhu   t3, a0, a3              t3 <- 54218191
 16784: 02e53eb3    mulhu   t4, a0, a4              t4 <- -79283795
 16788: 0205b333    mulhu   t1, a1, zero            t1 <- 0
 16792: 02a5b2b3    mulhu   t0, a1, a0              t0 <- -6215428
 16796: 02b5bf33    mulhu   t5, a1, a1              t5 <- 5665412
 16800: 02c5beb3    mulhu   t4, a1, a2              t4 <- 43874040
 16804: 02d5b3b3    mulhu   t2, a1, a3              t2 <- -49420319
 16808: 02e5b2b3    mulhu   t0, a1, a4              t0 <- 72267818
 16812: 02063f33    mulhu   t5, a2, zero            t5 <- 0
 16816: 02a63333    mulhu   t1, a2, a0              t1 <- -48133464
 16820: 02b63333    mulhu   t1, a2, a1              t1 <- 43874040
 16824: 02c632b3    mulhu   t0, a2, a2              t0 <- 339768999
 16828: 02d633b3    mulhu   t2, a2, a3              t2 <- -382720442
 16832: 02e633b3    mulhu   t2, a2, a4              t2 <- 559655870
 16836: 0206be33    mulhu   t3, a3, zero            t3 <- 0
 16840: 02a6bf33    mulhu   t5, a3, a0              t5 <- 54218191
 16844: 02b6b3b3    mulhu   t2, a3, a1              t2 <- -49420319
 16848: 02c6be33    mulhu   t3, a3, a2              t3 <- -382720442
 16852: 02d6bf33    mulhu   t5, a3, a3              t5 <- 431101532
 16856: 02e6b2b3    mulhu   t0, a3, a4              t0 <- -630404016
 16860: 02073f33    mulhu   t5, a4, zero            t5 <- 0
 16864: 02a73eb3    mulhu   t4, a4, a0              t4 <- -79283795
 16868: 02b732b3    mulhu   t0, a4, a1              t0 <- 72267818
 16872: 02c73f33    mulhu   t5, a4, a2              t5 <- 559655870
 16876: 02d732b3    mulhu   t0, a4, a3              t0 <- -630404016
 16880: 02e73333    mulhu   t1, a4, a4              t1 <- 921846000
 16884: 02a04333    div     t1, zero, a0            t1 <- 0
 16888: 02b042b3    div     t0, zero, a1            t0 <- 0
 16892: 02c042b3    div     t0, zero, a2            t0 <- 0
 16896: 02d043b3    div     t2, zero, a3            t2 <- 0
 16900: 02e04eb3    div     t4, zero, a4            t4 <- 0
 16904: 02a542b3    div     t0, a0, a0              t0 <- 1
 16908: 02b54f33    div     t5, a0, a1              t5 <- -1
 16912: 02c54eb3    div     t4, a0, a2              t4 <- 0
 16916: 02d54f33    div     t5, a0, a3              t5 <- 0
 16920: 02e54f33    div     t5, a0, a4              t5 <- 0
 16924: 02a5c333    div     t1, a1, a0              t1 <- 0
 16928: 02b5ceb3    div     t4, a1, a1              t4 <- 1
 16932: 02c5c2b3    div     t0, a1, a2              t0 <- 0
 16936: 02d5ceb3    div     t4, a1, a3              t4 <- 0
 16940: 02e5c2b3    div     t0, a1, a4              t0 <- 0
 16944: 02a64f33    div     t5, a2, a0              t5 <- -7
 16948: 02b642b3    div     t0, a2, a1              t0 <- 7
 16952: 02c64eb3    div     t4, a2, a2              t4 <- 1
 16956: 02d64333    div     t1, a2, a3              t1 <- 0
 16960: 02e64eb3    div     t4, a2, a4              t4 <- 0
 16964: 02a6c3b3    div     t2, a3, a0              t2 <- 7
 16968: 02b6ce33    div     t3, a3, a1              t3 <- -8
 16972: 02c6cf33    div     t5, a3, a2              t5 <- -1
 16976: 02d6cf33    div     t5, a3, a3              t5 <- 1
 16980: 02e6c333    div     t1, a3, a4              t1 <- 0
 16984: 02a742b3    div     t0, a4, a0              t0 <- -11
 16988: 02b742b3    div     t0, a4, a1              t0 <- 12
 16992: 02c74f33    div     t5, a4, a2              t5 <- 1
 16996: 02d74333    div     t1, a4, a3              t1 <- -1
 17000: 02e74eb3    div     t4, a4, a4              t4 <- 1
 17004: 02a05eb3    divu    t4, zero, a0            t4 <- 0
 17008: 02b052b3    divu    t0, zero, a1            t0 <- 0
 17012: 02c05f33    divu    t5, zero, a2            t5 <- 0
 17016: 02d05e33    divu    t3, zero, a3            t3 <- 0
 17020: 02e052b3    divu    t0, zero, a4            t0 <- 0
 17024: 02a553b3    divu    t2, a0, a0              t2 <- 1
 17028: 02b55f33    divu    t5, a0, a1              t5 <- 26
 17032: 02c55eb3    divu    t4, a0, a2              t4 <- 3
 17036: 02d55e33    divu    t3, a0, a3              t3 <- 1
 17040: 02e553b3    divu    t2, a0, a4              t2 <- 2
 17044: 02a5d2b3    divu    t0, a1, a0              t0 <- 0
 17048: 02b5d333    divu    t1, a1, a1              t1 <- 1
 17052: 02c5d333    divu    t1, a1, a2              t1 <- 0
 17056: 02d5d2b3    divu    t0, a1, a3              t0 <- 0
 17060: 02e5deb3    divu    t4, a1, a4              t4 <- 0
 17064: 02a653b3    divu    t2, a2, a0              t2 <- 0
 17068: 02b65eb3    divu    t4, a2, a1              t4 <- 7
 17072: 02c65f33    divu    t5, a2, a2              t5 <- 1
 17076: 02d65f33    divu    t5, a2, a3              t5 <- 0
 17080: 02e653b3    divu    t2, a2, a4              t2 <- 0
 17084: 02a6de33    divu    t3, a3, a0              t3 <- 0
 17088: 02b6deb3    divu    t4, a3, a1              t4 <- 18
 17092: 02c6df33    divu    t5, a3, a2              t5 <- 2
 17096: 02d6d3b3    divu    t2, a3, a3              t2 <- 1
 17100: 02e6d3b3    divu    t2, a3, a4              t2 <- 1
 17104: 02a75f33    divu    t5, a4, a0              t5 <- 0
 17108: 02b752b3    divu    t0, a4, a1              t0 <- 12
 17112: 02c75e33    divu    t3, a4, a2              t3 <- 1
 17116: 02d75e33    divu    t3, a4, a3              t3 <- 0
 17120: 02e75333    divu    t1, a4, a4              t1 <- 1
 17124: 02a06eb3    rem     t4, zero, a0            t4 <- 0
 17128: 02b06e33    rem     t3, zero, a1            t3 <- 0
 17132: 02c06e33    rem     t3, zero, a2            t3 <- 0
 17136: 02d062b3    rem     t0, zero, a3            t0 <- 0
 17140: 02e06333    rem     t1, zero, a4            t1 <- 0
 17144: 02a563b3    rem     t2, a0, a0              t2 <- 0
 17148: 02b56f33    rem     t5, a0, a1              t5 <- -15143940
 17152: 02c56eb3    rem     t4, a0, a2              t4 <- -171133555
 17156: 02d56f33    rem     t5, a0, a3              t5 <- -171133555
 17160: 02e56333    rem     t1, a0, a4              t1 <- -171133555
 17164: 02a5eeb3    rem     t4, a1, a0              t4 <- 155989615
 17168: 02b5e333    rem     t1, a1, a1              t1 <- 0
 17172: 02c5ee33    rem     t3, a1, a2              t3 <- 155989615
 17176: 02d5e333    rem     t1, a1, a3              t1 <- 155989615
 17180: 02e5e333    rem     t1, a1, a4              t1 <- 155989615
 17184: 02a66f33    rem     t5, a2, a0              t5 <- 10078667
 17188: 02b66f33    rem     t5, a2, a1              t5 <- 116086247
 17192: 02c663b3    rem     t2, a2, a2              t2 <- 0
 17196: 02d662b3    rem     t0, a2, a3              t0 <- 1208013552
 17200: 02e663b3    rem     t2, a2, a4              t2 <- 1208013552
 17204: 02a6ef33    rem     t5, a3, a0              t5 <- -162788078
 17208: 02b6ef33    rem     t5, a3, a1              t5 <- -112806043
 17212: 02c6e2b3    rem     t0, a3, a2              t0 <- -152709411
 17216: 02d6eeb3    rem     t4, a3, a3              t4 <- 0
 17220: 02e6eeb3    rem     t4, a3, a4              t4 <- -1360722963
 17224: 02a76f33    rem     t5, a4, a0              t5 <- 107329484
 17228: 02b76eb3    rem     t4, a4, a1              t4 <- 117923209
 17232: 02c76eb3    rem     t4, a4, a2              t4 <- 781785037
 17236: 02d76eb3    rem     t4, a4, a3              t4 <- 629075626
 17240: 02e76333    rem     t1, a4, a4              t1 <- 0
 17244: 02a072b3    remu    t0, zero, a0            t0 <- 0
 17248: 02b07f33    remu    t5, zero, a1            t5 <- 0
 17252: 02c07333    remu    t1, zero, a2            t1 <- 0
 17256: 02d07eb3    remu    t4, zero, a3            t4 <- 0
 17260: 02e072b3    remu    t0, zero, a4            t0 <- 0
 17264: 02a57f33    remu    t5, a0, a0              t5 <- 0
 17268: 02b572b3    remu    t0, a0, a1              t0 <- 68103751
 17272: 02c572b3    remu    t0, a0, a2              t0 <- 499793085
 17276: 02d57f33    remu    t5, a0, a3              t5 <- 1189589408
 17280: 02e572b3    remu    t0, a0, a4              t0 <- 144236563
 17284: 02a5feb3    remu    t4, a1, a0              t4 <- 155989615
 17288: 02b5ff33    remu    t5, a1, a1              t5 <- 0
 17292: 02c5f333    remu    t1, a1, a2              t1 <- 155989615
 17296: 02d5f333    remu    t1, a1, a3              t1 <- 155989615
 17300: 02e5f3b3    remu    t2, a1, a4              t2 <- 155989615
 17304: 02a672b3    remu    t0, a2, a0              t0 <- 1208013552
 17308: 02b67f33    remu    t5, a2, a1              t5 <- 116086247
 17312: 02c672b3    remu    t0, a2, a2              t0 <- 0
 17316: 02d67e33    remu    t3, a2, a3              t3 <- 1208013552
 17320: 02e67eb3    remu    t4, a2, a4              t4 <- 1208013552
 17324: 02a6feb3    remu    t4, a3, a0              t4 <- -1360722963
 17328: 02b6f3b3    remu    t2, a3, a1              t2 <- 126431263
 17332: 02c6feb3    remu    t4, a3, a2              t4 <- 518217229
 17336: 02d6f2b3    remu    t0, a3, a3              t0 <- 0
 17340: 02e6feb3    remu    t4, a3, a4              t4 <- 944445744
 17344: 02a77e33    remu    t3, a4, a0              t3 <- 1989798589
 17348: 02b77eb3    remu    t4, a4, a1              t4 <- 117923209
 17352: 02c77eb3    remu    t4, a4, a2              t4 <- 781785037
 17356: 02d77eb3    remu    t4, a4, a3              t4 <- 1989798589
 17360: 02e77333    remu    t1, a4, a4              t1 <- 0
 17364: 94dd1537    lui     a0, 2497515520          a0 <- -1797451776
 17368: b3b50513    addi    a0, a0, -1221           a0 <- -1797452997
 17372: d38f85b7    lui     a1, 3549396992          a1 <- -745570304
 17376: 11558593    addi    a1, a1, 277             a1 <- -745570027
 17380: 2cccc637    lui     a2, 751616000           a2 <- 751616000
 17384: a4760613    addi    a2, a2, -1465           a2 <- 751614535
 17388: 16f9d6b7    lui     a3, 385470464           a3 <- 385470464
 17392: 77e68693    addi    a3, a3, 1918            a3 <- 385472382
 17396: e9a45737    lui     a4, 3919859712          a4 <- -375107584
 17400: 25a70713    addi    a4, a4, 602             a4 <- -375106982
 17404: 02000eb3    mul     t4, zero, zero          t4 <- 0
 17408: 02a00333    mul     t1, zero, a0            t1 <- 0
 17412: 02b00f33    mul     t5, zero, a1            t5 <- 0
 17416: 02c003b3    mul     t2, zero, a2            t2 <- 0
 17420: 02d00eb3    mul     t4, zero, a3            t4 <- 0
 17424: 02e003b3    mul     t2, zero, a4            t2 <- 0
 17428: 020502b3    mul     t0, a0, zero            t0 <- 0
 17432: 02a503b3    mul     t2, a0, a0              t2 <- -1671684199
 17436: 02b502b3    mul     t0, a0, a1              t0 <- 2143266519
 17440: 02c50e33    mul     t3, a0, a2              t3 <- -92603555
 17444: 02d503b3    mul     t2, a0, a3              t2 <- -409136118
 17448: 02e50333    mul     t1, a0, a4              t1 <- 135977150
 17452: 020583b3    mul     t2, a1, zero            t2 <- 0
 17456: 02a58333    mul     t1, a1, a0              t1 <- 2143266519
 17460: 02b58eb3    mul     t4, a1, a1              t4 <- 344730553
 17464: 02c583b3    mul     t2, a1, a2              t2 <- 1766985427
 17468: 02d582b3    mul     t0, a1, a3              t0 <- 24587094
 17472: 02e583b3    mul     t2, a1, a4              t2 <- 641735522
 17476: 020603b3    mul     t2, a2, zero            t2 <- 0
 17480: 02a60eb3    mul     t4, a2, a0              t4 <- -92603555
 17484: 02b60eb3    mul     t4, a2, a1              t4 <- 1766985427
 17488: 02c60e33    mul     t3, a2, a2              t3 <- -793559119
 17492: 02d60f33    mul     t5, a2, a3              t5 <- 1178882034
 17496: 02e60f33    mul     t5, a2, a4              t5 <- 1210071798
 17500: 02068f33    mul     t5, a3, zero            t5 <- 0
 17504: 02a682b3    mul     t0, a3, a0              t0 <- -409136118
 17508: 02b68e33    mul     t3, a3, a1              t3 <- 24587094
 17512: 02c68eb3    mul     t4, a3, a2              t4 <- 1178882034
 17516: 02d68f33    mul     t5, a3, a3              t5 <- -1870601724
 17520: 02e683b3    mul     t2, a3, a4              t2 <- -711713204
 17524: 02070e33    mul     t3, a4, zero            t3 <- 0
 17528: 02a70333    mul     t1, a4, a0              t1 <- 135977150
 17532: 02b70e33    mul     t3, a4, a1              t3 <- 641735522
 17536: 02c70f33    mul     t5, a4, a2              t5 <- 1210071798
 17540: 02d70eb3    mul     t4, a4, a3              t4 <- -711713204
 17544: 02e70eb3    mul     t4, a4, a4              t4 <- 1909311396
 17548: 020013b3    mulh    t2, zero, zero          t2 <- 0
 17552: 02a01eb3    mulh    t4, zero, a0            t4 <- 0
 17556: 02b01eb3    mulh    t4, zero, a1            t4 <- 0
 17560: 02c012b3    mulh    t0, zero, a2            t0 <- 0
 17564: 02d01333    mulh    t1, zero, a3            t1 <- 0
 17568: 02e01eb3    mulh    t4, zero, a4            t4 <- 0
 17572: 020513b3    mulh    t2, a0, zero            t2 <- 0
 17576: 02a51e33    mulh    t3, a0, a0              t3 <- 752237922
 17580: 02b51f33    mulh    t5, a0, a1              t5 <- 312022650
 17584: 02c51e33    mulh    t3, a0, a2              t3 <- -314552291
 17588: 02d51333    mulh    t1, a0, a3              t1 <- -161321017
 17592: 02e51333    mulh    t1, a0, a4              t1 <- 156983074
 17596: 020593b3    mulh    t2, a1, zero            t2 <- 0
 17600: 02a592b3    mulh    t0, a1, a0              t0 <- 312022650
 17604: 02b593b3    mulh    t2, a1, a1              t2 <- 129424656
 17608: 02c592b3    mulh    t0, a1, a2              t0 <- -130473932
 17612: 02d59f33    mulh    t5, a1, a3              t5 <- -66914748
 17616: 02e59e33    mulh    t3, a1, a4              t3 <- 65115402
 17620: 02061333    mulh    t1, a2, zero            t1 <- 0
 17624: 02a613b3    mulh    t2, a2, a0              t2 <- -314552291
 17628: 02b612b3    mulh    t0, a2, a1              t0 <- -130473932
 17632: 02c613b3    mulh    t2, a2, a2              t2 <- 131531713
 17636: 02d612b3    mulh    t0, a2, a3              t0 <- 67457241
 17640: 02e61e33    mulh    t3, a2, a4              t3 <- -65643308
 17644: 02069eb3    mulh    t4, a3, zero            t4 <- 0
 17648: 02a69f33    mulh    t5, a3, a0              t5 <- -161321017
 17652: 02b692b3    mulh    t0, a3, a1              t0 <- -66914748
 17656: 02c693b3    mulh    t2, a3, a2              t2 <- 67457241
 17660: 02d69eb3    mulh    t4, a3, a3              t4 <- 34596062
 17664: 02e693b3    mulh    t2, a3, a4              t2 <- -33665771
 17668: 020713b3    mulh    t2, a4, zero            t2 <- 0
 17672: 02a713b3    mulh    t2, a4, a0              t2 <- 156983074
 17676: 02b71f33    mulh    t5, a4, a1              t5 <- 65115402
 17680: 02c71eb3    mulh    t4, a4, a2              t4 <- -65643308
 17684: 02d712b3    mulh    t0, a4, a3              t0 <- -33665771
 17688: 02e71e33    mulh    t3, a4, a4              t3 <- 32760493
 17692: 02002e33    mulhsu  t3, zero, zero          t3 <- 0
 17696: 02a02f33    mulhsu  t5, zero, a0            t5 <- 0
 17700: 02b02333    mulhsu  t1, zero, a1            t1 <- 0
 17704: 02c022b3    mulhsu  t0, zero, a2            t0 <- 0
 17708: 02d02333    mulhsu  t1, zero, a3            t1 <- 0
 17712: 02e02e33    mulhsu  t3, zero, a4            t3 <- 0
 17716: 02052e33    mulhsu  t3, a0, zero            t3 <- 0
 17720: 02a522b3    mulhsu  t0, a0, a0              t0 <- 752237922
 17724: 02b52e33    mulhsu  t3, a0, a1              t3 <- 312022650
 17728: 02c52eb3    mulhsu  t4, a0, a2              t4 <- -314552291
 17732: 02d523b3    mulhsu  t2, a0, a3              t2 <- -161321017
 17736: 02e52eb3    mulhsu  t4, a0, a4              t4 <- 156983074
 17740: 0205ae33    mulhsu  t3, a1, zero            t3 <- 0
 17744: 02a5a2b3    mulhsu  t0, a1, a0              t0 <- 312022650
 17748: 02b5aeb3    mulhsu  t4, a1, a1              t4 <- 129424656
 17752: 02c5aeb3    mulhsu  t4, a1, a2              t4 <- -130473932
 17756: 02d5aeb3    mulhsu  t4, a1, a3              t4 <- -66914748
 17760: 02e5ae33    mulhsu  t3, a1, a4              t3 <- 65115402
 17764: 02062f33    mulhsu  t5, a2, zero            t5 <- 0
 17768: 02a62eb3    mulhsu  t4, a2, a0              t4 <- -314552291
 17772: 02b62f33    mulhsu  t5, a2, a1              t5 <- -130473932
 17776: 02c62eb3    mulhsu  t4, a2, a2              t4 <- 131531713
 17780: 02d62eb3    mulhsu  t4, a2, a3              t4 <- 67457241
 17784: 02e62e33    mulhsu  t3, a2, a4              t3 <- -65643308
 17788: 0206af33    mulhsu  t5, a3, zero            t5 <- 0
 17792: 02a6af33    mulhsu  t5, a3, a0              t5 <- -161321017
 17796: 02b6a2b3    mulhsu  t0, a3, a1              t0 <- -66914748
 17800: 02c6a2b3    mulhsu  t0, a3, a2              t0 <- 67457241
 17804: 02d6ae33    mulhsu  t3, a3, a3              t3 <- 34596062
 17808: 02e6a2b3    mulhsu  t0, a3, a4              t0 <- -33665771
 17812: 02072f33    mulhsu  t5, a4, zero            t5 <- 0
 17816: 02a723b3    mulhsu  t2, a4, a0              t2 <- 156983074
 17820: 02b723b3    mulhsu  t2, a4, a1              t2 <- 65115402
 17824: 02c72333    mulhsu  t1, a4, a2              t1 <- -65643308
 17828: 02d722b3    mulhsu  t0, a4, a3              t0 <- -33665771
 17832: 02e72333    mulhsu  t1, a4, a4              t1 <- 32760493
 17836: 02003eb3    mulhu   t4, zero, zero          t4 <- 0
 17840: 02a03e33    mulhu   t3, zero, a0            t3 <- 0
 17844: 02b03333    mulhu   t1, zero, a1            t1 <- 0
 17848: 02c03333    mulhu   t1, zero, a2            t1 <- 0
 17852: 02d03e33    mulhu   t3, zero, a3            t3 <- 0
 17856: 02e033b3    mulhu   t2, zero, a4            t2 <- 0
 17860: 02053333    mulhu   t1, a0, zero            t1 <- 0
 17864: 02a533b3    mulhu   t2, a0, a0              t2 <- 752237922
 17868: 02b53e33    mulhu   t3, a0, a1              t3 <- 312022650
 17872: 02c53e33    mulhu   t3, a0, a2              t3 <- -314552291
 17876: 02d532b3    mulhu   t0, a0, a3              t0 <- -161321017
 17880: 02e533b3    mulhu   t2, a0, a4              t2 <- 156983074
 17884: 0205be33    mulhu   t3, a1, zero            t3 <- 0
 17888: 02a5bf33    mulhu   t5, a1, a0              t5 <- 312022650
 17892: 02b5be33    mulhu   t3, a1, a1              t3 <- 129424656
 17896: 02c5be33    mulhu   t3, a1, a2              t3 <- -130473932
 17900: 02d5b333    mulhu   t1, a1, a3              t1 <- -66914748
 17904: 02e5be33    mulhu   t3, a1, a4              t3 <- 65115402
 17908: 02063e33    mulhu   t3, a2, zero            t3 <- 0
 17912: 02a633b3    mulhu   t2, a2, a0              t2 <- -314552291
 17916: 02b63333    mulhu   t1, a2, a1              t1 <- -130473932
 17920: 02c63eb3    mulhu   t4, a2, a2              t4 <- 131531713
 17924: 02d63333    mulhu   t1, a2, a3              t1 <- 67457241
 17928: 02e63e33    mulhu   t3, a2, a4              t3 <- -65643308
 17932: 0206b2b3    mulhu   t0, a3, zero            t0 <- 0
 17936: 02a6bf33    mulhu   t5, a3, a0              t5 <- -161321017
 17940: 02b6b333    mulhu   t1, a3, a1              t1 <- -66914748
 17944: 02c6b2b3    mulhu   t0, a3, a2              t0 <- 67457241
 17948: 02d6beb3    mulhu   t4, a3, a3              t4 <- 34596062
 17952: 02e6b3b3    mulhu   t2, a3, a4              t2 <- -33665771
 17956: 02073eb3    mulhu   t4, a4, zero            t4 <- 0
 17960: 02a73e33    mulhu   t3, a4, a0              t3 <- 156983074
 17964: 02b73333    mulhu   t1, a4, a1              t1 <- 65115402
 17968: 02c73333    mulhu   t1, a4, a2              t1 <- -65643308
 17972: 02d73f33    mulhu   t5, a4, a3              t5 <- -33665771
 17976: 02e73eb3    mulhu   t4, a4, a4              t4 <- 32760493
 17980: 02a04f33    div     t5, zero, a0            t5 <- 0
 17984: 02b04333    div     t1, zero, a1            t1 <- 0
 17988: 02c042b3    div     t0, zero, a2            t0 <- 0
 17992: 02d04333    div     t1, zero, a3            t1 <- 0
 17996: 02e04eb3    div     t4, zero, a4            t4 <- 0
 18000: 02a54333    div     t1, a0, a0              t1 <- 1
 18004: 02b54f33    div     t5, a0, a1              t5 <- 2
 18008: 02c542b3    div     t0, a0, a2              t0 <- -2
 18012: 02d54e33    div     t3, a0, a3              t3 <- -4
 18016: 02e54333    div     t1, a0, a4              t1 <- 4
 18020: 02a5c333    div     t1, a1, a0              t1 <- 0
 18024: 02b5c3b3    div     t2, a1, a1              t2 <- 1
 18028: 02c5c2b3    div     t0, a1, a2              t0 <- 0
 18032: 02d5c333    div     t1, a1, a3              t1 <- -1
 18036: 02e5ce33    div     t3, a1, a4              t3 <- 1
 18040: 02a64eb3    div     t4, a2, a0              t4 <- 0
 18044: 02b64e33    div     t3, a2, a1              t3 <- -1
 18048: 02c643b3    div     t2, a2, a2              t2 <- 1
 18052: 02d64eb3    div     t4, a2, a3              t4 <- 1
 18056: 02e64f33    div     t5, a2, a4              t5 <- -2
 18060: 02a6c3b3    div     t2, a3, a0              t2 <- 0
 18064: 02b6ce33    div     t3, a3, a1              t3 <- 0
 18068: 02c6c2b3    div     t0, a3, a2              t0 <- 0
 18072: 02d6c333    div     t1, a3, a3              t1 <- 1
 18076: 02e6c3b3    div     t2, a3, a4              t2 <- -1
 18080: 02a743b3    div     t2, a4, a0              t2 <- 0
 18084: 02b743b3    div     t2, a4, a1              t2 <- 0
 18088: 02c74eb3    div     t4, a4, a2              t4 <- 0
 18092: 02d74f33    div     t5, a4, a3              t5 <- 0
 18096: 02e742b3    div     t0, a4, a4              t0 <- 1
 18100: 02a05e33    divu    t3, zero, a0            t3 <- 0
 18104: 02b05f33    divu    t5, zero, a1            t5 <- 0
 18108: 02c053b3    divu    t2, zero, a2            t2 <- 0
 18112: 02d05eb3    divu    t4, zero, a3            t4 <- 0
 18116: 02e052b3    divu    t0, zero, a4            t0 <- 0
 18120: 02a55333    divu    t1, a0, a0              t1 <- 1
 18124: 02b55e33    divu    t3, a0, a1              t3 <- 0
 18128: 02c55eb3    divu    t4, a0, a2              t4 <- 3
 18132: 02d55f33    divu    t5, a0, a3              t5 <- 6
 18136: 02e55333    divu    t1, a0, a4              t1 <- 0
 18140: 02a5d2b3    divu    t0, a1, a0              t0 <- 1
 18144: 02b5d333    divu    t1, a1, a1              t1 <- 1
 18148: 02c5deb3    divu    t4, a1, a2              t4 <- 4
 18152: 02d5d2b3    divu    t0, a1, a3              t0 <- 9
 18156: 02e5df33    divu    t5, a1, a4              t5 <- 0
 18160: 02a653b3    divu    t2, a2, a0              t2 <- 0
 18164: 02b653b3    divu    t2, a2, a1              t2 <- 0
 18168: 02c65eb3    divu    t4, a2, a2              t4 <- 1
 18172: 02d65333    divu    t1, a2, a3              t1 <- 1
 18176: 02e65333    divu    t1, a2, a4              t1 <- 0
 18180: 02a6d333    divu    t1, a3, a0              t1 <- 0
 18184: 02b6d3b3    divu    t2, a3, a1              t2 <- 0
 18188: 02c6de33    divu    t3, a3, a2              t3 <- 0
 18192: 02d6de33    divu    t3, a3, a3              t3 <- 1
 18196: 02e6df33    divu    t5, a3, a4              t5 <- 0
 18200: 02a75eb3    divu    t4, a4, a0              t4 <- 1
 18204: 02b75333    divu    t1, a4, a1              t1 <- 1
 18208: 02c75f33    divu    t5, a4, a2              t5 <- 5
 18212: 02d752b3    divu    t0, a4, a3              t0 <- 10
 18216: 02e75f33    divu    t5, a4, a4              t5 <- 1
 18220: 02a06f33    rem     t5, zero, a0            t5 <- 0
 18224: 02b06e33    rem     t3, zero, a1            t3 <- 0
 18228: 02c06333    rem     t1, zero, a2            t1 <- 0
 18232: 02d063b3    rem     t2, zero, a3            t2 <- 0
 18236: 02e06333    rem     t1, zero, a4            t1 <- 0
 18240: 02a56333    rem     t1, a0, a0              t1 <- 0
 18244: 02b56333    rem     t1, a0, a1              t1 <- -306312943
 18248: 02c56e33    rem     t3, a0, a2              t3 <- -294223927
 18252: 02d56f33    rem     t5, a0, a3              t5 <- -255563469
 18256: 02e56333    rem     t1, a0, a4              t1 <- -297025069
 18260: 02a5eeb3    rem     t4, a1, a0              t4 <- -745570027
 18264: 02b5eeb3    rem     t4, a1, a1              t4 <- 0
 18268: 02c5ee33    rem     t3, a1, a2              t3 <- -745570027
 18272: 02d5e333    rem     t1, a1, a3              t1 <- -360097645
 18276: 02e5e2b3    rem     t0, a1, a4              t0 <- -370463045
 18280: 02a66e33    rem     t3, a2, a0              t3 <- 751614535
 18284: 02b663b3    rem     t2, a2, a1              t2 <- 6044508
 18288: 02c66e33    rem     t3, a2, a2              t3 <- 0
 18292: 02d66e33    rem     t3, a2, a3              t3 <- 366142153
 18296: 02e663b3    rem     t2, a2, a4              t2 <- 1400571
 18300: 02a6ee33    rem     t3, a3, a0              t3 <- 385472382
 18304: 02b6ee33    rem     t3, a3, a1              t3 <- 385472382
 18308: 02c6ef33    rem     t5, a3, a2              t5 <- 385472382
 18312: 02d6ee33    rem     t3, a3, a3              t3 <- 0
 18316: 02e6e3b3    rem     t2, a3, a4              t2 <- 10365400
 18320: 02a76f33    rem     t5, a4, a0              t5 <- -375106982
 18324: 02b76f33    rem     t5, a4, a1              t5 <- -375106982
 18328: 02c76333    rem     t1, a4, a2              t1 <- -375106982
 18332: 02d76333    rem     t1, a4, a3              t1 <- -375106982
 18336: 02e76333    rem     t1, a4, a4              t1 <- 0
 18340: 02a072b3    remu    t0, zero, a0            t0 <- 0
 18344: 02b07333    remu    t1, zero, a1            t1 <- 0
 18348: 02c072b3    remu    t0, zero, a2            t0 <- 0
 18352: 02d07f33    remu    t5, zero, a3            t5 <- 0
 18356: 02e07f33    remu    t5, zero, a4            t5 <- 0
 18360: 02a573b3    remu    t2, a0, a0              t2 <- 0
 18364: 02b57eb3    remu    t4, a0, a1              t4 <- -1797452997
 18368: 02c57e33    remu    t3, a0, a2              t3 <- 242670694
 18372: 02d573b3    remu    t2, a0, a3              t2 <- 184680007
 18376: 02e57f33    remu    t5, a0, a4              t5 <- -1797452997
 18380: 02a5f333    remu    t1, a1, a0              t1 <- 1051882970
 18384: 02b5f333    remu    t1, a1, a1              t1 <- 0
 18388: 02c5fe33    remu    t3, a1, a2              t3 <- 542939129
 18392: 02d5fe33    remu    t3, a1, a3              t3 <- 80145831
 18396: 02e5f3b3    remu    t2, a1, a4              t2 <- -745570027
 18400: 02a673b3    remu    t2, a2, a0              t2 <- 751614535
 18404: 02b67eb3    remu    t4, a2, a1              t4 <- 751614535
 18408: 02c67eb3    remu    t4, a2, a2              t4 <- 0
 18412: 02d67e33    remu    t3, a2, a3              t3 <- 366142153
 18416: 02e672b3    remu    t0, a2, a4              t0 <- 751614535
 18420: 02a6fe33    remu    t3, a3, a0              t3 <- 385472382
 18424: 02b6f2b3    remu    t0, a3, a1              t0 <- 385472382
 18428: 02c6f2b3    remu    t0, a3, a2              t0 <- 385472382
 18432: 02d6f2b3    remu    t0, a3, a3              t0 <- 0
 18436: 02e6ff33    remu    t5, a3, a4              t5 <- 385472382
 18440: 02a77eb3    remu    t4, a4, a0              t4 <- 1422346015
 18444: 02b77e33    remu    t3, a4, a1              t3 <- 370463045
 18448: 02c77e33    remu    t3, a4, a2              t3 <- 161787639
 18452: 02d772b3    remu    t0, a4, a3              t0 <- 65136494
 18456: 02e772b3    remu    t0, a4, a4              t0 <- 0
 18460: 50c5b537    lui     a0, 1355132928          a0 <- 1355132928
 18464: e3450513    addi    a0, a0, -460            a0 <- 1355132468
 18468: b187e5b7    lui     a1, 2978471936          a1 <- -1316495360
 18472: 60c58593    addi    a1, a1, 1548            a1 <- -1316493812
 18476: 54261637    lui     a2, 1411780608          a2 <- 1411780608
 18480: 4aa60613    addi    a2, a2, 1194            a2 <- 1411781802
 18484: 3f75b6b7    lui     a3, 1064677376          a3 <- 1064677376
 18488: b1868693    addi    a3, a3, -1256           a3 <- 1064676120
 18492: 6e02e737    lui     a4, 1845682176          a4 <- 1845682176
 18496: 92b70713    addi    a4, a4, -1749           a4 <- 1845680427
 18500: 02000eb3    mul     t4, zero, zero          t4 <- 0
 18504: 02a002b3    mul     t0, zero, a0            t0 <- 0
 18508: 02b00e33    mul     t3, zero, a1            t3 <- 0
 18512: 02c002b3    mul     t0, zero, a2            t0 <- 0
 18516: 02d00f33    mul     t5, zero, a3            t5 <- 0
 18520: 02e00e33    mul     t3, zero, a4            t3 <- 0
 18524: 02050333    mul     t1, a0, zero            t1 <- 0
 18528: 02a50f33    mul     t5, a0, a0              t5 <- 311605904
 18532: 02b50f33    mul     t5, a0, a1              t5 <- 892527216
 18536: 02c50f33    mul     t5, a0, a2              t5 <- 10075784
 18540: 02d50333    mul     t1, a0, a3              t1 <- 128520416
 18544: 02e50333    mul     t1, a0, a4              t1 <- -700033348
 18548: 02058e33    mul     t3, a1, zero            t3 <- 0
 18552: 02a582b3    mul     t0, a1, a0              t0 <- 892527216
 18556: 02b58eb3    mul     t4, a1, a1              t4 <- 123834512
 18560: 02c58e33    mul     t3, a1, a2              t3 <- -1744849928
 18564: 02d58e33    mul     t3, a1, a3              t3 <- -2099014368
 18568: 02e58e33    mul     t3, a1, a4              t3 <- -135540732
 18572: 02060eb3    mul     t4, a2, zero            t4 <- 0
 18576: 02a60eb3    mul     t4, a2, a0              t4 <- 10075784
 18580: 02b60e33    mul     t3, a2, a1              t3 <- -1744849928
 18584: 02c60eb3    mul     t4, a2, a2              t4 <- -1272774428
 18588: 02d60333    mul     t1, a2, a3              t1 <- -1693352464
 18592: 02e603b3    mul     t2, a2, a4              t2 <- -1623354738
 18596: 02068e33    mul     t3, a3, zero            t3 <- 0
 18600: 02a683b3    mul     t2, a3, a0              t2 <- 128520416
 18604: 02b683b3    mul     t2, a3, a1              t2 <- -2099014368
 18608: 02c68f33    mul     t5, a3, a2              t5 <- -1693352464
 18612: 02d68eb3    mul     t4, a3, a3              t4 <- -1505160640
 18616: 02e68e33    mul     t3, a3, a4              t3 <- 217781512
 18620: 020703b3    mul     t2, a4, zero            t2 <- 0
 18624: 02a70333    mul     t1, a4, a0              t1 <- -700033348
 18628: 02b702b3    mul     t0, a4, a1              t0 <- -135540732
 18632: 02c702b3    mul     t0, a4, a2              t0 <- -1623354738
 18636: 02d70e33    mul     t3, a4, a3              t3 <- 217781512
 18640: 02e70333    mul     t1, a4, a4              t1 <- 283503929
 18644: 02001e33    mulh    t3, zero, zero          t3 <- 0
 18648: 02a01f33    mulh    t5, zero, a0            t5 <- 0
 18652: 02b01eb3    mulh    t4, zero, a1            t4 <- 0
 18656: 02c01eb3    mulh    t4, zero, a2            t4 <- 0
 18660: 02d013b3    mulh    t2, zero, a3            t2 <- 0
 18664: 02e012b3    mulh    t0, zero, a4            t0 <- 0
 18668: 02051f33    mulh    t5, a0, zero            t5 <- 0
 18672: 02a51f33    mulh    t5, a0, a0              t5 <- 427566470
 18676: 02b51333    mulh    t1, a0, a1              t1 <- -415375342
 18680: 02c51e33    mulh    t3, a0, a2              t3 <- 445440262
 18684: 02d51333    mulh    t1, a0, a3              t1 <- 335922739
 18688: 02e51eb3    mulh    t4, a0, a4              t4 <- 582342378
 18692: 02059f33    mulh    t5, a1, zero            t5 <- 0
 18696: 02a59e33    mulh    t3, a1, a0              t3 <- -415375342
 18700: 02b59eb3    mulh    t4, a1, a1              t4 <- 403531817
 18704: 02c593b3    mulh    t2, a1, a2              t2 <- -432739502
 18708: 02d59333    mulh    t1, a1, a3              t1 <- -326344633
 18712: 02e59eb3    mulh    t4, a1, a4              t4 <- -565738153
 18716: 02061f33    mulh    t5, a2, zero            t5 <- 0
 18720: 02a61eb3    mulh    t4, a2, a0              t4 <- 445440262
 18724: 02b61eb3    mulh    t4, a2, a1              t4 <- -432739502
 18728: 02c612b3    mulh    t0, a2, a2              t0 <- 464061241
 18732: 02d61333    mulh    t1, a2, a3              t1 <- 349965498
 18736: 02e61f33    mulh    t5, a2, a4              t5 <- 606686351
 18740: 020692b3    mulh    t0, a3, zero            t0 <- 0
 18744: 02a69e33    mulh    t3, a3, a0              t3 <- 335922739
 18748: 02b693b3    mulh    t2, a3, a1              t2 <- -326344633
 18752: 02c693b3    mulh    t2, a3, a2              t2 <- 349965498
 18756: 02d693b3    mulh    t2, a3, a3              t2 <- 263921739
 18760: 02e69eb3    mulh    t4, a3, a4              t4 <- 457524293
 18764: 020712b3    mulh    t0, a4, zero            t0 <- 0
 18768: 02a71f33    mulh    t5, a4, a0              t5 <- 582342378
 18772: 02b71e33    mulh    t3, a4, a1              t3 <- -565738153
 18776: 02c71333    mulh    t1, a4, a2              t1 <- 606686351
 18780: 02d71f33    mulh    t5, a4, a3              t5 <- 457524293
 18784: 02e71eb3    mulh    t4, a4, a4              t4 <- 793146025
 18788: 02002e33    mulhsu  t3, zero, zero          t3 <- 0
 18792: 02a022b3    mulhsu  t0, zero, a0            t0 <- 0
 18796: 02b02333    mulhsu  t1, zero, a1            t1 <- 0
 18800: 02c02e33    mulhsu  t3, zero, a2            t3 <- 0
 18804: 02d02e33    mulhsu  t3, zero, a3            t3 <- 0
 18808: 02e02eb3    mulhsu  t4, zero, a4            t4 <- 0
 18812: 020522b3    mulhsu  t0, a0, zero            t0 <- 0
 18816: 02a522b3    mulhsu  t0, a0, a0              t0 <- 427566470
 18820: 02b52e33    mulhsu  t3, a0, a1              t3 <- -415375342
 18824: 02c52eb3    mulhsu  t4, a0, a2              t4 <- 445440262
 18828: 02d52f33    mulhsu  t5, a0, a3              t5 <- 335922739
 18832: 02e52f33    mulhsu  t5, a0, a4              t5 <- 582342378
 18836: 0205a2b3    mulhsu  t0, a1, zero            t0 <- 0
 18840: 02a5aeb3    mulhsu  t4, a1, a0              t4 <- -415375342
 18844: 02b5a2b3    mulhsu  t0, a1, a1              t0 <- 403531817
 18848: 02c5a2b3    mulhsu  t0, a1, a2              t0 <- -432739502
 18852: 02d5aeb3    mulhsu  t4, a1, a3              t4 <- -326344633
 18856: 02e5a333    mulhsu  t1, a1, a4              t1 <- -565738153
 18860: 020623b3    mulhsu  t2, a2, zero            t2 <- 0
 18864: 02a62eb3    mulhsu  t4, a2, a0              t4 <- 445440262
 18868: 02b622b3    mulhsu  t0, a2, a1              t0 <- -432739502
 18872: 02c62f33    mulhsu  t5, a2, a2              t5 <- 464061241
 18876: 02d62eb3    mulhsu  t4, a2, a3              t4 <- 349965498
 18880: 02e62f33    mulhsu  t5, a2, a4              t5 <- 606686351
 18884: 0206a2b3    mulhsu  t0, a3, zero            t0 <- 0
 18888: 02a6a333    mulhsu  t1, a3, a0              t1 <- 335922739
 18892: 02b6a3b3    mulhsu  t2, a3, a1              t2 <- -326344633
 18896: 02c6ae33    mulhsu  t3, a3, a2              t3 <- 349965498
 18900: 02d6ae33    mulhsu  t3, a3, a3              t3 <- 263921739
 18904: 02e6aeb3    mulhsu  t4, a3, a4              t4 <- 457524293
 18908: 020723b3    mulhsu  t2, a4, zero            t2 <- 0
 18912: 02a72e33    mulhsu  t3, a4, a0              t3 <- 582342378
 18916: 02b72333    mulhsu  t1, a4, a1              t1 <- -565738153
 18920: 02c72eb3    mulhsu  t4, a4, a2              t4 <- 606686351
 18924: 02d722b3    mulhsu  t0, a4, a3              t0 <- 457524293
 18928: 02e723b3    mulhsu  t2, a4, a4              t2 <- 793146025
 18932: 02003f33    mulhu   t5, zero, zero          t5 <- 0
 18936: 02a03e33    mulhu   t3, zero, a0            t3 <- 0
 18940: 02b032b3    mulhu   t0, zero, a1            t0 <- 0
 18944: 02c03e33    mulhu   t3, zero, a2            t3 <- 0
 18948: 02d032b3    mulhu   t0, zero, a3            t0 <- 0
 18952: 02e03333    mulhu   t1, zero, a4            t1 <- 0
 18956: 020532b3    mulhu   t0, a0, zero            t0 <- 0
 18960: 02a533b3    mulhu   t2, a0, a0              t2 <- 427566470
 18964: 02b53f33    mulhu   t5, a0, a1              t5 <- -415375342
 18968: 02c533b3    mulhu   t2, a0, a2              t2 <- 445440262
 18972: 02d53eb3    mulhu   t4, a0, a3              t4 <- 335922739
 18976: 02e53eb3    mulhu   t4, a0, a4              t4 <- 582342378
 18980: 0205b3b3    mulhu   t2, a1, zero            t2 <- 0
 18984: 02a5b333    mulhu   t1, a1, a0              t1 <- -415375342
 18988: 02b5bf33    mulhu   t5, a1, a1              t5 <- 403531817
 18992: 02c5bf33    mulhu   t5, a1, a2              t5 <- -432739502
 18996: 02d5b3b3    mulhu   t2, a1, a3              t2 <- -326344633
 19000: 02e5be33    mulhu   t3, a1, a4              t3 <- -565738153
 19004: 020632b3    mulhu   t0, a2, zero            t0 <- 0
 19008: 02a63333    mulhu   t1, a2, a0              t1 <- 445440262
 19012: 02b63eb3    mulhu   t4, a2, a1              t4 <- -432739502
 19016: 02c633b3    mulhu   t2, a2, a2              t2 <- 464061241
 19020: 02d633b3    mulhu   t2, a2, a3              t2 <- 349965498
 19024: 02e63e33    mulhu   t3, a2, a4              t3 <- 606686351
 19028: 0206bf33    mulhu   t5, a3, zero            t5 <- 0
 19032: 02a6b333    mulhu   t1, a3, a0              t1 <- 335922739
 19036: 02b6b2b3    mulhu   t0, a3, a1              t0 <- -326344633
 19040: 02c6b2b3    mulhu   t0, a3, a2              t0 <- 349965498
 19044: 02d6bf33    mulhu   t5, a3, a3              t5 <- 263921739
 19048: 02e6b3b3    mulhu   t2, a3, a4              t2 <- 457524293
 19052: 02073eb3    mulhu   t4, a4, zero            t4 <- 0
 19056: 02a732b3    mulhu   t0, a4, a0              t0 <- 582342378
 19060: 02b733b3    mulhu   t2, a4, a1              t2 <- -565738153
 19064: 02c73f33    mulhu   t5, a4, a2              t5 <- 606686351
 19068: 02d733b3    mulhu   t2, a4, a3              t2 <- 457524293
 19072: 02e732b3    mulhu   t0, a4, a4              t0 <- 793146025
 19076: 02a04eb3    div     t4, zero, a0            t4 <- 0
 19080: 02b04e33    div     t3, zero, a1            t3 <- 0
 19084: 02c04f33    div     t5, zero, a2            t5 <- 0
 19088: 02d04f33    div     t5, zero, a3            t5 <- 0
 19092: 02e04f33    div     t5, zero, a4            t5 <- 0
 19096: 02a54f33    div     t5, a0, a0              t5 <- 1
 19100: 02b54eb3    div     t4, a0, a1              t4 <- -1
 19104: 02c54f33    div     t5, a0, a2              t5 <- 0
 19108: 02d543b3    div     t2, a0, a3              t2 <- 1
 19112: 02e54333    div     t1, a0, a4              t1 <- 0
 19116: 02a5c3b3    div     t2, a1, a0              t2 <- 0
 19120: 02b5c3b3    div     t2, a1, a1              t2 <- 1
 19124: 02c5c3b3    div     t2, a1, a2              t2 <- 0
 19128: 02d5c2b3    div     t0, a1, a3              t0 <- -1
 19132: 02e5cf33    div     t5, a1, a4              t5 <- 0
 19136: 02a64eb3    div     t4, a2, a0              t4 <- 1
 19140: 02b64333    div     t1, a2, a1              t1 <- -1
 19144: 02c64e33    div     t3, a2, a2              t3 <- 1
 19148: 02d64e33    div     t3, a2, a3              t3 <- 1
 19152: 02e64333    div     t1, a2, a4              t1 <- 0
 19156: 02a6c2b3    div     t0, a3, a0              t0 <- 0
 19160: 02b6c3b3    div     t2, a3, a1              t2 <- 0
 19164: 02c6ceb3    div     t4, a3, a2              t4 <- 0
 19168: 02d6c2b3    div     t0, a3, a3              t0 <- 1
 19172: 02e6ceb3    div     t4, a3, a4              t4 <- 0
 19176: 02a743b3    div     t2, a4, a0              t2 <- 1
 19180: 02b74eb3    div     t4, a4, a1              t4 <- -1
 19184: 02c74f33    div     t5, a4, a2              t5 <- 1
 19188: 02d742b3    div     t0, a4, a3              t0 <- 1
 19192: 02e74e33    div     t3, a4, a4              t3 <- 1
 19196: 02a05f33    divu    t5, zero, a0            t5 <- 0
 19200: 02b05e33    divu    t3, zero, a1            t3 <- 0
 19204: 02c053b3    divu    t2, zero, a2            t2 <- 0
 19208: 02d05eb3    divu    t4, zero, a3            t4 <- 0
 19212: 02e05333    divu    t1, zero, a4            t1 <- 0
 19216: 02a552b3    divu    t0, a0, a0              t0 <- 1
 19220: 02b55333    divu    t1, a0, a1              t1 <- 0
 19224: 02c55eb3    divu    t4, a0, a2              t4 <- 0
 19228: 02d552b3    divu    t0, a0, a3              t0 <- 1
 19232: 02e553b3    divu    t2, a0, a4              t2 <- 0
 19236: 02a5d333    divu    t1, a1, a0              t1 <- 2
 19240: 02b5d2b3    divu    t0, a1, a1              t0 <- 1
 19244: 02c5de33    divu    t3, a1, a2              t3 <- 2
 19248: 02d5df33    divu    t5, a1, a3              t5 <- 2
 19252: 02e5de33    divu    t3, a1, a4              t3 <- 1
 19256: 02a65e33    divu    t3, a2, a0              t3 <- 1
 19260: 02b65333    divu    t1, a2, a1              t1 <- 0
 19264: 02c65e33    divu    t3, a2, a2              t3 <- 1
 19268: 02d652b3    divu    t0, a2, a3              t0 <- 1
 19272: 02e652b3    divu    t0, a2, a4              t0 <- 0
 19276: 02a6d2b3    divu    t0, a3, a0              t0 <- 0
 19280: 02b6df33    divu    t5, a3, a1              t5 <- 0
 19284: 02c6de33    divu    t3, a3, a2              t3 <- 0
 19288: 02d6d3b3    divu    t2, a3, a3              t2 <- 1
 19292: 02e6d3b3    divu    t2, a3, a4              t2 <- 0
 19296: 02a753b3    divu    t2, a4, a0              t2 <- 1
 19300: 02b753b3    divu    t2, a4, a1              t2 <- 0
 19304: 02c75eb3    divu    t4, a4, a2              t4 <- 1
 19308: 02d752b3    divu    t0, a4, a3              t0 <- 1
 19312: 02e753b3    divu    t2, a4, a4              t2 <- 1
 19316: 02a06f33    rem     t5, zero, a0            t5 <- 0
 19320: 02b063b3    rem     t2, zero, a1            t2 <- 0
 19324: 02c06333    rem     t1, zero, a2            t1 <- 0
 19328: 02d062b3    rem     t0, zero, a3            t0 <- 0
 19332: 02e063b3    rem     t2, zero, a4            t2 <- 0
 19336: 02a56f33    rem     t5, a0, a0              t5 <- 0
 19340: 02b56eb3    rem     t4, a0, a1              t4 <- 38638656
 19344: 02c56333    rem     t1, a0, a2              t1 <- 1355132468
 19348: 02d563b3    rem     t2, a0, a3              t2 <- 290456348
 19352: 02e56e33    rem     t3, a0, a4              t3 <- 1355132468
 19356: 02a5eeb3    rem     t4, a1, a0              t4 <- -1316493812
 19360: 02b5ef33    rem     t5, a1, a1              t5 <- 0
 19364: 02c5e2b3    rem     t0, a1, a2              t0 <- -1316493812
 19368: 02d5eeb3    rem     t4, a1, a3              t4 <- -251817692
 19372: 02e5ef33    rem     t5, a1, a4              t5 <- -1316493812
 19376: 02a66333    rem     t1, a2, a0              t1 <- 56649334
 19380: 02b66333    rem     t1, a2, a1              t1 <- 95287990
 19384: 02c663b3    rem     t2, a2, a2              t2 <- 0
 19388: 02d66333    rem     t1, a2, a3              t1 <- 347105682
 19392: 02e663b3    rem     t2, a2, a4              t2 <- 1411781802
 19396: 02a6ef33    rem     t5, a3, a0              t5 <- 1064676120
 19400: 02b6e3b3    rem     t2, a3, a1              t2 <- 1064676120
 19404: 02c6e2b3    rem     t0, a3, a2              t0 <- 1064676120
 19408: 02d6eeb3    rem     t4, a3, a3              t4 <- 0
 19412: 02e6e333    rem     t1, a3, a4              t1 <- 1064676120
 19416: 02a76e33    rem     t3, a4, a0              t3 <- 490547959
 19420: 02b76e33    rem     t3, a4, a1              t3 <- 529186615
 19424: 02c763b3    rem     t2, a4, a2              t2 <- 433898625
 19428: 02d763b3    rem     t2, a4, a3              t2 <- 781004307
 19432: 02e76333    rem     t1, a4, a4              t1 <- 0
 19436: 02a07eb3    remu    t4, zero, a0            t4 <- 0
 19440: 02b073b3    remu    t2, zero, a1            t2 <- 0
 19444: 02c07f33    remu    t5, zero, a2            t5 <- 0
 19448: 02d07e33    remu    t3, zero, a3            t3 <- 0
 19452: 02e07333    remu    t1, zero, a4            t1 <- 0
 19456: 02a57e33    remu    t3, a0, a0              t3 <- 0
 19460: 02b572b3    remu    t0, a0, a1              t0 <- 1355132468
 19464: 02c57333    remu    t1, a0, a2              t1 <- 1355132468
 19468: 02d573b3    remu    t2, a0, a3              t2 <- 290456348
 19472: 02e573b3    remu    t2, a0, a4              t2 <- 1355132468
 19476: 02a5feb3    remu    t4, a1, a0              t4 <- 268208548
 19480: 02b5feb3    remu    t4, a1, a1              t4 <- 0
 19484: 02c5f3b3    remu    t2, a1, a2              t2 <- 154909880
 19488: 02d5feb3    remu    t4, a1, a3              t4 <- 849121244
 19492: 02e5fe33    remu    t3, a1, a4              t3 <- 1132793057
 19496: 02a67333    remu    t1, a2, a0              t1 <- 56649334
 19500: 02b67e33    remu    t3, a2, a1              t3 <- 1411781802
 19504: 02c67f33    remu    t5, a2, a2              t5 <- 0
 19508: 02d673b3    remu    t2, a2, a3              t2 <- 347105682
 19512: 02e67f33    remu    t5, a2, a4              t5 <- 1411781802
 19516: 02a6ff33    remu    t5, a3, a0              t5 <- 1064676120
 19520: 02b6f3b3    remu    t2, a3, a1              t2 <- 1064676120
 19524: 02c6f2b3    remu    t0, a3, a2              t0 <- 1064676120
 19528: 02d6f2b3    remu    t0, a3, a3              t0 <- 0
 19532: 02e6f2b3    remu    t0, a3, a4              t0 <- 1064676120
 19536: 02a77333    remu    t1, a4, a0              t1 <- 490547959
 19540: 02b77f33    remu    t5, a4, a1              t5 <- 1845680427
 19544: 02c77eb3    remu    t4, a4, a2              t4 <- 433898625
 19548: 02d77e33    remu    t3, a4, a3              t3 <- 781004307
 19552: 02e773b3    remu    t2, a4, a4              t2 <- 0
 19556: 5758d537    lui     a0, 1465438208          a0 <- 1465438208
 19560: 97950513    addi    a0, a0, -1671           a0 <- 1465436537
 19564: 39e995b7    lui     a1, 971608064           a1 <- 971608064
 19568: 21258593    addi    a1, a1, 530             a1 <- 971608594
 19572: 553ef637    lui     a2, 1430188032          a2 <- 1430188032
 19576: 74360613    addi    a2, a2, 1859            a2 <- 1430189891
 19580: af1526b7    lui     a3, 2937397248          a3 <- -1357570048
 19584: e1168693    addi    a3, a3, -495            a3 <- -1357570543
 19588: 0c858737    lui     a4, 210075648           a4 <- 210075648
 19592: 4aa70713    addi    a4, a4, 1194            a4 <- 210076842
 19596: 020003b3    mul     t2, zero, zero          t2 <- 0
 19600: 02a00e33    mul     t3, zero, a0            t3 <- 0
 19604: 02b00333    mul     t1, zero, a1            t1 <- 0
 19608: 02c00eb3    mul     t4, zero, a2            t4 <- 0
 19612: 02d00f33    mul     t5, zero, a3            t5 <- 0
 19616: 02e00e33    mul     t3, zero, a4            t3 <- 0
 19620: 020503b3    mul     t2, a0, zero            t2 <- 0
 19624: 02a50f33    mul     t5, a0, a0              t5 <- 1606368049
 19628: 02b50e33    mul     t3, a0, a1              t3 <- 390474882
 19632: 02c50e33    mul     t3, a0, a2              t3 <- 2129557931
 19636: 02d502b3    mul     t0, a0, a3              t0 <- 1919848201
 19640: 02e50f33    mul     t5, a0, a4              t5 <- 548744794
 19644: 020582b3    mul     t0, a1, zero            t0 <- 0
 19648: 02a583b3    mul     t2, a1, a0              t2 <- 390474882
 19652: 02b58333    mul     t1, a1, a1              t1 <- 1008503108
 19656: 02c58eb3    mul     t4, a1, a2              t4 <- -563308362
 19660: 02d582b3    mul     t0, a1, a3              t0 <- -2128949454
 19664: 02e583b3    mul     t2, a1, a4              t2 <- -1614395404
 19668: 020602b3    mul     t0, a2, zero            t0 <- 0
 19672: 02a602b3    mul     t0, a2, a0              t0 <- 2129557931
 19676: 02b60f33    mul     t5, a2, a1              t5 <- -563308362
 19680: 02c60e33    mul     t3, a2, a2              t3 <- 826694537
 19684: 02d602b3    mul     t0, a2, a3              t0 <- 531055987
 19688: 02e602b3    mul     t0, a2, a4              t0 <- -1390559618
 19692: 02068f33    mul     t5, a3, zero            t5 <- 0
 19696: 02a683b3    mul     t2, a3, a0              t2 <- 1919848201
 19700: 02b68e33    mul     t3, a3, a1              t3 <- -2128949454
 19704: 02c683b3    mul     t2, a3, a2              t2 <- 531055987
 19708: 02d68f33    mul     t5, a3, a3              t5 <- 810679585
 19712: 02e683b3    mul     t2, a3, a4              t2 <- -1839482038
 19716: 02070e33    mul     t3, a4, zero            t3 <- 0
 19720: 02a702b3    mul     t0, a4, a0              t0 <- 548744794
 19724: 02b703b3    mul     t2, a4, a1              t2 <- -1614395404
 19728: 02c70e33    mul     t3, a4, a2              t3 <- -1390559618
 19732: 02d70e33    mul     t3, a4, a3              t3 <- -1839482038
 19736: 02e70eb3    mul     t4, a4, a4              t4 <- 224641252
 19740: 02001f33    mulh    t5, zero, zero          t5 <- 0
 19744: 02a01eb3    mulh    t4, zero, a0            t4 <- 0
 19748: 02b012b3    mulh    t0, zero, a1            t0 <- 0
 19752: 02c01f33    mulh    t5, zero, a2            t5 <- 0
 19756: 02d01f33    mulh    t5, zero, a3            t5 <- 0
 19760: 02e01333    mulh    t1, zero, a4            t1 <- 0
 19764: 020513b3    mulh    t2, a0, zero            t2 <- 0
 19768: 02a51eb3    mulh    t4, a0, a0              t4 <- 500004795
 19772: 02b51e33    mulh    t3, a0, a1              t3 <- 331511426
 19776: 02c51f33    mulh    t5, a0, a2              t5 <- 487978691
 19780: 02d51e33    mulh    t3, a0, a3              t3 <- -463201077
 19784: 02e51f33    mulh    t5, a0, a4              t5 <- 71677910
 19788: 02059f33    mulh    t5, a1, zero            t5 <- 0
 19792: 02a59e33    mulh    t3, a1, a0              t3 <- 331511426
 19796: 02b59e33    mulh    t3, a1, a1              t3 <- 219797543
 19800: 02c59e33    mulh    t3, a1, a2              t3 <- 323537920
 19804: 02d59e33    mulh    t3, a1, a3              t3 <- -307109954
 19808: 02e59333    mulh    t1, a1, a4              t1 <- 47523636
 19812: 020612b3    mulh    t0, a2, zero            t0 <- 0
 19816: 02a61333    mulh    t1, a2, a0              t1 <- 487978691
 19820: 02b61eb3    mulh    t4, a2, a1              t4 <- 323537920
 19824: 02c61333    mulh    t1, a2, a2              t1 <- 476241839
 19828: 02d612b3    mulh    t0, a2, a3              t0 <- -452060175
 19832: 02e613b3    mulh    t2, a2, a4              t2 <- 69953914
 19836: 02069eb3    mulh    t4, a3, zero            t4 <- 0
 19840: 02a69e33    mulh    t3, a3, a0              t3 <- -463201077
 19844: 02b69eb3    mulh    t4, a3, a1              t4 <- -307109954
 19848: 02c692b3    mulh    t0, a3, a2              t0 <- -452060175
 19852: 02d693b3    mulh    t2, a3, a3              t2 <- 429106359
 19856: 02e69e33    mulh    t3, a3, a4              t3 <- -66401934
 19860: 02071eb3    mulh    t4, a4, zero            t4 <- 0
 19864: 02a71eb3    mulh    t4, a4, a0              t4 <- 71677910
 19868: 02b71eb3    mulh    t4, a4, a1              t4 <- 47523636
 19872: 02c71eb3    mulh    t4, a4, a2              t4 <- 69953914
 19876: 02d71e33    mulh    t3, a4, a3              t3 <- -66401934
 19880: 02e71f33    mulh    t5, a4, a4              t5 <- 10275347
 19884: 020022b3    mulhsu  t0, zero, zero          t0 <- 0
 19888: 02a02e33    mulhsu  t3, zero, a0            t3 <- 0
 19892: 02b022b3    mulhsu  t0, zero, a1            t0 <- 0
 19896: 02c02e33    mulhsu  t3, zero, a2            t3 <- 0
 19900: 02d02333    mulhsu  t1, zero, a3            t1 <- 0
 19904: 02e02eb3    mulhsu  t4, zero, a4            t4 <- 0
 19908: 02052eb3    mulhsu  t4, a0, zero            t4 <- 0
 19912: 02a52e33    mulhsu  t3, a0, a0              t3 <- 500004795
 19916: 02b52eb3    mulhsu  t4, a0, a1              t4 <- 331511426
 19920: 02c522b3    mulhsu  t0, a0, a2              t0 <- 487978691
 19924: 02d523b3    mulhsu  t2, a0, a3              t2 <- -463201077
 19928: 02e523b3    mulhsu  t2, a0, a4              t2 <- 71677910
 19932: 0205ae33    mulhsu  t3, a1, zero            t3 <- 0
 19936: 02a5ae33    mulhsu  t3, a1, a0              t3 <- 331511426
 19940: 02b5a333    mulhsu  t1, a1, a1              t1 <- 219797543
 19944: 02c5a2b3    mulhsu  t0, a1, a2              t0 <- 323537920
 19948: 02d5aeb3    mulhsu  t4, a1, a3              t4 <- -307109954
 19952: 02e5a2b3    mulhsu  t0, a1, a4              t0 <- 47523636
 19956: 02062333    mulhsu  t1, a2, zero            t1 <- 0
 19960: 02a62333    mulhsu  t1, a2, a0              t1 <- 487978691
 19964: 02b62333    mulhsu  t1, a2, a1              t1 <- 323537920
 19968: 02c62eb3    mulhsu  t4, a2, a2              t4 <- 476241839
 19972: 02d62333    mulhsu  t1, a2, a3              t1 <- -452060175
 19976: 02e62e33    mulhsu  t3, a2, a4              t3 <- 69953914
 19980: 0206ae33    mulhsu  t3, a3, zero            t3 <- 0
 19984: 02a6af33    mulhsu  t5, a3, a0              t5 <- -463201077
 19988: 02b6ae33    mulhsu  t3, a3, a1              t3 <- -307109954
 19992: 02c6af33    mulhsu  t5, a3, a2              t5 <- -452060175
 19996: 02d6a3b3    mulhsu  t2, a3, a3              t2 <- 429106359
 20000: 02e6af33    mulhsu  t5, a3, a4              t5 <- -66401934
 20004: 02072333    mulhsu  t1, a4, zero            t1 <- 0
 20008: 02a72e33    mulhsu  t3, a4, a0              t3 <- 71677910
 20012: 02b72eb3    mulhsu  t4, a4, a1              t4 <- 47523636
 20016: 02c722b3    mulhsu  t0, a4, a2              t0 <- 69953914
 20020: 02d723b3    mulhsu  t2, a4, a3              t2 <- -66401934
 20024: 02e72e33    mulhsu  t3, a4, a4              t3 <- 10275347
 20028: 02003e33    mulhu   t3, zero, zero          t3 <- 0
 20032: 02a03e33    mulhu   t3, zero, a0            t3 <- 0
 20036: 02b03f33    mulhu   t5, zero, a1            t5 <- 0
 20040: 02c03f33    mulhu   t5, zero, a2            t5 <- 0
 20044: 02d03333    mulhu   t1, zero, a3            t1 <- 0
 20048: 02e03eb3    mulhu   t4, zero, a4            t4 <- 0
 20052: 02053f33    mulhu   t5, a0, zero            t5 <- 0
 20056: 02a532b3    mulhu   t0, a0, a0              t0 <- 500004795
 20060: 02b53eb3    mulhu   t4, a0, a1              t4 <- 331511426
 20064: 02c53333    mulhu   t1, a0, a2              t1 <- 487978691
 20068: 02d533b3    mulhu   t2, a0, a3              t2 <- -463201077
 20072: 02e53f33    mulhu   t5, a0, a4              t5 <- 71677910
 20076: 0205b333    mulhu   t1, a1, zero            t1 <- 0
 20080: 02a5be33    mulhu   t3, a1, a0              t3 <- 331511426
 20084: 02b5b3b3    mulhu   t2, a1, a1              t2 <- 219797543
 20088: 02c5bf33    mulhu   t5, a1, a2              t5 <- 323537920
 20092: 02d5beb3    mulhu   t4, a1, a3              t4 <- -307109954
 20096: 02e5bf33    mulhu   t5, a1, a4              t5 <- 47523636
 20100: 020633b3    mulhu   t2, a2, zero            t2 <- 0
 20104: 02a633b3    mulhu   t2, a2, a0              t2 <- 487978691
 20108: 02b63eb3    mulhu   t4, a2, a1              t4 <- 323537920
 20112: 02c63e33    mulhu   t3, a2, a2              t3 <- 476241839
 20116: 02d633b3    mulhu   t2, a2, a3              t2 <- -452060175
 20120: 02e63eb3    mulhu   t4, a2, a4              t4 <- 69953914
 20124: 0206b3b3    mulhu   t2, a3, zero            t2 <- 0
 20128: 02a6beb3    mulhu   t4, a3, a0              t4 <- -463201077
 20132: 02b6b2b3    mulhu   t0, a3, a1              t0 <- -307109954
 20136: 02c6b333    mulhu   t1, a3, a2              t1 <- -452060175
 20140: 02d6b333    mulhu   t1, a3, a3              t1 <- 429106359
 20144: 02e6bf33    mulhu   t5, a3, a4              t5 <- -66401934
 20148: 02073f33    mulhu   t5, a4, zero            t5 <- 0
 20152: 02a73eb3    mulhu   t4, a4, a0              t4 <- 71677910
 20156: 02b73eb3    mulhu   t4, a4, a1              t4 <- 47523636
 20160: 02c73f33    mulhu   t5, a4, a2              t5 <- 69953914
 20164: 02d73333    mulhu   t1, a4, a3              t1 <- -66401934
 20168: 02e73eb3    mulhu   t4, a4, a4              t4 <- 10275347
 20172: 02a04eb3    div     t4, zero, a0            t4 <- 0
 20176: 02b04e33    div     t3, zero, a1            t3 <- 0
 20180: 02c042b3    div     t0, zero, a2            t0 <- 0
 20184: 02d04333    div     t1, zero, a3            t1 <- 0
 20188: 02e042b3    div     t0, zero, a4            t0 <- 0
 20192: 02a542b3    div     t0, a0, a0              t0 <- 1
 20196: 02b542b3    div     t0, a0, a1              t0 <- 1
 20200: 02c54e33    div     t3, a0, a2              t3 <- 1
 20204: 02d54eb3    div     t4, a0, a3              t4 <- -1
 20208: 02e542b3    div     t0, a0, a4              t0 <- 6
 20212: 02a5ce33    div     t3, a1, a0              t3 <- 0
 20216: 02b5c333    div     t1, a1, a1              t1 <- 1
 20220: 02c5ceb3    div     t4, a1, a2              t4 <- 0
 20224: 02d5c333    div     t1, a1, a3              t1 <- 0
 20228: 02e5cf33    div     t5, a1, a4              t5 <- 4
 20232: 02a642b3    div     t0, a2, a0              t0 <- 0
 20236: 02b64f33    div     t5, a2, a1              t5 <- 1
 20240: 02c643b3    div     t2, a2, a2              t2 <- 1
 20244: 02d64f33    div     t5, a2, a3              t5 <- -1
 20248: 02e64e33    div     t3, a2, a4              t3 <- 6
 20252: 02a6ce33    div     t3, a3, a0              t3 <- 0
 20256: 02b6ce33    div     t3, a3, a1              t3 <- -1
 20260: 02c6c2b3    div     t0, a3, a2              t0 <- 0
 20264: 02d6c2b3    div     t0, a3, a3              t0 <- 1
 20268: 02e6c2b3    div     t0, a3, a4              t0 <- -6
 20272: 02a74eb3    div     t4, a4, a0              t4 <- 0
 20276: 02b74eb3    div     t4, a4, a1              t4 <- 0
 20280: 02c74e33    div     t3, a4, a2              t3 <- 0
 20284: 02d743b3    div     t2, a4, a3              t2 <- 0
 20288: 02e742b3    div     t0, a4, a4              t0 <- 1
 20292: 02a05eb3    divu    t4, zero, a0            t4 <- 0
 20296: 02b05e33    divu    t3, zero, a1            t3 <- 0
 20300: 02c05333    divu    t1, zero, a2            t1 <- 0
 20304: 02d053b3    divu    t2, zero, a3            t2 <- 0
 20308: 02e052b3    divu    t0, zero, a4            t0 <- 0
 20312: 02a553b3    divu    t2, a0, a0              t2 <- 1
 20316: 02b55e33    divu    t3, a0, a1              t3 <- 1
 20320: 02c55f33    divu    t5, a0, a2              t5 <- 1
 20324: 02d55f33    divu    t5, a0, a3              t5 <- 0
 20328: 02e552b3    divu    t0, a0, a4              t0 <- 6
 20332: 02a5df33    divu    t5, a1, a0              t5 <- 0
 20336: 02b5d3b3    divu    t2, a1, a1              t2 <- 1
 20340: 02c5deb3    divu    t4, a1, a2              t4 <- 0
 20344: 02d5d333    divu    t1, a1, a3              t1 <- 0
 20348: 02e5d3b3    divu    t2, a1, a4              t2 <- 4
 20352: 02a65eb3    divu    t4, a2, a0              t4 <- 0
 20356: 02b653b3    divu    t2, a2, a1              t2 <- 1
 20360: 02c65f33    divu    t5, a2, a2              t5 <- 1
 20364: 02d65eb3    divu    t4, a2, a3              t4 <- 0
 20368: 02e652b3    divu    t0, a2, a4              t0 <- 6
 20372: 02a6df33    divu    t5, a3, a0              t5 <- 2
 20376: 02b6deb3    divu    t4, a3, a1              t4 <- 3
 20380: 02c6df33    divu    t5, a3, a2              t5 <- 2
 20384: 02d6de33    divu    t3, a3, a3              t3 <- 1
 20388: 02e6de33    divu    t3, a3, a4              t3 <- 13
 20392: 02a75e33    divu    t3, a4, a0              t3 <- 0
 20396: 02b752b3    divu    t0, a4, a1              t0 <- 0
 20400: 02c752b3    divu    t0, a4, a2              t0 <- 0
 20404: 02d75eb3    divu    t4, a4, a3              t4 <- 0
 20408: 02e75333    divu    t1, a4, a4              t1 <- 1
 20412: 02a063b3    rem     t2, zero, a0            t2 <- 0
 20416: 02b06333    rem     t1, zero, a1            t1 <- 0
 20420: 02c06333    rem     t1, zero, a2            t1 <- 0
 20424: 02d06e33    rem     t3, zero, a3            t3 <- 0
 20428: 02e063b3    rem     t2, zero, a4            t2 <- 0
 20432: 02a562b3    rem     t0, a0, a0              t0 <- 0
 20436: 02b563b3    rem     t2, a0, a1              t2 <- 493827943
 20440: 02c56333    rem     t1, a0, a2              t1 <- 35246646
 20444: 02d56f33    rem     t5, a0, a3              t5 <- 107865994
 20448: 02e563b3    rem     t2, a0, a4              t2 <- 204975485
 20452: 02a5ef33    rem     t5, a1, a0              t5 <- 971608594
 20456: 02b5ef33    rem     t5, a1, a1              t5 <- 0
 20460: 02c5e3b3    rem     t2, a1, a2              t2 <- 971608594
 20464: 02d5e3b3    rem     t2, a1, a3              t2 <- 971608594
 20468: 02e5e2b3    rem     t0, a1, a4              t0 <- 131301226
 20472: 02a66f33    rem     t5, a2, a0              t5 <- 1430189891
 20476: 02b66f33    rem     t5, a2, a1              t5 <- 458581297
 20480: 02c66f33    rem     t5, a2, a2              t5 <- 0
 20484: 02d66e33    rem     t3, a2, a3              t3 <- 72619348
 20488: 02e66f33    rem     t5, a2, a4              t5 <- 169728839
 20492: 02a6eeb3    rem     t4, a3, a0              t4 <- -1357570543
 20496: 02b6e2b3    rem     t0, a3, a1              t0 <- -385961949
 20500: 02c6e3b3    rem     t2, a3, a2              t2 <- -1357570543
 20504: 02d6e3b3    rem     t2, a3, a3              t2 <- 0
 20508: 02e6eeb3    rem     t4, a3, a4              t4 <- -97109491
 20512: 02a76f33    rem     t5, a4, a0              t5 <- 210076842
 20516: 02b762b3    rem     t0, a4, a1              t0 <- 210076842
 20520: 02c763b3    rem     t2, a4, a2              t2 <- 210076842
 20524: 02d76e33    rem     t3, a4, a3              t3 <- 210076842
 20528: 02e762b3    rem     t0, a4, a4              t0 <- 0
 20532: 02a07e33    remu    t3, zero, a0            t3 <- 0
 20536: 02b07eb3    remu    t4, zero, a1            t4 <- 0
 20540: 02c07333    remu    t1, zero, a2            t1 <- 0
 20544: 02d07e33    remu    t3, zero, a3            t3 <- 0
 20548: 02e07e33    remu    t3, zero, a4            t3 <- 0
 20552: 02a57333    remu    t1, a0, a0              t1 <- 0
 20556: 02b57f33    remu    t5, a0, a1              t5 <- 493827943
 20560: 02c57f33    remu    t5, a0, a2              t5 <- 35246646
 20564: 02d57f33    remu    t5, a0, a3              t5 <- 1465436537
 20568: 02e572b3    remu    t0, a0, a4              t0 <- 204975485
 20572: 02a5ff33    remu    t5, a1, a0              t5 <- 971608594
 20576: 02b5f2b3    remu    t0, a1, a1              t0 <- 0
 20580: 02c5f2b3    remu    t0, a1, a2              t0 <- 971608594
 20584: 02d5feb3    remu    t4, a1, a3              t4 <- 971608594
 20588: 02e5feb3    remu    t4, a1, a4              t4 <- 131301226
 20592: 02a67eb3    remu    t4, a2, a0              t4 <- 1430189891
 20596: 02b67e33    remu    t3, a2, a1              t3 <- 458581297
 20600: 02c67eb3    remu    t4, a2, a2              t4 <- 0
 20604: 02d67f33    remu    t5, a2, a3              t5 <- 1430189891
 20608: 02e672b3    remu    t0, a2, a4              t0 <- 169728839
 20612: 02a6ff33    remu    t5, a3, a0              t5 <- 6523679
 20616: 02b6fe33    remu    t3, a3, a1              t3 <- 22570971
 20620: 02c6f2b3    remu    t0, a3, a2              t0 <- 77016971
 20624: 02d6ff33    remu    t5, a3, a3              t5 <- 0
 20628: 02e6f333    remu    t1, a3, a4              t1 <- 206397807
 20632: 02a77e33    remu    t3, a4, a0              t3 <- 210076842
 20636: 02b77e33    remu    t3, a4, a1              t3 <- 210076842
 20640: 02c773b3    remu    t2, a4, a2              t2 <- 210076842
 20644: 02d77eb3    remu    t4, a4, a3              t4 <- 210076842
 20648: 02e773b3    remu    t2, a4, a4              t2 <- 0
 20652: 41bb4537    lui     a0, 1102790656          a0 <- 1102790656
 20656: 7ac50513    addi    a0, a0, 1964            a0 <- 1102792620
 20660: 2bfd65b7    lui     a1, 738025472           a1 <- 738025472
 20664: 65558593    addi    a1, a1, 1621            a1 <- 738027093
 20668: 559d8637    lui     a2, 1436385280          a2 <- 1436385280
 20672: 9bc60613    addi    a2, a2, -1604           a2 <- 1436383676
 20676: ea1386b7    lui     a3, 3927146496          a3 <- -367820800
 20680: cd268693    addi    a3, a3, -814            a3 <- -367821614
 20684: dccb2737    lui     a4, 3704299520          a4 <- -590667776
 20688: 14e70713    addi    a4, a4, 334             a4 <- -590667442
 20692: 02000e33    mul     t3, zero, zero          t3 <- 0
 20696: 02a00f33    mul     t5, zero, a0            t5 <- 0
 20700: 02b00e33    mul     t3, zero, a1            t3 <- 0
 20704: 02c00333    mul     t1, zero, a2            t1 <- 0
 20708: 02d00f33    mul     t5, zero, a3            t5 <- 0
 20712: 02e003b3    mul     t2, zero, a4            t2 <- 0
 20716: 02050f33    mul     t5, a0, zero            t5 <- 0
 20720: 02a50333    mul     t1, a0, a0              t1 <- 559471504
 20724: 02b50e33    mul     t3, a0, a1              t3 <- 716788764
 20728: 02c50333    mul     t1, a0, a2              t1 <- -622530992
 20732: 02d502b3    mul     t0, a0, a3              t0 <- 740039448
 20736: 02e50eb3    mul     t4, a0, a4              t4 <- -793705880
 20740: 020582b3    mul     t0, a1, zero            t0 <- 0
 20744: 02a58333    mul     t1, a1, a0              t1 <- 716788764
 20748: 02b58eb3    mul     t4, a1, a1              t4 <- -85338055
 20752: 02c58eb3    mul     t4, a1, a2              t4 <- 244732780
 20756: 02d58eb3    mul     t4, a1, a3              t4 <- 498998714
 20760: 02e58e33    mul     t3, a1, a4              t3 <- 1120740070
 20764: 020603b3    mul     t2, a2, zero            t2 <- 0
 20768: 02a603b3    mul     t2, a2, a0              t2 <- -622530992
 20772: 02b60e33    mul     t3, a2, a1              t3 <- 244732780
 20776: 02c60eb3    mul     t4, a2, a2              t4 <- 1652245008
 20780: 02d60333    mul     t1, a2, a3              t1 <- 1662577720
 20784: 02e60e33    mul     t3, a2, a4              t3 <- 2059424584
 20788: 020683b3    mul     t2, a3, zero            t2 <- 0
 20792: 02a68f33    mul     t5, a3, a0              t5 <- 740039448
 20796: 02b68eb3    mul     t4, a3, a1              t4 <- 498998714
 20800: 02c682b3    mul     t0, a3, a2              t0 <- 1662577720
 20804: 02d68f33    mul     t5, a3, a3              t5 <- -1408754620
 20808: 02e682b3    mul     t0, a3, a4              t0 <- 1200429564
 20812: 02070333    mul     t1, a4, zero            t1 <- 0
 20816: 02a70eb3    mul     t4, a4, a0              t4 <- -793705880
 20820: 02b70333    mul     t1, a4, a1              t1 <- 1120740070
 20824: 02c70f33    mul     t5, a4, a2              t5 <- 2059424584
 20828: 02d702b3    mul     t0, a4, a3              t0 <- 1200429564
 20832: 02e70e33    mul     t3, a4, a4              t3 <- -435604540
 20836: 02001f33    mulh    t5, zero, zero          t5 <- 0
 20840: 02a01f33    mulh    t5, zero, a0            t5 <- 0
 20844: 02b01333    mulh    t1, zero, a1            t1 <- 0
 20848: 02c013b3    mulh    t2, zero, a2            t2 <- 0
 20852: 02d01f33    mulh    t5, zero, a3            t5 <- 0
 20856: 02e01eb3    mulh    t4, zero, a4            t4 <- 0
 20860: 020513b3    mulh    t2, a0, zero            t2 <- 0
 20864: 02a51e33    mulh    t3, a0, a0              t3 <- 283157351
 20868: 02b51333    mulh    t1, a0, a1              t1 <- 189498726
 20872: 02c512b3    mulh    t0, a0, a2              t0 <- 368811496
 20876: 02d512b3    mulh    t0, a0, a3              t0 <- -94443318
 20880: 02e51e33    mulh    t3, a0, a4              t3 <- -151662086
 20884: 02059eb3    mulh    t4, a1, zero            t4 <- 0
 20888: 02a59333    mulh    t1, a1, a0              t1 <- 189498726
 20892: 02b59eb3    mulh    t4, a1, a1              t4 <- 126819123
 20896: 02c59f33    mulh    t5, a1, a2              t5 <- 246821453
 20900: 02d59f33    mulh    t5, a1, a3              t5 <- -63204746
 20904: 02e59e33    mulh    t3, a1, a4              t3 <- -101497531
 20908: 020613b3    mulh    t2, a2, zero            t2 <- 0
 20912: 02a61eb3    mulh    t4, a2, a0              t4 <- 368811496
 20916: 02b61e33    mulh    t3, a2, a1              t3 <- 246821453
 20920: 02c613b3    mulh    t2, a2, a2              t2 <- 480375733
 20924: 02d61eb3    mulh    t4, a2, a3              t4 <- -123012104
 20928: 02e61333    mulh    t1, a2, a4              t1 <- -197539356
 20932: 02069e33    mulh    t3, a3, zero            t3 <- 0
 20936: 02a69333    mulh    t1, a3, a0              t1 <- -94443318
 20940: 02b69eb3    mulh    t4, a3, a1              t4 <- -63204746
 20944: 02c69eb3    mulh    t4, a3, a2              t4 <- -123012104
 20948: 02d69f33    mulh    t5, a3, a3              t5 <- 31500295
 20952: 02e69333    mulh    t1, a3, a4              t1 <- 50584844
 20956: 02071f33    mulh    t5, a4, zero            t5 <- 0
 20960: 02a71eb3    mulh    t4, a4, a0              t4 <- -151662086
 20964: 02b71eb3    mulh    t4, a4, a1              t4 <- -101497531
 20968: 02c71f33    mulh    t5, a4, a2              t5 <- -197539356
 20972: 02d713b3    mulh    t2, a4, a3              t2 <- 50584844
 20976: 02e71f33    mulh    t5, a4, a4              t5 <- 81231823
 20980: 02002e33    mulhsu  t3, zero, zero          t3 <- 0
 20984: 02a02f33    mulhsu  t5, zero, a0            t5 <- 0
 20988: 02b02e33    mulhsu  t3, zero, a1            t3 <- 0
 20992: 02c02333    mulhsu  t1, zero, a2            t1 <- 0
 20996: 02d02333    mulhsu  t1, zero, a3            t1 <- 0
 21000: 02e02f33    mulhsu  t5, zero, a4            t5 <- 0
 21004: 020523b3    mulhsu  t2, a0, zero            t2 <- 0
 21008: 02a523b3    mulhsu  t2, a0, a0              t2 <- 283157351
 21012: 02b52f33    mulhsu  t5, a0, a1              t5 <- 189498726
 21016: 02c52e33    mulhsu  t3, a0, a2              t3 <- 368811496
 21020: 02d52f33    mulhsu  t5, a0, a3              t5 <- -94443318
 21024: 02e523b3    mulhsu  t2, a0, a4              t2 <- -151662086
 21028: 0205a333    mulhsu  t1, a1, zero            t1 <- 0
 21032: 02a5a333    mulhsu  t1, a1, a0              t1 <- 189498726
 21036: 02b5a333    mulhsu  t1, a1, a1              t1 <- 126819123
 21040: 02c5a3b3    mulhsu  t2, a1, a2              t2 <- 246821453
 21044: 02d5a333    mulhsu  t1, a1, a3              t1 <- -63204746
 21048: 02e5a333    mulhsu  t1, a1, a4              t1 <- -101497531
 21052: 020622b3    mulhsu  t0, a2, zero            t0 <- 0
 21056: 02a623b3    mulhsu  t2, a2, a0              t2 <- 368811496
 21060: 02b623b3    mulhsu  t2, a2, a1              t2 <- 246821453
 21064: 02c62eb3    mulhsu  t4, a2, a2              t4 <- 480375733
 21068: 02d62f33    mulhsu  t5, a2, a3              t5 <- -123012104
 21072: 02e623b3    mulhsu  t2, a2, a4              t2 <- -197539356
 21076: 0206a3b3    mulhsu  t2, a3, zero            t2 <- 0
 21080: 02a6ae33    mulhsu  t3, a3, a0              t3 <- -94443318
 21084: 02b6aeb3    mulhsu  t4, a3, a1              t4 <- -63204746
 21088: 02c6a3b3    mulhsu  t2, a3, a2              t2 <- -123012104
 21092: 02d6a333    mulhsu  t1, a3, a3              t1 <- 31500295
 21096: 02e6af33    mulhsu  t5, a3, a4              t5 <- 50584844
 21100: 02072333    mulhsu  t1, a4, zero            t1 <- 0
 21104: 02a72eb3    mulhsu  t4, a4, a0              t4 <- -151662086
 21108: 02b723b3    mulhsu  t2, a4, a1              t2 <- -101497531
 21112: 02c722b3    mulhsu  t0, a4, a2              t0 <- -197539356
 21116: 02d72f33    mulhsu  t5, a4, a3              t5 <- 50584844
 21120: 02e722b3    mulhsu  t0, a4, a4              t0 <- 81231823
 21124: 020032b3    mulhu   t0, zero, zero          t0 <- 0
 21128: 02a03f33    mulhu   t5, zero, a0            t5 <- 0
 21132: 02b03f33    mulhu   t5, zero, a1            t5 <- 0
 21136: 02c03e33    mulhu   t3, zero, a2            t3 <- 0
 21140: 02d03333    mulhu   t1, zero, a3            t1 <- 0
 21144: 02e03333    mulhu   t1, zero, a4            t1 <- 0
 21148: 02053333    mulhu   t1, a0, zero            t1 <- 0
 21152: 02a53333    mulhu   t1, a0, a0              t1 <- 283157351
 21156: 02b53f33    mulhu   t5, a0, a1              t5 <- 189498726
 21160: 02c53e33    mulhu   t3, a0, a2              t3 <- 368811496
 21164: 02d53f33    mulhu   t5, a0, a3              t5 <- -94443318
 21168: 02e532b3    mulhu   t0, a0, a4              t0 <- -151662086
 21172: 0205bf33    mulhu   t5, a1, zero            t5 <- 0
 21176: 02a5b2b3    mulhu   t0, a1, a0              t0 <- 189498726
 21180: 02b5be33    mulhu   t3, a1, a1              t3 <- 126819123
 21184: 02c5beb3    mulhu   t4, a1, a2              t4 <- 246821453
 21188: 02d5bf33    mulhu   t5, a1, a3              t5 <- -63204746
 21192: 02e5b2b3    mulhu   t0, a1, a4              t0 <- -101497531
 21196: 02063333    mulhu   t1, a2, zero            t1 <- 0
 21200: 02a63333    mulhu   t1, a2, a0              t1 <- 368811496
 21204: 02b63eb3    mulhu   t4, a2, a1              t4 <- 246821453
 21208: 02c633b3    mulhu   t2, a2, a2              t2 <- 480375733
 21212: 02d63eb3    mulhu   t4, a2, a3              t4 <- -123012104
 21216: 02e63e33    mulhu   t3, a2, a4              t3 <- -197539356
 21220: 0206b333    mulhu   t1, a3, zero            t1 <- 0
 21224: 02a6beb3    mulhu   t4, a3, a0              t4 <- -94443318
 21228: 02b6b2b3    mulhu   t0, a3, a1              t0 <- -63204746
 21232: 02c6b3b3    mulhu   t2, a3, a2              t2 <- -123012104
 21236: 02d6b3b3    mulhu   t2, a3, a3              t2 <- 31500295
 21240: 02e6b333    mulhu   t1, a3, a4              t1 <- 50584844
 21244: 020733b3    mulhu   t2, a4, zero            t2 <- 0
 21248: 02a732b3    mulhu   t0, a4, a0              t0 <- -151662086
 21252: 02b732b3    mulhu   t0, a4, a1              t0 <- -101497531
 21256: 02c73e33    mulhu   t3, a4, a2              t3 <- -197539356
 21260: 02d732b3    mulhu   t0, a4, a3              t0 <- 50584844
 21264: 02e73333    mulhu   t1, a4, a4              t1 <- 81231823
 21268: 02a042b3    div     t0, zero, a0            t0 <- 0
 21272: 02b042b3    div     t0, zero, a1            t0 <- 0
 21276: 02c04333    div     t1, zero, a2            t1 <- 0
 21280: 02d04e33    div     t3, zero, a3            t3 <- 0
 21284: 02e042b3    div     t0, zero, a4            t0 <- 0
 21288: 02a54eb3    div     t4, a0, a0              t4 <- 1
 21292: 02b54f33    div     t5, a0, a1              t5 <- 1
 21296: 02c54f33    div     t5, a0, a2              t5 <- 0
 21300: 02d542b3    div     t0, a0, a3              t0 <- -2
 21304: 02e543b3    div     t2, a0, a4              t2 <- -1
 21308: 02a5c333    div     t1, a1, a0              t1 <- 0
 21312: 02b5ce33    div     t3, a1, a1              t3 <- 1
 21316: 02c5cf33    div     t5, a1, a2              t5 <- 0
 21320: 02d5c2b3    div     t0, a1, a3              t0 <- -2
 21324: 02e5c3b3    div     t2, a1, a4              t2 <- -1
 21328: 02a64333    div     t1, a2, a0              t1 <- 1
 21332: 02b642b3    div     t0, a2, a1              t0 <- 1
 21336: 02c643b3    div     t2, a2, a2              t2 <- 1
 21340: 02d643b3    div     t2, a2, a3              t2 <- -3
 21344: 02e642b3    div     t0, a2, a4              t0 <- -2
 21348: 02a6ceb3    div     t4, a3, a0              t4 <- 0
 21352: 02b6cf33    div     t5, a3, a1              t5 <- 0
 21356: 02c6ceb3    div     t4, a3, a2              t4 <- 0
 21360: 02d6c2b3    div     t0, a3, a3              t0 <- 1
 21364: 02e6ce33    div     t3, a3, a4              t3 <- 0
 21368: 02a742b3    div     t0, a4, a0              t0 <- 0
 21372: 02b74eb3    div     t4, a4, a1              t4 <- 0
 21376: 02c74333    div     t1, a4, a2              t1 <- 0
 21380: 02d743b3    div     t2, a4, a3              t2 <- 1
 21384: 02e742b3    div     t0, a4, a4              t0 <- 1
 21388: 02a053b3    divu    t2, zero, a0            t2 <- 0
 21392: 02b053b3    divu    t2, zero, a1            t2 <- 0
 21396: 02c05eb3    divu    t4, zero, a2            t4 <- 0
 21400: 02d053b3    divu    t2, zero, a3            t2 <- 0
 21404: 02e052b3    divu    t0, zero, a4            t0 <- 0
 21408: 02a553b3    divu    t2, a0, a0              t2 <- 1
 21412: 02b55eb3    divu    t4, a0, a1              t4 <- 1
 21416: 02c55333    divu    t1, a0, a2              t1 <- 0
 21420: 02d55e33    divu    t3, a0, a3              t3 <- 0
 21424: 02e55f33    divu    t5, a0, a4              t5 <- 0
 21428: 02a5df33    divu    t5, a1, a0              t5 <- 0
 21432: 02b5deb3    divu    t4, a1, a1              t4 <- 1
 21436: 02c5d333    divu    t1, a1, a2              t1 <- 0
 21440: 02d5d333    divu    t1, a1, a3              t1 <- 0
 21444: 02e5d3b3    divu    t2, a1, a4              t2 <- 0
 21448: 02a652b3    divu    t0, a2, a0              t0 <- 1
 21452: 02b653b3    divu    t2, a2, a1              t2 <- 1
 21456: 02c652b3    divu    t0, a2, a2              t0 <- 1
 21460: 02d652b3    divu    t0, a2, a3              t0 <- 0
 21464: 02e65eb3    divu    t4, a2, a4              t4 <- 0
 21468: 02a6d333    divu    t1, a3, a0              t1 <- 3
 21472: 02b6d333    divu    t1, a3, a1              t1 <- 5
 21476: 02c6de33    divu    t3, a3, a2              t3 <- 2
 21480: 02d6d2b3    divu    t0, a3, a3              t0 <- 1
 21484: 02e6d2b3    divu    t0, a3, a4              t0 <- 1
 21488: 02a75e33    divu    t3, a4, a0              t3 <- 3
 21492: 02b75333    divu    t1, a4, a1              t1 <- 5
 21496: 02c753b3    divu    t2, a4, a2              t2 <- 2
 21500: 02d75eb3    divu    t4, a4, a3              t4 <- 0
 21504: 02e75333    divu    t1, a4, a4              t1 <- 1
 21508: 02a06333    rem     t1, zero, a0            t1 <- 0
 21512: 02b063b3    rem     t2, zero, a1            t2 <- 0
 21516: 02c063b3    rem     t2, zero, a2            t2 <- 0
 21520: 02d063b3    rem     t2, zero, a3            t2 <- 0
 21524: 02e06f33    rem     t5, zero, a4            t5 <- 0
 21528: 02a56f33    rem     t5, a0, a0              t5 <- 0
 21532: 02b56e33    rem     t3, a0, a1              t3 <- 364765527
 21536: 02c56e33    rem     t3, a0, a2              t3 <- 1102792620
 21540: 02d56f33    rem     t5, a0, a3              t5 <- 367149392
 21544: 02e563b3    rem     t2, a0, a4              t2 <- 512125178
 21548: 02a5e2b3    rem     t0, a1, a0              t0 <- 738027093
 21552: 02b5e2b3    rem     t0, a1, a1              t0 <- 0
 21556: 02c5e333    rem     t1, a1, a2              t1 <- 738027093
 21560: 02d5eeb3    rem     t4, a1, a3              t4 <- 2383865
 21564: 02e5ee33    rem     t3, a1, a4              t3 <- 147359651
 21568: 02a66eb3    rem     t4, a2, a0              t4 <- 333591056
 21572: 02b66eb3    rem     t4, a2, a1              t4 <- 698356583
 21576: 02c66e33    rem     t3, a2, a2              t3 <- 0
 21580: 02d66f33    rem     t5, a2, a3              t5 <- 332918834
 21584: 02e66f33    rem     t5, a2, a4              t5 <- 255048792
 21588: 02a6eeb3    rem     t4, a3, a0              t4 <- -367821614
 21592: 02b6e2b3    rem     t0, a3, a1              t0 <- -367821614
 21596: 02c6e333    rem     t1, a3, a2              t1 <- -367821614
 21600: 02d6ef33    rem     t5, a3, a3              t5 <- 0
 21604: 02e6ee33    rem     t3, a3, a4              t3 <- -367821614
 21608: 02a76e33    rem     t3, a4, a0              t3 <- -590667442
 21612: 02b76f33    rem     t5, a4, a1              t5 <- -590667442
 21616: 02c762b3    rem     t0, a4, a2              t0 <- -590667442
 21620: 02d76e33    rem     t3, a4, a3              t3 <- -222845828
 21624: 02e76eb3    rem     t4, a4, a4              t4 <- 0
 21628: 02a07e33    remu    t3, zero, a0            t3 <- 0
 21632: 02b07333    remu    t1, zero, a1            t1 <- 0
 21636: 02c07e33    remu    t3, zero, a2            t3 <- 0
 21640: 02d07333    remu    t1, zero, a3            t1 <- 0
 21644: 02e07f33    remu    t5, zero, a4            t5 <- 0
 21648: 02a57eb3    remu    t4, a0, a0              t4 <- 0
 21652: 02b57eb3    remu    t4, a0, a1              t4 <- 364765527
 21656: 02c57f33    remu    t5, a0, a2              t5 <- 1102792620
 21660: 02d573b3    remu    t2, a0, a3              t2 <- 1102792620
 21664: 02e57f33    remu    t5, a0, a4              t5 <- 1102792620
 21668: 02a5f333    remu    t1, a1, a0              t1 <- 738027093
 21672: 02b5f3b3    remu    t2, a1, a1              t2 <- 0
 21676: 02c5feb3    remu    t4, a1, a2              t4 <- 738027093
 21680: 02d5ff33    remu    t5, a1, a3              t5 <- 738027093
 21684: 02e5f3b3    remu    t2, a1, a4              t2 <- 738027093
 21688: 02a672b3    remu    t0, a2, a0              t0 <- 333591056
 21692: 02b67333    remu    t1, a2, a1              t1 <- 698356583
 21696: 02c67e33    remu    t3, a2, a2              t3 <- 0
 21700: 02d67f33    remu    t5, a2, a3              t5 <- 1436383676
 21704: 02e67333    remu    t1, a2, a4              t1 <- 1436383676
 21708: 02a6f333    remu    t1, a3, a0              t1 <- 618767822
 21712: 02b6fe33    remu    t3, a3, a1              t3 <- 237010217
 21716: 02c6fe33    remu    t3, a3, a2              t3 <- 1054378330
 21720: 02d6f2b3    remu    t0, a3, a3              t0 <- 0
 21724: 02e6ff33    remu    t5, a3, a4              t5 <- 222845828
 21728: 02a77e33    remu    t3, a4, a0              t3 <- 395921994
 21732: 02b77f33    remu    t5, a4, a1              t5 <- 14164389
 21736: 02c77e33    remu    t3, a4, a2              t3 <- 831532502
 21740: 02d772b3    remu    t0, a4, a3              t0 <- -590667442
 21744: 02e77e33    remu    t3, a4, a4              t3 <- 0
 21748: 3f308537    lui     a0, 1060143104          a0 <- 1060143104
 21752: 8a050513    addi    a0, a0, -1888           a0 <- 1060141216
 21756: d075b5b7    lui     a1, 3497373696          a1 <- -797593600
 21760: 98a58593    addi    a1, a1, -1654           a1 <- -797595254
 21764: e3191637    lui     a2, 3810070528          a2 <- -484896768
 21768: de460613    addi    a2, a2, -540            a2 <- -484897308
 21772: 3922c6b7    lui     a3, 958578688           a3 <- 958578688
 21776: 12c68693    addi    a3, a3, 300             a3 <- 958578988
 21780: 4d41a737    lui     a4, 1296146432          a4 <- 1296146432
 21784: 07270713    addi    a4, a4, 114             a4 <- 1296146546
 21788: 02000333    mul     t1, zero, zero          t1 <- 0
 21792: 02a00e33    mul     t3, zero, a0            t3 <- 0
 21796: 02b00e33    mul     t3, zero, a1            t3 <- 0
 21800: 02c00eb3    mul     t4, zero, a2            t4 <- 0
 21804: 02d00eb3    mul     t4, zero, a3            t4 <- 0
 21808: 02e002b3    mul     t0, zero, a4            t0 <- 0
 21812: 02050e33    mul     t3, a0, zero            t3 <- 0
 21816: 02a50f33    mul     t5, a0, a0              t5 <- 886465536
 21820: 02b503b3    mul     t2, a0, a1              t2 <- 820160064
 21824: 02c50eb3    mul     t4, a0, a2              t4 <- 1693159040
 21828: 02d502b3    mul     t0, a0, a3              t0 <- 210066304
 21832: 02e50e33    mul     t3, a0, a4              t3 <- 798603072
 21836: 020583b3    mul     t2, a1, zero            t2 <- 0
 21840: 02a58f33    mul     t5, a1, a0              t5 <- 820160064
 21844: 02b58333    mul     t1, a1, a1              t1 <- -1469350300
 21848: 02c58f33    mul     t5, a1, a2              t5 <- -1897856792
 21852: 02d58f33    mul     t5, a1, a3              t5 <- -950129224
 21856: 02e58eb3    mul     t4, a1, a4              t4 <- -328876172
 21860: 020603b3    mul     t2, a2, zero            t2 <- 0
 21864: 02a60eb3    mul     t4, a2, a0              t4 <- 1693159040
 21868: 02b60f33    mul     t5, a2, a1              t5 <- -1897856792
 21872: 02c60eb3    mul     t4, a2, a2              t4 <- 256439056
 21876: 02d60e33    mul     t3, a2, a3              t3 <- -2012264656
 21880: 02e60f33    mul     t5, a2, a4              t5 <- -457527416
 21884: 020682b3    mul     t0, a3, zero            t0 <- 0
 21888: 02a68333    mul     t1, a3, a0              t1 <- 210066304
 21892: 02b68e33    mul     t3, a3, a1              t3 <- -950129224
 21896: 02c683b3    mul     t2, a3, a2              t2 <- -2012264656
 21900: 02d68e33    mul     t3, a3, a3              t3 <- 2037604240
 21904: 02e68333    mul     t1, a3, a4              t1 <- 1918993816
 21908: 02070e33    mul     t3, a4, zero            t3 <- 0
 21912: 02a702b3    mul     t0, a4, a0              t0 <- 798603072
 21916: 02b703b3    mul     t2, a4, a1              t2 <- -328876172
 21920: 02c702b3    mul     t0, a4, a2              t0 <- -457527416
 21924: 02d702b3    mul     t0, a4, a3              t0 <- 1918993816
 21928: 02e70333    mul     t1, a4, a4              t1 <- 1920119492
 21932: 02001f33    mulh    t5, zero, zero          t5 <- 0
 21936: 02a013b3    mulh    t2, zero, a0            t2 <- 0
 21940: 02b012b3    mulh    t0, zero, a1            t0 <- 0
 21944: 02c012b3    mulh    t0, zero, a2            t0 <- 0
 21948: 02d012b3    mulh    t0, zero, a3            t0 <- 0
 21952: 02e01f33    mulh    t5, zero, a4            t5 <- 0
 21956: 02051f33    mulh    t5, a0, zero            t5 <- 0
 21960: 02a513b3    mulh    t2, a0, a0              t2 <- 261678220
 21964: 02b51f33    mulh    t5, a0, a1              t5 <- -196873118
 21968: 02c51f33    mulh    t5, a0, a2              t5 <- -119688833
 21972: 02d51e33    mulh    t3, a0, a3              t3 <- 236609274
 21976: 02e513b3    mulh    t2, a0, a4              t2 <- 319932209
 21980: 020593b3    mulh    t2, a1, zero            t2 <- 0
 21984: 02a592b3    mulh    t0, a1, a0              t0 <- -196873118
 21988: 02b59f33    mulh    t5, a1, a1              t5 <- 148117120
 21992: 02c59f33    mulh    t5, a1, a2              t5 <- 90047668
 21996: 02d59f33    mulh    t5, a1, a3              t5 <- -178012544
 22000: 02e59f33    mulh    t5, a1, a4              t5 <- -240700398
 22004: 02061f33    mulh    t5, a2, zero            t5 <- 0
 22008: 02a612b3    mulh    t0, a2, a0              t0 <- -119688833
 22012: 02b61e33    mulh    t3, a2, a1              t3 <- 90047668
 22016: 02c61eb3    mulh    t4, a2, a2              t4 <- 54744398
 22020: 02d61eb3    mulh    t4, a2, a3              t4 <- -108222564
 22024: 02e612b3    mulh    t0, a2, a4              t0 <- -146333588
 22028: 020692b3    mulh    t0, a3, zero            t0 <- 0
 22032: 02a69333    mulh    t1, a3, a0              t1 <- 236609274
 22036: 02b69f33    mulh    t5, a3, a1              t5 <- -178012544
 22040: 02c69f33    mulh    t5, a3, a2              t5 <- -108222564
 22044: 02d69333    mulh    t1, a3, a3              t1 <- 213941949
 22048: 02e69e33    mulh    t3, a3, a4              t3 <- 289282492
 22052: 020712b3    mulh    t0, a4, zero            t0 <- 0
 22056: 02a71eb3    mulh    t4, a4, a0              t4 <- 319932209
 22060: 02b71e33    mulh    t3, a4, a1              t3 <- -240700398
 22064: 02c71e33    mulh    t3, a4, a2              t3 <- -146333588
 22068: 02d71333    mulh    t1, a4, a3              t1 <- 289282492
 22072: 02e71f33    mulh    t5, a4, a4              t5 <- 391154519
 22076: 02002333    mulhsu  t1, zero, zero          t1 <- 0
 22080: 02a02eb3    mulhsu  t4, zero, a0            t4 <- 0
 22084: 02b02eb3    mulhsu  t4, zero, a1            t4 <- 0
 22088: 02c023b3    mulhsu  t2, zero, a2            t2 <- 0
 22092: 02d02eb3    mulhsu  t4, zero, a3            t4 <- 0
 22096: 02e02f33    mulhsu  t5, zero, a4            t5 <- 0
 22100: 02052f33    mulhsu  t5, a0, zero            t5 <- 0
 22104: 02a52e33    mulhsu  t3, a0, a0              t3 <- 261678220
 22108: 02b52f33    mulhsu  t5, a0, a1              t5 <- -196873118
 22112: 02c522b3    mulhsu  t0, a0, a2              t0 <- -119688833
 22116: 02d52e33    mulhsu  t3, a0, a3              t3 <- 236609274
 22120: 02e523b3    mulhsu  t2, a0, a4              t2 <- 319932209
 22124: 0205a333    mulhsu  t1, a1, zero            t1 <- 0
 22128: 02a5a333    mulhsu  t1, a1, a0              t1 <- -196873118
 22132: 02b5ae33    mulhsu  t3, a1, a1              t3 <- 148117120
 22136: 02c5a333    mulhsu  t1, a1, a2              t1 <- 90047668
 22140: 02d5a3b3    mulhsu  t2, a1, a3              t2 <- -178012544
 22144: 02e5ae33    mulhsu  t3, a1, a4              t3 <- -240700398
 22148: 02062f33    mulhsu  t5, a2, zero            t5 <- 0
 22152: 02a62333    mulhsu  t1, a2, a0              t1 <- -119688833
 22156: 02b622b3    mulhsu  t0, a2, a1              t0 <- 90047668
 22160: 02c62eb3    mulhsu  t4, a2, a2              t4 <- 54744398
 22164: 02d62f33    mulhsu  t5, a2, a3              t5 <- -108222564
 22168: 02e623b3    mulhsu  t2, a2, a4              t2 <- -146333588
 22172: 0206a333    mulhsu  t1, a3, zero            t1 <- 0
 22176: 02a6ae33    mulhsu  t3, a3, a0              t3 <- 236609274
 22180: 02b6a333    mulhsu  t1, a3, a1              t1 <- -178012544
 22184: 02c6af33    mulhsu  t5, a3, a2              t5 <- -108222564
 22188: 02d6a333    mulhsu  t1, a3, a3              t1 <- 213941949
 22192: 02e6a333    mulhsu  t1, a3, a4              t1 <- 289282492
 22196: 02072f33    mulhsu  t5, a4, zero            t5 <- 0
 22200: 02a72333    mulhsu  t1, a4, a0              t1 <- 319932209
 22204: 02b72f33    mulhsu  t5, a4, a1              t5 <- -240700398
 22208: 02c722b3    mulhsu  t0, a4, a2              t0 <- -146333588
 22212: 02d72e33    mulhsu  t3, a4, a3              t3 <- 289282492
 22216: 02e72333    mulhsu  t1, a4, a4              t1 <- 391154519
 22220: 02003eb3    mulhu   t4, zero, zero          t4 <- 0
 22224: 02a03f33    mulhu   t5, zero, a0            t5 <- 0
 22228: 02b03eb3    mulhu   t4, zero, a1            t4 <- 0
 22232: 02c03e33    mulhu   t3, zero, a2            t3 <- 0
 22236: 02d03333    mulhu   t1, zero, a3            t1 <- 0
 22240: 02e03eb3    mulhu   t4, zero, a4            t4 <- 0
 22244: 02053eb3    mulhu   t4, a0, zero            t4 <- 0
 22248: 02a533b3    mulhu   t2, a0, a0              t2 <- 261678220
 22252: 02b532b3    mulhu   t0, a0, a1              t0 <- -196873118
 22256: 02c53333    mulhu   t1, a0, a2              t1 <- -119688833
 22260: 02d532b3    mulhu   t0, a0, a3              t0 <- 236609274
 22264: 02e53333    mulhu   t1, a0, a4              t1 <- 319932209
 22268: 0205b3b3    mulhu   t2, a1, zero            t2 <- 0
 22272: 02a5beb3    mulhu   t4, a1, a0              t4 <- -196873118
 22276: 02b5be33    mulhu   t3, a1, a1              t3 <- 148117120
 22280: 02c5beb3    mulhu   t4, a1, a2              t4 <- 90047668
 22284: 02d5beb3    mulhu   t4, a1, a3              t4 <- -178012544
 22288: 02e5be33    mulhu   t3, a1, a4              t3 <- -240700398
 22292: 02063e33    mulhu   t3, a2, zero            t3 <- 0
 22296: 02a63333    mulhu   t1, a2, a0              t1 <- -119688833
 22300: 02b63eb3    mulhu   t4, a2, a1              t4 <- 90047668
 22304: 02c63333    mulhu   t1, a2, a2              t1 <- 54744398
 22308: 02d632b3    mulhu   t0, a2, a3              t0 <- -108222564
 22312: 02e63e33    mulhu   t3, a2, a4              t3 <- -146333588
 22316: 0206b333    mulhu   t1, a3, zero            t1 <- 0
 22320: 02a6be33    mulhu   t3, a3, a0              t3 <- 236609274
 22324: 02b6be33    mulhu   t3, a3, a1              t3 <- -178012544
 22328: 02c6b333    mulhu   t1, a3, a2              t1 <- -108222564
 22332: 02d6b333    mulhu   t1, a3, a3              t1 <- 213941949
 22336: 02e6b333    mulhu   t1, a3, a4              t1 <- 289282492
 22340: 02073e33    mulhu   t3, a4, zero            t3 <- 0
 22344: 02a733b3    mulhu   t2, a4, a0              t2 <- 319932209
 22348: 02b73e33    mulhu   t3, a4, a1              t3 <- -240700398
 22352: 02c733b3    mulhu   t2, a4, a2              t2 <- -146333588
 22356: 02d73333    mulhu   t1, a4, a3              t1 <- 289282492
 22360: 02e73333    mulhu   t1, a4, a4              t1 <- 391154519
 22364: 02a04333    div     t1, zero, a0            t1 <- 0
 22368: 02b042b3    div     t0, zero, a1            t0 <- 0
 22372: 02c04e33    div     t3, zero, a2            t3 <- 0
 22376: 02d04eb3    div     t4, zero, a3            t4 <- 0
 22380: 02e04eb3    div     t4, zero, a4            t4 <- 0
 22384: 02a54f33    div     t5, a0, a0              t5 <- 1
 22388: 02b54e33    div     t3, a0, a1              t3 <- -1
 22392: 02c543b3    div     t2, a0, a2              t2 <- -2
 22396: 02d54e33    div     t3, a0, a3              t3 <- 1
 22400: 02e54e33    div     t3, a0, a4              t3 <- 0
 22404: 02a5c2b3    div     t0, a1, a0              t0 <- 0
 22408: 02b5c2b3    div     t0, a1, a1              t0 <- 1
 22412: 02c5ce33    div     t3, a1, a2              t3 <- 1
 22416: 02d5c333    div     t1, a1, a3              t1 <- 0
 22420: 02e5ce33    div     t3, a1, a4              t3 <- 0
 22424: 02a642b3    div     t0, a2, a0              t0 <- 0
 22428: 02b64333    div     t1, a2, a1              t1 <- 0
 22432: 02c64e33    div     t3, a2, a2              t3 <- 1
 22436: 02d64eb3    div     t4, a2, a3              t4 <- 0
 22440: 02e64eb3    div     t4, a2, a4              t4 <- 0
 22444: 02a6cf33    div     t5, a3, a0              t5 <- 0
 22448: 02b6c333    div     t1, a3, a1              t1 <- -1
 22452: 02c6cf33    div     t5, a3, a2              t5 <- -1
 22456: 02d6ce33    div     t3, a3, a3              t3 <- 1
 22460: 02e6c333    div     t1, a3, a4              t1 <- 0
 22464: 02a74eb3    div     t4, a4, a0              t4 <- 1
 22468: 02b743b3    div     t2, a4, a1              t2 <- -1
 22472: 02c74e33    div     t3, a4, a2              t3 <- -2
 22476: 02d74f33    div     t5, a4, a3              t5 <- 1
 22480: 02e74f33    div     t5, a4, a4              t5 <- 1
 22484: 02a05eb3    divu    t4, zero, a0            t4 <- 0
 22488: 02b05f33    divu    t5, zero, a1            t5 <- 0
 22492: 02c052b3    divu    t0, zero, a2            t0 <- 0
 22496: 02d053b3    divu    t2, zero, a3            t2 <- 0
 22500: 02e052b3    divu    t0, zero, a4            t0 <- 0
 22504: 02a55e33    divu    t3, a0, a0              t3 <- 1
 22508: 02b552b3    divu    t0, a0, a1              t0 <- 0
 22512: 02c55eb3    divu    t4, a0, a2              t4 <- 0
 22516: 02d55eb3    divu    t4, a0, a3              t4 <- 1
 22520: 02e552b3    divu    t0, a0, a4              t0 <- 0
 22524: 02a5d333    divu    t1, a1, a0              t1 <- 3
 22528: 02b5deb3    divu    t4, a1, a1              t4 <- 1
 22532: 02c5deb3    divu    t4, a1, a2              t4 <- 0
 22536: 02d5deb3    divu    t4, a1, a3              t4 <- 3
 22540: 02e5de33    divu    t3, a1, a4              t3 <- 2
 22544: 02a65eb3    divu    t4, a2, a0              t4 <- 3
 22548: 02b65e33    divu    t3, a2, a1              t3 <- 1
 22552: 02c652b3    divu    t0, a2, a2              t0 <- 1
 22556: 02d653b3    divu    t2, a2, a3              t2 <- 3
 22560: 02e65eb3    divu    t4, a2, a4              t4 <- 2
 22564: 02a6d333    divu    t1, a3, a0              t1 <- 0
 22568: 02b6d3b3    divu    t2, a3, a1              t2 <- 0
 22572: 02c6d333    divu    t1, a3, a2              t1 <- 0
 22576: 02d6de33    divu    t3, a3, a3              t3 <- 1
 22580: 02e6deb3    divu    t4, a3, a4              t4 <- 0
 22584: 02a752b3    divu    t0, a4, a0              t0 <- 1
 22588: 02b75eb3    divu    t4, a4, a1              t4 <- 0
 22592: 02c753b3    divu    t2, a4, a2              t2 <- 0
 22596: 02d753b3    divu    t2, a4, a3              t2 <- 1
 22600: 02e752b3    divu    t0, a4, a4              t0 <- 1
 22604: 02a06f33    rem     t5, zero, a0            t5 <- 0
 22608: 02b06eb3    rem     t4, zero, a1            t4 <- 0
 22612: 02c063b3    rem     t2, zero, a2            t2 <- 0
 22616: 02d063b3    rem     t2, zero, a3            t2 <- 0
 22620: 02e06f33    rem     t5, zero, a4            t5 <- 0
 22624: 02a56f33    rem     t5, a0, a0              t5 <- 0
 22628: 02b56e33    rem     t3, a0, a1              t3 <- 262545962
 22632: 02c562b3    rem     t0, a0, a2              t0 <- 90346600
 22636: 02d56eb3    rem     t4, a0, a3              t4 <- 101562228
 22640: 02e56f33    rem     t5, a0, a4              t5 <- 1060141216
 22644: 02a5e333    rem     t1, a1, a0              t1 <- -797595254
 22648: 02b5e333    rem     t1, a1, a1              t1 <- 0
 22652: 02c5ee33    rem     t3, a1, a2              t3 <- -312697946
 22656: 02d5e2b3    rem     t0, a1, a3              t0 <- -797595254
 22660: 02e5e333    rem     t1, a1, a4              t1 <- -797595254
 22664: 02a663b3    rem     t2, a2, a0              t2 <- -484897308
 22668: 02b66333    rem     t1, a2, a1              t1 <- -484897308
 22672: 02c66eb3    rem     t4, a2, a2              t4 <- 0
 22676: 02d66f33    rem     t5, a2, a3              t5 <- -484897308
 22680: 02e662b3    rem     t0, a2, a4              t0 <- -484897308
 22684: 02a6e333    rem     t1, a3, a0              t1 <- 958578988
 22688: 02b6eeb3    rem     t4, a3, a1              t4 <- 160983734
 22692: 02c6e333    rem     t1, a3, a2              t1 <- 473681680
 22696: 02d6ee33    rem     t3, a3, a3              t3 <- 0
 22700: 02e6e2b3    rem     t0, a3, a4              t0 <- 958578988
 22704: 02a762b3    rem     t0, a4, a0              t0 <- 236005330
 22708: 02b762b3    rem     t0, a4, a1              t0 <- 498551292
 22712: 02c76333    rem     t1, a4, a2              t1 <- 326351930
 22716: 02d763b3    rem     t2, a4, a3              t2 <- 337567558
 22720: 02e76333    rem     t1, a4, a4              t1 <- 0
 22724: 02a072b3    remu    t0, zero, a0            t0 <- 0
 22728: 02b07333    remu    t1, zero, a1            t1 <- 0
 22732: 02c07333    remu    t1, zero, a2            t1 <- 0
 22736: 02d072b3    remu    t0, zero, a3            t0 <- 0
 22740: 02e07e33    remu    t3, zero, a4            t3 <- 0
 22744: 02a57eb3    remu    t4, a0, a0              t4 <- 0
 22748: 02b572b3    remu    t0, a0, a1              t0 <- 1060141216
 22752: 02c57333    remu    t1, a0, a2              t1 <- 1060141216
 22756: 02d57f33    remu    t5, a0, a3              t5 <- 101562228
 22760: 02e57333    remu    t1, a0, a4              t1 <- 1060141216
 22764: 02a5ff33    remu    t5, a1, a0              t5 <- 316948394
 22768: 02b5fe33    remu    t3, a1, a1              t3 <- 0
 22772: 02c5f3b3    remu    t2, a1, a2              t2 <- -797595254
 22776: 02d5fe33    remu    t3, a1, a3              t3 <- 621635078
 22780: 02e5fe33    remu    t3, a1, a4              t3 <- 905078950
 22784: 02a67333    remu    t1, a2, a0              t1 <- 629646340
 22788: 02b672b3    remu    t0, a2, a1              t0 <- 312697946
 22792: 02c67e33    remu    t3, a2, a2              t3 <- 0
 22796: 02d67eb3    remu    t4, a2, a3              t4 <- 934333024
 22800: 02e67333    remu    t1, a2, a4              t1 <- 1217776896
 22804: 02a6f333    remu    t1, a3, a0              t1 <- 958578988
 22808: 02b6fe33    remu    t3, a3, a1              t3 <- 958578988
 22812: 02c6f2b3    remu    t0, a3, a2              t0 <- 958578988
 22816: 02d6fe33    remu    t3, a3, a3              t3 <- 0
 22820: 02e6ff33    remu    t5, a3, a4              t5 <- 958578988
 22824: 02a773b3    remu    t2, a4, a0              t2 <- 236005330
 22828: 02b77f33    remu    t5, a4, a1              t5 <- 1296146546
 22832: 02c77e33    remu    t3, a4, a2              t3 <- 1296146546
 22836: 02d77333    remu    t1, a4, a3              t1 <- 337567558
 22840: 02e77eb3    remu    t4, a4, a4              t4 <- 0
 22844: aa101537    lui     a0, 2853179392          a0 <- -1441787904
 22848: 21b50513    addi    a0, a0, 539             a0 <- -1441787365
 22852: ca43c5b7    lui     a1, 3393437696          a1 <- -901529600
 22856: fa258593    addi    a1, a1, -94             a1 <- -901529694
 22860: 438f0637    lui     a2, 1133445120          a2 <- 1133445120
 22864: a6860613    addi    a2, a2, -1432           a2 <- 1133443688
 22868: 943806b7    lui     a3, 2486697984          a3 <- -1808269312
 22872: 9ef68693    addi    a3, a3, -1553           a3 <- -1808270865
 22876: 2cbc3737    lui     a4, 750530560           a4 <- 750530560
 22880: 29e70713    addi    a4, a4, 670             a4 <- 750531230
 22884: 020003b3    mul     t2, zero, zero          t2 <- 0
 22888: 02a003b3    mul     t2, zero, a0            t2 <- 0
 22892: 02b00333    mul     t1, zero, a1            t1 <- 0
 22896: 02c002b3    mul     t0, zero, a2            t0 <- 0
 22900: 02d00333    mul     t1, zero, a3            t1 <- 0
 22904: 02e002b3    mul     t0, zero, a4            t0 <- 0
 22908: 02050e33    mul     t3, a0, zero            t3 <- 0
 22912: 02a502b3    mul     t0, a0, a0              t0 <- 547868377
 22916: 02b50eb3    mul     t4, a0, a1              t4 <- -1497458154
 22920: 02c50eb3    mul     t4, a0, a2              t4 <- -466634504
 22924: 02d50e33    mul     t3, a0, a3              t3 <- -429249995
 22928: 02e50e33    mul     t3, a0, a4              t3 <- 155742890
 22932: 020582b3    mul     t0, a1, zero            t0 <- 0
 22936: 02a582b3    mul     t0, a1, a0              t0 <- -1497458154
 22940: 02b583b3    mul     t2, a1, a1              t2 <- -2042682748
 22944: 02c58f33    mul     t5, a1, a2              t5 <- 109448656
 22948: 02d58eb3    mul     t4, a1, a3              t4 <- -1905100226
 22952: 02e58333    mul     t1, a1, a4              t1 <- -1539970564
 22956: 02060333    mul     t1, a2, zero            t1 <- 0
 22960: 02a60333    mul     t1, a2, a0              t1 <- -466634504
 22964: 02b60333    mul     t1, a2, a1              t1 <- 109448656
 22968: 02c603b3    mul     t2, a2, a2              t2 <- 810502720
 22972: 02d60eb3    mul     t4, a2, a3              t4 <- 274919192
 22976: 02e60eb3    mul     t4, a2, a4              t4 <- 1669782576
 22980: 020683b3    mul     t2, a3, zero            t2 <- 0
 22984: 02a682b3    mul     t0, a3, a0              t0 <- -429249995
 22988: 02b682b3    mul     t0, a3, a1              t0 <- -1905100226
 22992: 02c682b3    mul     t0, a3, a2              t0 <- 274919192
 22996: 02d68e33    mul     t3, a3, a3              t3 <- -1330328287
 23000: 02e68e33    mul     t3, a3, a4              t3 <- 148959106
 23004: 02070e33    mul     t3, a4, zero            t3 <- 0
 23008: 02a703b3    mul     t2, a4, a0              t2 <- 155742890
 23012: 02b702b3    mul     t0, a4, a1              t0 <- -1539970564
 23016: 02c70e33    mul     t3, a4, a2              t3 <- 1669782576
 23020: 02d70e33    mul     t3, a4, a3              t3 <- 148959106
 23024: 02e70f33    mul     t5, a4, a4              t5 <- -1307436668
 23028: 020012b3    mulh    t0, zero, zero          t0 <- 0
 23032: 02a01f33    mulh    t5, zero, a0            t5 <- 0
 23036: 02b01f33    mulh    t5, zero, a1            t5 <- 0
 23040: 02c012b3    mulh    t0, zero, a2            t0 <- 0
 23044: 02d01333    mulh    t1, zero, a3            t1 <- 0
 23048: 02e01eb3    mulh    t4, zero, a4            t4 <- 0
 23052: 02051333    mulh    t1, a0, zero            t1 <- 0
 23056: 02a51333    mulh    t1, a0, a0              t1 <- 483996888
 23060: 02b513b3    mulh    t2, a0, a1              t2 <- 302636558
 23064: 02c51e33    mulh    t3, a0, a2              t3 <- -380488297
 23068: 02d51f33    mulh    t5, a0, a3              t5 <- 607022569
 23072: 02e513b3    mulh    t2, a0, a4              t2 <- -251947540
 23076: 02059e33    mulh    t3, a1, zero            t3 <- 0
 23080: 02a592b3    mulh    t0, a1, a0              t0 <- 302636558
 23084: 02b593b3    mulh    t2, a1, a1              t2 <- 189234453
 23088: 02c592b3    mulh    t0, a1, a2              t0 <- -237914068
 23092: 02d593b3    mulh    t2, a1, a3              t2 <- 379562815
 23096: 02e592b3    mulh    t0, a1, a4              t0 <- -157539312
 23100: 02061f33    mulh    t5, a2, zero            t5 <- 0
 23104: 02a61333    mulh    t1, a2, a0              t1 <- -380488297
 23108: 02b613b3    mulh    t2, a2, a1              t2 <- -237914068
 23112: 02c61e33    mulh    t3, a2, a2              t3 <- 299116269
 23116: 02d61333    mulh    t1, a2, a3              t1 <- -477203447
 23120: 02e613b3    mulh    t2, a2, a4              t2 <- 198065509
 23124: 02069eb3    mulh    t4, a3, zero            t4 <- 0
 23128: 02a693b3    mulh    t2, a3, a0              t2 <- 607022569
 23132: 02b69eb3    mulh    t4, a3, a1              t4 <- 379562815
 23136: 02c69333    mulh    t1, a3, a2              t1 <- -477203447
 23140: 02d69333    mulh    t1, a3, a3              t1 <- 761319771
 23144: 02e69f33    mulh    t5, a3, a4              t5 <- -315989311
 23148: 02071eb3    mulh    t4, a4, zero            t4 <- 0
 23152: 02a71eb3    mulh    t4, a4, a0              t4 <- -251947540
 23156: 02b71e33    mulh    t3, a4, a1              t3 <- -157539312
 23160: 02c713b3    mulh    t2, a4, a2              t2 <- 198065509
 23164: 02d71f33    mulh    t5, a4, a3              t5 <- -315989311
 23168: 02e713b3    mulh    t2, a4, a4              t2 <- 131152832
 23172: 02002f33    mulhsu  t5, zero, zero          t5 <- 0
 23176: 02a022b3    mulhsu  t0, zero, a0            t0 <- 0
 23180: 02b02333    mulhsu  t1, zero, a1            t1 <- 0
 23184: 02c02f33    mulhsu  t5, zero, a2            t5 <- 0
 23188: 02d02333    mulhsu  t1, zero, a3            t1 <- 0
 23192: 02e02333    mulhsu  t1, zero, a4            t1 <- 0
 23196: 020523b3    mulhsu  t2, a0, zero            t2 <- 0
 23200: 02a52333    mulhsu  t1, a0, a0              t1 <- 483996888
 23204: 02b52333    mulhsu  t1, a0, a1              t1 <- 302636558
 23208: 02c523b3    mulhsu  t2, a0, a2              t2 <- -380488297
 23212: 02d52f33    mulhsu  t5, a0, a3              t5 <- 607022569
 23216: 02e522b3    mulhsu  t0, a0, a4              t0 <- -251947540
 23220: 0205af33    mulhsu  t5, a1, zero            t5 <- 0
 23224: 02a5af33    mulhsu  t5, a1, a0              t5 <- 302636558
 23228: 02b5af33    mulhsu  t5, a1, a1              t5 <- 189234453
 23232: 02c5aeb3    mulhsu  t4, a1, a2              t4 <- -237914068
 23236: 02d5a2b3    mulhsu  t0, a1, a3              t0 <- 379562815
 23240: 02e5af33    mulhsu  t5, a1, a4              t5 <- -157539312
 23244: 02062333    mulhsu  t1, a2, zero            t1 <- 0
 23248: 02a622b3    mulhsu  t0, a2, a0              t0 <- -380488297
 23252: 02b62333    mulhsu  t1, a2, a1              t1 <- -237914068
 23256: 02c622b3    mulhsu  t0, a2, a2              t0 <- 299116269
 23260: 02d62eb3    mulhsu  t4, a2, a3              t4 <- -477203447
 23264: 02e622b3    mulhsu  t0, a2, a4              t0 <- 198065509
 23268: 0206aeb3    mulhsu  t4, a3, zero            t4 <- 0
 23272: 02a6ae33    mulhsu  t3, a3, a0              t3 <- 607022569
 23276: 02b6af33    mulhsu  t5, a3, a1              t5 <- 379562815
 23280: 02c6a3b3    mulhsu  t2, a3, a2              t2 <- -477203447
 23284: 02d6a333    mulhsu  t1, a3, a3              t1 <- 761319771
 23288: 02e6a3b3    mulhsu  t2, a3, a4              t2 <- -315989311
 23292: 02072eb3    mulhsu  t4, a4, zero            t4 <- 0
 23296: 02a72e33    mulhsu  t3, a4, a0              t3 <- -251947540
 23300: 02b72333    mulhsu  t1, a4, a1              t1 <- -157539312
 23304: 02c723b3    mulhsu  t2, a4, a2              t2 <- 198065509
 23308: 02d72f33    mulhsu  t5, a4, a3              t5 <- -315989311
 23312: 02e72eb3    mulhsu  t4, a4, a4              t4 <- 131152832
 23316: 02003f33    mulhu   t5, zero, zero          t5 <- 0
 23320: 02a033b3    mulhu   t2, zero, a0            t2 <- 0
 23324: 02b033b3    mulhu   t2, zero, a1            t2 <- 0
 23328: 02c03e33    mulhu   t3, zero, a2            t3 <- 0
 23332: 02d03333    mulhu   t1, zero, a3            t1 <- 0
 23336: 02e032b3    mulhu   t0, zero, a4            t0 <- 0
 23340: 02053e33    mulhu   t3, a0, zero            t3 <- 0
 23344: 02a533b3    mulhu   t2, a0, a0              t2 <- 483996888
 23348: 02b532b3    mulhu   t0, a0, a1              t0 <- 302636558
 23352: 02c532b3    mulhu   t0, a0, a2              t0 <- -380488297
 23356: 02d53eb3    mulhu   t4, a0, a3              t4 <- 607022569
 23360: 02e53e33    mulhu   t3, a0, a4              t3 <- -251947540
 23364: 0205b3b3    mulhu   t2, a1, zero            t2 <- 0
 23368: 02a5b3b3    mulhu   t2, a1, a0              t2 <- 302636558
 23372: 02b5b333    mulhu   t1, a1, a1              t1 <- 189234453
 23376: 02c5bf33    mulhu   t5, a1, a2              t5 <- -237914068
 23380: 02d5beb3    mulhu   t4, a1, a3              t4 <- 379562815
 23384: 02e5b2b3    mulhu   t0, a1, a4              t0 <- -157539312
 23388: 020632b3    mulhu   t0, a2, zero            t0 <- 0
 23392: 02a632b3    mulhu   t0, a2, a0              t0 <- -380488297
 23396: 02b633b3    mulhu   t2, a2, a1              t2 <- -237914068
 23400: 02c633b3    mulhu   t2, a2, a2              t2 <- 299116269
 23404: 02d632b3    mulhu   t0, a2, a3              t0 <- -477203447
 23408: 02e63f33    mulhu   t5, a2, a4              t5 <- 198065509
 23412: 0206b333    mulhu   t1, a3, zero            t1 <- 0
 23416: 02a6b3b3    mulhu   t2, a3, a0              t2 <- 607022569
 23420: 02b6bf33    mulhu   t5, a3, a1              t5 <- 379562815
 23424: 02c6be33    mulhu   t3, a3, a2              t3 <- -477203447
 23428: 02d6b3b3    mulhu   t2, a3, a3              t2 <- 761319771
 23432: 02e6b2b3    mulhu   t0, a3, a4              t0 <- -315989311
 23436: 02073333    mulhu   t1, a4, zero            t1 <- 0
 23440: 02a73f33    mulhu   t5, a4, a0              t5 <- -251947540
 23444: 02b73333    mulhu   t1, a4, a1              t1 <- -157539312
 23448: 02c73e33    mulhu   t3, a4, a2              t3 <- 198065509
 23452: 02d73333    mulhu   t1, a4, a3              t1 <- -315989311
 23456: 02e73f33    mulhu   t5, a4, a4              t5 <- 131152832
 23460: 02a042b3    div     t0, zero, a0            t0 <- 0
 23464: 02b04333    div     t1, zero, a1            t1 <- 0
 23468: 02c04eb3    div     t4, zero, a2            t4 <- 0
 23472: 02d04e33    div     t3, zero, a3            t3 <- 0
 23476: 02e042b3    div     t0, zero, a4            t0 <- 0
 23480: 02a54eb3    div     t4, a0, a0              t4 <- 1
 23484: 02b543b3    div     t2, a0, a1              t2 <- 1
 23488: 02c543b3    div     t2, a0, a2              t2 <- -1
 23492: 02d54e33    div     t3, a0, a3              t3 <- 0
 23496: 02e543b3    div     t2, a0, a4              t2 <- -1
 23500: 02a5cf33    div     t5, a1, a0              t5 <- 0
 23504: 02b5c2b3    div     t0, a1, a1              t0 <- 1
 23508: 02c5ceb3    div     t4, a1, a2              t4 <- 0
 23512: 02d5ceb3    div     t4, a1, a3              t4 <- 0
 23516: 02e5cf33    div     t5, a1, a4              t5 <- -1
 23520: 02a643b3    div     t2, a2, a0              t2 <- 0
 23524: 02b64eb3    div     t4, a2, a1              t4 <- -1
 23528: 02c64e33    div     t3, a2, a2              t3 <- 1
 23532: 02d642b3    div     t0, a2, a3              t0 <- 0
 23536: 02e64e33    div     t3, a2, a4              t3 <- 1
 23540: 02a6c2b3    div     t0, a3, a0              t0 <- 1
 23544: 02b6c2b3    div     t0, a3, a1              t0 <- 2
 23548: 02c6c3b3    div     t2, a3, a2              t2 <- -1
 23552: 02d6c333    div     t1, a3, a3              t1 <- 1
 23556: 02e6ceb3    div     t4, a3, a4              t4 <- -2
 23560: 02a74eb3    div     t4, a4, a0              t4 <- 0
 23564: 02b74333    div     t1, a4, a1              t1 <- 0
 23568: 02c74e33    div     t3, a4, a2              t3 <- 0
 23572: 02d74333    div     t1, a4, a3              t1 <- 0
 23576: 02e743b3    div     t2, a4, a4              t2 <- 1
 23580: 02a05e33    divu    t3, zero, a0            t3 <- 0
 23584: 02b05eb3    divu    t4, zero, a1            t4 <- 0
 23588: 02c052b3    divu    t0, zero, a2            t0 <- 0
 23592: 02d05e33    divu    t3, zero, a3            t3 <- 0
 23596: 02e053b3    divu    t2, zero, a4            t2 <- 0
 23600: 02a55333    divu    t1, a0, a0              t1 <- 1
 23604: 02b552b3    divu    t0, a0, a1              t0 <- 0
 23608: 02c55333    divu    t1, a0, a2              t1 <- 2
 23612: 02d55e33    divu    t3, a0, a3              t3 <- 1
 23616: 02e552b3    divu    t0, a0, a4              t0 <- 3
 23620: 02a5d2b3    divu    t0, a1, a0              t0 <- 1
 23624: 02b5d333    divu    t1, a1, a1              t1 <- 1
 23628: 02c5d333    divu    t1, a1, a2              t1 <- 2
 23632: 02d5d3b3    divu    t2, a1, a3              t2 <- 1
 23636: 02e5deb3    divu    t4, a1, a4              t4 <- 4
 23640: 02a65333    divu    t1, a2, a0              t1 <- 0
 23644: 02b65f33    divu    t5, a2, a1              t5 <- 0
 23648: 02c65f33    divu    t5, a2, a2              t5 <- 1
 23652: 02d65333    divu    t1, a2, a3              t1 <- 0
 23656: 02e65e33    divu    t3, a2, a4              t3 <- 1
 23660: 02a6deb3    divu    t4, a3, a0              t4 <- 0
 23664: 02b6d3b3    divu    t2, a3, a1              t2 <- 0
 23668: 02c6de33    divu    t3, a3, a2              t3 <- 2
 23672: 02d6de33    divu    t3, a3, a3              t3 <- 1
 23676: 02e6d2b3    divu    t0, a3, a4              t0 <- 3
 23680: 02a75f33    divu    t5, a4, a0              t5 <- 0
 23684: 02b75e33    divu    t3, a4, a1              t3 <- 0
 23688: 02c75333    divu    t1, a4, a2              t1 <- 0
 23692: 02d75f33    divu    t5, a4, a3              t5 <- 0
 23696: 02e752b3    divu    t0, a4, a4              t0 <- 1
 23700: 02a063b3    rem     t2, zero, a0            t2 <- 0
 23704: 02b063b3    rem     t2, zero, a1            t2 <- 0
 23708: 02c063b3    rem     t2, zero, a2            t2 <- 0
 23712: 02d063b3    rem     t2, zero, a3            t2 <- 0
 23716: 02e063b3    rem     t2, zero, a4            t2 <- 0
 23720: 02a56333    rem     t1, a0, a0              t1 <- 0
 23724: 02b563b3    rem     t2, a0, a1              t2 <- -540257671
 23728: 02c562b3    rem     t0, a0, a2              t0 <- -308343677
 23732: 02d56e33    rem     t3, a0, a3              t3 <- -1441787365
 23736: 02e563b3    rem     t2, a0, a4              t2 <- -691256135
 23740: 02a5e2b3    rem     t0, a1, a0              t0 <- -901529694
 23744: 02b5eeb3    rem     t4, a1, a1              t4 <- 0
 23748: 02c5eeb3    rem     t4, a1, a2              t4 <- -901529694
 23752: 02d5e2b3    rem     t0, a1, a3              t0 <- -901529694
 23756: 02e5ef33    rem     t5, a1, a4              t5 <- -150998464
 23760: 02a662b3    rem     t0, a2, a0              t0 <- 1133443688
 23764: 02b66f33    rem     t5, a2, a1              t5 <- 231913994
 23768: 02c66333    rem     t1, a2, a2              t1 <- 0
 23772: 02d66eb3    rem     t4, a2, a3              t4 <- 1133443688
 23776: 02e663b3    rem     t2, a2, a4              t2 <- 382912458
 23780: 02a6ef33    rem     t5, a3, a0              t5 <- -366483500
 23784: 02b6e2b3    rem     t0, a3, a1              t0 <- -5211477
 23788: 02c6eeb3    rem     t4, a3, a2              t4 <- -674827177
 23792: 02d6ee33    rem     t3, a3, a3              t3 <- 0
 23796: 02e6ef33    rem     t5, a3, a4              t5 <- -307208405
 23800: 02a76333    rem     t1, a4, a0              t1 <- 750531230
 23804: 02b76f33    rem     t5, a4, a1              t5 <- 750531230
 23808: 02c763b3    rem     t2, a4, a2              t2 <- 750531230
 23812: 02d76f33    rem     t5, a4, a3              t5 <- 750531230
 23816: 02e76eb3    rem     t4, a4, a4              t4 <- 0
 23820: 02a07f33    remu    t5, zero, a0            t5 <- 0
 23824: 02b073b3    remu    t2, zero, a1            t2 <- 0
 23828: 02c072b3    remu    t0, zero, a2            t0 <- 0
 23832: 02d07e33    remu    t3, zero, a3            t3 <- 0
 23836: 02e07333    remu    t1, zero, a4            t1 <- 0
 23840: 02a57333    remu    t1, a0, a0              t1 <- 0
 23844: 02b57333    remu    t1, a0, a1              t1 <- -1441787365
 23848: 02c57333    remu    t1, a0, a2              t1 <- 586292555
 23852: 02d57eb3    remu    t4, a0, a3              t4 <- 366483500
 23856: 02e57e33    remu    t3, a0, a4              t3 <- 601586241
 23860: 02a5fe33    remu    t3, a1, a0              t3 <- 540257671
 23864: 02b5f2b3    remu    t0, a1, a1              t0 <- 0
 23868: 02c5f3b3    remu    t2, a1, a2              t2 <- 1126550226
 23872: 02d5f3b3    remu    t2, a1, a3              t2 <- 906741171
 23876: 02e5f333    remu    t1, a1, a4              t1 <- 391312682
 23880: 02a673b3    remu    t2, a2, a0              t2 <- 1133443688
 23884: 02b67f33    remu    t5, a2, a1              t5 <- 1133443688
 23888: 02c67e33    remu    t3, a2, a2              t3 <- 0
 23892: 02d67333    remu    t1, a2, a3              t1 <- 1133443688
 23896: 02e67f33    remu    t5, a2, a4              t5 <- 382912458
 23900: 02a6f333    remu    t1, a3, a0              t1 <- -1808270865
 23904: 02b6feb3    remu    t4, a3, a1              t4 <- -1808270865
 23908: 02c6feb3    remu    t4, a3, a2              t4 <- 219809055
 23912: 02d6f333    remu    t1, a3, a3              t1 <- 0
 23916: 02e6f333    remu    t1, a3, a4              t1 <- 235102741
 23920: 02a772b3    remu    t0, a4, a0              t0 <- 750531230
 23924: 02b773b3    remu    t2, a4, a1              t2 <- 750531230
 23928: 02c77f33    remu    t5, a4, a2              t5 <- 750531230
 23932: 02d773b3    remu    t2, a4, a3              t2 <- 750531230
 23936: 02e77e33    remu    t3, a4, a4              t3 <- 0
 23940: cdd37537    lui     a0, 3453186048          a0 <- -841781248
 23944: 1e950513    addi    a0, a0, 489             a0 <- -841780759
 23948: 53e8b5b7    lui     a1, 1407758336          a1 <- 1407758336
 23952: 84758593    addi    a1, a1, -1977           a1 <- 1407756359
 23956: 0c8a2637    lui     a2, 210378752           a2 <- 210378752
 23960: 28a60613    addi    a2, a2, 650             a2 <- 210379402
 23964: c60836b7    lui     a3, 3322425344          a3 <- -972541952
 23968: a5268693    addi    a3, a3, -1454           a3 <- -972543406
 23972: 52f82737    lui     a4, 1391992832          a4 <- 1391992832
 23976: 29170713    addi    a4, a4, 657             a4 <- 1391993489
 23980: 020002b3    mul     t0, zero, zero          t0 <- 0
 23984: 02a00333    mul     t1, zero, a0            t1 <- 0
 23988: 02b00f33    mul     t5, zero, a1            t5 <- 0
 23992: 02c002b3    mul     t0, zero, a2            t0 <- 0
 23996: 02d00333    mul     t1, zero, a3            t1 <- 0
 24000: 02e00e33    mul     t3, zero, a4            t3 <- 0
 24004: 020503b3    mul     t2, a0, zero            t2 <- 0
 24008: 02a50333    mul     t1, a0, a0              t1 <- 583370257
 24012: 02b50eb3    mul     t4, a0, a1              t4 <- -1634893921
 24016: 02c503b3    mul     t2, a0, a2              t2 <- 1555454362
 24020: 02d50f33    mul     t5, a0, a3              t5 <- 1672656546
 24024: 02e50333    mul     t1, a0, a4              t1 <- -1516472583
 24028: 02058e33    mul     t3, a1, zero            t3 <- 0
 24032: 02a58f33    mul     t5, a1, a0              t5 <- -1634893921
 24036: 02b58f33    mul     t5, a1, a1              t5 <- 2035106737
 24040: 02c58f33    mul     t5, a1, a2              t5 <- 738862150
 24044: 02d58f33    mul     t5, a1, a3              t5 <- 945392830
 24048: 02e58eb3    mul     t4, a1, a4              t4 <- 803782199
 24052: 020603b3    mul     t2, a2, zero            t2 <- 0
 24056: 02a60f33    mul     t5, a2, a0              t5 <- 1555454362
 24060: 02b60f33    mul     t5, a2, a1              t5 <- 738862150
 24064: 02c603b3    mul     t2, a2, a2              t2 <- 829485668
 24068: 02d602b3    mul     t0, a2, a3              t0 <- 2117710900
 24072: 02e60333    mul     t1, a2, a4              t1 <- 478405674
 24076: 02068f33    mul     t5, a3, zero            t5 <- 0
 24080: 02a683b3    mul     t2, a3, a0              t2 <- 1672656546
 24084: 02b68eb3    mul     t4, a3, a1              t4 <- 945392830
 24088: 02c68eb3    mul     t4, a3, a2              t4 <- 2117710900
 24092: 02d68eb3    mul     t4, a3, a3              t4 <- -2078342588
 24096: 02e68f33    mul     t5, a3, a4              t5 <- -2085692302
 24100: 02070f33    mul     t5, a4, zero            t5 <- 0
 24104: 02a70eb3    mul     t4, a4, a0              t4 <- -1516472583
 24108: 02b70333    mul     t1, a4, a1              t1 <- 803782199
 24112: 02c703b3    mul     t2, a4, a2              t2 <- 478405674
 24116: 02d703b3    mul     t2, a4, a3              t2 <- -2085692302
 24120: 02e70e33    mul     t3, a4, a4              t3 <- -509946335
 24124: 02001e33    mulh    t3, zero, zero          t3 <- 0
 24128: 02a013b3    mulh    t2, zero, a0            t2 <- 0
 24132: 02b013b3    mulh    t2, zero, a1            t2 <- 0
 24136: 02c01eb3    mulh    t4, zero, a2            t4 <- 0
 24140: 02d01333    mulh    t1, zero, a3            t1 <- 0
 24144: 02e01e33    mulh    t3, zero, a4            t3 <- 0
 24148: 02051f33    mulh    t5, a0, zero            t5 <- 0
 24152: 02a51e33    mulh    t3, a0, a0              t3 <- 164982594
 24156: 02b51e33    mulh    t3, a0, a1              t3 <- -275909486
 24160: 02c51333    mulh    t1, a0, a2              t1 <- -41232755
 24164: 02d513b3    mulh    t2, a0, a3              t2 <- 190611073
 24168: 02e513b3    mulh    t2, a0, a4              t2 <- -272820084
 24172: 02059e33    mulh    t3, a1, zero            t3 <- 0
 24176: 02a59e33    mulh    t3, a1, a0              t3 <- -275909486
 24180: 02b59333    mulh    t1, a1, a1              t1 <- 461418639
 24184: 02c59e33    mulh    t3, a1, a2              t3 <- 68955808
 24188: 02d59e33    mulh    t3, a1, a3              t3 <- -318769404
 24192: 02e59333    mulh    t1, a1, a4              t1 <- 456252062
 24196: 020612b3    mulh    t0, a2, zero            t0 <- 0
 24200: 02a612b3    mulh    t0, a2, a0              t0 <- -41232755
 24204: 02b613b3    mulh    t2, a2, a1              t2 <- 68955808
 24208: 02c61f33    mulh    t5, a2, a2              t5 <- 10304966
 24212: 02d613b3    mulh    t2, a2, a3              t2 <- -47637872
 24216: 02e61eb3    mulh    t4, a2, a4              t4 <- 68183699
 24220: 02069e33    mulh    t3, a3, zero            t3 <- 0
 24224: 02a69e33    mulh    t3, a3, a0              t3 <- 190611073
 24228: 02b69eb3    mulh    t4, a3, a1              t4 <- -318769404
 24232: 02c69f33    mulh    t5, a3, a2              t5 <- -47637872
 24236: 02d69f33    mulh    t5, a3, a3              t5 <- 220220693
 24240: 02e69eb3    mulh    t4, a3, a4              t4 <- -315200093
 24244: 02071e33    mulh    t3, a4, zero            t3 <- 0
 24248: 02a71e33    mulh    t3, a4, a0              t3 <- -272820084
 24252: 02b71eb3    mulh    t4, a4, a1              t4 <- 456252062
 24256: 02c71333    mulh    t1, a4, a2              t1 <- 68183699
 24260: 02d712b3    mulh    t0, a4, a3              t0 <- -315200093
 24264: 02e71e33    mulh    t3, a4, a4              t3 <- 451143335
 24268: 02002e33    mulhsu  t3, zero, zero          t3 <- 0
 24272: 02a022b3    mulhsu  t0, zero, a0            t0 <- 0
 24276: 02b02f33    mulhsu  t5, zero, a1            t5 <- 0
 24280: 02c023b3    mulhsu  t2, zero, a2            t2 <- 0
 24284: 02d02f33    mulhsu  t5, zero, a3            t5 <- 0
 24288: 02e02333    mulhsu  t1, zero, a4            t1 <- 0
 24292: 02052333    mulhsu  t1, a0, zero            t1 <- 0
 24296: 02a523b3    mulhsu  t2, a0, a0              t2 <- 164982594
 24300: 02b523b3    mulhsu  t2, a0, a1              t2 <- -275909486
 24304: 02c52f33    mulhsu  t5, a0, a2              t5 <- -41232755
 24308: 02d52e33    mulhsu  t3, a0, a3              t3 <- 190611073
 24312: 02e52333    mulhsu  t1, a0, a4              t1 <- -272820084
 24316: 0205ae33    mulhsu  t3, a1, zero            t3 <- 0
 24320: 02a5aeb3    mulhsu  t4, a1, a0              t4 <- -275909486
 24324: 02b5a3b3    mulhsu  t2, a1, a1              t2 <- 461418639
 24328: 02c5ae33    mulhsu  t3, a1, a2              t3 <- 68955808
 24332: 02d5aeb3    mulhsu  t4, a1, a3              t4 <- -318769404
 24336: 02e5aeb3    mulhsu  t4, a1, a4              t4 <- 456252062
 24340: 02062eb3    mulhsu  t4, a2, zero            t4 <- 0
 24344: 02a62f33    mulhsu  t5, a2, a0              t5 <- -41232755
 24348: 02b62f33    mulhsu  t5, a2, a1              t5 <- 68955808
 24352: 02c623b3    mulhsu  t2, a2, a2              t2 <- 10304966
 24356: 02d622b3    mulhsu  t0, a2, a3              t0 <- -47637872
 24360: 02e62333    mulhsu  t1, a2, a4              t1 <- 68183699
 24364: 0206a3b3    mulhsu  t2, a3, zero            t2 <- 0
 24368: 02a6af33    mulhsu  t5, a3, a0              t5 <- 190611073
 24372: 02b6ae33    mulhsu  t3, a3, a1              t3 <- -318769404
 24376: 02c6a333    mulhsu  t1, a3, a2              t1 <- -47637872
 24380: 02d6aeb3    mulhsu  t4, a3, a3              t4 <- 220220693
 24384: 02e6a3b3    mulhsu  t2, a3, a4              t2 <- -315200093
 24388: 02072eb3    mulhsu  t4, a4, zero            t4 <- 0
 24392: 02a723b3    mulhsu  t2, a4, a0              t2 <- -272820084
 24396: 02b72333    mulhsu  t1, a4, a1              t1 <- 456252062
 24400: 02c722b3    mulhsu  t0, a4, a2              t0 <- 68183699
 24404: 02d723b3    mulhsu  t2, a4, a3              t2 <- -315200093
 24408: 02e723b3    mulhsu  t2, a4, a4              t2 <- 451143335
 24412: 020032b3    mulhu   t0, zero, zero          t0 <- 0
 24416: 02a03e33    mulhu   t3, zero, a0            t3 <- 0
 24420: 02b03f33    mulhu   t5, zero, a1            t5 <- 0
 24424: 02c03f33    mulhu   t5, zero, a2            t5 <- 0
 24428: 02d032b3    mulhu   t0, zero, a3            t0 <- 0
 24432: 02e03e33    mulhu   t3, zero, a4            t3 <- 0
 24436: 020532b3    mulhu   t0, a0, zero            t0 <- 0
 24440: 02a532b3    mulhu   t0, a0, a0              t0 <- 164982594
 24444: 02b53e33    mulhu   t3, a0, a1              t3 <- -275909486
 24448: 02c533b3    mulhu   t2, a0, a2              t2 <- -41232755
 24452: 02d53e33    mulhu   t3, a0, a3              t3 <- 190611073
 24456: 02e53333    mulhu   t1, a0, a4              t1 <- -272820084
 24460: 0205bf33    mulhu   t5, a1, zero            t5 <- 0
 24464: 02a5b3b3    mulhu   t2, a1, a0              t2 <- -275909486
 24468: 02b5be33    mulhu   t3, a1, a1              t3 <- 461418639
 24472: 02c5b333    mulhu   t1, a1, a2              t1 <- 68955808
 24476: 02d5bf33    mulhu   t5, a1, a3              t5 <- -318769404
 24480: 02e5bf33    mulhu   t5, a1, a4              t5 <- 456252062
 24484: 02063eb3    mulhu   t4, a2, zero            t4 <- 0
 24488: 02a63e33    mulhu   t3, a2, a0              t3 <- -41232755
 24492: 02b63eb3    mulhu   t4, a2, a1              t4 <- 68955808
 24496: 02c63eb3    mulhu   t4, a2, a2              t4 <- 10304966
 24500: 02d633b3    mulhu   t2, a2, a3              t2 <- -47637872
 24504: 02e63e33    mulhu   t3, a2, a4              t3 <- 68183699
 24508: 0206b3b3    mulhu   t2, a3, zero            t2 <- 0
 24512: 02a6bf33    mulhu   t5, a3, a0              t5 <- 190611073
 24516: 02b6bf33    mulhu   t5, a3, a1              t5 <- -318769404
 24520: 02c6b333    mulhu   t1, a3, a2              t1 <- -47637872
 24524: 02d6bf33    mulhu   t5, a3, a3              t5 <- 220220693
 24528: 02e6beb3    mulhu   t4, a3, a4              t4 <- -315200093
 24532: 020733b3    mulhu   t2, a4, zero            t2 <- 0
 24536: 02a73e33    mulhu   t3, a4, a0              t3 <- -272820084
 24540: 02b73eb3    mulhu   t4, a4, a1              t4 <- 456252062
 24544: 02c73e33    mulhu   t3, a4, a2              t3 <- 68183699
 24548: 02d73333    mulhu   t1, a4, a3              t1 <- -315200093
 24552: 02e73333    mulhu   t1, a4, a4              t1 <- 451143335
 24556: 02a04f33    div     t5, zero, a0            t5 <- 0
 24560: 02b04eb3    div     t4, zero, a1            t4 <- 0
 24564: 02c04f33    div     t5, zero, a2            t5 <- 0
 24568: 02d04333    div     t1, zero, a3            t1 <- 0
 24572: 02e04333    div     t1, zero, a4            t1 <- 0
 24576: 02a543b3    div     t2, a0, a0              t2 <- 1
 24580: 02b54333    div     t1, a0, a1              t1 <- 0
 24584: 02c54f33    div     t5, a0, a2              t5 <- -4
 24588: 02d54333    div     t1, a0, a3              t1 <- 0
 24592: 02e54333    div     t1, a0, a4              t1 <- 0
 24596: 02a5ceb3    div     t4, a1, a0              t4 <- -1
 24600: 02b5cf33    div     t5, a1, a1              t5 <- 1
 24604: 02c5ce33    div     t3, a1, a2              t3 <- 6
 24608: 02d5c333    div     t1, a1, a3              t1 <- -1
 24612: 02e5c2b3    div     t0, a1, a4              t0 <- 1
 24616: 02a64e33    div     t3, a2, a0              t3 <- 0
 24620: 02b643b3    div     t2, a2, a1              t2 <- 0
 24624: 02c64f33    div     t5, a2, a2              t5 <- 1
 24628: 02d64333    div     t1, a2, a3              t1 <- 0
 24632: 02e64e33    div     t3, a2, a4              t3 <- 0
 24636: 02a6c2b3    div     t0, a3, a0              t0 <- 1
 24640: 02b6ce33    div     t3, a3, a1              t3 <- 0
 24644: 02c6cf33    div     t5, a3, a2              t5 <- -4
 24648: 02d6cf33    div     t5, a3, a3              t5 <- 1
 24652: 02e6cf33    div     t5, a3, a4              t5 <- 0
 24656: 02a743b3    div     t2, a4, a0              t2 <- -1
 24660: 02b743b3    div     t2, a4, a1              t2 <- 0
 24664: 02c74333    div     t1, a4, a2              t1 <- 6
 24668: 02d74333    div     t1, a4, a3              t1 <- -1
 24672: 02e742b3    div     t0, a4, a4              t0 <- 1
 24676: 02a053b3    divu    t2, zero, a0            t2 <- 0
 24680: 02b053b3    divu    t2, zero, a1            t2 <- 0
 24684: 02c05f33    divu    t5, zero, a2            t5 <- 0
 24688: 02d05e33    divu    t3, zero, a3            t3 <- 0
 24692: 02e053b3    divu    t2, zero, a4            t2 <- 0
 24696: 02a55333    divu    t1, a0, a0              t1 <- 1
 24700: 02b55333    divu    t1, a0, a1              t1 <- 2
 24704: 02c55f33    divu    t5, a0, a2              t5 <- 16
 24708: 02d552b3    divu    t0, a0, a3              t0 <- 1
 24712: 02e552b3    divu    t0, a0, a4              t0 <- 2
 24716: 02a5d333    divu    t1, a1, a0              t1 <- 0
 24720: 02b5de33    divu    t3, a1, a1              t3 <- 1
 24724: 02c5d2b3    divu    t0, a1, a2              t0 <- 6
 24728: 02d5d3b3    divu    t2, a1, a3              t2 <- 0
 24732: 02e5d3b3    divu    t2, a1, a4              t2 <- 1
 24736: 02a65333    divu    t1, a2, a0              t1 <- 0
 24740: 02b65eb3    divu    t4, a2, a1              t4 <- 0
 24744: 02c653b3    divu    t2, a2, a2              t2 <- 1
 24748: 02d65333    divu    t1, a2, a3              t1 <- 0
 24752: 02e653b3    divu    t2, a2, a4              t2 <- 0
 24756: 02a6d3b3    divu    t2, a3, a0              t2 <- 0
 24760: 02b6d2b3    divu    t0, a3, a1              t0 <- 2
 24764: 02c6d333    divu    t1, a3, a2              t1 <- 15
 24768: 02d6df33    divu    t5, a3, a3              t5 <- 1
 24772: 02e6d333    divu    t1, a3, a4              t1 <- 2
 24776: 02a75e33    divu    t3, a4, a0              t3 <- 0
 24780: 02b75f33    divu    t5, a4, a1              t5 <- 0
 24784: 02c75f33    divu    t5, a4, a2              t5 <- 6
 24788: 02d752b3    divu    t0, a4, a3              t0 <- 0
 24792: 02e75f33    divu    t5, a4, a4              t5 <- 1
 24796: 02a063b3    rem     t2, zero, a0            t2 <- 0
 24800: 02b06eb3    rem     t4, zero, a1            t4 <- 0
 24804: 02c06f33    rem     t5, zero, a2            t5 <- 0
 24808: 02d062b3    rem     t0, zero, a3            t0 <- 0
 24812: 02e06333    rem     t1, zero, a4            t1 <- 0
 24816: 02a56f33    rem     t5, a0, a0              t5 <- 0
 24820: 02b56f33    rem     t5, a0, a1              t5 <- -841780759
 24824: 02c56f33    rem     t5, a0, a2              t5 <- -263151
 24828: 02d56f33    rem     t5, a0, a3              t5 <- -841780759
 24832: 02e56333    rem     t1, a0, a4              t1 <- -841780759
 24836: 02a5ef33    rem     t5, a1, a0              t5 <- 565975600
 24840: 02b5e333    rem     t1, a1, a1              t1 <- 0
 24844: 02c5ee33    rem     t3, a1, a2              t3 <- 145479947
 24848: 02d5e3b3    rem     t2, a1, a3              t2 <- 435212953
 24852: 02e5ee33    rem     t3, a1, a4              t3 <- 15762870
 24856: 02a66e33    rem     t3, a2, a0              t3 <- 210379402
 24860: 02b66f33    rem     t5, a2, a1              t5 <- 210379402
 24864: 02c66333    rem     t1, a2, a2              t1 <- 0
 24868: 02d66e33    rem     t3, a2, a3              t3 <- 210379402
 24872: 02e66e33    rem     t3, a2, a4              t3 <- 210379402
 24876: 02a6eeb3    rem     t4, a3, a0              t4 <- -130762647
 24880: 02b6e3b3    rem     t2, a3, a1              t2 <- -972543406
 24884: 02c6ef33    rem     t5, a3, a2              t5 <- -131025798
 24888: 02d6e333    rem     t1, a3, a3              t1 <- 0
 24892: 02e6e2b3    rem     t0, a3, a4              t0 <- -972543406
 24896: 02a763b3    rem     t2, a4, a0              t2 <- 550212730
 24900: 02b763b3    rem     t2, a4, a1              t2 <- 1391993489
 24904: 02c762b3    rem     t0, a4, a2              t0 <- 129717077
 24908: 02d762b3    rem     t0, a4, a3              t0 <- 419450083
 24912: 02e76eb3    rem     t4, a4, a4              t4 <- 0
 24916: 02a07eb3    remu    t4, zero, a0            t4 <- 0
 24920: 02b07333    remu    t1, zero, a1            t1 <- 0
 24924: 02c07eb3    remu    t4, zero, a2            t4 <- 0
 24928: 02d073b3    remu    t2, zero, a3            t2 <- 0
 24932: 02e07333    remu    t1, zero, a4            t1 <- 0
 24936: 02a57e33    remu    t3, a0, a0              t3 <- 0
 24940: 02b57eb3    remu    t4, a0, a1              t4 <- 637673819
 24944: 02c57e33    remu    t3, a0, a2              t3 <- 87116105
 24948: 02d57eb3    remu    t4, a0, a3              t4 <- 130762647
 24952: 02e57333    remu    t1, a0, a4              t1 <- 669199559
 24956: 02a5fe33    remu    t3, a1, a0              t3 <- 1407756359
 24960: 02b5f3b3    remu    t2, a1, a1              t2 <- 0
 24964: 02c5fe33    remu    t3, a1, a2              t3 <- 145479947
 24968: 02d5ff33    remu    t5, a1, a3              t5 <- 1407756359
 24972: 02e5f3b3    remu    t2, a1, a4              t2 <- 15762870
 24976: 02a672b3    remu    t0, a2, a0              t0 <- 210379402
 24980: 02b673b3    remu    t2, a2, a1              t2 <- 210379402
 24984: 02c67f33    remu    t5, a2, a2              t5 <- 0
 24988: 02d673b3    remu    t2, a2, a3              t2 <- 210379402
 24992: 02e67f33    remu    t5, a2, a4              t5 <- 210379402
 24996: 02a6f3b3    remu    t2, a3, a0              t2 <- -972543406
 25000: 02b6f3b3    remu    t2, a3, a1              t2 <- 506911172
 25004: 02c6f3b3    remu    t2, a3, a2              t2 <- 166732860
 25008: 02d6ff33    remu    t5, a3, a3              t5 <- 0
 25012: 02e6fe33    remu    t3, a3, a4              t3 <- 538436912
 25016: 02a77333    remu    t1, a4, a0              t1 <- 1391993489
 25020: 02b772b3    remu    t0, a4, a1              t0 <- 1391993489
 25024: 02c77e33    remu    t3, a4, a2              t3 <- 129717077
 25028: 02d77f33    remu    t5, a4, a3              t5 <- 1391993489
 25032: 02e77e33    remu    t3, a4, a4              t3 <- 0
 25036: ee90d537    lui     a0, 4002467840          a0 <- -292499456
 25040: d3850513    addi    a0, a0, -712            a0 <- -292500168
 25044: 04cc85b7    lui     a1, 80510976            a1 <- 80510976
 25048: 1db58593    addi    a1, a1, 475             a1 <- 80511451
 25052: f1362637    lui     a2, 4046856192          a2 <- -248111104
 25056: b1d60613    addi    a2, a2, -1251           a2 <- -248112355
 25060: 7fb276b7    lui     a3, 2142400512          a3 <- 2142400512
 25064: e3268693    addi    a3, a3, -462            a3 <- 2142400050
 25068: a39b2737    lui     a4, 2744852480          a4 <- -1550114816
 25072: 85d70713    addi    a4, a4, -1955           a4 <- -1550116771
 25076: 02000e33    mul     t3, zero, zero          t3 <- 0
 25080: 02a00e33    mul     t3, zero, a0            t3 <- 0
 25084: 02b003b3    mul     t2, zero, a1            t2 <- 0
 25088: 02c00eb3    mul     t4, zero, a2            t4 <- 0
 25092: 02d002b3    mul     t0, zero, a3            t0 <- 0
 25096: 02e003b3    mul     t2, zero, a4            t2 <- 0
 25100: 02050333    mul     t1, a0, zero            t1 <- 0
 25104: 02a50e33    mul     t3, a0, a0              t3 <- -1551713216
 25108: 02b503b3    mul     t2, a0, a1              t2 <- 1978189544
 25112: 02c50eb3    mul     t4, a0, a2              t4 <- 1306273624
 25116: 02d50e33    mul     t3, a0, a3              t3 <- 1231430896
 25120: 02e503b3    mul     t2, a0, a4              t2 <- 650104152
 25124: 02058f33    mul     t5, a1, zero            t5 <- 0
 25128: 02a58f33    mul     t5, a1, a0              t5 <- 1978189544
 25132: 02b58333    mul     t1, a1, a1              t1 <- 249983321
 25136: 02c582b3    mul     t0, a1, a2              t0 <- -1408315697
 25140: 02d58eb3    mul     t4, a1, a3              t4 <- -1090292026
 25144: 02e583b3    mul     t2, a1, a4              t2 <- -82791281
 25148: 020603b3    mul     t2, a2, zero            t2 <- 0
 25152: 02a60e33    mul     t3, a2, a0              t3 <- 1306273624
 25156: 02b603b3    mul     t2, a2, a1              t2 <- -1408315697
 25160: 02c60eb3    mul     t4, a2, a2              t4 <- 219881801
 25164: 02d603b3    mul     t2, a2, a3              t2 <- -1721646678
 25168: 02e60eb3    mul     t4, a2, a4              t4 <- -1799253623
 25172: 02068333    mul     t1, a3, zero            t1 <- 0
 25176: 02a682b3    mul     t0, a3, a0              t0 <- 1231430896
 25180: 02b68f33    mul     t5, a3, a1              t5 <- -1090292026
 25184: 02c68eb3    mul     t4, a3, a2              t4 <- -1721646678
 25188: 02d682b3    mul     t0, a3, a3              t0 <- 150405572
 25192: 02e68333    mul     t1, a3, a4              t1 <- -1402161110
 25196: 02070e33    mul     t3, a4, zero            t3 <- 0
 25200: 02a703b3    mul     t2, a4, a0              t2 <- 650104152
 25204: 02b70e33    mul     t3, a4, a1              t3 <- -82791281
 25208: 02c702b3    mul     t0, a4, a2              t0 <- -1799253623
 25212: 02d70eb3    mul     t4, a4, a3              t4 <- -1402161110
 25216: 02e70f33    mul     t5, a4, a4              t5 <- -252735031
 25220: 02001f33    mulh    t5, zero, zero          t5 <- 0
 25224: 02a013b3    mulh    t2, zero, a0            t2 <- 0
 25228: 02b013b3    mulh    t2, zero, a1            t2 <- 0
 25232: 02c01eb3    mulh    t4, zero, a2            t4 <- 0
 25236: 02d01eb3    mulh    t4, zero, a3            t4 <- 0
 25240: 02e01e33    mulh    t3, zero, a4            t3 <- 0
 25244: 02051f33    mulh    t5, a0, zero            t5 <- 0
 25248: 02a51e33    mulh    t3, a0, a0              t3 <- 19920139
 25252: 02b51333    mulh    t1, a0, a1              t1 <- -5483072
 25256: 02c51e33    mulh    t3, a0, a2              t3 <- 16897196
 25260: 02d51e33    mulh    t3, a0, a3              t3 <- -145903876
 25264: 02e51f33    mulh    t5, a0, a4              t5 <- 105567606
 25268: 02059eb3    mulh    t4, a1, zero            t4 <- 0
 25272: 02a593b3    mulh    t2, a1, a0              t2 <- -5483072
 25276: 02b59e33    mulh    t3, a1, a1              t3 <- 1509230
 25280: 02c59eb3    mulh    t4, a1, a2              t4 <- -4650999
 25284: 02d59333    mulh    t1, a1, a3              t1 <- 40160430
 25288: 02e59f33    mulh    t5, a1, a4              t5 <- -29057766
 25292: 02061e33    mulh    t3, a2, zero            t3 <- 0
 25296: 02a61e33    mulh    t3, a2, a0              t3 <- 16897196
 25300: 02b613b3    mulh    t2, a2, a1              t2 <- -4650999
 25304: 02c612b3    mulh    t0, a2, a2              t0 <- 14332994
 25308: 02d612b3    mulh    t0, a2, a3              t0 <- -123762508
 25312: 02e61f33    mulh    t5, a2, a4              t5 <- 89547392
 25316: 020693b3    mulh    t2, a3, zero            t2 <- 0
 25320: 02a69eb3    mulh    t4, a3, a0              t4 <- -145903876
 25324: 02b69333    mulh    t1, a3, a1              t1 <- 40160430
 25328: 02c69f33    mulh    t5, a3, a2              t5 <- -123762508
 25332: 02d693b3    mulh    t2, a3, a3              t2 <- 1068664243
 25336: 02e69f33    mulh    t5, a3, a4              t5 <- -773223641
 25340: 02071eb3    mulh    t4, a4, zero            t4 <- 0
 25344: 02a71e33    mulh    t3, a4, a0              t3 <- 105567606
 25348: 02b713b3    mulh    t2, a4, a1              t2 <- -29057766
 25352: 02c71333    mulh    t1, a4, a2              t1 <- 89547392
 25356: 02d71eb3    mulh    t4, a4, a3              t4 <- -773223641
 25360: 02e713b3    mulh    t2, a4, a4              t2 <- 559459906
 25364: 02002eb3    mulhsu  t4, zero, zero          t4 <- 0
 25368: 02a02e33    mulhsu  t3, zero, a0            t3 <- 0
 25372: 02b02f33    mulhsu  t5, zero, a1            t5 <- 0
 25376: 02c02e33    mulhsu  t3, zero, a2            t3 <- 0
 25380: 02d02f33    mulhsu  t5, zero, a3            t5 <- 0
 25384: 02e02333    mulhsu  t1, zero, a4            t1 <- 0
 25388: 020522b3    mulhsu  t0, a0, zero            t0 <- 0
 25392: 02a523b3    mulhsu  t2, a0, a0              t2 <- 19920139
 25396: 02b52eb3    mulhsu  t4, a0, a1              t4 <- -5483072
 25400: 02c52333    mulhsu  t1, a0, a2              t1 <- 16897196
 25404: 02d52e33    mulhsu  t3, a0, a3              t3 <- -145903876
 25408: 02e52333    mulhsu  t1, a0, a4              t1 <- 105567606
 25412: 0205af33    mulhsu  t5, a1, zero            t5 <- 0
 25416: 02a5a333    mulhsu  t1, a1, a0              t1 <- -5483072
 25420: 02b5a333    mulhsu  t1, a1, a1              t1 <- 1509230
 25424: 02c5af33    mulhsu  t5, a1, a2              t5 <- -4650999
 25428: 02d5af33    mulhsu  t5, a1, a3              t5 <- 40160430
 25432: 02e5a3b3    mulhsu  t2, a1, a4              t2 <- -29057766
 25436: 020622b3    mulhsu  t0, a2, zero            t0 <- 0
 25440: 02a622b3    mulhsu  t0, a2, a0              t0 <- 16897196
 25444: 02b62333    mulhsu  t1, a2, a1              t1 <- -4650999
 25448: 02c62f33    mulhsu  t5, a2, a2              t5 <- 14332994
 25452: 02d62333    mulhsu  t1, a2, a3              t1 <- -123762508
 25456: 02e622b3    mulhsu  t0, a2, a4              t0 <- 89547392
 25460: 0206a3b3    mulhsu  t2, a3, zero            t2 <- 0
 25464: 02a6a3b3    mulhsu  t2, a3, a0              t2 <- -145903876
 25468: 02b6a2b3    mulhsu  t0, a3, a1              t0 <- 40160430
 25472: 02c6a2b3    mulhsu  t0, a3, a2              t0 <- -123762508
 25476: 02d6ae33    mulhsu  t3, a3, a3              t3 <- 1068664243
 25480: 02e6a333    mulhsu  t1, a3, a4              t1 <- -773223641
 25484: 02072f33    mulhsu  t5, a4, zero            t5 <- 0
 25488: 02a72eb3    mulhsu  t4, a4, a0              t4 <- 105567606
 25492: 02b72f33    mulhsu  t5, a4, a1              t5 <- -29057766
 25496: 02c72333    mulhsu  t1, a4, a2              t1 <- 89547392
 25500: 02d72333    mulhsu  t1, a4, a3              t1 <- -773223641
 25504: 02e72e33    mulhsu  t3, a4, a4              t3 <- 559459906
 25508: 02003e33    mulhu   t3, zero, zero          t3 <- 0
 25512: 02a03333    mulhu   t1, zero, a0            t1 <- 0
 25516: 02b033b3    mulhu   t2, zero, a1            t2 <- 0
 25520: 02c03333    mulhu   t1, zero, a2            t1 <- 0
 25524: 02d033b3    mulhu   t2, zero, a3            t2 <- 0
 25528: 02e032b3    mulhu   t0, zero, a4            t0 <- 0
 25532: 02053f33    mulhu   t5, a0, zero            t5 <- 0
 25536: 02a532b3    mulhu   t0, a0, a0              t0 <- 19920139
 25540: 02b53f33    mulhu   t5, a0, a1              t5 <- -5483072
 25544: 02c53333    mulhu   t1, a0, a2              t1 <- 16897196
 25548: 02d532b3    mulhu   t0, a0, a3              t0 <- -145903876
 25552: 02e53e33    mulhu   t3, a0, a4              t3 <- 105567606
 25556: 0205b2b3    mulhu   t0, a1, zero            t0 <- 0
 25560: 02a5b333    mulhu   t1, a1, a0              t1 <- -5483072
 25564: 02b5b333    mulhu   t1, a1, a1              t1 <- 1509230
 25568: 02c5b2b3    mulhu   t0, a1, a2              t0 <- -4650999
 25572: 02d5b3b3    mulhu   t2, a1, a3              t2 <- 40160430
 25576: 02e5be33    mulhu   t3, a1, a4              t3 <- -29057766
 25580: 02063e33    mulhu   t3, a2, zero            t3 <- 0
 25584: 02a63333    mulhu   t1, a2, a0              t1 <- 16897196
 25588: 02b633b3    mulhu   t2, a2, a1              t2 <- -4650999
 25592: 02c633b3    mulhu   t2, a2, a2              t2 <- 14332994
 25596: 02d63333    mulhu   t1, a2, a3              t1 <- -123762508
 25600: 02e63f33    mulhu   t5, a2, a4              t5 <- 89547392
 25604: 0206b2b3    mulhu   t0, a3, zero            t0 <- 0
 25608: 02a6bf33    mulhu   t5, a3, a0              t5 <- -145903876
 25612: 02b6b2b3    mulhu   t0, a3, a1              t0 <- 40160430
 25616: 02c6beb3    mulhu   t4, a3, a2              t4 <- -123762508
 25620: 02d6b2b3    mulhu   t0, a3, a3              t0 <- 1068664243
 25624: 02e6b2b3    mulhu   t0, a3, a4              t0 <- -773223641
 25628: 02073333    mulhu   t1, a4, zero            t1 <- 0
 25632: 02a73e33    mulhu   t3, a4, a0              t3 <- 105567606
 25636: 02b73333    mulhu   t1, a4, a1              t1 <- -29057766
 25640: 02c733b3    mulhu   t2, a4, a2              t2 <- 89547392
 25644: 02d73e33    mulhu   t3, a4, a3              t3 <- -773223641
 25648: 02e73f33    mulhu   t5, a4, a4              t5 <- 559459906
 25652: 02a04eb3    div     t4, zero, a0            t4 <- 0
 25656: 02b04f33    div     t5, zero, a1            t5 <- 0
 25660: 02c04eb3    div     t4, zero, a2            t4 <- 0
 25664: 02d04f33    div     t5, zero, a3            t5 <- 0
 25668: 02e043b3    div     t2, zero, a4            t2 <- 0
 25672: 02a54eb3    div     t4, a0, a0              t4 <- 1
 25676: 02b54f33    div     t5, a0, a1              t5 <- -3
 25680: 02c543b3    div     t2, a0, a2              t2 <- 1
 25684: 02d542b3    div     t0, a0, a3              t0 <- 0
 25688: 02e54333    div     t1, a0, a4              t1 <- 0
 25692: 02a5c2b3    div     t0, a1, a0              t0 <- 0
 25696: 02b5ceb3    div     t4, a1, a1              t4 <- 1
 25700: 02c5c333    div     t1, a1, a2              t1 <- 0
 25704: 02d5c333    div     t1, a1, a3              t1 <- 0
 25708: 02e5c2b3    div     t0, a1, a4              t0 <- 0
 25712: 02a642b3    div     t0, a2, a0              t0 <- 0
 25716: 02b64333    div     t1, a2, a1              t1 <- -3
 25720: 02c64333    div     t1, a2, a2              t1 <- 1
 25724: 02d64e33    div     t3, a2, a3              t3 <- 0
 25728: 02e64e33    div     t3, a2, a4              t3 <- 0
 25732: 02a6c2b3    div     t0, a3, a0              t0 <- -7
 25736: 02b6ce33    div     t3, a3, a1              t3 <- 26
 25740: 02c6ce33    div     t3, a3, a2              t3 <- -8
 25744: 02d6c3b3    div     t2, a3, a3              t2 <- 1
 25748: 02e6cf33    div     t5, a3, a4              t5 <- -1
 25752: 02a74f33    div     t5, a4, a0              t5 <- 5
 25756: 02b743b3    div     t2, a4, a1              t2 <- -19
 25760: 02c74333    div     t1, a4, a2              t1 <- 6
 25764: 02d74eb3    div     t4, a4, a3              t4 <- 0
 25768: 02e74f33    div     t5, a4, a4              t5 <- 1
 25772: 02a05333    divu    t1, zero, a0            t1 <- 0
 25776: 02b05eb3    divu    t4, zero, a1            t4 <- 0
 25780: 02c05eb3    divu    t4, zero, a2            t4 <- 0
 25784: 02d05eb3    divu    t4, zero, a3            t4 <- 0
 25788: 02e05eb3    divu    t4, zero, a4            t4 <- 0
 25792: 02a552b3    divu    t0, a0, a0              t0 <- 1
 25796: 02b552b3    divu    t0, a0, a1              t0 <- 49
 25800: 02c553b3    divu    t2, a0, a2              t2 <- 0
 25804: 02d55f33    divu    t5, a0, a3              t5 <- 1
 25808: 02e55f33    divu    t5, a0, a4              t5 <- 1
 25812: 02a5df33    divu    t5, a1, a0              t5 <- 0
 25816: 02b5df33    divu    t5, a1, a1              t5 <- 1
 25820: 02c5d2b3    divu    t0, a1, a2              t0 <- 0
 25824: 02d5de33    divu    t3, a1, a3              t3 <- 0
 25828: 02e5df33    divu    t5, a1, a4              t5 <- 0
 25832: 02a65333    divu    t1, a2, a0              t1 <- 1
 25836: 02b65e33    divu    t3, a2, a1              t3 <- 50
 25840: 02c653b3    divu    t2, a2, a2              t2 <- 1
 25844: 02d65f33    divu    t5, a2, a3              t5 <- 1
 25848: 02e65333    divu    t1, a2, a4              t1 <- 1
 25852: 02a6d3b3    divu    t2, a3, a0              t2 <- 0
 25856: 02b6d3b3    divu    t2, a3, a1              t2 <- 26
 25860: 02c6df33    divu    t5, a3, a2              t5 <- 0
 25864: 02d6df33    divu    t5, a3, a3              t5 <- 1
 25868: 02e6df33    divu    t5, a3, a4              t5 <- 0
 25872: 02a75e33    divu    t3, a4, a0              t3 <- 0
 25876: 02b75e33    divu    t3, a4, a1              t3 <- 34
 25880: 02c752b3    divu    t0, a4, a2              t0 <- 0
 25884: 02d75f33    divu    t5, a4, a3              t5 <- 1
 25888: 02e753b3    divu    t2, a4, a4              t2 <- 1
 25892: 02a06f33    rem     t5, zero, a0            t5 <- 0
 25896: 02b06e33    rem     t3, zero, a1            t3 <- 0
 25900: 02c063b3    rem     t2, zero, a2            t2 <- 0
 25904: 02d063b3    rem     t2, zero, a3            t2 <- 0
 25908: 02e06f33    rem     t5, zero, a4            t5 <- 0
 25912: 02a563b3    rem     t2, a0, a0              t2 <- 0
 25916: 02b56eb3    rem     t4, a0, a1              t4 <- -50965815
 25920: 02c562b3    rem     t0, a0, a2              t0 <- -44387813
 25924: 02d56eb3    rem     t4, a0, a3              t4 <- -292500168
 25928: 02e563b3    rem     t2, a0, a4              t2 <- -292500168
 25932: 02a5e2b3    rem     t0, a1, a0              t0 <- 80511451
 25936: 02b5ef33    rem     t5, a1, a1              t5 <- 0
 25940: 02c5e3b3    rem     t2, a1, a2              t2 <- 80511451
 25944: 02d5ee33    rem     t3, a1, a3              t3 <- 80511451
 25948: 02e5e2b3    rem     t0, a1, a4              t0 <- 80511451
 25952: 02a662b3    rem     t0, a2, a0              t0 <- -248112355
 25956: 02b662b3    rem     t0, a2, a1              t0 <- -6578002
 25960: 02c663b3    rem     t2, a2, a2              t2 <- 0
 25964: 02d66e33    rem     t3, a2, a3              t3 <- -248112355
 25968: 02e663b3    rem     t2, a2, a4              t2 <- -248112355
 25972: 02a6eeb3    rem     t4, a3, a0              t4 <- 94898874
 25976: 02b6e2b3    rem     t0, a3, a1              t0 <- 49102324
 25980: 02c6eeb3    rem     t4, a3, a2              t4 <- 157501210
 25984: 02d6e2b3    rem     t0, a3, a3              t0 <- 0
 25988: 02e6eeb3    rem     t4, a3, a4              t4 <- 592283279
 25992: 02a76e33    rem     t3, a4, a0              t3 <- -87615931
 25996: 02b76e33    rem     t3, a4, a1              t3 <- -20399202
 26000: 02c762b3    rem     t0, a4, a2              t0 <- -61442641
 26004: 02d762b3    rem     t0, a4, a3              t0 <- -1550116771
 26008: 02e762b3    rem     t0, a4, a4              t0 <- 0
 26012: 02a073b3    remu    t2, zero, a0            t2 <- 0
 26016: 02b07f33    remu    t5, zero, a1            t5 <- 0
 26020: 02c072b3    remu    t0, zero, a2            t0 <- 0
 26024: 02d073b3    remu    t2, zero, a3            t2 <- 0
 26028: 02e07eb3    remu    t4, zero, a4            t4 <- 0
 26032: 02a572b3    remu    t0, a0, a0              t0 <- 0
 26036: 02b57f33    remu    t5, a0, a1              t5 <- 57406029
 26040: 02c572b3    remu    t0, a0, a2              t0 <- -292500168
 26044: 02d57eb3    remu    t4, a0, a3              t4 <- 1860067078
 26048: 02e57333    remu    t1, a0, a4              t1 <- 1257616603
 26052: 02a5f333    remu    t1, a1, a0              t1 <- 80511451
 26056: 02b5f2b3    remu    t0, a1, a1              t0 <- 0
 26060: 02c5f333    remu    t1, a1, a2              t1 <- 80511451
 26064: 02d5fe33    remu    t3, a1, a3              t3 <- 80511451
 26068: 02e5ff33    remu    t5, a1, a4              t5 <- 80511451
 26072: 02a672b3    remu    t0, a2, a0              t0 <- 44387813
 26076: 02b67f33    remu    t5, a2, a1              t5 <- 21282391
 26080: 02c672b3    remu    t0, a2, a2              t0 <- 0
 26084: 02d673b3    remu    t2, a2, a3              t2 <- 1904454891
 26088: 02e67eb3    remu    t4, a2, a4              t4 <- 1302004416
 26092: 02a6ff33    remu    t5, a3, a0              t5 <- 2142400050
 26096: 02b6fe33    remu    t3, a3, a1              t3 <- 49102324
 26100: 02c6feb3    remu    t4, a3, a2              t4 <- 2142400050
 26104: 02d6feb3    remu    t4, a3, a3              t4 <- 0
 26108: 02e6f3b3    remu    t2, a3, a4              t2 <- 2142400050
 26112: 02a77eb3    remu    t4, a4, a0              t4 <- -1550116771
 26116: 02b77e33    remu    t3, a4, a1              t3 <- 7461191
 26120: 02c77333    remu    t1, a4, a2              t1 <- -1550116771
 26124: 02d77eb3    remu    t4, a4, a3              t4 <- 602450475
 26128: 02e77333    remu    t1, a4, a4              t1 <- 0
 26132: 00100073    ebreak
executed 5481 instructions
